[0.967s] Invoking command in '/home/anand/whistle_safety_ws/build/whistle_detector': PYTHONPATH=/home/anand/whistle_safety_ws/build/whistle_detector/prefix_override:/usr/lib/python3/dist-packages/colcon_core/task/python/colcon_distutils_commands:/home/anand/whistle_safety_ws/install/whistle_detector/lib/python3.10/site-packages:${PYTHONPATH} /usr/bin/python3 -W ignore:setup.py install is deprecated -W ignore:easy_install command is deprecated setup.py develop --uninstall --editable --build-directory /home/anand/whistle_safety_ws/build/whistle_detector/build
[1.268s] running develop
[1.463s] Removing /home/anand/whistle_safety_ws/install/whistle_detector/lib/python3.10/site-packages/whistle-detector.egg-link (link to .)
[1.501s] Invoked command in '/home/anand/whistle_safety_ws/build/whistle_detector' returned '0': PYTHONPATH=/home/anand/whistle_safety_ws/build/whistle_detector/prefix_override:/usr/lib/python3/dist-packages/colcon_core/task/python/colcon_distutils_commands:/home/anand/whistle_safety_ws/install/whistle_detector/lib/python3.10/site-packages:${PYTHONPATH} /usr/bin/python3 -W ignore:setup.py install is deprecated -W ignore:easy_install command is deprecated setup.py develop --uninstall --editable --build-directory /home/anand/whistle_safety_ws/build/whistle_detector/build
[1.502s] Invoking command in '/home/anand/whistle_safety_ws/src/whistle_detector': PYTHONPATH=/home/anand/whistle_safety_ws/build/whistle_detector/prefix_override:/usr/lib/python3/dist-packages/colcon_core/task/python/colcon_distutils_commands:/home/anand/whistle_safety_ws/install/whistle_detector/lib/python3.10/site-packages:${PYTHONPATH} /usr/bin/python3 -W ignore:setup.py install is deprecated -W ignore:easy_install command is deprecated setup.py egg_info --egg-base ../../build/whistle_detector build --build-base /home/anand/whistle_safety_ws/build/whistle_detector/build install --record /home/anand/whistle_safety_ws/build/whistle_detector/install.log --single-version-externally-managed install_data --force
[1.730s] running egg_info
[1.754s] writing ../../build/whistle_detector/whistle_detector.egg-info/PKG-INFO
[1.755s] writing dependency_links to ../../build/whistle_detector/whistle_detector.egg-info/dependency_links.txt
[1.755s] writing entry points to ../../build/whistle_detector/whistle_detector.egg-info/entry_points.txt
[1.755s] writing requirements to ../../build/whistle_detector/whistle_detector.egg-info/requires.txt
[1.755s] writing top-level names to ../../build/whistle_detector/whistle_detector.egg-info/top_level.txt
[1.805s] reading manifest file '../../build/whistle_detector/whistle_detector.egg-info/SOURCES.txt'
[1.807s] writing manifest file '../../build/whistle_detector/whistle_detector.egg-info/SOURCES.txt'
[1.807s] running build
[1.807s] running build_py
[1.807s] copying whistle_detector/autonomous_responder.py -> /home/anand/whistle_safety_ws/build/whistle_detector/build/lib/whistle_detector
[1.807s] copying whistle_detector/whistle_detector_node.py -> /home/anand/whistle_safety_ws/build/whistle_detector/build/lib/whistle_detector
[1.810s] copying whistle_detector/__init__.py -> /home/anand/whistle_safety_ws/build/whistle_detector/build/lib/whistle_detector
[1.810s] running install
[1.814s] running install_lib
[1.837s] creating /home/anand/whistle_safety_ws/install/whistle_detector/lib/python3.10/site-packages/whistle_detector
[1.838s] copying /home/anand/whistle_safety_ws/build/whistle_detector/build/lib/whistle_detector/autonomous_responder.py -> /home/anand/whistle_safety_ws/install/whistle_detector/lib/python3.10/site-packages/whistle_detector
[1.838s] copying /home/anand/whistle_safety_ws/build/whistle_detector/build/lib/whistle_detector/whistle_detector_node.py -> /home/anand/whistle_safety_ws/install/whistle_detector/lib/python3.10/site-packages/whistle_detector
[1.838s] copying /home/anand/whistle_safety_ws/build/whistle_detector/build/lib/whistle_detector/__init__.py -> /home/anand/whistle_safety_ws/install/whistle_detector/lib/python3.10/site-packages/whistle_detector
[1.839s] byte-compiling /home/anand/whistle_safety_ws/install/whistle_detector/lib/python3.10/site-packages/whistle_detector/autonomous_responder.py to autonomous_responder.cpython-310.pyc
[1.841s] byte-compiling /home/anand/whistle_safety_ws/install/whistle_detector/lib/python3.10/site-packages/whistle_detector/whistle_detector_node.py to whistle_detector_node.cpython-310.pyc
[1.842s] byte-compiling /home/anand/whistle_safety_ws/install/whistle_detector/lib/python3.10/site-packages/whistle_detector/__init__.py to __init__.cpython-310.pyc
[1.845s] running install_data
[1.845s] copying resource/whistle_detector -> /home/anand/whistle_safety_ws/install/whistle_detector/share/ament_index/resource_index/packages
[1.845s] copying package.xml -> /home/anand/whistle_safety_ws/install/whistle_detector/share/whistle_detector
[1.846s] copying launch/whistle_detector.launch.py -> /home/anand/whistle_safety_ws/install/whistle_detector/share/whistle_detector/launch
[1.846s] copying config/detector_params.yaml -> /home/anand/whistle_safety_ws/install/whistle_detector/share/whistle_detector/config
[1.846s] running install_egg_info
[1.872s] Copying ../../build/whistle_detector/whistle_detector.egg-info to /home/anand/whistle_safety_ws/install/whistle_detector/lib/python3.10/site-packages/whistle_detector-0.1.0-py3.10.egg-info
[1.873s] running install_scripts
[2.018s] Installing autonomous_responder script to /home/anand/whistle_safety_ws/install/whistle_detector/lib/whistle_detector
[2.018s] Installing whistle_detector_node script to /home/anand/whistle_safety_ws/install/whistle_detector/lib/whistle_detector
[2.018s] writing list of installed files to '/home/anand/whistle_safety_ws/build/whistle_detector/install.log'
[2.066s] Invoked command in '/home/anand/whistle_safety_ws/src/whistle_detector' returned '0': PYTHONPATH=/home/anand/whistle_safety_ws/build/whistle_detector/prefix_override:/usr/lib/python3/dist-packages/colcon_core/task/python/colcon_distutils_commands:/home/anand/whistle_safety_ws/install/whistle_detector/lib/python3.10/site-packages:${PYTHONPATH} /usr/bin/python3 -W ignore:setup.py install is deprecated -W ignore:easy_install command is deprecated setup.py egg_info --egg-base ../../build/whistle_detector build --build-base /home/anand/whistle_safety_ws/build/whistle_detector/build install --record /home/anand/whistle_safety_ws/build/whistle_detector/install.log --single-version-externally-managed install_data --force
