[1.193s] Invoking command in '/home/anand/whistle_safety_ws/build/zenoh_bridge': PYTHONPATH=/home/anand/whistle_safety_ws/build/zenoh_bridge/prefix_override:/usr/lib/python3/dist-packages/colcon_core/task/python/colcon_distutils_commands:/home/anand/whistle_safety_ws/install/zenoh_bridge/lib/python3.10/site-packages:${PYTHONPATH} /usr/bin/python3 -W ignore:setup.py install is deprecated -W ignore:easy_install command is deprecated setup.py develop --uninstall --editable --build-directory /home/anand/whistle_safety_ws/build/zenoh_bridge/build
[1.504s] running develop
[1.694s] Removing /home/anand/whistle_safety_ws/install/zenoh_bridge/lib/python3.10/site-packages/zenoh-bridge.egg-link (link to .)
[1.737s] Invoked command in '/home/anand/whistle_safety_ws/build/zenoh_bridge' returned '0': PYTHONPATH=/home/anand/whistle_safety_ws/build/zenoh_bridge/prefix_override:/usr/lib/python3/dist-packages/colcon_core/task/python/colcon_distutils_commands:/home/anand/whistle_safety_ws/install/zenoh_bridge/lib/python3.10/site-packages:${PYTHONPATH} /usr/bin/python3 -W ignore:setup.py install is deprecated -W ignore:easy_install command is deprecated setup.py develop --uninstall --editable --build-directory /home/anand/whistle_safety_ws/build/zenoh_bridge/build
[1.738s] Invoking command in '/home/anand/whistle_safety_ws/src/zenoh_bridge': PYTHONPATH=/home/anand/whistle_safety_ws/build/zenoh_bridge/prefix_override:/usr/lib/python3/dist-packages/colcon_core/task/python/colcon_distutils_commands:/home/anand/whistle_safety_ws/install/zenoh_bridge/lib/python3.10/site-packages:${PYTHONPATH} /usr/bin/python3 -W ignore:setup.py install is deprecated -W ignore:easy_install command is deprecated setup.py egg_info --egg-base ../../build/zenoh_bridge build --build-base /home/anand/whistle_safety_ws/build/zenoh_bridge/build install --record /home/anand/whistle_safety_ws/build/zenoh_bridge/install.log --single-version-externally-managed install_data --force
[1.999s] running egg_info
[2.019s] writing ../../build/zenoh_bridge/zenoh_bridge.egg-info/PKG-INFO
[2.019s] writing dependency_links to ../../build/zenoh_bridge/zenoh_bridge.egg-info/dependency_links.txt
[2.020s] writing entry points to ../../build/zenoh_bridge/zenoh_bridge.egg-info/entry_points.txt
[2.022s] writing requirements to ../../build/zenoh_bridge/zenoh_bridge.egg-info/requires.txt
[2.022s] writing top-level names to ../../build/zenoh_bridge/zenoh_bridge.egg-info/top_level.txt
[2.079s] reading manifest file '../../build/zenoh_bridge/zenoh_bridge.egg-info/SOURCES.txt'
[2.082s] writing manifest file '../../build/zenoh_bridge/zenoh_bridge.egg-info/SOURCES.txt'
[2.082s] running build
[2.082s] running build_py
[2.082s] creating /home/anand/whistle_safety_ws/build/zenoh_bridge/build/lib/zenoh_bridge
[2.082s] copying zenoh_bridge/zenoh_bridge_node.py -> /home/anand/whistle_safety_ws/build/zenoh_bridge/build/lib/zenoh_bridge
[2.083s] copying zenoh_bridge/__init__.py -> /home/anand/whistle_safety_ws/build/zenoh_bridge/build/lib/zenoh_bridge
[2.083s] running install
[2.091s] running install_lib
[2.114s] creating /home/anand/whistle_safety_ws/install/zenoh_bridge/lib/python3.10/site-packages/zenoh_bridge
[2.114s] copying /home/anand/whistle_safety_ws/build/zenoh_bridge/build/lib/zenoh_bridge/zenoh_bridge_node.py -> /home/anand/whistle_safety_ws/install/zenoh_bridge/lib/python3.10/site-packages/zenoh_bridge
[2.118s] copying /home/anand/whistle_safety_ws/build/zenoh_bridge/build/lib/zenoh_bridge/__init__.py -> /home/anand/whistle_safety_ws/install/zenoh_bridge/lib/python3.10/site-packages/zenoh_bridge
[2.118s] byte-compiling /home/anand/whistle_safety_ws/install/zenoh_bridge/lib/python3.10/site-packages/zenoh_bridge/zenoh_bridge_node.py to zenoh_bridge_node.cpython-310.pyc
[2.118s] byte-compiling /home/anand/whistle_safety_ws/install/zenoh_bridge/lib/python3.10/site-packages/zenoh_bridge/__init__.py to __init__.cpython-310.pyc
[2.118s] running install_data
[2.118s] copying resource/zenoh_bridge -> /home/anand/whistle_safety_ws/install/zenoh_bridge/share/ament_index/resource_index/packages
[2.122s] copying package.xml -> /home/anand/whistle_safety_ws/install/zenoh_bridge/share/zenoh_bridge
[2.122s] copying launch/zenoh_bridge.launch.py -> /home/anand/whistle_safety_ws/install/zenoh_bridge/share/zenoh_bridge/launch
[2.122s] copying config/zenoh_params.yaml -> /home/anand/whistle_safety_ws/install/zenoh_bridge/share/zenoh_bridge/config
[2.122s] copying scripts/cloud_subscriber.py -> /home/anand/whistle_safety_ws/install/zenoh_bridge/share/zenoh_bridge/scripts
[2.122s] running install_egg_info
[2.149s] Copying ../../build/zenoh_bridge/zenoh_bridge.egg-info to /home/anand/whistle_safety_ws/install/zenoh_bridge/lib/python3.10/site-packages/zenoh_bridge-0.1.0-py3.10.egg-info
[2.150s] running install_scripts
[2.377s] Installing zenoh_bridge_node script to /home/anand/whistle_safety_ws/install/zenoh_bridge/lib/zenoh_bridge
[2.378s] writing list of installed files to '/home/anand/whistle_safety_ws/build/zenoh_bridge/install.log'
[2.415s] Invoked command in '/home/anand/whistle_safety_ws/src/zenoh_bridge' returned '0': PYTHONPATH=/home/anand/whistle_safety_ws/build/zenoh_bridge/prefix_override:/usr/lib/python3/dist-packages/colcon_core/task/python/colcon_distutils_commands:/home/anand/whistle_safety_ws/install/zenoh_bridge/lib/python3.10/site-packages:${PYTHONPATH} /usr/bin/python3 -W ignore:setup.py install is deprecated -W ignore:easy_install command is deprecated setup.py egg_info --egg-base ../../build/zenoh_bridge build --build-base /home/anand/whistle_safety_ws/build/zenoh_bridge/build install --record /home/anand/whistle_safety_ws/build/zenoh_bridge/install.log --single-version-externally-managed install_data --force
