[0.000000] (-) TimerEvent: {}
[0.000243] (-) JobUnselected: {'identifier': 'alert_manager'}
[0.000600] (-) JobUnselected: {'identifier': 'sim_microphone_sensor'}
[0.000684] (-) JobUnselected: {'identifier': 'whistle_gazebo'}
[0.000748] (-) JobUnselected: {'identifier': 'whistle_robot_description'}
[0.000774] (-) JobUnselected: {'identifier': 'whistle_safety_msgs'}
[0.000846] (-) JobUnselected: {'identifier': 'zenoh_bridge'}
[0.000867] (whistle_detector) JobQueued: {'identifier': 'whistle_detector', 'dependencies': OrderedDict()}
[0.000891] (whistle_detector) JobStarted: {'identifier': 'whistle_detector'}
[0.099930] (-) TimerEvent: {}
[0.200206] (-) TimerEvent: {}
[0.300500] (-) TimerEvent: {}
[0.400788] (-) TimerEvent: {}
[0.478919] (whistle_detector) Command: {'cmd': ['/usr/bin/python3', '-W', 'ignore:setup.py install is deprecated', '-W', 'ignore:easy_install command is deprecated', 'setup.py', 'egg_info', '--egg-base', '../../build/whistle_detector', 'build', '--build-base', '/home/anand/whistle_safety_ws/build/whistle_detector/build', 'install', '--record', '/home/anand/whistle_safety_ws/build/whistle_detector/install.log', '--single-version-externally-managed', 'install_data'], 'cwd': '/home/anand/whistle_safety_ws/src/whistle_detector', 'env': {'GJS_DEBUG_TOPICS': 'JS ERROR;JS LOG', 'IGN_IP': '127.0.0.1', 'LANGUAGE': 'en_IN:en', 'USER': 'anand', 'XDG_SESSION_TYPE': 'wayland', 'SHLVL': '1', 'LD_LIBRARY_PATH': '/home/anand/whistle_safety_ws/install/whistle_safety_msgs/lib:/home/anand/microros_ws/install/micro_ros_agent/lib:/home/anand/microros_ws/install/micro_ros_msgs/lib:/usr/lib/x86_64-linux-gnu/gazebo-11/plugins:/opt/ros/humble/opt/rviz_ogre_vendor/lib:/opt/ros/humble/lib/x86_64-linux-gnu:/opt/ros/humble/lib', 'HOME': '/home/anand', 'OLDPWD': '/home/anand/whistle_safety_ws', 'DESKTOP_SESSION': 'ubuntu', 'NVM_BIN': '/home/anand/.nvm/versions/node/v22.14.0/bin', 'NVM_INC': '/home/anand/.nvm/versions/node/v22.14.0/include/node', 'GIO_LAUNCHED_DESKTOP_FILE': '/usr/share/applications/terminator.desktop', 'ROS_PYTHON_VERSION': '3', 'GNOME_SHELL_SESSION_MODE': 'ubuntu', 'GTK_MODULES': 'gail:atk-bridge', 'MANAGERPID': '3280', 'SYSTEMD_EXEC_PID': '3727', 'DBUS_SESSION_BUS_ADDRESS': 'unix:path=/run/user/1000/bus', 'COLORTERM': 'truecolor', 'TERMINATOR_DBUS_NAME': 'net.tenshu.Terminator25ef4b219e3b005583550f2b0f9f990c3', 'GIO_LAUNCHED_DESKTOP_FILE_PID': '11540', 'NVM_DIR': '/home/anand/.nvm', 'IM_CONFIG_PHASE': '1', 'WAYLAND_DISPLAY': 'wayland-0', 'COLCON_PREFIX_PATH': '/home/anand/whistle_safety_ws/install:/home/anand/microros_ws/install:/home/anand/rebel_ws/install:/home/anand/ros2_works/install', 'ROS_DISTRO': 'humble', 'LOGNAME': 'anand', 'JOURNAL_STREAM': '8:11034', '_': '/usr/bin/colcon', 'ROS_VERSION': '2', 'XDG_SESSION_CLASS': 'user', 'USERNAME': 'anand', 'TERM': 'xterm-256color', 'GNOME_DESKTOP_SESSION_ID': 'this-is-deprecated', 'ROS_LOCALHOST_ONLY': '0', 'PATH': '/home/anand/.local/bin:/home/anand/.nvm/versions/node/v22.14.0/bin:/opt/ros/humble/bin:/usr/local/sbin:/usr/local/bin:/usr/sbin:/usr/bin:/sbin:/bin:/usr/games:/usr/local/games:/snap/bin:/snap/bin', 'SESSION_MANAGER': 'local/Anand:@/tmp/.ICE-unix/3699,unix/Anand:/tmp/.ICE-unix/3699', 'INVOCATION_ID': '9d421548895e485081f678704f5d267f', 'XDG_MENU_PREFIX': 'gnome-', 'GNOME_SETUP_DISPLAY': ':1', 'XDG_RUNTIME_DIR': '/run/user/1000', 'DISPLAY': ':0', 'TERMINATOR_DBUS_PATH': '/net/tenshu/Terminator2', 'LANG': 'en_US.UTF-8', 'XDG_CURRENT_DESKTOP': 'ubuntu:GNOME', 'IBUS_DISABLE_SNOOPER': '1', 'GZ_IP': '127.0.0.1', 'XMODIFIERS': '@im=ibus', 'XDG_SESSION_DESKTOP': 'ubuntu', 'XAUTHORITY': '/run/user/1000/.mutter-Xwaylandauth.0RIQF3', 'SSH_AGENT_LAUNCHER': 'gnome-keyring', 'SSH_AUTH_SOCK': '/run/user/1000/keyring/ssh', 'AMENT_PREFIX_PATH': '/home/anand/whistle_safety_ws/install/zenoh_bridge:/home/anand/whistle_safety_ws/install/alert_manager:/home/anand/whistle_safety_ws/install/whistle_detector:/home/anand/whistle_safety_ws/install/zenoh_bridge:/home/anand/whistle_safety_ws/install/alert_manager:/home/anand/whistle_safety_ws/install/whistle_detector:/home/anand/whistle_safety_ws/install/zenoh_bridge:/home/anand/whistle_safety_ws/install/alert_manager:/home/anand/whistle_safety_ws/install/whistle_detector:/home/anand/whistle_safety_ws/install/zenoh_bridge:/home/anand/whistle_safety_ws/install/alert_manager:/home/anand/whistle_safety_ws/install/whistle_detector:/home/anand/whistle_safety_ws/install/zenoh_bridge:/home/anand/whistle_safety_ws/install/alert_manager:/home/anand/whistle_safety_ws/install/whistle_detector:/home/anand/whistle_safety_ws/install/zenoh_bridge:/home/anand/whistle_safety_ws/install/alert_manager:/home/anand/whistle_safety_ws/install/whistle_detector:/home/anand/whistle_safety_ws/install/whistle_safety_msgs:/home/anand/whistle_safety_ws/install/whistle_gazebo:/home/anand/whistle_safety_ws/install/whistle_robot_description:/home/anand/whistle_safety_ws/install/sim_microphone_sensor:/home/anand/whistle_safety_ws/install/zenoh_bridge:/home/anand/whistle_safety_ws/install/alert_manager:/home/anand/whistle_safety_ws/install/whistle_detector:/home/anand/whistle_safety_ws/install/zenoh_bridge:/home/anand/whistle_safety_ws/install/alert_manager:/home/anand/whistle_safety_ws/install/whistle_detector:/home/anand/whistle_safety_ws/install/zenoh_bridge:/home/anand/whistle_safety_ws/install/alert_manager:/home/anand/whistle_safety_ws/install/whistle_detector:/home/anand/whistle_safety_ws/install/zenoh_bridge:/home/anand/whistle_safety_ws/install/alert_manager:/home/anand/whistle_safety_ws/install/whistle_detector:/home/anand/whistle_safety_ws/install/zenoh_bridge:/home/anand/whistle_safety_ws/install/alert_manager:/home/anand/whistle_safety_ws/install/whistle_detector:/home/anand/whistle_safety_ws/install/zenoh_bridge:/home/anand/whistle_safety_ws/install/alert_manager:/home/anand/whistle_safety_ws/install/whistle_detector:/home/anand/microros_ws/install/micro_ros_setup:/home/anand/microros_ws/install/micro_ros_agent:/home/anand/microros_ws/install/micro_ros_msgs:/home/anand/rebel_ws/install/myrobot_moveit_config:/home/anand/rebel_ws/install/igus_rebel_description:/opt/ros/humble', 'GZ_TRANSPORT_LOCALHOST_ONLY': '1', 'SHELL': '/bin/bash', 'IGN_GAZEBO_SYSTEM_PLUGIN_PATH': '/home/anand/hb_ws2/src/eyrc-25-26-holo-battalion:/home/anand/hb_ws2/src:/opt/ros/humble/lib:/opt/ros/humble/lib:/opt/ros/humble/lib:/opt/ros/humble/lib:/home/anand/hb_ws2/src/eyrc-25-26-holo-battalion:/home/anand/hb_ws2/src:/opt/ros/humble/lib:/opt/ros/humble/lib:/opt/ros/humble/lib:/opt/ros/humble/lib:/home/anand/hb_ws2/src/eyrc-25-26-holo-battalion:/home/anand/hb_ws2/src:/opt/ros/humble/lib:/opt/ros/humble/lib:/opt/ros/humble/lib:/opt/ros/humble/lib:/home/anand/hb_ws2/src/eyrc-25-26-holo-battalion:/home/anand/hb_ws2/src:/opt/ros/humble/lib:/opt/ros/humble/lib:/opt/ros/humble/lib:/opt/ros/humble/lib:/home/anand/hb_ws2/src/eyrc-25-26-holo-battalion:/home/anand/hb_ws2/src:/opt/ros/humble/lib:/opt/ros/humble/lib:/opt/ros/humble/lib:/opt/ros/humble/lib:/home/anand/hb_ws2/src/eyrc-25-26-holo-battalion:/home/anand/hb_ws2/src:/opt/ros/humble/lib:/opt/ros/humble/lib:/opt/ros/humble/lib:/opt/ros/humble/lib:', 'TERMINATOR_UUID': 'urn:uuid:3a26719a-f481-4ae8-9c31-32c04bae7ddb', 'QT_ACCESSIBILITY': '1', 'GDMSESSION': 'ubuntu', 'GJS_DEBUG_OUTPUT': 'stderr', 'QT_IM_MODULE': 'ibus', 'PWD': '/home/anand/whistle_safety_ws/build/whistle_detector', 'LC_ALL': 'en_US.UTF-8', 'XDG_CONFIG_DIRS': '/etc/xdg/xdg-ubuntu:/etc/xdg', 'NVM_CD_FLAGS': '', 'XDG_DATA_DIRS': '/usr/share/ubuntu:/usr/local/share/:/usr/share/:/var/lib/snapd/desktop', 'PYTHONPATH': '/home/anand/whistle_safety_ws/build/whistle_detector/prefix_override:/usr/lib/python3/dist-packages/colcon_core/task/python/colcon_distutils_commands:/home/anand/whistle_safety_ws/install/whistle_detector/lib/python3.10/site-packages:/home/anand/.local/lib/python3.10/site-packages:/home/anand/.local/lib/python3.10/site-packages:/home/anand/.local/lib/python3.10/site-packages:/home/anand/whistle_safety_ws/build/zenoh_bridge:/home/anand/whistle_safety_ws/install/zenoh_bridge/lib/python3.10/site-packages:/home/anand/whistle_safety_ws/install/whistle_safety_msgs/local/lib/python3.10/dist-packages:/home/anand/whistle_safety_ws/build/whistle_detector:/home/anand/whistle_safety_ws/install/whistle_detector/lib/python3.10/site-packages:/home/anand/whistle_safety_ws/build/sim_microphone_sensor:/home/anand/whistle_safety_ws/install/sim_microphone_sensor/lib/python3.10/site-packages:/home/anand/whistle_safety_ws/build/alert_manager:/home/anand/whistle_safety_ws/install/alert_manager/lib/python3.10/site-packages:/home/anand/.local/lib/python3.10/site-packages:/home/anand/.local/lib/python3.10/site-packages:/home/anand/microros_ws/install/micro_ros_msgs/local/lib/python3.10/dist-packages:/home/anand/.local/lib/python3.10/site-packages:/home/anand/ros2_works/install/my_robot_controller/lib/python3.10/site-packages:/opt/ros/humble/lib/python3.10/site-packages:/opt/ros/humble/local/lib/python3.10/dist-packages', 'COLCON': '1', 'IGN_TRANSPORT_DISABLE_MULTICAST': '1', 'VTE_VERSION': '6800', 'CMAKE_PREFIX_PATH': '/home/anand/whistle_safety_ws/install/whistle_safety_msgs:/home/anand/whistle_safety_ws/install/whistle_gazebo:/home/anand/whistle_safety_ws/install/whistle_robot_description:/home/anand/microros_ws/install/micro_ros_setup:/home/anand/microros_ws/install/micro_ros_agent:/home/anand/microros_ws/install/micro_ros_msgs:/home/anand/rebel_ws/install/myrobot_moveit_config:/home/anand/rebel_ws/install/igus_rebel_description'}, 'shell': False}
[0.500890] (-) TimerEvent: {}
[0.601130] (-) TimerEvent: {}
[0.637570] (whistle_detector) StdoutLine: {'line': b'running egg_info\n'}
[0.645777] (whistle_detector) StdoutLine: {'line': b'writing ../../build/whistle_detector/whistle_detector.egg-info/PKG-INFO\n'}
[0.646110] (whistle_detector) StdoutLine: {'line': b'writing dependency_links to ../../build/whistle_detector/whistle_detector.egg-info/dependency_links.txt\n'}
[0.646318] (whistle_detector) StdoutLine: {'line': b'writing entry points to ../../build/whistle_detector/whistle_detector.egg-info/entry_points.txt\n'}
[0.646560] (whistle_detector) StdoutLine: {'line': b'writing requirements to ../../build/whistle_detector/whistle_detector.egg-info/requires.txt\n'}
[0.646646] (whistle_detector) StdoutLine: {'line': b'writing top-level names to ../../build/whistle_detector/whistle_detector.egg-info/top_level.txt\n'}
[0.663950] (whistle_detector) StdoutLine: {'line': b"reading manifest file '../../build/whistle_detector/whistle_detector.egg-info/SOURCES.txt'\n"}
[0.664756] (whistle_detector) StdoutLine: {'line': b"writing manifest file '../../build/whistle_detector/whistle_detector.egg-info/SOURCES.txt'\n"}
[0.664873] (whistle_detector) StdoutLine: {'line': b'running build\n'}
[0.664912] (whistle_detector) StdoutLine: {'line': b'running build_py\n'}
[0.664996] (whistle_detector) StdoutLine: {'line': b'copying whistle_detector/autonomous_responder.py -> /home/anand/whistle_safety_ws/build/whistle_detector/build/lib/whistle_detector\n'}
[0.665093] (whistle_detector) StdoutLine: {'line': b'copying whistle_detector/whistle_detector_node.py -> /home/anand/whistle_safety_ws/build/whistle_detector/build/lib/whistle_detector\n'}
[0.665180] (whistle_detector) StdoutLine: {'line': b'copying whistle_detector/__init__.py -> /home/anand/whistle_safety_ws/build/whistle_detector/build/lib/whistle_detector\n'}
[0.665365] (whistle_detector) StdoutLine: {'line': b'running install\n'}
[0.668049] (whistle_detector) StdoutLine: {'line': b'running install_lib\n'}
[0.676581] (whistle_detector) StdoutLine: {'line': b'copying /home/anand/whistle_safety_ws/build/whistle_detector/build/lib/whistle_detector/autonomous_responder.py -> /home/anand/whistle_safety_ws/install/whistle_detector/lib/python3.10/site-packages/whistle_detector\n'}
[0.677078] (whistle_detector) StdoutLine: {'line': b'byte-compiling /home/anand/whistle_safety_ws/install/whistle_detector/lib/python3.10/site-packages/whistle_detector/autonomous_responder.py to autonomous_responder.cpython-310.pyc\n'}
[0.677947] (whistle_detector) StdoutLine: {'line': b'running install_data\n'}
[0.678070] (whistle_detector) StdoutLine: {'line': b'copying resource/whistle_detector -> /home/anand/whistle_safety_ws/install/whistle_detector/share/ament_index/resource_index/packages\n'}
[0.678198] (whistle_detector) StdoutLine: {'line': b'copying package.xml -> /home/anand/whistle_safety_ws/install/whistle_detector/share/whistle_detector\n'}
[0.678329] (whistle_detector) StdoutLine: {'line': b'copying launch/whistle_detector.launch.py -> /home/anand/whistle_safety_ws/install/whistle_detector/share/whistle_detector/launch\n'}
[0.678439] (whistle_detector) StdoutLine: {'line': b'copying config/detector_params.yaml -> /home/anand/whistle_safety_ws/install/whistle_detector/share/whistle_detector/config\n'}
[0.678531] (whistle_detector) StdoutLine: {'line': b'running install_egg_info\n'}
[0.687667] (whistle_detector) StdoutLine: {'line': b"removing '/home/anand/whistle_safety_ws/install/whistle_detector/lib/python3.10/site-packages/whistle_detector-0.1.0-py3.10.egg-info' (and everything under it)\n"}
[0.687921] (whistle_detector) StdoutLine: {'line': b'Copying ../../build/whistle_detector/whistle_detector.egg-info to /home/anand/whistle_safety_ws/install/whistle_detector/lib/python3.10/site-packages/whistle_detector-0.1.0-py3.10.egg-info\n'}
[0.688170] (whistle_detector) StdoutLine: {'line': b'running install_scripts\n'}
[0.701246] (-) TimerEvent: {}
[0.765383] (whistle_detector) StdoutLine: {'line': b'Installing autonomous_responder script to /home/anand/whistle_safety_ws/install/whistle_detector/lib/whistle_detector\n'}
[0.765573] (whistle_detector) StdoutLine: {'line': b'Installing whistle_detector_node script to /home/anand/whistle_safety_ws/install/whistle_detector/lib/whistle_detector\n'}
[0.765768] (whistle_detector) StdoutLine: {'line': b"writing list of installed files to '/home/anand/whistle_safety_ws/build/whistle_detector/install.log'\n"}
[0.785361] (whistle_detector) CommandEnded: {'returncode': 0}
[0.794935] (whistle_detector) JobEnded: {'identifier': 'whistle_detector', 'rc': 0}
[0.795550] (-) EventReactorShutdown: {}
