running develop
running egg_info
creating zenoh_bridge.egg-info
writing zenoh_bridge.egg-info/PKG-INFO
writing dependency_links to zenoh_bridge.egg-info/dependency_links.txt
writing entry points to zenoh_bridge.egg-info/entry_points.txt
writing requirements to zenoh_bridge.egg-info/requires.txt
writing top-level names to zenoh_bridge.egg-info/top_level.txt
writing manifest file 'zenoh_bridge.egg-info/SOURCES.txt'
reading manifest file 'zenoh_bridge.egg-info/SOURCES.txt'
writing manifest file 'zenoh_bridge.egg-info/SOURCES.txt'
running build_ext
Creating /home/anand/whistle_safety_ws/install/zenoh_bridge/lib/python3.10/site-packages/zenoh-bridge.egg-link (link to .)
Installing zenoh_bridge_node script to /home/anand/whistle_safety_ws/install/zenoh_bridge/lib/zenoh_bridge

Installed /home/anand/whistle_safety_ws/build/zenoh_bridge
running symlink_data
creating /home/anand/whistle_safety_ws/install/zenoh_bridge/share/ament_index/resource_index/packages
symbolically linking /home/anand/whistle_safety_ws/build/zenoh_bridge/resource/zenoh_bridge -> /home/anand/whistle_safety_ws/install/zenoh_bridge/share/ament_index/resource_index/packages
creating /home/anand/whistle_safety_ws/install/zenoh_bridge/share/zenoh_bridge
symbolically linking /home/anand/whistle_safety_ws/build/zenoh_bridge/package.xml -> /home/anand/whistle_safety_ws/install/zenoh_bridge/share/zenoh_bridge
creating /home/anand/whistle_safety_ws/install/zenoh_bridge/share/zenoh_bridge/launch
symbolically linking /home/anand/whistle_safety_ws/build/zenoh_bridge/launch/zenoh_bridge.launch.py -> /home/anand/whistle_safety_ws/install/zenoh_bridge/share/zenoh_bridge/launch
creating /home/anand/whistle_safety_ws/install/zenoh_bridge/share/zenoh_bridge/config
symbolically linking /home/anand/whistle_safety_ws/build/zenoh_bridge/config/zenoh_params.yaml -> /home/anand/whistle_safety_ws/install/zenoh_bridge/share/zenoh_bridge/config
creating /home/anand/whistle_safety_ws/install/zenoh_bridge/share/zenoh_bridge/scripts
symbolically linking /home/anand/whistle_safety_ws/build/zenoh_bridge/scripts/cloud_subscriber.py -> /home/anand/whistle_safety_ws/install/zenoh_bridge/share/zenoh_bridge/scripts
