[0.072s] DEBUG:colcon:Command line arguments: ['/usr/bin/colcon', 'build', '--packages-select', 'whistle_detector', 'whistle_gazebo', '--symlink-install']
[0.072s] DEBUG:colcon:Parsed command line arguments: Namespace(log_base=None, log_level=None, verb_name='build', build_base='build', install_base='install', merge_install=False, symlink_install=True, test_result_base=None, continue_on_error=False, executor='parallel', parallel_workers=16, event_handlers=None, ignore_user_meta=False, metas=['./colcon.meta'], base_paths=['.'], packages_ignore=None, packages_ignore_regex=None, paths=None, packages_up_to=None, packages_up_to_regex=None, packages_above=None, packages_above_and_dependencies=None, packages_above_depth=None, packages_select_by_dep=None, packages_skip_by_dep=None, packages_skip_up_to=None, packages_select_build_failed=False, packages_skip_build_finished=False, packages_select_test_failures=False, packages_skip_test_passed=False, packages_select=['whistle_detector', 'whistle_gazebo'], packages_skip=None, packages_select_regex=None, packages_skip_regex=None, packages_start=None, packages_end=None, allow_overriding=[], cmake_args=None, cmake_target=None, cmake_target_skip_unavailable=False, cmake_clean_cache=False, cmake_clean_first=False, cmake_force_configure=False, ament_cmake_args=None, catkin_cmake_args=None, catkin_skip_building_tests=False, mixin_files=None, mixin=None, verb_parser=<colcon_mixin.mixin.mixin_argument.MixinArgumentDecorator object at 0x755e704913f0>, verb_extension=<colcon_core.verb.build.BuildVerb object at 0x755e70490dc0>, main=<bound method BuildVerb.main of <colcon_core.verb.build.BuildVerb object at 0x755e70490dc0>>, mixin_verb=('build',))
[0.098s] Level 1:colcon.colcon_core.package_discovery:discover_packages(colcon_meta) check parameters
[0.098s] Level 1:colcon.colcon_core.package_discovery:discover_packages(recursive) check parameters
[0.098s] Level 1:colcon.colcon_core.package_discovery:discover_packages(ignore) check parameters
[0.098s] Level 1:colcon.colcon_core.package_discovery:discover_packages(path) check parameters
[0.098s] Level 1:colcon.colcon_core.package_discovery:discover_packages(colcon_meta) discover
[0.098s] Level 1:colcon.colcon_core.package_discovery:discover_packages(recursive) discover
[0.098s] INFO:colcon.colcon_core.package_discovery:Crawling recursively for packages in '/home/anand/whistle_safety_ws'
[0.098s] Level 1:colcon.colcon_core.package_identification:_identify(.) by extensions ['ignore', 'ignore_ament_install']
[0.098s] Level 1:colcon.colcon_core.package_identification:_identify(.) by extension 'ignore'
[0.098s] Level 1:colcon.colcon_core.package_identification:_identify(.) by extension 'ignore_ament_install'
[0.098s] Level 1:colcon.colcon_core.package_identification:_identify(.) by extensions ['colcon_pkg']
[0.098s] Level 1:colcon.colcon_core.package_identification:_identify(.) by extension 'colcon_pkg'
[0.098s] Level 1:colcon.colcon_core.package_identification:_identify(.) by extensions ['colcon_meta']
[0.098s] Level 1:colcon.colcon_core.package_identification:_identify(.) by extension 'colcon_meta'
[0.098s] Level 1:colcon.colcon_core.package_identification:_identify(.) by extensions ['ros']
[0.098s] Level 1:colcon.colcon_core.package_identification:_identify(.) by extension 'ros'
[0.108s] Level 1:colcon.colcon_core.package_identification:_identify(.) by extensions ['cmake', 'python']
[0.108s] Level 1:colcon.colcon_core.package_identification:_identify(.) by extension 'cmake'
[0.108s] Level 1:colcon.colcon_core.package_identification:_identify(.) by extension 'python'
[0.108s] Level 1:colcon.colcon_core.package_identification:_identify(.) by extensions ['python_setup_py']
[0.108s] Level 1:colcon.colcon_core.package_identification:_identify(.) by extension 'python_setup_py'
[0.109s] Level 1:colcon.colcon_core.package_identification:_identify(build) by extensions ['ignore', 'ignore_ament_install']
[0.109s] Level 1:colcon.colcon_core.package_identification:_identify(build) by extension 'ignore'
[0.109s] Level 1:colcon.colcon_core.package_identification:_identify(build) ignored
[0.109s] Level 1:colcon.colcon_core.package_identification:_identify(install) by extensions ['ignore', 'ignore_ament_install']
[0.109s] Level 1:colcon.colcon_core.package_identification:_identify(install) by extension 'ignore'
[0.109s] Level 1:colcon.colcon_core.package_identification:_identify(install) ignored
[0.109s] Level 1:colcon.colcon_core.package_identification:_identify(log) by extensions ['ignore', 'ignore_ament_install']
[0.109s] Level 1:colcon.colcon_core.package_identification:_identify(log) by extension 'ignore'
[0.109s] Level 1:colcon.colcon_core.package_identification:_identify(log) ignored
[0.109s] Level 1:colcon.colcon_core.package_identification:_identify(src) by extensions ['ignore', 'ignore_ament_install']
[0.109s] Level 1:colcon.colcon_core.package_identification:_identify(src) by extension 'ignore'
[0.109s] Level 1:colcon.colcon_core.package_identification:_identify(src) by extension 'ignore_ament_install'
[0.109s] Level 1:colcon.colcon_core.package_identification:_identify(src) by extensions ['colcon_pkg']
[0.109s] Level 1:colcon.colcon_core.package_identification:_identify(src) by extension 'colcon_pkg'
[0.109s] Level 1:colcon.colcon_core.package_identification:_identify(src) by extensions ['colcon_meta']
[0.109s] Level 1:colcon.colcon_core.package_identification:_identify(src) by extension 'colcon_meta'
[0.109s] Level 1:colcon.colcon_core.package_identification:_identify(src) by extensions ['ros']
[0.109s] Level 1:colcon.colcon_core.package_identification:_identify(src) by extension 'ros'
[0.109s] Level 1:colcon.colcon_core.package_identification:_identify(src) by extensions ['cmake', 'python']
[0.109s] Level 1:colcon.colcon_core.package_identification:_identify(src) by extension 'cmake'
[0.109s] Level 1:colcon.colcon_core.package_identification:_identify(src) by extension 'python'
[0.109s] Level 1:colcon.colcon_core.package_identification:_identify(src) by extensions ['python_setup_py']
[0.109s] Level 1:colcon.colcon_core.package_identification:_identify(src) by extension 'python_setup_py'
[0.109s] Level 1:colcon.colcon_core.package_identification:_identify(src/alert_manager) by extensions ['ignore', 'ignore_ament_install']
[0.109s] Level 1:colcon.colcon_core.package_identification:_identify(src/alert_manager) by extension 'ignore'
[0.109s] Level 1:colcon.colcon_core.package_identification:_identify(src/alert_manager) by extension 'ignore_ament_install'
[0.109s] Level 1:colcon.colcon_core.package_identification:_identify(src/alert_manager) by extensions ['colcon_pkg']
[0.109s] Level 1:colcon.colcon_core.package_identification:_identify(src/alert_manager) by extension 'colcon_pkg'
[0.109s] Level 1:colcon.colcon_core.package_identification:_identify(src/alert_manager) by extensions ['colcon_meta']
[0.109s] Level 1:colcon.colcon_core.package_identification:_identify(src/alert_manager) by extension 'colcon_meta'
[0.109s] Level 1:colcon.colcon_core.package_identification:_identify(src/alert_manager) by extensions ['ros']
[0.109s] Level 1:colcon.colcon_core.package_identification:_identify(src/alert_manager) by extension 'ros'
[0.110s] DEBUG:colcon.colcon_core.package_identification:Failed to parse potential ROS package manifest in'src/alert_manager': Error(s) in package 'src/alert_manager/package.xml':
The manifest contains invalid XML:
XML or text declaration not at start of entity: line 2, column 0
[0.110s] Level 1:colcon.colcon_core.package_identification:_identify(src/alert_manager) by extensions ['cmake', 'python']
[0.110s] Level 1:colcon.colcon_core.package_identification:_identify(src/alert_manager) by extension 'cmake'
[0.110s] Level 1:colcon.colcon_core.package_identification:_identify(src/alert_manager) by extension 'python'
[0.110s] DEBUG:colcon.colcon_core.package_identification:Python package in 'src/alert_manager' passes arguments to the setup() function which requires a different identification extension than 'python'
[0.110s] Level 1:colcon.colcon_core.package_identification:_identify(src/alert_manager) by extensions ['python_setup_py']
[0.110s] Level 1:colcon.colcon_core.package_identification:_identify(src/alert_manager) by extension 'python_setup_py'
[0.248s] DEBUG:colcon.colcon_core.package_identification:Package 'src/alert_manager' with type 'python' and name 'alert_manager'
[0.248s] Level 1:colcon.colcon_core.package_identification:_identify(src/sim_microphone_sensor) by extensions ['ignore', 'ignore_ament_install']
[0.248s] Level 1:colcon.colcon_core.package_identification:_identify(src/sim_microphone_sensor) by extension 'ignore'
[0.249s] Level 1:colcon.colcon_core.package_identification:_identify(src/sim_microphone_sensor) by extension 'ignore_ament_install'
[0.249s] Level 1:colcon.colcon_core.package_identification:_identify(src/sim_microphone_sensor) by extensions ['colcon_pkg']
[0.249s] Level 1:colcon.colcon_core.package_identification:_identify(src/sim_microphone_sensor) by extension 'colcon_pkg'
[0.249s] Level 1:colcon.colcon_core.package_identification:_identify(src/sim_microphone_sensor) by extensions ['colcon_meta']
[0.249s] Level 1:colcon.colcon_core.package_identification:_identify(src/sim_microphone_sensor) by extension 'colcon_meta'
[0.249s] Level 1:colcon.colcon_core.package_identification:_identify(src/sim_microphone_sensor) by extensions ['ros']
[0.249s] Level 1:colcon.colcon_core.package_identification:_identify(src/sim_microphone_sensor) by extension 'ros'
[0.250s] DEBUG:colcon.colcon_core.package_identification:Package 'src/sim_microphone_sensor' with type 'ros.ament_python' and name 'sim_microphone_sensor'
[0.250s] Level 1:colcon.colcon_core.package_identification:_identify(src/whistle_detector) by extensions ['ignore', 'ignore_ament_install']
[0.250s] Level 1:colcon.colcon_core.package_identification:_identify(src/whistle_detector) by extension 'ignore'
[0.250s] Level 1:colcon.colcon_core.package_identification:_identify(src/whistle_detector) by extension 'ignore_ament_install'
[0.250s] Level 1:colcon.colcon_core.package_identification:_identify(src/whistle_detector) by extensions ['colcon_pkg']
[0.250s] Level 1:colcon.colcon_core.package_identification:_identify(src/whistle_detector) by extension 'colcon_pkg'
[0.250s] Level 1:colcon.colcon_core.package_identification:_identify(src/whistle_detector) by extensions ['colcon_meta']
[0.250s] Level 1:colcon.colcon_core.package_identification:_identify(src/whistle_detector) by extension 'colcon_meta'
[0.250s] Level 1:colcon.colcon_core.package_identification:_identify(src/whistle_detector) by extensions ['ros']
[0.250s] Level 1:colcon.colcon_core.package_identification:_identify(src/whistle_detector) by extension 'ros'
[0.250s] DEBUG:colcon.colcon_core.package_identification:Failed to parse potential ROS package manifest in'src/whistle_detector': Error(s) in package 'src/whistle_detector/package.xml':
The manifest contains invalid XML:
XML or text declaration not at start of entity: line 2, column 0
[0.250s] Level 1:colcon.colcon_core.package_identification:_identify(src/whistle_detector) by extensions ['cmake', 'python']
[0.250s] Level 1:colcon.colcon_core.package_identification:_identify(src/whistle_detector) by extension 'cmake'
[0.250s] Level 1:colcon.colcon_core.package_identification:_identify(src/whistle_detector) by extension 'python'
[0.251s] DEBUG:colcon.colcon_core.package_identification:Python package in 'src/whistle_detector' passes arguments to the setup() function which requires a different identification extension than 'python'
[0.251s] Level 1:colcon.colcon_core.package_identification:_identify(src/whistle_detector) by extensions ['python_setup_py']
[0.251s] Level 1:colcon.colcon_core.package_identification:_identify(src/whistle_detector) by extension 'python_setup_py'
[0.386s] DEBUG:colcon.colcon_core.package_identification:Package 'src/whistle_detector' with type 'python' and name 'whistle_detector'
[0.387s] Level 1:colcon.colcon_core.package_identification:_identify(src/whistle_gazebo) by extensions ['ignore', 'ignore_ament_install']
[0.387s] Level 1:colcon.colcon_core.package_identification:_identify(src/whistle_gazebo) by extension 'ignore'
[0.387s] Level 1:colcon.colcon_core.package_identification:_identify(src/whistle_gazebo) by extension 'ignore_ament_install'
[0.387s] Level 1:colcon.colcon_core.package_identification:_identify(src/whistle_gazebo) by extensions ['colcon_pkg']
[0.387s] Level 1:colcon.colcon_core.package_identification:_identify(src/whistle_gazebo) by extension 'colcon_pkg'
[0.387s] Level 1:colcon.colcon_core.package_identification:_identify(src/whistle_gazebo) by extensions ['colcon_meta']
[0.387s] Level 1:colcon.colcon_core.package_identification:_identify(src/whistle_gazebo) by extension 'colcon_meta'
[0.387s] Level 1:colcon.colcon_core.package_identification:_identify(src/whistle_gazebo) by extensions ['ros']
[0.387s] Level 1:colcon.colcon_core.package_identification:_identify(src/whistle_gazebo) by extension 'ros'
[0.388s] DEBUG:colcon.colcon_core.package_identification:Package 'src/whistle_gazebo' with type 'ros.ament_cmake' and name 'whistle_gazebo'
[0.388s] Level 1:colcon.colcon_core.package_identification:_identify(src/whistle_robot_description) by extensions ['ignore', 'ignore_ament_install']
[0.388s] Level 1:colcon.colcon_core.package_identification:_identify(src/whistle_robot_description) by extension 'ignore'
[0.388s] Level 1:colcon.colcon_core.package_identification:_identify(src/whistle_robot_description) by extension 'ignore_ament_install'
[0.388s] Level 1:colcon.colcon_core.package_identification:_identify(src/whistle_robot_description) by extensions ['colcon_pkg']
[0.388s] Level 1:colcon.colcon_core.package_identification:_identify(src/whistle_robot_description) by extension 'colcon_pkg'
[0.388s] Level 1:colcon.colcon_core.package_identification:_identify(src/whistle_robot_description) by extensions ['colcon_meta']
[0.388s] Level 1:colcon.colcon_core.package_identification:_identify(src/whistle_robot_description) by extension 'colcon_meta'
[0.388s] Level 1:colcon.colcon_core.package_identification:_identify(src/whistle_robot_description) by extensions ['ros']
[0.388s] Level 1:colcon.colcon_core.package_identification:_identify(src/whistle_robot_description) by extension 'ros'
[0.389s] DEBUG:colcon.colcon_core.package_identification:Package 'src/whistle_robot_description' with type 'ros.ament_cmake' and name 'whistle_robot_description'
[0.389s] Level 1:colcon.colcon_core.package_identification:_identify(src/whistle_safety_msgs) by extensions ['ignore', 'ignore_ament_install']
[0.389s] Level 1:colcon.colcon_core.package_identification:_identify(src/whistle_safety_msgs) by extension 'ignore'
[0.389s] Level 1:colcon.colcon_core.package_identification:_identify(src/whistle_safety_msgs) by extension 'ignore_ament_install'
[0.389s] Level 1:colcon.colcon_core.package_identification:_identify(src/whistle_safety_msgs) by extensions ['colcon_pkg']
[0.389s] Level 1:colcon.colcon_core.package_identification:_identify(src/whistle_safety_msgs) by extension 'colcon_pkg'
[0.389s] Level 1:colcon.colcon_core.package_identification:_identify(src/whistle_safety_msgs) by extensions ['colcon_meta']
[0.389s] Level 1:colcon.colcon_core.package_identification:_identify(src/whistle_safety_msgs) by extension 'colcon_meta'
[0.389s] Level 1:colcon.colcon_core.package_identification:_identify(src/whistle_safety_msgs) by extensions ['ros']
[0.389s] Level 1:colcon.colcon_core.package_identification:_identify(src/whistle_safety_msgs) by extension 'ros'
[0.389s] DEBUG:colcon.colcon_core.package_identification:Package 'src/whistle_safety_msgs' with type 'ros.ament_cmake' and name 'whistle_safety_msgs'
[0.389s] Level 1:colcon.colcon_core.package_identification:_identify(src/zenoh_bridge) by extensions ['ignore', 'ignore_ament_install']
[0.389s] Level 1:colcon.colcon_core.package_identification:_identify(src/zenoh_bridge) by extension 'ignore'
[0.389s] Level 1:colcon.colcon_core.package_identification:_identify(src/zenoh_bridge) by extension 'ignore_ament_install'
[0.390s] Level 1:colcon.colcon_core.package_identification:_identify(src/zenoh_bridge) by extensions ['colcon_pkg']
[0.390s] Level 1:colcon.colcon_core.package_identification:_identify(src/zenoh_bridge) by extension 'colcon_pkg'
[0.390s] Level 1:colcon.colcon_core.package_identification:_identify(src/zenoh_bridge) by extensions ['colcon_meta']
[0.390s] Level 1:colcon.colcon_core.package_identification:_identify(src/zenoh_bridge) by extension 'colcon_meta'
[0.390s] Level 1:colcon.colcon_core.package_identification:_identify(src/zenoh_bridge) by extensions ['ros']
[0.390s] Level 1:colcon.colcon_core.package_identification:_identify(src/zenoh_bridge) by extension 'ros'
[0.390s] DEBUG:colcon.colcon_core.package_identification:Failed to parse potential ROS package manifest in'src/zenoh_bridge': Error(s) in package 'src/zenoh_bridge/package.xml':
The manifest contains invalid XML:
XML or text declaration not at start of entity: line 2, column 0
[0.390s] Level 1:colcon.colcon_core.package_identification:_identify(src/zenoh_bridge) by extensions ['cmake', 'python']
[0.390s] Level 1:colcon.colcon_core.package_identification:_identify(src/zenoh_bridge) by extension 'cmake'
[0.390s] Level 1:colcon.colcon_core.package_identification:_identify(src/zenoh_bridge) by extension 'python'
[0.390s] DEBUG:colcon.colcon_core.package_identification:Python package in 'src/zenoh_bridge' passes arguments to the setup() function which requires a different identification extension than 'python'
[0.390s] Level 1:colcon.colcon_core.package_identification:_identify(src/zenoh_bridge) by extensions ['python_setup_py']
[0.390s] Level 1:colcon.colcon_core.package_identification:_identify(src/zenoh_bridge) by extension 'python_setup_py'
[0.524s] DEBUG:colcon.colcon_core.package_identification:Package 'src/zenoh_bridge' with type 'python' and name 'zenoh_bridge'
[0.524s] Level 1:colcon.colcon_core.package_discovery:discover_packages(recursive) using defaults
[0.524s] Level 1:colcon.colcon_core.package_discovery:discover_packages(ignore) discover
[0.524s] Level 1:colcon.colcon_core.package_discovery:discover_packages(ignore) using defaults
[0.524s] Level 1:colcon.colcon_core.package_discovery:discover_packages(path) discover
[0.524s] Level 1:colcon.colcon_core.package_discovery:discover_packages(path) using defaults
[0.539s] INFO:colcon.colcon_core.package_selection:Skipping not selected package 'alert_manager' in 'src/alert_manager'
[0.539s] INFO:colcon.colcon_core.package_selection:Skipping not selected package 'sim_microphone_sensor' in 'src/sim_microphone_sensor'
[0.539s] INFO:colcon.colcon_core.package_selection:Skipping not selected package 'whistle_robot_description' in 'src/whistle_robot_description'
[0.539s] INFO:colcon.colcon_core.package_selection:Skipping not selected package 'whistle_safety_msgs' in 'src/whistle_safety_msgs'
[0.539s] INFO:colcon.colcon_core.package_selection:Skipping not selected package 'zenoh_bridge' in 'src/zenoh_bridge'
[0.540s] Level 1:colcon.colcon_core.package_discovery:discover_packages(prefix_path) check parameters
[0.540s] Level 1:colcon.colcon_core.package_discovery:discover_packages(prefix_path) discover
[0.542s] DEBUG:colcon.colcon_installed_package_information.package_discovery:Found 7 installed packages in /home/anand/whistle_safety_ws/install
[0.542s] DEBUG:colcon.colcon_installed_package_information.package_discovery:Found 4 installed packages in /home/anand/microros_ws/install
[0.542s] DEBUG:colcon.colcon_installed_package_information.package_discovery:Found 2 installed packages in /home/anand/rebel_ws/install
[0.542s] DEBUG:colcon.colcon_installed_package_information.package_discovery:Found 1 installed packages in /home/anand/ros2_works/install
[0.543s] DEBUG:colcon.colcon_installed_package_information.package_discovery:Found 388 installed packages in /opt/ros/humble
[0.544s] Level 1:colcon.colcon_core.package_discovery:discover_packages(prefix_path) using defaults
[0.571s] Level 5:colcon.colcon_core.verb:set package 'whistle_detector' build argument 'cmake_args' from command line to 'None'
[0.571s] Level 5:colcon.colcon_core.verb:set package 'whistle_detector' build argument 'cmake_target' from command line to 'None'
[0.571s] Level 5:colcon.colcon_core.verb:set package 'whistle_detector' build argument 'cmake_target_skip_unavailable' from command line to 'False'
[0.571s] Level 5:colcon.colcon_core.verb:set package 'whistle_detector' build argument 'cmake_clean_cache' from command line to 'False'
[0.571s] Level 5:colcon.colcon_core.verb:set package 'whistle_detector' build argument 'cmake_clean_first' from command line to 'False'
[0.571s] Level 5:colcon.colcon_core.verb:set package 'whistle_detector' build argument 'cmake_force_configure' from command line to 'False'
[0.571s] Level 5:colcon.colcon_core.verb:set package 'whistle_detector' build argument 'ament_cmake_args' from command line to 'None'
[0.571s] Level 5:colcon.colcon_core.verb:set package 'whistle_detector' build argument 'catkin_cmake_args' from command line to 'None'
[0.571s] Level 5:colcon.colcon_core.verb:set package 'whistle_detector' build argument 'catkin_skip_building_tests' from command line to 'False'
[0.571s] DEBUG:colcon.colcon_core.verb:Building package 'whistle_detector' with the following arguments: {'ament_cmake_args': None, 'build_base': '/home/anand/whistle_safety_ws/build/whistle_detector', 'catkin_cmake_args': None, 'catkin_skip_building_tests': False, 'cmake_args': None, 'cmake_clean_cache': False, 'cmake_clean_first': False, 'cmake_force_configure': False, 'cmake_target': None, 'cmake_target_skip_unavailable': False, 'install_base': '/home/anand/whistle_safety_ws/install/whistle_detector', 'merge_install': False, 'path': '/home/anand/whistle_safety_ws/src/whistle_detector', 'symlink_install': True, 'test_result_base': None}
[0.571s] Level 5:colcon.colcon_core.verb:set package 'whistle_gazebo' build argument 'cmake_args' from command line to 'None'
[0.571s] Level 5:colcon.colcon_core.verb:set package 'whistle_gazebo' build argument 'cmake_target' from command line to 'None'
[0.571s] Level 5:colcon.colcon_core.verb:set package 'whistle_gazebo' build argument 'cmake_target_skip_unavailable' from command line to 'False'
[0.571s] Level 5:colcon.colcon_core.verb:set package 'whistle_gazebo' build argument 'cmake_clean_cache' from command line to 'False'
[0.571s] Level 5:colcon.colcon_core.verb:set package 'whistle_gazebo' build argument 'cmake_clean_first' from command line to 'False'
[0.571s] Level 5:colcon.colcon_core.verb:set package 'whistle_gazebo' build argument 'cmake_force_configure' from command line to 'False'
[0.571s] Level 5:colcon.colcon_core.verb:set package 'whistle_gazebo' build argument 'ament_cmake_args' from command line to 'None'
[0.571s] Level 5:colcon.colcon_core.verb:set package 'whistle_gazebo' build argument 'catkin_cmake_args' from command line to 'None'
[0.571s] Level 5:colcon.colcon_core.verb:set package 'whistle_gazebo' build argument 'catkin_skip_building_tests' from command line to 'False'
[0.571s] DEBUG:colcon.colcon_core.verb:Building package 'whistle_gazebo' with the following arguments: {'ament_cmake_args': None, 'build_base': '/home/anand/whistle_safety_ws/build/whistle_gazebo', 'catkin_cmake_args': None, 'catkin_skip_building_tests': False, 'cmake_args': None, 'cmake_clean_cache': False, 'cmake_clean_first': False, 'cmake_force_configure': False, 'cmake_target': None, 'cmake_target_skip_unavailable': False, 'install_base': '/home/anand/whistle_safety_ws/install/whistle_gazebo', 'merge_install': False, 'path': '/home/anand/whistle_safety_ws/src/whistle_gazebo', 'symlink_install': True, 'test_result_base': None}
[0.571s] INFO:colcon.colcon_core.executor:Executing jobs using 'parallel' executor
[0.572s] DEBUG:colcon.colcon_parallel_executor.executor.parallel:run_until_complete
[0.572s] INFO:colcon.colcon_core.task.python.build:Building Python package in '/home/anand/whistle_safety_ws/src/whistle_detector'
[0.574s] INFO:colcon.colcon_core.plugin_system:Skipping extension 'colcon_core.shell.bat': Not used on non-Windows systems
[0.574s] INFO:colcon.colcon_core.shell:Skip shell extension 'powershell' for command environment: Not usable outside of PowerShell
[0.574s] DEBUG:colcon.colcon_core.shell:Skip shell extension 'dsv' for command environment
[0.585s] INFO:colcon.colcon_ros.task.ament_cmake.build:Building ROS package in '/home/anand/whistle_safety_ws/src/whistle_gazebo' with build type 'ament_cmake'
[0.585s] INFO:colcon.colcon_cmake.task.cmake.build:Building CMake package in '/home/anand/whistle_safety_ws/src/whistle_gazebo'
[0.585s] INFO:colcon.colcon_core.shell:Skip shell extension 'powershell' for command environment: Not usable outside of PowerShell
[0.585s] DEBUG:colcon.colcon_core.shell:Skip shell extension 'dsv' for command environment
[0.746s] DEBUG:colcon.colcon_core.event_handler.log_command:Invoking command in '/home/anand/whistle_safety_ws/build/whistle_gazebo': CMAKE_PREFIX_PATH=/home/anand/whistle_safety_ws/install/whistle_robot_description:/home/anand/whistle_safety_ws/install/whistle_safety_msgs:/home/anand/whistle_safety_ws/install/whistle_gazebo:/home/anand/microros_ws/install/micro_ros_setup:/home/anand/microros_ws/install/micro_ros_agent:/home/anand/microros_ws/install/micro_ros_msgs:/home/anand/rebel_ws/install/myrobot_moveit_config:/home/anand/rebel_ws/install/igus_rebel_description:/home/anand/whistle_safety_ws/install/zenoh_bridge:/home/anand/whistle_safety_ws/install/alert_manager:/home/anand/whistle_safety_ws/install/whistle_detector:/home/anand/whistle_safety_ws/install/sim_microphone_sensor:/opt/ros/humble /usr/bin/cmake --build /home/anand/whistle_safety_ws/build/whistle_gazebo -- -j16 -l16
[0.783s] DEBUG:colcon.colcon_core.event_handler.log_command:Invoked command in '/home/anand/whistle_safety_ws/build/whistle_gazebo' returned '0': CMAKE_PREFIX_PATH=/home/anand/whistle_safety_ws/install/whistle_robot_description:/home/anand/whistle_safety_ws/install/whistle_safety_msgs:/home/anand/whistle_safety_ws/install/whistle_gazebo:/home/anand/microros_ws/install/micro_ros_setup:/home/anand/microros_ws/install/micro_ros_agent:/home/anand/microros_ws/install/micro_ros_msgs:/home/anand/rebel_ws/install/myrobot_moveit_config:/home/anand/rebel_ws/install/igus_rebel_description:/home/anand/whistle_safety_ws/install/zenoh_bridge:/home/anand/whistle_safety_ws/install/alert_manager:/home/anand/whistle_safety_ws/install/whistle_detector:/home/anand/whistle_safety_ws/install/sim_microphone_sensor:/opt/ros/humble /usr/bin/cmake --build /home/anand/whistle_safety_ws/build/whistle_gazebo -- -j16 -l16
[0.790s] DEBUG:colcon.colcon_core.event_handler.log_command:Invoking command in '/home/anand/whistle_safety_ws/build/whistle_gazebo': CMAKE_PREFIX_PATH=/home/anand/whistle_safety_ws/install/whistle_robot_description:/home/anand/whistle_safety_ws/install/whistle_safety_msgs:/home/anand/whistle_safety_ws/install/whistle_gazebo:/home/anand/microros_ws/install/micro_ros_setup:/home/anand/microros_ws/install/micro_ros_agent:/home/anand/microros_ws/install/micro_ros_msgs:/home/anand/rebel_ws/install/myrobot_moveit_config:/home/anand/rebel_ws/install/igus_rebel_description:/home/anand/whistle_safety_ws/install/zenoh_bridge:/home/anand/whistle_safety_ws/install/alert_manager:/home/anand/whistle_safety_ws/install/whistle_detector:/home/anand/whistle_safety_ws/install/sim_microphone_sensor:/opt/ros/humble /usr/bin/cmake --install /home/anand/whistle_safety_ws/build/whistle_gazebo
[0.818s] Level 1:colcon.colcon_core.environment:create_environment_scripts_only(whistle_gazebo)
[0.818s] DEBUG:colcon.colcon_core.event_handler.log_command:Invoked command in '/home/anand/whistle_safety_ws/build/whistle_gazebo' returned '0': CMAKE_PREFIX_PATH=/home/anand/whistle_safety_ws/install/whistle_robot_description:/home/anand/whistle_safety_ws/install/whistle_safety_msgs:/home/anand/whistle_safety_ws/install/whistle_gazebo:/home/anand/microros_ws/install/micro_ros_setup:/home/anand/microros_ws/install/micro_ros_agent:/home/anand/microros_ws/install/micro_ros_msgs:/home/anand/rebel_ws/install/myrobot_moveit_config:/home/anand/rebel_ws/install/igus_rebel_description:/home/anand/whistle_safety_ws/install/zenoh_bridge:/home/anand/whistle_safety_ws/install/alert_manager:/home/anand/whistle_safety_ws/install/whistle_detector:/home/anand/whistle_safety_ws/install/sim_microphone_sensor:/opt/ros/humble /usr/bin/cmake --install /home/anand/whistle_safety_ws/build/whistle_gazebo
[0.821s] Level 1:colcon.colcon_core.environment:checking '/home/anand/whistle_safety_ws/install/whistle_gazebo' for CMake module files
[0.821s] Level 1:colcon.colcon_core.environment:checking '/home/anand/whistle_safety_ws/install/whistle_gazebo' for CMake config files
[0.822s] Level 1:colcon.colcon_core.shell:create_environment_hook('whistle_gazebo', 'cmake_prefix_path')
[0.822s] INFO:colcon.colcon_core.shell:Creating environment hook '/home/anand/whistle_safety_ws/install/whistle_gazebo/share/whistle_gazebo/hook/cmake_prefix_path.ps1'
[0.823s] INFO:colcon.colcon_core.shell:Creating environment descriptor '/home/anand/whistle_safety_ws/install/whistle_gazebo/share/whistle_gazebo/hook/cmake_prefix_path.dsv'
[0.823s] INFO:colcon.colcon_core.shell:Creating environment hook '/home/anand/whistle_safety_ws/install/whistle_gazebo/share/whistle_gazebo/hook/cmake_prefix_path.sh'
[0.824s] Level 1:colcon.colcon_core.environment:checking '/home/anand/whistle_safety_ws/install/whistle_gazebo/bin'
[0.824s] Level 1:colcon.colcon_core.environment:checking '/home/anand/whistle_safety_ws/install/whistle_gazebo/lib/pkgconfig/whistle_gazebo.pc'
[0.825s] Level 1:colcon.colcon_core.environment:checking '/home/anand/whistle_safety_ws/install/whistle_gazebo/lib/python3.10/site-packages'
[0.825s] Level 1:colcon.colcon_core.environment:checking '/home/anand/whistle_safety_ws/install/whistle_gazebo/bin'
[0.825s] INFO:colcon.colcon_core.shell:Creating package script '/home/anand/whistle_safety_ws/install/whistle_gazebo/share/whistle_gazebo/package.ps1'
[0.826s] INFO:colcon.colcon_core.shell:Creating package descriptor '/home/anand/whistle_safety_ws/install/whistle_gazebo/share/whistle_gazebo/package.dsv'
[0.827s] INFO:colcon.colcon_core.shell:Creating package script '/home/anand/whistle_safety_ws/install/whistle_gazebo/share/whistle_gazebo/package.sh'
[0.827s] INFO:colcon.colcon_core.shell:Creating package script '/home/anand/whistle_safety_ws/install/whistle_gazebo/share/whistle_gazebo/package.bash'
[0.828s] INFO:colcon.colcon_core.shell:Creating package script '/home/anand/whistle_safety_ws/install/whistle_gazebo/share/whistle_gazebo/package.zsh'
[0.828s] Level 1:colcon.colcon_core.environment:create_file_with_runtime_dependencies(/home/anand/whistle_safety_ws/install/whistle_gazebo/share/colcon-core/packages/whistle_gazebo)
[0.828s] Level 1:colcon.colcon_core.environment:create_environment_scripts_only(whistle_gazebo)
[0.829s] Level 1:colcon.colcon_core.environment:checking '/home/anand/whistle_safety_ws/install/whistle_gazebo' for CMake module files
[0.829s] Level 1:colcon.colcon_core.environment:checking '/home/anand/whistle_safety_ws/install/whistle_gazebo' for CMake config files
[0.829s] Level 1:colcon.colcon_core.shell:create_environment_hook('whistle_gazebo', 'cmake_prefix_path')
[0.829s] INFO:colcon.colcon_core.shell:Creating environment hook '/home/anand/whistle_safety_ws/install/whistle_gazebo/share/whistle_gazebo/hook/cmake_prefix_path.ps1'
[0.829s] INFO:colcon.colcon_core.shell:Creating environment descriptor '/home/anand/whistle_safety_ws/install/whistle_gazebo/share/whistle_gazebo/hook/cmake_prefix_path.dsv'
[0.830s] INFO:colcon.colcon_core.shell:Creating environment hook '/home/anand/whistle_safety_ws/install/whistle_gazebo/share/whistle_gazebo/hook/cmake_prefix_path.sh'
[0.830s] Level 1:colcon.colcon_core.environment:checking '/home/anand/whistle_safety_ws/install/whistle_gazebo/bin'
[0.830s] Level 1:colcon.colcon_core.environment:checking '/home/anand/whistle_safety_ws/install/whistle_gazebo/lib/pkgconfig/whistle_gazebo.pc'
[0.830s] Level 1:colcon.colcon_core.environment:checking '/home/anand/whistle_safety_ws/install/whistle_gazebo/lib/python3.10/site-packages'
[0.831s] Level 1:colcon.colcon_core.environment:checking '/home/anand/whistle_safety_ws/install/whistle_gazebo/bin'
[0.831s] INFO:colcon.colcon_core.shell:Creating package script '/home/anand/whistle_safety_ws/install/whistle_gazebo/share/whistle_gazebo/package.ps1'
[0.831s] INFO:colcon.colcon_core.shell:Creating package descriptor '/home/anand/whistle_safety_ws/install/whistle_gazebo/share/whistle_gazebo/package.dsv'
[0.832s] INFO:colcon.colcon_core.shell:Creating package script '/home/anand/whistle_safety_ws/install/whistle_gazebo/share/whistle_gazebo/package.sh'
[0.833s] INFO:colcon.colcon_core.shell:Creating package script '/home/anand/whistle_safety_ws/install/whistle_gazebo/share/whistle_gazebo/package.bash'
[0.833s] INFO:colcon.colcon_core.shell:Creating package script '/home/anand/whistle_safety_ws/install/whistle_gazebo/share/whistle_gazebo/package.zsh'
[0.833s] Level 1:colcon.colcon_core.environment:create_file_with_runtime_dependencies(/home/anand/whistle_safety_ws/install/whistle_gazebo/share/colcon-core/packages/whistle_gazebo)
[1.169s] DEBUG:colcon.colcon_core.event_handler.log_command:Invoking command in '/home/anand/whistle_safety_ws/build/whistle_detector': PYTHONPATH=/home/anand/whistle_safety_ws/build/whistle_detector/prefix_override:/usr/lib/python3/dist-packages/colcon_core/task/python/colcon_distutils_commands:/home/anand/whistle_safety_ws/install/whistle_detector/lib/python3.10/site-packages:${PYTHONPATH} /usr/bin/python3 -W ignore:setup.py install is deprecated -W ignore:easy_install command is deprecated setup.py develop --editable --build-directory /home/anand/whistle_safety_ws/build/whistle_detector/build --no-deps symlink_data
[1.572s] Level 1:colcon.colcon_core.shell:create_environment_hook('whistle_detector', 'pythonpath_develop')
[1.572s] INFO:colcon.colcon_core.shell:Creating environment hook '/home/anand/whistle_safety_ws/build/whistle_detector/share/whistle_detector/hook/pythonpath_develop.ps1'
[1.573s] DEBUG:colcon.colcon_core.event_handler.log_command:Invoked command in '/home/anand/whistle_safety_ws/build/whistle_detector' returned '0': PYTHONPATH=/home/anand/whistle_safety_ws/build/whistle_detector/prefix_override:/usr/lib/python3/dist-packages/colcon_core/task/python/colcon_distutils_commands:/home/anand/whistle_safety_ws/install/whistle_detector/lib/python3.10/site-packages:${PYTHONPATH} /usr/bin/python3 -W ignore:setup.py install is deprecated -W ignore:easy_install command is deprecated setup.py develop --editable --build-directory /home/anand/whistle_safety_ws/build/whistle_detector/build --no-deps symlink_data
[1.573s] INFO:colcon.colcon_core.shell:Creating environment descriptor '/home/anand/whistle_safety_ws/build/whistle_detector/share/whistle_detector/hook/pythonpath_develop.dsv'
[1.574s] INFO:colcon.colcon_core.shell:Creating environment hook '/home/anand/whistle_safety_ws/build/whistle_detector/share/whistle_detector/hook/pythonpath_develop.sh'
[1.575s] Level 1:colcon.colcon_core.environment:checking '/home/anand/whistle_safety_ws/install/whistle_detector' for CMake module files
[1.575s] Level 1:colcon.colcon_core.environment:checking '/home/anand/whistle_safety_ws/install/whistle_detector' for CMake config files
[1.575s] Level 1:colcon.colcon_core.environment:checking '/home/anand/whistle_safety_ws/install/whistle_detector/lib'
[1.575s] Level 1:colcon.colcon_core.environment:checking '/home/anand/whistle_safety_ws/install/whistle_detector/bin'
[1.575s] Level 1:colcon.colcon_core.environment:checking '/home/anand/whistle_safety_ws/install/whistle_detector/lib/pkgconfig/whistle_detector.pc'
[1.575s] Level 1:colcon.colcon_core.environment:checking '/home/anand/whistle_safety_ws/install/whistle_detector/lib/python3.10/site-packages'
[1.576s] Level 1:colcon.colcon_core.shell:create_environment_hook('whistle_detector', 'pythonpath')
[1.576s] INFO:colcon.colcon_core.shell:Creating environment hook '/home/anand/whistle_safety_ws/install/whistle_detector/share/whistle_detector/hook/pythonpath.ps1'
[1.576s] INFO:colcon.colcon_core.shell:Creating environment descriptor '/home/anand/whistle_safety_ws/install/whistle_detector/share/whistle_detector/hook/pythonpath.dsv'
[1.576s] INFO:colcon.colcon_core.shell:Creating environment hook '/home/anand/whistle_safety_ws/install/whistle_detector/share/whistle_detector/hook/pythonpath.sh'
[1.577s] Level 1:colcon.colcon_core.environment:checking '/home/anand/whistle_safety_ws/install/whistle_detector/bin'
[1.577s] Level 1:colcon.colcon_core.environment:create_environment_scripts_only(whistle_detector)
[1.577s] INFO:colcon.colcon_core.shell:Creating package script '/home/anand/whistle_safety_ws/install/whistle_detector/share/whistle_detector/package.ps1'
[1.577s] INFO:colcon.colcon_core.shell:Creating package descriptor '/home/anand/whistle_safety_ws/install/whistle_detector/share/whistle_detector/package.dsv'
[1.578s] INFO:colcon.colcon_core.shell:Creating package script '/home/anand/whistle_safety_ws/install/whistle_detector/share/whistle_detector/package.sh'
[1.578s] INFO:colcon.colcon_core.shell:Creating package script '/home/anand/whistle_safety_ws/install/whistle_detector/share/whistle_detector/package.bash'
[1.578s] INFO:colcon.colcon_core.shell:Creating package script '/home/anand/whistle_safety_ws/install/whistle_detector/share/whistle_detector/package.zsh'
[1.578s] Level 1:colcon.colcon_core.environment:create_file_with_runtime_dependencies(/home/anand/whistle_safety_ws/install/whistle_detector/share/colcon-core/packages/whistle_detector)
[1.579s] DEBUG:colcon.colcon_parallel_executor.executor.parallel:closing loop
[1.579s] DEBUG:colcon.colcon_parallel_executor.executor.parallel:loop closed
[1.579s] DEBUG:colcon.colcon_parallel_executor.executor.parallel:run_until_complete finished with '0'
[1.579s] DEBUG:colcon.colcon_core.event_reactor:joining thread
[1.583s] INFO:colcon.colcon_core.plugin_system:Skipping extension 'colcon_notification.desktop_notification.terminal_notifier': Not used on non-Darwin systems
[1.583s] INFO:colcon.colcon_core.plugin_system:Skipping extension 'colcon_notification.desktop_notification.win32': Not used on non-Windows systems
[1.583s] INFO:colcon.colcon_notification.desktop_notification:Sending desktop notification using 'notify2'
[1.589s] DEBUG:colcon.colcon_core.event_reactor:joined thread
[1.589s] INFO:colcon.colcon_core.shell:Creating prefix script '/home/anand/whistle_safety_ws/install/local_setup.ps1'
[1.590s] INFO:colcon.colcon_core.shell:Creating prefix util module '/home/anand/whistle_safety_ws/install/_local_setup_util_ps1.py'
[1.591s] INFO:colcon.colcon_core.shell:Creating prefix chain script '/home/anand/whistle_safety_ws/install/setup.ps1'
[1.592s] INFO:colcon.colcon_core.shell:Creating prefix script '/home/anand/whistle_safety_ws/install/local_setup.sh'
[1.593s] INFO:colcon.colcon_core.shell:Creating prefix util module '/home/anand/whistle_safety_ws/install/_local_setup_util_sh.py'
[1.593s] INFO:colcon.colcon_core.shell:Creating prefix chain script '/home/anand/whistle_safety_ws/install/setup.sh'
[1.594s] INFO:colcon.colcon_core.shell:Creating prefix script '/home/anand/whistle_safety_ws/install/local_setup.bash'
[1.595s] INFO:colcon.colcon_core.shell:Creating prefix chain script '/home/anand/whistle_safety_ws/install/setup.bash'
[1.596s] INFO:colcon.colcon_core.shell:Creating prefix script '/home/anand/whistle_safety_ws/install/local_setup.zsh'
[1.596s] INFO:colcon.colcon_core.shell:Creating prefix chain script '/home/anand/whistle_safety_ws/install/setup.zsh'
