[0.019s] Invoking command in '/home/anand/whistle_safety_ws/build/whistle_nav2_config': CMAKE_PREFIX_PATH=${CMAKE_PREFIX_PATH}:/home/anand/whistle_safety_ws/install/zenoh_bridge:/home/anand/whistle_safety_ws/install/alert_manager:/home/anand/whistle_safety_ws/install/whistle_detector:/opt/ros/humble /usr/bin/cmake /home/anand/whistle_safety_ws/src/whistle_nav2_config -DAMENT_CMAKE_SYMLINK_INSTALL=1 -DCMAKE_INSTALL_PREFIX=/home/anand/whistle_safety_ws/install/whistle_nav2_config
[0.150s] -- The C compiler identification is GNU 11.4.0
[0.247s] -- The CXX compiler identification is GNU 11.4.0
[0.257s] -- Detecting C compiler ABI info
[0.322s] -- Detecting C compiler ABI info - done
[0.327s] -- Check for working C compiler: /usr/bin/cc - skipped
[0.327s] -- Detecting C compile features
[0.328s] -- Detecting C compile features - done
[0.330s] -- Detecting CXX compiler ABI info
[0.401s] -- Detecting CXX compiler ABI info - done
[0.407s] -- Check for working CXX compiler: /usr/bin/c++ - skipped
[0.407s] -- Detecting CXX compile features
[0.407s] -- Detecting CXX compile features - done
[0.413s] -- Found ament_cmake: 1.3.12 (/opt/ros/humble/share/ament_cmake/cmake)
[0.664s] -- Found Python3: /usr/bin/python3 (found version "3.10.12") found components: Interpreter 
[0.722s] -- Override CMake install command with custom implementation using symlinks instead of copying resources
[0.805s] -- Configuring done
[0.807s] -- Generating done
[0.808s] -- Build files have been written to: /home/anand/whistle_safety_ws/build/whistle_nav2_config
[0.813s] Invoked command in '/home/anand/whistle_safety_ws/build/whistle_nav2_config' returned '0': CMAKE_PREFIX_PATH=${CMAKE_PREFIX_PATH}:/home/anand/whistle_safety_ws/install/zenoh_bridge:/home/anand/whistle_safety_ws/install/alert_manager:/home/anand/whistle_safety_ws/install/whistle_detector:/opt/ros/humble /usr/bin/cmake /home/anand/whistle_safety_ws/src/whistle_nav2_config -DAMENT_CMAKE_SYMLINK_INSTALL=1 -DCMAKE_INSTALL_PREFIX=/home/anand/whistle_safety_ws/install/whistle_nav2_config
[0.814s] Invoking command in '/home/anand/whistle_safety_ws/build/whistle_nav2_config': CMAKE_PREFIX_PATH=${CMAKE_PREFIX_PATH}:/home/anand/whistle_safety_ws/install/zenoh_bridge:/home/anand/whistle_safety_ws/install/alert_manager:/home/anand/whistle_safety_ws/install/whistle_detector:/opt/ros/humble /usr/bin/cmake --build /home/anand/whistle_safety_ws/build/whistle_nav2_config -- -j16 -l16
[0.843s] Invoked command in '/home/anand/whistle_safety_ws/build/whistle_nav2_config' returned '0': CMAKE_PREFIX_PATH=${CMAKE_PREFIX_PATH}:/home/anand/whistle_safety_ws/install/zenoh_bridge:/home/anand/whistle_safety_ws/install/alert_manager:/home/anand/whistle_safety_ws/install/whistle_detector:/opt/ros/humble /usr/bin/cmake --build /home/anand/whistle_safety_ws/build/whistle_nav2_config -- -j16 -l16
[0.854s] Invoking command in '/home/anand/whistle_safety_ws/build/whistle_nav2_config': CMAKE_PREFIX_PATH=${CMAKE_PREFIX_PATH}:/home/anand/whistle_safety_ws/install/zenoh_bridge:/home/anand/whistle_safety_ws/install/alert_manager:/home/anand/whistle_safety_ws/install/whistle_detector:/opt/ros/humble /usr/bin/cmake --install /home/anand/whistle_safety_ws/build/whistle_nav2_config
[0.859s] -- Install configuration: ""
[0.859s] -- Execute custom install script
[0.860s] -- Symlinking: /home/anand/whistle_safety_ws/install/whistle_nav2_config/share/whistle_nav2_config/config/nav2_params.yaml
[0.868s] -- Symlinking: /home/anand/whistle_safety_ws/install/whistle_nav2_config/share/ament_index/resource_index/package_run_dependencies/whistle_nav2_config
[0.875s] -- Symlinking: /home/anand/whistle_safety_ws/install/whistle_nav2_config/share/ament_index/resource_index/parent_prefix_path/whistle_nav2_config
[0.883s] -- Symlinking: /home/anand/whistle_safety_ws/install/whistle_nav2_config/share/whistle_nav2_config/environment/ament_prefix_path.sh
[0.891s] -- Symlinking: /home/anand/whistle_safety_ws/install/whistle_nav2_config/share/whistle_nav2_config/environment/ament_prefix_path.dsv
[0.898s] -- Symlinking: /home/anand/whistle_safety_ws/install/whistle_nav2_config/share/whistle_nav2_config/environment/path.sh
[0.906s] -- Symlinking: /home/anand/whistle_safety_ws/install/whistle_nav2_config/share/whistle_nav2_config/environment/path.dsv
[0.912s] -- Symlinking: /home/anand/whistle_safety_ws/install/whistle_nav2_config/share/whistle_nav2_config/local_setup.bash
[0.919s] -- Symlinking: /home/anand/whistle_safety_ws/install/whistle_nav2_config/share/whistle_nav2_config/local_setup.sh
[0.925s] -- Symlinking: /home/anand/whistle_safety_ws/install/whistle_nav2_config/share/whistle_nav2_config/local_setup.zsh
[0.933s] -- Symlinking: /home/anand/whistle_safety_ws/install/whistle_nav2_config/share/whistle_nav2_config/local_setup.dsv
[0.941s] -- Symlinking: /home/anand/whistle_safety_ws/install/whistle_nav2_config/share/whistle_nav2_config/package.dsv
[0.950s] -- Symlinking: /home/anand/whistle_safety_ws/install/whistle_nav2_config/share/ament_index/resource_index/packages/whistle_nav2_config
[0.957s] -- Symlinking: /home/anand/whistle_safety_ws/install/whistle_nav2_config/share/whistle_nav2_config/cmake/whistle_nav2_configConfig.cmake
[0.964s] -- Symlinking: /home/anand/whistle_safety_ws/install/whistle_nav2_config/share/whistle_nav2_config/cmake/whistle_nav2_configConfig-version.cmake
[0.970s] -- Symlinking: /home/anand/whistle_safety_ws/install/whistle_nav2_config/share/whistle_nav2_config/package.xml
[0.979s] Invoked command in '/home/anand/whistle_safety_ws/build/whistle_nav2_config' returned '0': CMAKE_PREFIX_PATH=${CMAKE_PREFIX_PATH}:/home/anand/whistle_safety_ws/install/zenoh_bridge:/home/anand/whistle_safety_ws/install/alert_manager:/home/anand/whistle_safety_ws/install/whistle_detector:/opt/ros/humble /usr/bin/cmake --install /home/anand/whistle_safety_ws/build/whistle_nav2_config
