[0.639s] Invoking command in '/home/anand/whistle_safety_ws/build/whistle_nav2_config': CMAKE_PREFIX_PATH=${CMAKE_PREFIX_PATH}:/home/anand/whistle_safety_ws/install/whistle_nav_controller:/home/anand/whistle_safety_ws/install/sim_microphone_sensor:/home/anand/whistle_safety_ws/install/zenoh_bridge:/home/anand/whistle_safety_ws/install/alert_manager:/home/anand/whistle_safety_ws/install/whistle_detector:/opt/ros/humble /usr/bin/cmake --build /home/anand/whistle_safety_ws/build/whistle_nav2_config -- -j16 -l16
[1.035s] Invoked command in '/home/anand/whistle_safety_ws/build/whistle_nav2_config' returned '0': CMAKE_PREFIX_PATH=${CMAKE_PREFIX_PATH}:/home/anand/whistle_safety_ws/install/whistle_nav_controller:/home/anand/whistle_safety_ws/install/sim_microphone_sensor:/home/anand/whistle_safety_ws/install/zenoh_bridge:/home/anand/whistle_safety_ws/install/alert_manager:/home/anand/whistle_safety_ws/install/whistle_detector:/opt/ros/humble /usr/bin/cmake --build /home/anand/whistle_safety_ws/build/whistle_nav2_config -- -j16 -l16
[1.046s] Invoking command in '/home/anand/whistle_safety_ws/build/whistle_nav2_config': CMAKE_PREFIX_PATH=${CMAKE_PREFIX_PATH}:/home/anand/whistle_safety_ws/install/whistle_nav_controller:/home/anand/whistle_safety_ws/install/sim_microphone_sensor:/home/anand/whistle_safety_ws/install/zenoh_bridge:/home/anand/whistle_safety_ws/install/alert_manager:/home/anand/whistle_safety_ws/install/whistle_detector:/opt/ros/humble /usr/bin/cmake --install /home/anand/whistle_safety_ws/build/whistle_nav2_config
[1.059s] -- Install configuration: ""
[1.059s] -- Execute custom install script
[1.059s] -- Up-to-date symlink: /home/anand/whistle_safety_ws/install/whistle_nav2_config/share/ament_index/resource_index/package_run_dependencies/whistle_nav2_config
[1.059s] -- Up-to-date symlink: /home/anand/whistle_safety_ws/install/whistle_nav2_config/share/ament_index/resource_index/parent_prefix_path/whistle_nav2_config
[1.059s] -- Up-to-date symlink: /home/anand/whistle_safety_ws/install/whistle_nav2_config/share/whistle_nav2_config/environment/ament_prefix_path.sh
[1.059s] -- Up-to-date symlink: /home/anand/whistle_safety_ws/install/whistle_nav2_config/share/whistle_nav2_config/environment/ament_prefix_path.dsv
[1.060s] -- Up-to-date symlink: /home/anand/whistle_safety_ws/install/whistle_nav2_config/share/whistle_nav2_config/environment/path.sh
[1.060s] -- Up-to-date symlink: /home/anand/whistle_safety_ws/install/whistle_nav2_config/share/whistle_nav2_config/environment/path.dsv
[1.060s] -- Up-to-date symlink: /home/anand/whistle_safety_ws/install/whistle_nav2_config/share/whistle_nav2_config/local_setup.bash
[1.060s] -- Up-to-date symlink: /home/anand/whistle_safety_ws/install/whistle_nav2_config/share/whistle_nav2_config/local_setup.sh
[1.060s] -- Up-to-date symlink: /home/anand/whistle_safety_ws/install/whistle_nav2_config/share/whistle_nav2_config/local_setup.zsh
[1.060s] -- Up-to-date symlink: /home/anand/whistle_safety_ws/install/whistle_nav2_config/share/whistle_nav2_config/local_setup.dsv
[1.060s] -- Symlinking: /home/anand/whistle_safety_ws/install/whistle_nav2_config/share/whistle_nav2_config/package.dsv
[1.070s] -- Up-to-date symlink: /home/anand/whistle_safety_ws/install/whistle_nav2_config/share/ament_index/resource_index/packages/whistle_nav2_config
[1.070s] -- Up-to-date symlink: /home/anand/whistle_safety_ws/install/whistle_nav2_config/share/whistle_nav2_config/cmake/whistle_nav2_configConfig.cmake
[1.071s] -- Up-to-date symlink: /home/anand/whistle_safety_ws/install/whistle_nav2_config/share/whistle_nav2_config/cmake/whistle_nav2_configConfig-version.cmake
[1.071s] -- Up-to-date symlink: /home/anand/whistle_safety_ws/install/whistle_nav2_config/share/whistle_nav2_config/package.xml
[1.074s] Invoked command in '/home/anand/whistle_safety_ws/build/whistle_nav2_config' returned '0': CMAKE_PREFIX_PATH=${CMAKE_PREFIX_PATH}:/home/anand/whistle_safety_ws/install/whistle_nav_controller:/home/anand/whistle_safety_ws/install/sim_microphone_sensor:/home/anand/whistle_safety_ws/install/zenoh_bridge:/home/anand/whistle_safety_ws/install/alert_manager:/home/anand/whistle_safety_ws/install/whistle_detector:/opt/ros/humble /usr/bin/cmake --install /home/anand/whistle_safety_ws/build/whistle_nav2_config
