[0.000000] (-) TimerEvent: {}
[0.000168] (-) JobUnselected: {'identifier': 'alert_manager'}
[0.000202] (-) JobUnselected: {'identifier': 'sim_microphone_sensor'}
[0.000225] (-) JobUnselected: {'identifier': 'whistle_detector'}
[0.000245] (-) JobUnselected: {'identifier': 'whistle_gazebo'}
[0.000264] (-) JobUnselected: {'identifier': 'whistle_nav2_config'}
[0.000284] (-) JobUnselected: {'identifier': 'whistle_robot_description'}
[0.000302] (-) JobUnselected: {'identifier': 'whistle_safety_msgs'}
[0.000322] (-) JobUnselected: {'identifier': 'zenoh_bridge'}
[0.000345] (whistle_nav_controller) JobQueued: {'identifier': 'whistle_nav_controller', 'dependencies': OrderedDict()}
[0.000369] (whistle_nav_controller) JobStarted: {'identifier': 'whistle_nav_controller'}
[0.099331] (-) TimerEvent: {}
[0.199778] (-) TimerEvent: {}
[0.300034] (-) TimerEvent: {}
[0.400284] (-) TimerEvent: {}
[0.467486] (whistle_nav_controller) Command: {'cmd': ['/usr/bin/python3', '-W', 'ignore:setup.py install is deprecated', '-W', 'ignore:easy_install command is deprecated', 'setup.py', 'develop', '--editable', '--build-directory', '/home/anand/whistle_safety_ws/build/whistle_nav_controller/build', '--no-deps', 'symlink_data'], 'cwd': '/home/anand/whistle_safety_ws/build/whistle_nav_controller', 'env': {'GJS_DEBUG_TOPICS': 'JS ERROR;JS LOG', 'IGN_IP': '127.0.0.1', 'LANGUAGE': 'en_IN:en', 'USER': 'anand', 'XDG_SESSION_TYPE': 'wayland', 'SHLVL': '1', 'LD_LIBRARY_PATH': '/home/anand/microros_ws/install/micro_ros_agent/lib:/home/anand/microros_ws/install/micro_ros_msgs/lib:/usr/lib/x86_64-linux-gnu/gazebo-11/plugins:/opt/ros/humble/opt/rviz_ogre_vendor/lib:/opt/ros/humble/lib/x86_64-linux-gnu:/opt/ros/humble/lib', 'HOME': '/home/anand', 'OLDPWD': '/home/anand/whistle_safety_ws', 'DESKTOP_SESSION': 'ubuntu', 'NVM_BIN': '/home/anand/.nvm/versions/node/v22.14.0/bin', 'NVM_INC': '/home/anand/.nvm/versions/node/v22.14.0/include/node', 'GIO_LAUNCHED_DESKTOP_FILE': '/usr/share/applications/terminator.desktop', 'ROS_PYTHON_VERSION': '3', 'GNOME_SHELL_SESSION_MODE': 'ubuntu', 'GTK_MODULES': 'gail:atk-bridge', 'MANAGERPID': '3249', 'SYSTEMD_EXEC_PID': '3696', 'DBUS_SESSION_BUS_ADDRESS': 'unix:path=/run/user/1000/bus', 'COLORTERM': 'truecolor', 'TERMINATOR_DBUS_NAME': 'net.tenshu.Terminator25ef4b219e3b005583550f2b0f9f990c3', 'GIO_LAUNCHED_DESKTOP_FILE_PID': '6527', 'NVM_DIR': '/home/anand/.nvm', 'IM_CONFIG_PHASE': '1', 'WAYLAND_DISPLAY': 'wayland-0', 'COLCON_PREFIX_PATH': '/home/anand/microros_ws/install:/home/anand/rebel_ws/install:/home/anand/ros2_works/install', 'ROS_DISTRO': 'humble', 'LOGNAME': 'anand', 'JOURNAL_STREAM': '8:1732', '_': '/usr/bin/colcon', 'ROS_VERSION': '2', 'XDG_SESSION_CLASS': 'user', 'USERNAME': 'anand', 'TERM': 'xterm-256color', 'GNOME_DESKTOP_SESSION_ID': 'this-is-deprecated', 'ROS_LOCALHOST_ONLY': '0', 'PATH': '/home/anand/.local/bin:/home/anand/.nvm/versions/node/v22.14.0/bin:/opt/ros/humble/bin:/usr/local/sbin:/usr/local/bin:/usr/sbin:/usr/bin:/sbin:/bin:/usr/games:/usr/local/games:/snap/bin:/snap/bin', 'SESSION_MANAGER': 'local/Anand:@/tmp/.ICE-unix/3667,unix/Anand:/tmp/.ICE-unix/3667', 'INVOCATION_ID': 'c50faf57dc0343578a0cd09933640287', 'XDG_MENU_PREFIX': 'gnome-', 'GNOME_SETUP_DISPLAY': ':1', 'XDG_RUNTIME_DIR': '/run/user/1000', 'DISPLAY': ':0', 'TERMINATOR_DBUS_PATH': '/net/tenshu/Terminator2', 'LANG': 'en_US.UTF-8', 'XDG_CURRENT_DESKTOP': 'ubuntu:GNOME', 'IBUS_DISABLE_SNOOPER': '1', 'GZ_IP': '127.0.0.1', 'XMODIFIERS': '@im=ibus', 'XDG_SESSION_DESKTOP': 'ubuntu', 'XAUTHORITY': '/run/user/1000/.mutter-Xwaylandauth.OCSUG3', 'SSH_AGENT_LAUNCHER': 'gnome-keyring', 'SSH_AUTH_SOCK': '/run/user/1000/keyring/ssh', 'AMENT_PREFIX_PATH': '/home/anand/whistle_safety_ws/install/zenoh_bridge:/home/anand/whistle_safety_ws/install/alert_manager:/home/anand/whistle_safety_ws/install/whistle_detector:/home/anand/whistle_safety_ws/install/zenoh_bridge:/home/anand/whistle_safety_ws/install/alert_manager:/home/anand/whistle_safety_ws/install/whistle_detector:/home/anand/whistle_safety_ws/install/zenoh_bridge:/home/anand/whistle_safety_ws/install/alert_manager:/home/anand/whistle_safety_ws/install/whistle_detector:/home/anand/whistle_safety_ws/install/zenoh_bridge:/home/anand/whistle_safety_ws/install/alert_manager:/home/anand/whistle_safety_ws/install/whistle_detector:/home/anand/microros_ws/install/micro_ros_setup:/home/anand/microros_ws/install/micro_ros_agent:/home/anand/microros_ws/install/micro_ros_msgs:/home/anand/rebel_ws/install/myrobot_moveit_config:/home/anand/rebel_ws/install/igus_rebel_description:/opt/ros/humble', 'GZ_TRANSPORT_LOCALHOST_ONLY': '1', 'SHELL': '/bin/bash', 'IGN_GAZEBO_SYSTEM_PLUGIN_PATH': '/home/anand/hb_ws2/src/eyrc-25-26-holo-battalion:/home/anand/hb_ws2/src:/opt/ros/humble/lib:/opt/ros/humble/lib:/opt/ros/humble/lib:/opt/ros/humble/lib:/home/anand/hb_ws2/src/eyrc-25-26-holo-battalion:/home/anand/hb_ws2/src:/opt/ros/humble/lib:/opt/ros/humble/lib:/opt/ros/humble/lib:/opt/ros/humble/lib:', 'TERMINATOR_UUID': 'urn:uuid:778bef5d-956b-44b0-8cfe-6e047b018885', 'QT_ACCESSIBILITY': '1', 'GDMSESSION': 'ubuntu', 'GJS_DEBUG_OUTPUT': 'stderr', 'QT_IM_MODULE': 'ibus', 'PWD': '/home/anand/whistle_safety_ws/build/whistle_nav_controller', 'LC_ALL': 'en_US.UTF-8', 'XDG_CONFIG_DIRS': '/etc/xdg/xdg-ubuntu:/etc/xdg', 'NVM_CD_FLAGS': '', 'XDG_DATA_DIRS': '/usr/share/ubuntu:/usr/local/share/:/usr/share/:/var/lib/snapd/desktop', 'PYTHONPATH': '/home/anand/whistle_safety_ws/build/whistle_nav_controller/prefix_override:/usr/lib/python3/dist-packages/colcon_core/task/python/colcon_distutils_commands:/home/anand/whistle_safety_ws/install/whistle_nav_controller/lib/python3.10/site-packages:/home/anand/.local/lib/python3.10/site-packages:/home/anand/microros_ws/install/micro_ros_msgs/local/lib/python3.10/dist-packages:/home/anand/.local/lib/python3.10/site-packages:/home/anand/ros2_works/install/my_robot_controller/lib/python3.10/site-packages:/opt/ros/humble/lib/python3.10/site-packages:/opt/ros/humble/local/lib/python3.10/dist-packages', 'COLCON': '1', 'IGN_TRANSPORT_DISABLE_MULTICAST': '1', 'VTE_VERSION': '6800', 'CMAKE_PREFIX_PATH': '/home/anand/microros_ws/install/micro_ros_setup:/home/anand/microros_ws/install/micro_ros_agent:/home/anand/microros_ws/install/micro_ros_msgs:/home/anand/rebel_ws/install/myrobot_moveit_config:/home/anand/rebel_ws/install/igus_rebel_description'}, 'shell': False}
[0.500409] (-) TimerEvent: {}
[0.600637] (-) TimerEvent: {}
[0.679667] (whistle_nav_controller) StdoutLine: {'line': b'running develop\n'}
[0.700712] (-) TimerEvent: {}
[0.800968] (-) TimerEvent: {}
[0.814604] (whistle_nav_controller) StdoutLine: {'line': b'running egg_info\n'}
[0.823045] (whistle_nav_controller) StdoutLine: {'line': b'writing whistle_nav_controller.egg-info/PKG-INFO\n'}
[0.823351] (whistle_nav_controller) StdoutLine: {'line': b'writing dependency_links to whistle_nav_controller.egg-info/dependency_links.txt\n'}
[0.823522] (whistle_nav_controller) StdoutLine: {'line': b'writing entry points to whistle_nav_controller.egg-info/entry_points.txt\n'}
[0.823633] (whistle_nav_controller) StdoutLine: {'line': b'writing requirements to whistle_nav_controller.egg-info/requires.txt\n'}
[0.823730] (whistle_nav_controller) StdoutLine: {'line': b'writing top-level names to whistle_nav_controller.egg-info/top_level.txt\n'}
[0.844553] (whistle_nav_controller) StdoutLine: {'line': b"reading manifest file 'whistle_nav_controller.egg-info/SOURCES.txt'\n"}
[0.845236] (whistle_nav_controller) StdoutLine: {'line': b"writing manifest file 'whistle_nav_controller.egg-info/SOURCES.txt'\n"}
[0.853616] (whistle_nav_controller) StdoutLine: {'line': b'running build_ext\n'}
[0.853874] (whistle_nav_controller) StdoutLine: {'line': b'Creating /home/anand/whistle_safety_ws/install/whistle_nav_controller/lib/python3.10/site-packages/whistle-nav-controller.egg-link (link to .)\n'}
[0.854231] (whistle_nav_controller) StdoutLine: {'line': b'Installing nav_to_whistle script to /home/anand/whistle_safety_ws/install/whistle_nav_controller/lib/whistle_nav_controller\n'}
[0.854434] (whistle_nav_controller) StdoutLine: {'line': b'\n'}
[0.854547] (whistle_nav_controller) StdoutLine: {'line': b'Installed /home/anand/whistle_safety_ws/build/whistle_nav_controller\n'}
[0.854640] (whistle_nav_controller) StdoutLine: {'line': b'running symlink_data\n'}
[0.877020] (whistle_nav_controller) CommandEnded: {'returncode': 0}
[0.885205] (whistle_nav_controller) JobEnded: {'identifier': 'whistle_nav_controller', 'rc': 0}
[0.885728] (-) EventReactorShutdown: {}
