[0.013s] Invoking command in '/home/anand/whistle_safety_ws/build/whistle_nav2_config': CMAKE_PREFIX_PATH=${CMAKE_PREFIX_PATH}:/home/anand/whistle_safety_ws/install/zenoh_bridge:/home/anand/whistle_safety_ws/install/alert_manager:/home/anand/whistle_safety_ws/install/whistle_detector:/home/anand/whistle_safety_ws/install/whistle_nav_controller:/home/anand/whistle_safety_ws/install/sim_microphone_sensor:/opt/ros/humble /usr/bin/cmake /home/anand/whistle_safety_ws/src/whistle_nav2_config -DCMAKE_INSTALL_PREFIX=/home/anand/whistle_safety_ws/install/whistle_nav2_config
[0.035s] -- Found ament_cmake: 1.3.12 (/opt/ros/humble/share/ament_cmake/cmake)
[0.158s] -- Override CMake install command with custom implementation using symlinks instead of copying resources
[0.240s] -- Configuring done
[0.243s] -- Generating done
[0.245s] -- Build files have been written to: /home/anand/whistle_safety_ws/build/whistle_nav2_config
[0.247s] Invoked command in '/home/anand/whistle_safety_ws/build/whistle_nav2_config' returned '0': CMAKE_PREFIX_PATH=${CMAKE_PREFIX_PATH}:/home/anand/whistle_safety_ws/install/zenoh_bridge:/home/anand/whistle_safety_ws/install/alert_manager:/home/anand/whistle_safety_ws/install/whistle_detector:/home/anand/whistle_safety_ws/install/whistle_nav_controller:/home/anand/whistle_safety_ws/install/sim_microphone_sensor:/opt/ros/humble /usr/bin/cmake /home/anand/whistle_safety_ws/src/whistle_nav2_config -DCMAKE_INSTALL_PREFIX=/home/anand/whistle_safety_ws/install/whistle_nav2_config
[0.249s] Invoking command in '/home/anand/whistle_safety_ws/build/whistle_nav2_config': CMAKE_PREFIX_PATH=${CMAKE_PREFIX_PATH}:/home/anand/whistle_safety_ws/install/zenoh_bridge:/home/anand/whistle_safety_ws/install/alert_manager:/home/anand/whistle_safety_ws/install/whistle_detector:/home/anand/whistle_safety_ws/install/whistle_nav_controller:/home/anand/whistle_safety_ws/install/sim_microphone_sensor:/opt/ros/humble /usr/bin/cmake --build /home/anand/whistle_safety_ws/build/whistle_nav2_config -- -j16 -l16
[0.281s] Invoked command in '/home/anand/whistle_safety_ws/build/whistle_nav2_config' returned '0': CMAKE_PREFIX_PATH=${CMAKE_PREFIX_PATH}:/home/anand/whistle_safety_ws/install/zenoh_bridge:/home/anand/whistle_safety_ws/install/alert_manager:/home/anand/whistle_safety_ws/install/whistle_detector:/home/anand/whistle_safety_ws/install/whistle_nav_controller:/home/anand/whistle_safety_ws/install/sim_microphone_sensor:/opt/ros/humble /usr/bin/cmake --build /home/anand/whistle_safety_ws/build/whistle_nav2_config -- -j16 -l16
[0.289s] Invoking command in '/home/anand/whistle_safety_ws/build/whistle_nav2_config': CMAKE_PREFIX_PATH=${CMAKE_PREFIX_PATH}:/home/anand/whistle_safety_ws/install/zenoh_bridge:/home/anand/whistle_safety_ws/install/alert_manager:/home/anand/whistle_safety_ws/install/whistle_detector:/home/anand/whistle_safety_ws/install/whistle_nav_controller:/home/anand/whistle_safety_ws/install/sim_microphone_sensor:/opt/ros/humble /usr/bin/cmake --install /home/anand/whistle_safety_ws/build/whistle_nav2_config
[0.296s] -- Install configuration: ""
[0.296s] -- Execute custom install script
[0.296s] -- Up-to-date symlink: /home/anand/whistle_safety_ws/install/whistle_nav2_config/share/whistle_nav2_config/config/nav2_params.yaml
[0.297s] -- Up-to-date symlink: /home/anand/whistle_safety_ws/install/whistle_nav2_config/share/ament_index/resource_index/package_run_dependencies/whistle_nav2_config
[0.297s] -- Up-to-date symlink: /home/anand/whistle_safety_ws/install/whistle_nav2_config/share/ament_index/resource_index/parent_prefix_path/whistle_nav2_config
[0.297s] -- Up-to-date symlink: /home/anand/whistle_safety_ws/install/whistle_nav2_config/share/whistle_nav2_config/environment/ament_prefix_path.sh
[0.297s] -- Up-to-date symlink: /home/anand/whistle_safety_ws/install/whistle_nav2_config/share/whistle_nav2_config/environment/ament_prefix_path.dsv
[0.297s] -- Up-to-date symlink: /home/anand/whistle_safety_ws/install/whistle_nav2_config/share/whistle_nav2_config/environment/path.sh
[0.297s] -- Up-to-date symlink: /home/anand/whistle_safety_ws/install/whistle_nav2_config/share/whistle_nav2_config/environment/path.dsv
[0.298s] -- Up-to-date symlink: /home/anand/whistle_safety_ws/install/whistle_nav2_config/share/whistle_nav2_config/local_setup.bash
[0.298s] -- Up-to-date symlink: /home/anand/whistle_safety_ws/install/whistle_nav2_config/share/whistle_nav2_config/local_setup.sh
[0.298s] -- Up-to-date symlink: /home/anand/whistle_safety_ws/install/whistle_nav2_config/share/whistle_nav2_config/local_setup.zsh
[0.298s] -- Up-to-date symlink: /home/anand/whistle_safety_ws/install/whistle_nav2_config/share/whistle_nav2_config/local_setup.dsv
[0.298s] -- Symlinking: /home/anand/whistle_safety_ws/install/whistle_nav2_config/share/whistle_nav2_config/package.dsv
[0.305s] -- Up-to-date symlink: /home/anand/whistle_safety_ws/install/whistle_nav2_config/share/ament_index/resource_index/packages/whistle_nav2_config
[0.305s] -- Up-to-date symlink: /home/anand/whistle_safety_ws/install/whistle_nav2_config/share/whistle_nav2_config/cmake/whistle_nav2_configConfig.cmake
[0.305s] -- Up-to-date symlink: /home/anand/whistle_safety_ws/install/whistle_nav2_config/share/whistle_nav2_config/cmake/whistle_nav2_configConfig-version.cmake
[0.305s] -- Up-to-date symlink: /home/anand/whistle_safety_ws/install/whistle_nav2_config/share/whistle_nav2_config/package.xml
[0.307s] Invoked command in '/home/anand/whistle_safety_ws/build/whistle_nav2_config' returned '0': CMAKE_PREFIX_PATH=${CMAKE_PREFIX_PATH}:/home/anand/whistle_safety_ws/install/zenoh_bridge:/home/anand/whistle_safety_ws/install/alert_manager:/home/anand/whistle_safety_ws/install/whistle_detector:/home/anand/whistle_safety_ws/install/whistle_nav_controller:/home/anand/whistle_safety_ws/install/sim_microphone_sensor:/opt/ros/humble /usr/bin/cmake --install /home/anand/whistle_safety_ws/build/whistle_nav2_config
