[0.025s] Invoking command in '/home/anand/whistle_safety_ws/build/whistle_gazebo': CMAKE_PREFIX_PATH=/home/anand/whistle_safety_ws/install/whistle_robot_description:/home/anand/whistle_safety_ws/install/whistle_safety_msgs:/home/anand/whistle_safety_ws/install/whistle_gazebo:/home/anand/whistle_safety_ws/install/whistle_nav2_config:/home/anand/microros_ws/install/micro_ros_setup:/home/anand/microros_ws/install/micro_ros_agent:/home/anand/microros_ws/install/micro_ros_msgs:/home/anand/rebel_ws/install/myrobot_moveit_config:/home/anand/rebel_ws/install/igus_rebel_description:/home/anand/whistle_safety_ws/install/whistle_nav_controller:/home/anand/whistle_safety_ws/install/sim_microphone_sensor:/home/anand/whistle_safety_ws/install/zenoh_bridge:/home/anand/whistle_safety_ws/install/alert_manager:/home/anand/whistle_safety_ws/install/whistle_detector:/opt/ros/humble /usr/bin/cmake --build /home/anand/whistle_safety_ws/build/whistle_gazebo -- -j16 -l16
[0.066s] Invoked command in '/home/anand/whistle_safety_ws/build/whistle_gazebo' returned '0': CMAKE_PREFIX_PATH=/home/anand/whistle_safety_ws/install/whistle_robot_description:/home/anand/whistle_safety_ws/install/whistle_safety_msgs:/home/anand/whistle_safety_ws/install/whistle_gazebo:/home/anand/whistle_safety_ws/install/whistle_nav2_config:/home/anand/microros_ws/install/micro_ros_setup:/home/anand/microros_ws/install/micro_ros_agent:/home/anand/microros_ws/install/micro_ros_msgs:/home/anand/rebel_ws/install/myrobot_moveit_config:/home/anand/rebel_ws/install/igus_rebel_description:/home/anand/whistle_safety_ws/install/whistle_nav_controller:/home/anand/whistle_safety_ws/install/sim_microphone_sensor:/home/anand/whistle_safety_ws/install/zenoh_bridge:/home/anand/whistle_safety_ws/install/alert_manager:/home/anand/whistle_safety_ws/install/whistle_detector:/opt/ros/humble /usr/bin/cmake --build /home/anand/whistle_safety_ws/build/whistle_gazebo -- -j16 -l16
[0.068s] Invoking command in '/home/anand/whistle_safety_ws/build/whistle_gazebo': CMAKE_PREFIX_PATH=/home/anand/whistle_safety_ws/install/whistle_robot_description:/home/anand/whistle_safety_ws/install/whistle_safety_msgs:/home/anand/whistle_safety_ws/install/whistle_gazebo:/home/anand/whistle_safety_ws/install/whistle_nav2_config:/home/anand/microros_ws/install/micro_ros_setup:/home/anand/microros_ws/install/micro_ros_agent:/home/anand/microros_ws/install/micro_ros_msgs:/home/anand/rebel_ws/install/myrobot_moveit_config:/home/anand/rebel_ws/install/igus_rebel_description:/home/anand/whistle_safety_ws/install/whistle_nav_controller:/home/anand/whistle_safety_ws/install/sim_microphone_sensor:/home/anand/whistle_safety_ws/install/zenoh_bridge:/home/anand/whistle_safety_ws/install/alert_manager:/home/anand/whistle_safety_ws/install/whistle_detector:/opt/ros/humble /usr/bin/cmake --install /home/anand/whistle_safety_ws/build/whistle_gazebo
[0.075s] -- Install configuration: ""
[0.075s] -- Execute custom install script
[0.076s] -- Up-to-date symlink: /home/anand/whistle_safety_ws/install/whistle_gazebo/share/whistle_gazebo/worlds/whistle_test.world
[0.076s] -- Up-to-date symlink: /home/anand/whistle_safety_ws/install/whistle_gazebo/share/whistle_gazebo/launch/gazebo.launch.py
[0.076s] -- Up-to-date symlink: /home/anand/whistle_safety_ws/install/whistle_gazebo/share/whistle_gazebo/launch/system_autonomous.launch.py
[0.076s] -- Up-to-date symlink: /home/anand/whistle_safety_ws/install/whistle_gazebo/share/whistle_gazebo/launch/system_simple.launch.py
[0.076s] -- Up-to-date symlink: /home/anand/whistle_safety_ws/install/whistle_gazebo/share/whistle_gazebo/launch/system_with_gazebo.launch.py
[0.077s] -- Symlinking: /home/anand/whistle_safety_ws/install/whistle_gazebo/share/whistle_gazebo/launch/system_with_nav2.launch.py
[0.088s] -- Up-to-date symlink: /home/anand/whistle_safety_ws/install/whistle_gazebo/share/ament_index/resource_index/package_run_dependencies/whistle_gazebo
[0.088s] -- Up-to-date symlink: /home/anand/whistle_safety_ws/install/whistle_gazebo/share/ament_index/resource_index/parent_prefix_path/whistle_gazebo
[0.088s] -- Up-to-date symlink: /home/anand/whistle_safety_ws/install/whistle_gazebo/share/whistle_gazebo/environment/ament_prefix_path.sh
[0.088s] -- Up-to-date symlink: /home/anand/whistle_safety_ws/install/whistle_gazebo/share/whistle_gazebo/environment/ament_prefix_path.dsv
[0.088s] -- Up-to-date symlink: /home/anand/whistle_safety_ws/install/whistle_gazebo/share/whistle_gazebo/environment/path.sh
[0.089s] -- Up-to-date symlink: /home/anand/whistle_safety_ws/install/whistle_gazebo/share/whistle_gazebo/environment/path.dsv
[0.089s] -- Up-to-date symlink: /home/anand/whistle_safety_ws/install/whistle_gazebo/share/whistle_gazebo/local_setup.bash
[0.089s] -- Up-to-date symlink: /home/anand/whistle_safety_ws/install/whistle_gazebo/share/whistle_gazebo/local_setup.sh
[0.089s] -- Up-to-date symlink: /home/anand/whistle_safety_ws/install/whistle_gazebo/share/whistle_gazebo/local_setup.zsh
[0.089s] -- Up-to-date symlink: /home/anand/whistle_safety_ws/install/whistle_gazebo/share/whistle_gazebo/local_setup.dsv
[0.089s] -- Symlinking: /home/anand/whistle_safety_ws/install/whistle_gazebo/share/whistle_gazebo/package.dsv
[0.098s] -- Up-to-date symlink: /home/anand/whistle_safety_ws/install/whistle_gazebo/share/ament_index/resource_index/packages/whistle_gazebo
[0.098s] -- Up-to-date symlink: /home/anand/whistle_safety_ws/install/whistle_gazebo/share/whistle_gazebo/cmake/whistle_gazeboConfig.cmake
[0.098s] -- Up-to-date symlink: /home/anand/whistle_safety_ws/install/whistle_gazebo/share/whistle_gazebo/cmake/whistle_gazeboConfig-version.cmake
[0.098s] -- Up-to-date symlink: /home/anand/whistle_safety_ws/install/whistle_gazebo/share/whistle_gazebo/package.xml
[0.101s] Invoked command in '/home/anand/whistle_safety_ws/build/whistle_gazebo' returned '0': CMAKE_PREFIX_PATH=/home/anand/whistle_safety_ws/install/whistle_robot_description:/home/anand/whistle_safety_ws/install/whistle_safety_msgs:/home/anand/whistle_safety_ws/install/whistle_gazebo:/home/anand/whistle_safety_ws/install/whistle_nav2_config:/home/anand/microros_ws/install/micro_ros_setup:/home/anand/microros_ws/install/micro_ros_agent:/home/anand/microros_ws/install/micro_ros_msgs:/home/anand/rebel_ws/install/myrobot_moveit_config:/home/anand/rebel_ws/install/igus_rebel_description:/home/anand/whistle_safety_ws/install/whistle_nav_controller:/home/anand/whistle_safety_ws/install/sim_microphone_sensor:/home/anand/whistle_safety_ws/install/zenoh_bridge:/home/anand/whistle_safety_ws/install/alert_manager:/home/anand/whistle_safety_ws/install/whistle_detector:/opt/ros/humble /usr/bin/cmake --install /home/anand/whistle_safety_ws/build/whistle_gazebo
