-- Install configuration: ""
-- Execute custom install script
-- Up-to-date symlink: /home/anand/whistle_safety_ws/install/whistle_robot_description/share/whistle_robot_description/urdf/whistle_robot.urdf.xacro
-- Up-to-date symlink: /home/anand/whistle_safety_ws/install/whistle_robot_description/share/whistle_robot_description/launch/robot_description.launch.py
-- Up-to-date symlink: /home/anand/whistle_safety_ws/install/whistle_robot_description/share/whistle_robot_description/rviz/view_robot.rviz
-- Up-to-date symlink: /home/anand/whistle_safety_ws/install/whistle_robot_description/share/whistle_robot_description/config/nav2_params.yaml
-- Up-to-date symlink: /home/anand/whistle_safety_ws/install/whistle_robot_description/share/ament_index/resource_index/package_run_dependencies/whistle_robot_description
-- Up-to-date symlink: /home/anand/whistle_safety_ws/install/whistle_robot_description/share/ament_index/resource_index/parent_prefix_path/whistle_robot_description
-- Up-to-date symlink: /home/anand/whistle_safety_ws/install/whistle_robot_description/share/whistle_robot_description/environment/ament_prefix_path.sh
-- Up-to-date symlink: /home/anand/whistle_safety_ws/install/whistle_robot_description/share/whistle_robot_description/environment/ament_prefix_path.dsv
-- Up-to-date symlink: /home/anand/whistle_safety_ws/install/whistle_robot_description/share/whistle_robot_description/environment/path.sh
-- Up-to-date symlink: /home/anand/whistle_safety_ws/install/whistle_robot_description/share/whistle_robot_description/environment/path.dsv
-- Up-to-date symlink: /home/anand/whistle_safety_ws/install/whistle_robot_description/share/whistle_robot_description/local_setup.bash
-- Up-to-date symlink: /home/anand/whistle_safety_ws/install/whistle_robot_description/share/whistle_robot_description/local_setup.sh
-- Up-to-date symlink: /home/anand/whistle_safety_ws/install/whistle_robot_description/share/whistle_robot_description/local_setup.zsh
-- Up-to-date symlink: /home/anand/whistle_safety_ws/install/whistle_robot_description/share/whistle_robot_description/local_setup.dsv
-- Symlinking: /home/anand/whistle_safety_ws/install/whistle_robot_description/share/whistle_robot_description/package.dsv
-- Up-to-date symlink: /home/anand/whistle_safety_ws/install/whistle_robot_description/share/ament_index/resource_index/packages/whistle_robot_description
-- Up-to-date symlink: /home/anand/whistle_safety_ws/install/whistle_robot_description/share/whistle_robot_description/cmake/whistle_robot_descriptionConfig.cmake
-- Up-to-date symlink: /home/anand/whistle_safety_ws/install/whistle_robot_description/share/whistle_robot_description/cmake/whistle_robot_descriptionConfig-version.cmake
-- Up-to-date symlink: /home/anand/whistle_safety_ws/install/whistle_robot_description/share/whistle_robot_description/package.xml
