[0.012s] Invoking command in '/home/anand/whistle_safety_ws/build/whistle_gazebo': AMENT_PREFIX_PATH=/home/anand/whistle_safety_ws/install/whistle_robot_description:${AMENT_PREFIX_PATH} CMAKE_PREFIX_PATH=/home/anand/whistle_safety_ws/install/whistle_robot_description:/home/anand/microros_ws/install/micro_ros_setup:/home/anand/microros_ws/install/micro_ros_agent:/home/anand/microros_ws/install/micro_ros_msgs:/home/anand/rebel_ws/install/myrobot_moveit_config:/home/anand/rebel_ws/install/igus_rebel_description:/home/anand/whistle_safety_ws/install/zenoh_bridge:/home/anand/whistle_safety_ws/install/alert_manager:/home/anand/whistle_safety_ws/install/whistle_detector:/opt/ros/humble /usr/bin/cmake /home/anand/whistle_safety_ws/src/whistle_gazebo -DAMENT_CMAKE_SYMLINK_INSTALL=1 -DCMAKE_INSTALL_PREFIX=/home/anand/whistle_safety_ws/install/whistle_gazebo
[0.022s] -- Found ament_cmake: 1.3.12 (/opt/ros/humble/share/ament_cmake/cmake)
[0.140s] -- Override CMake install command with custom implementation using symlinks instead of copying resources
[0.145s] -- Found gazebo_ros: 3.9.0 (/opt/ros/humble/share/gazebo_ros/cmake)
[0.172s] -- Found rosidl_generator_c: 3.1.7 (/opt/ros/humble/share/rosidl_generator_c/cmake)
[0.174s] -- Found rosidl_adapter: 3.1.7 (/opt/ros/humble/share/rosidl_adapter/cmake)
[0.178s] -- Found rosidl_generator_cpp: 3.1.7 (/opt/ros/humble/share/rosidl_generator_cpp/cmake)
[0.186s] -- Using all available rosidl_typesupport_c: rosidl_typesupport_fastrtps_c;rosidl_typesupport_introspection_c
[0.195s] -- Using all available rosidl_typesupport_cpp: rosidl_typesupport_fastrtps_cpp;rosidl_typesupport_introspection_cpp
[0.227s] -- Found rmw_implementation_cmake: 6.1.2 (/opt/ros/humble/share/rmw_implementation_cmake/cmake)
[0.229s] -- Found rmw_fastrtps_cpp: 6.2.9 (/opt/ros/humble/share/rmw_fastrtps_cpp/cmake)
[0.333s] -- Using RMW implementation 'rmw_fastrtps_cpp' as default
[0.423s] -- Found DART: /usr/include (Required is at least version "6.6") found components: dart 
[0.457s] -- Found Protobuf: /usr/lib/x86_64-linux-gnu/libprotobuf.so (found version "3.12.4") 
[0.460s] -- Looking for ignition-math6 -- found version 6.15.1
[0.467s] -- Searching for dependencies of ignition-math6
[0.469s] -- Looking for OGRE...
[0.475s] -- Found Ogre Ghadamon (1.9.0)
[0.475s] -- Found OGRE: optimized;/usr/lib/x86_64-linux-gnu/libOgreMain.so;debug;/usr/lib/x86_64-linux-gnu/libOgreMain.so
[0.485s] -- Looking for OGRE_Paging...
[0.485s] -- Found OGRE_Paging: optimized;/usr/lib/x86_64-linux-gnu/libOgrePaging.so;debug;/usr/lib/x86_64-linux-gnu/libOgrePaging.so
[0.485s] -- Looking for OGRE_Terrain...
[0.485s] -- Found OGRE_Terrain: optimized;/usr/lib/x86_64-linux-gnu/libOgreTerrain.so;debug;/usr/lib/x86_64-linux-gnu/libOgreTerrain.so
[0.485s] -- Looking for OGRE_Property...
[0.485s] -- Found OGRE_Property: optimized;/usr/lib/x86_64-linux-gnu/libOgreProperty.so;debug;/usr/lib/x86_64-linux-gnu/libOgreProperty.so
[0.485s] -- Looking for OGRE_RTShaderSystem...
[0.485s] -- Found OGRE_RTShaderSystem: optimized;/usr/lib/x86_64-linux-gnu/libOgreRTShaderSystem.so;debug;/usr/lib/x86_64-linux-gnu/libOgreRTShaderSystem.so
[0.485s] -- Looking for OGRE_Volume...
[0.486s] -- Found OGRE_Volume: optimized;/usr/lib/x86_64-linux-gnu/libOgreVolume.so;debug;/usr/lib/x86_64-linux-gnu/libOgreVolume.so
[0.486s] -- Looking for OGRE_Overlay...
[0.486s] -- Found OGRE_Overlay: optimized;/usr/lib/x86_64-linux-gnu/libOgreOverlay.so;debug;/usr/lib/x86_64-linux-gnu/libOgreOverlay.so
[0.578s] -- Looking for ignition-math6 -- found version 6.15.1
[0.579s] -- Looking for ignition-transport8 -- found version 8.2.1
[0.579s] -- Searching for dependencies of ignition-transport8
[0.594s] -- Found Protobuf: /usr/lib/x86_64-linux-gnu/libprotobuf.so (found suitable version "3.12.4", minimum required is "3") 
[0.603s] -- Config-file not installed for ZeroMQ -- checking for pkg-config
[0.608s] -- Checking for module 'libzmq >= 4'
[0.626s] --   Found libzmq , version 4.3.4
[0.666s] -- Checking for module 'uuid'
[0.677s] --   Found uuid, version 2.37.2
[0.710s] -- Looking for ignition-msgs5 -- found version 5.8.1
[0.710s] -- Searching for dependencies of ignition-msgs5
[0.728s] -- Looking for ignition-math6 -- found version 6.15.1
[0.734s] -- Checking for module 'tinyxml2'
[0.749s] --   Found tinyxml2, version 9.0.0
[0.779s] -- Looking for ignition-msgs5 -- found version 5.8.1
[0.780s] -- Looking for ignition-common3 -- found version 3.14.0
[0.780s] -- Searching for dependencies of ignition-common3
[0.780s] -- Looking for dlfcn.h - found
[0.780s] -- Looking for libdl - found
[0.790s] -- Searching for <ignition-common3> component [graphics]
[0.791s] -- Looking for ignition-common3-graphics -- found version 3.14.0
[0.791s] -- Searching for dependencies of ignition-common3-graphics
[0.792s] -- Looking for ignition-math6 -- found version 6.15.1
[0.793s] -- Looking for ignition-fuel_tools4 -- found version 4.4.0
[0.793s] -- Searching for dependencies of ignition-fuel_tools4
[0.832s] -- Checking for module 'jsoncpp'
[0.844s] --   Found jsoncpp, version 1.9.5
[0.879s] -- Checking for module 'libzip'
[0.890s] --   Found libzip, version 1.7.3
[0.918s] -- Looking for ignition-common3 -- found version 3.14.0
[0.918s] -- Looking for ignition-math6 -- found version 6.15.1
[0.918s] -- Looking for ignition-msgs5 -- found version 5.8.1
[0.921s] -- Gazebo version: 11.10
[0.922s] -- Found gazebo_plugins: 3.9.0 (/opt/ros/humble/share/gazebo_plugins/cmake)
[1.026s] -- Configuring done
[1.030s] -- Generating done
[1.031s] -- Build files have been written to: /home/anand/whistle_safety_ws/build/whistle_gazebo
[1.039s] Invoked command in '/home/anand/whistle_safety_ws/build/whistle_gazebo' returned '0': AMENT_PREFIX_PATH=/home/anand/whistle_safety_ws/install/whistle_robot_description:${AMENT_PREFIX_PATH} CMAKE_PREFIX_PATH=/home/anand/whistle_safety_ws/install/whistle_robot_description:/home/anand/microros_ws/install/micro_ros_setup:/home/anand/microros_ws/install/micro_ros_agent:/home/anand/microros_ws/install/micro_ros_msgs:/home/anand/rebel_ws/install/myrobot_moveit_config:/home/anand/rebel_ws/install/igus_rebel_description:/home/anand/whistle_safety_ws/install/zenoh_bridge:/home/anand/whistle_safety_ws/install/alert_manager:/home/anand/whistle_safety_ws/install/whistle_detector:/opt/ros/humble /usr/bin/cmake /home/anand/whistle_safety_ws/src/whistle_gazebo -DAMENT_CMAKE_SYMLINK_INSTALL=1 -DCMAKE_INSTALL_PREFIX=/home/anand/whistle_safety_ws/install/whistle_gazebo
[1.041s] Invoking command in '/home/anand/whistle_safety_ws/build/whistle_gazebo': AMENT_PREFIX_PATH=/home/anand/whistle_safety_ws/install/whistle_robot_description:${AMENT_PREFIX_PATH} CMAKE_PREFIX_PATH=/home/anand/whistle_safety_ws/install/whistle_robot_description:/home/anand/microros_ws/install/micro_ros_setup:/home/anand/microros_ws/install/micro_ros_agent:/home/anand/microros_ws/install/micro_ros_msgs:/home/anand/rebel_ws/install/myrobot_moveit_config:/home/anand/rebel_ws/install/igus_rebel_description:/home/anand/whistle_safety_ws/install/zenoh_bridge:/home/anand/whistle_safety_ws/install/alert_manager:/home/anand/whistle_safety_ws/install/whistle_detector:/opt/ros/humble /usr/bin/cmake --build /home/anand/whistle_safety_ws/build/whistle_gazebo -- -j16 -l16
[1.078s] Invoked command in '/home/anand/whistle_safety_ws/build/whistle_gazebo' returned '0': AMENT_PREFIX_PATH=/home/anand/whistle_safety_ws/install/whistle_robot_description:${AMENT_PREFIX_PATH} CMAKE_PREFIX_PATH=/home/anand/whistle_safety_ws/install/whistle_robot_description:/home/anand/microros_ws/install/micro_ros_setup:/home/anand/microros_ws/install/micro_ros_agent:/home/anand/microros_ws/install/micro_ros_msgs:/home/anand/rebel_ws/install/myrobot_moveit_config:/home/anand/rebel_ws/install/igus_rebel_description:/home/anand/whistle_safety_ws/install/zenoh_bridge:/home/anand/whistle_safety_ws/install/alert_manager:/home/anand/whistle_safety_ws/install/whistle_detector:/opt/ros/humble /usr/bin/cmake --build /home/anand/whistle_safety_ws/build/whistle_gazebo -- -j16 -l16
[1.080s] Invoking command in '/home/anand/whistle_safety_ws/build/whistle_gazebo': AMENT_PREFIX_PATH=/home/anand/whistle_safety_ws/install/whistle_robot_description:${AMENT_PREFIX_PATH} CMAKE_PREFIX_PATH=/home/anand/whistle_safety_ws/install/whistle_robot_description:/home/anand/microros_ws/install/micro_ros_setup:/home/anand/microros_ws/install/micro_ros_agent:/home/anand/microros_ws/install/micro_ros_msgs:/home/anand/rebel_ws/install/myrobot_moveit_config:/home/anand/rebel_ws/install/igus_rebel_description:/home/anand/whistle_safety_ws/install/zenoh_bridge:/home/anand/whistle_safety_ws/install/alert_manager:/home/anand/whistle_safety_ws/install/whistle_detector:/opt/ros/humble /usr/bin/cmake --install /home/anand/whistle_safety_ws/build/whistle_gazebo
[1.084s] -- Install configuration: ""
[1.085s] -- Execute custom install script
[1.085s] -- Up-to-date symlink: /home/anand/whistle_safety_ws/install/whistle_gazebo/share/whistle_gazebo/worlds/whistle_test.world
[1.086s] -- Up-to-date symlink: /home/anand/whistle_safety_ws/install/whistle_gazebo/share/whistle_gazebo/launch/gazebo.launch.py
[1.086s] -- Up-to-date symlink: /home/anand/whistle_safety_ws/install/whistle_gazebo/share/whistle_gazebo/launch/system_simple.launch.py
[1.086s] -- Up-to-date symlink: /home/anand/whistle_safety_ws/install/whistle_gazebo/share/whistle_gazebo/launch/system_with_gazebo.launch.py
[1.086s] -- Up-to-date symlink: /home/anand/whistle_safety_ws/install/whistle_gazebo/share/whistle_gazebo/scripts/demo_microphone.py
[1.086s] -- Up-to-date symlink: /home/anand/whistle_safety_ws/install/whistle_gazebo/share/ament_index/resource_index/package_run_dependencies/whistle_gazebo
[1.087s] -- Up-to-date symlink: /home/anand/whistle_safety_ws/install/whistle_gazebo/share/ament_index/resource_index/parent_prefix_path/whistle_gazebo
[1.087s] -- Up-to-date symlink: /home/anand/whistle_safety_ws/install/whistle_gazebo/share/whistle_gazebo/environment/ament_prefix_path.sh
[1.087s] -- Up-to-date symlink: /home/anand/whistle_safety_ws/install/whistle_gazebo/share/whistle_gazebo/environment/ament_prefix_path.dsv
[1.087s] -- Up-to-date symlink: /home/anand/whistle_safety_ws/install/whistle_gazebo/share/whistle_gazebo/environment/path.sh
[1.087s] -- Up-to-date symlink: /home/anand/whistle_safety_ws/install/whistle_gazebo/share/whistle_gazebo/environment/path.dsv
[1.088s] -- Up-to-date symlink: /home/anand/whistle_safety_ws/install/whistle_gazebo/share/whistle_gazebo/local_setup.bash
[1.088s] -- Up-to-date symlink: /home/anand/whistle_safety_ws/install/whistle_gazebo/share/whistle_gazebo/local_setup.sh
[1.088s] -- Up-to-date symlink: /home/anand/whistle_safety_ws/install/whistle_gazebo/share/whistle_gazebo/local_setup.zsh
[1.088s] -- Up-to-date symlink: /home/anand/whistle_safety_ws/install/whistle_gazebo/share/whistle_gazebo/local_setup.dsv
[1.088s] -- Symlinking: /home/anand/whistle_safety_ws/install/whistle_gazebo/share/whistle_gazebo/package.dsv
[1.094s] -- Up-to-date symlink: /home/anand/whistle_safety_ws/install/whistle_gazebo/share/ament_index/resource_index/packages/whistle_gazebo
[1.095s] -- Up-to-date symlink: /home/anand/whistle_safety_ws/install/whistle_gazebo/share/whistle_gazebo/cmake/whistle_gazeboConfig.cmake
[1.095s] -- Up-to-date symlink: /home/anand/whistle_safety_ws/install/whistle_gazebo/share/whistle_gazebo/cmake/whistle_gazeboConfig-version.cmake
[1.095s] -- Up-to-date symlink: /home/anand/whistle_safety_ws/install/whistle_gazebo/share/whistle_gazebo/package.xml
[1.096s] Invoked command in '/home/anand/whistle_safety_ws/build/whistle_gazebo' returned '0': AMENT_PREFIX_PATH=/home/anand/whistle_safety_ws/install/whistle_robot_description:${AMENT_PREFIX_PATH} CMAKE_PREFIX_PATH=/home/anand/whistle_safety_ws/install/whistle_robot_description:/home/anand/microros_ws/install/micro_ros_setup:/home/anand/microros_ws/install/micro_ros_agent:/home/anand/microros_ws/install/micro_ros_msgs:/home/anand/rebel_ws/install/myrobot_moveit_config:/home/anand/rebel_ws/install/igus_rebel_description:/home/anand/whistle_safety_ws/install/zenoh_bridge:/home/anand/whistle_safety_ws/install/alert_manager:/home/anand/whistle_safety_ws/install/whistle_detector:/opt/ros/humble /usr/bin/cmake --install /home/anand/whistle_safety_ws/build/whistle_gazebo
