[0.029s] Invoking command in '/home/anand/whistle_safety_ws/build/whistle_robot_description': CMAKE_PREFIX_PATH=${CMAKE_PREFIX_PATH}:/home/anand/whistle_safety_ws/install/zenoh_bridge:/home/anand/whistle_safety_ws/install/alert_manager:/home/anand/whistle_safety_ws/install/whistle_detector:/opt/ros/humble /usr/bin/cmake /home/anand/whistle_safety_ws/src/whistle_robot_description -DAMENT_CMAKE_SYMLINK_INSTALL=1 -DCMAKE_INSTALL_PREFIX=/home/anand/whistle_safety_ws/install/whistle_robot_description
[0.429s] -- Found ament_cmake: 1.3.12 (/opt/ros/humble/share/ament_cmake/cmake)
[0.430s] -- Override CMake install command with custom implementation using symlinks instead of copying resources
[0.430s] -- Configuring done
[0.430s] -- Generating done
[0.430s] -- Build files have been written to: /home/anand/whistle_safety_ws/build/whistle_robot_description
[0.587s] Invoked command in '/home/anand/whistle_safety_ws/build/whistle_robot_description' returned '0': CMAKE_PREFIX_PATH=${CMAKE_PREFIX_PATH}:/home/anand/whistle_safety_ws/install/zenoh_bridge:/home/anand/whistle_safety_ws/install/alert_manager:/home/anand/whistle_safety_ws/install/whistle_detector:/opt/ros/humble /usr/bin/cmake /home/anand/whistle_safety_ws/src/whistle_robot_description -DAMENT_CMAKE_SYMLINK_INSTALL=1 -DCMAKE_INSTALL_PREFIX=/home/anand/whistle_safety_ws/install/whistle_robot_description
[0.588s] Invoking command in '/home/anand/whistle_safety_ws/build/whistle_robot_description': CMAKE_PREFIX_PATH=${CMAKE_PREFIX_PATH}:/home/anand/whistle_safety_ws/install/zenoh_bridge:/home/anand/whistle_safety_ws/install/alert_manager:/home/anand/whistle_safety_ws/install/whistle_detector:/opt/ros/humble /usr/bin/cmake --build /home/anand/whistle_safety_ws/build/whistle_robot_description -- -j16 -l16
[0.623s] Invoked command in '/home/anand/whistle_safety_ws/build/whistle_robot_description' returned '0': CMAKE_PREFIX_PATH=${CMAKE_PREFIX_PATH}:/home/anand/whistle_safety_ws/install/zenoh_bridge:/home/anand/whistle_safety_ws/install/alert_manager:/home/anand/whistle_safety_ws/install/whistle_detector:/opt/ros/humble /usr/bin/cmake --build /home/anand/whistle_safety_ws/build/whistle_robot_description -- -j16 -l16
[0.633s] Invoking command in '/home/anand/whistle_safety_ws/build/whistle_robot_description': CMAKE_PREFIX_PATH=${CMAKE_PREFIX_PATH}:/home/anand/whistle_safety_ws/install/zenoh_bridge:/home/anand/whistle_safety_ws/install/alert_manager:/home/anand/whistle_safety_ws/install/whistle_detector:/opt/ros/humble /usr/bin/cmake --install /home/anand/whistle_safety_ws/build/whistle_robot_description
[0.640s] -- Install configuration: ""
[0.641s] -- Execute custom install script
[0.642s] -- Up-to-date symlink: /home/anand/whistle_safety_ws/install/whistle_robot_description/share/whistle_robot_description/urdf/whistle_robot.urdf.xacro
[0.642s] -- Up-to-date symlink: /home/anand/whistle_safety_ws/install/whistle_robot_description/share/whistle_robot_description/launch/robot_description.launch.py
[0.643s] -- Up-to-date symlink: /home/anand/whistle_safety_ws/install/whistle_robot_description/share/whistle_robot_description/rviz/view_robot.rviz
[0.644s] -- Up-to-date symlink: /home/anand/whistle_safety_ws/install/whistle_robot_description/share/ament_index/resource_index/package_run_dependencies/whistle_robot_description
[0.644s] -- Up-to-date symlink: /home/anand/whistle_safety_ws/install/whistle_robot_description/share/ament_index/resource_index/parent_prefix_path/whistle_robot_description
[0.644s] -- Up-to-date symlink: /home/anand/whistle_safety_ws/install/whistle_robot_description/share/whistle_robot_description/environment/ament_prefix_path.sh
[0.645s] -- Up-to-date symlink: /home/anand/whistle_safety_ws/install/whistle_robot_description/share/whistle_robot_description/environment/ament_prefix_path.dsv
[0.645s] -- Up-to-date symlink: /home/anand/whistle_safety_ws/install/whistle_robot_description/share/whistle_robot_description/environment/path.sh
[0.645s] -- Up-to-date symlink: /home/anand/whistle_safety_ws/install/whistle_robot_description/share/whistle_robot_description/environment/path.dsv
[0.646s] -- Up-to-date symlink: /home/anand/whistle_safety_ws/install/whistle_robot_description/share/whistle_robot_description/local_setup.bash
[0.646s] -- Up-to-date symlink: /home/anand/whistle_safety_ws/install/whistle_robot_description/share/whistle_robot_description/local_setup.sh
[0.646s] -- Up-to-date symlink: /home/anand/whistle_safety_ws/install/whistle_robot_description/share/whistle_robot_description/local_setup.zsh
[0.647s] -- Up-to-date symlink: /home/anand/whistle_safety_ws/install/whistle_robot_description/share/whistle_robot_description/local_setup.dsv
[0.647s] -- Symlinking: /home/anand/whistle_safety_ws/install/whistle_robot_description/share/whistle_robot_description/package.dsv
[0.656s] -- Up-to-date symlink: /home/anand/whistle_safety_ws/install/whistle_robot_description/share/ament_index/resource_index/packages/whistle_robot_description
[0.656s] -- Up-to-date symlink: /home/anand/whistle_safety_ws/install/whistle_robot_description/share/whistle_robot_description/cmake/whistle_robot_descriptionConfig.cmake
[0.657s] -- Up-to-date symlink: /home/anand/whistle_safety_ws/install/whistle_robot_description/share/whistle_robot_description/cmake/whistle_robot_descriptionConfig-version.cmake
[0.657s] -- Up-to-date symlink: /home/anand/whistle_safety_ws/install/whistle_robot_description/share/whistle_robot_description/package.xml
[0.659s] Invoked command in '/home/anand/whistle_safety_ws/build/whistle_robot_description' returned '0': CMAKE_PREFIX_PATH=${CMAKE_PREFIX_PATH}:/home/anand/whistle_safety_ws/install/zenoh_bridge:/home/anand/whistle_safety_ws/install/alert_manager:/home/anand/whistle_safety_ws/install/whistle_detector:/opt/ros/humble /usr/bin/cmake --install /home/anand/whistle_safety_ws/build/whistle_robot_description
