[1.131s] Invoking command in '/home/anand/whistle_safety_ws/build/whistle_detector': PYTHONPATH=/home/anand/whistle_safety_ws/build/whistle_detector/prefix_override:/usr/lib/python3/dist-packages/colcon_core/task/python/colcon_distutils_commands:/home/anand/whistle_safety_ws/install/whistle_detector/lib/python3.10/site-packages:${PYTHONPATH} /usr/bin/python3 -W ignore:setup.py install is deprecated -W ignore:easy_install command is deprecated setup.py develop --editable --build-directory /home/anand/whistle_safety_ws/build/whistle_detector/build --no-deps symlink_data --force
[1.533s] running develop
[1.880s] running egg_info
[1.905s] writing whistle_detector.egg-info/PKG-INFO
[1.906s] writing dependency_links to whistle_detector.egg-info/dependency_links.txt
[1.906s] writing entry points to whistle_detector.egg-info/entry_points.txt
[1.906s] writing requirements to whistle_detector.egg-info/requires.txt
[1.907s] writing top-level names to whistle_detector.egg-info/top_level.txt
[1.956s] reading manifest file 'whistle_detector.egg-info/SOURCES.txt'
[1.958s] writing manifest file 'whistle_detector.egg-info/SOURCES.txt'
[1.971s] running build_ext
[1.971s] Creating /home/anand/whistle_safety_ws/install/whistle_detector/lib/python3.10/site-packages/whistle-detector.egg-link (link to .)
[1.971s] Installing autonomous_responder script to /home/anand/whistle_safety_ws/install/whistle_detector/lib/whistle_detector
[1.972s] Installing whistle_detector_node script to /home/anand/whistle_safety_ws/install/whistle_detector/lib/whistle_detector
[1.972s] 
[1.972s] Installed /home/anand/whistle_safety_ws/build/whistle_detector
[1.972s] running symlink_data
[1.973s] symbolically linking /home/anand/whistle_safety_ws/build/whistle_detector/resource/whistle_detector -> /home/anand/whistle_safety_ws/install/whistle_detector/share/ament_index/resource_index/packages
[1.973s] symbolically linking /home/anand/whistle_safety_ws/build/whistle_detector/package.xml -> /home/anand/whistle_safety_ws/install/whistle_detector/share/whistle_detector
[1.973s] symbolically linking /home/anand/whistle_safety_ws/build/whistle_detector/launch/whistle_detector.launch.py -> /home/anand/whistle_safety_ws/install/whistle_detector/share/whistle_detector/launch
[1.973s] symbolically linking /home/anand/whistle_safety_ws/build/whistle_detector/config/detector_params.yaml -> /home/anand/whistle_safety_ws/install/whistle_detector/share/whistle_detector/config
[2.022s] Invoked command in '/home/anand/whistle_safety_ws/build/whistle_detector' returned '0': PYTHONPATH=/home/anand/whistle_safety_ws/build/whistle_detector/prefix_override:/usr/lib/python3/dist-packages/colcon_core/task/python/colcon_distutils_commands:/home/anand/whistle_safety_ws/install/whistle_detector/lib/python3.10/site-packages:${PYTHONPATH} /usr/bin/python3 -W ignore:setup.py install is deprecated -W ignore:easy_install command is deprecated setup.py develop --editable --build-directory /home/anand/whistle_safety_ws/build/whistle_detector/build --no-deps symlink_data --force
