[1.537s] Invoking command in '/home/anand/whistle_safety_ws/src/sim_microphone_sensor': PYTHONPATH=/home/anand/whistle_safety_ws/build/sim_microphone_sensor/prefix_override:/usr/lib/python3/dist-packages/colcon_core/task/python/colcon_distutils_commands:/home/anand/whistle_safety_ws/install/sim_microphone_sensor/lib/python3.10/site-packages:${PYTHONPATH} /usr/bin/python3 -W ignore:setup.py install is deprecated -W ignore:easy_install command is deprecated setup.py egg_info --egg-base ../../build/sim_microphone_sensor build --build-base /home/anand/whistle_safety_ws/build/sim_microphone_sensor/build install --record /home/anand/whistle_safety_ws/build/sim_microphone_sensor/install.log --single-version-externally-managed install_data
[1.792s] running egg_info
[1.807s] writing ../../build/sim_microphone_sensor/sim_microphone_sensor.egg-info/PKG-INFO
[1.808s] writing dependency_links to ../../build/sim_microphone_sensor/sim_microphone_sensor.egg-info/dependency_links.txt
[1.808s] writing entry points to ../../build/sim_microphone_sensor/sim_microphone_sensor.egg-info/entry_points.txt
[1.808s] writing requirements to ../../build/sim_microphone_sensor/sim_microphone_sensor.egg-info/requires.txt
[1.808s] writing top-level names to ../../build/sim_microphone_sensor/sim_microphone_sensor.egg-info/top_level.txt
[1.841s] reading manifest file '../../build/sim_microphone_sensor/sim_microphone_sensor.egg-info/SOURCES.txt'
[1.842s] writing manifest file '../../build/sim_microphone_sensor/sim_microphone_sensor.egg-info/SOURCES.txt'
[1.842s] running build
[1.842s] running build_py
[1.843s] copying sim_microphone_sensor/__init__.py -> /home/anand/whistle_safety_ws/build/sim_microphone_sensor/build/lib/sim_microphone_sensor
[1.843s] copying sim_microphone_sensor/microphone_simulator.py -> /home/anand/whistle_safety_ws/build/sim_microphone_sensor/build/lib/sim_microphone_sensor
[1.844s] running install
[1.849s] running install_lib
[1.866s] running install_data
[1.867s] copying resource/sim_microphone_sensor -> /home/anand/whistle_safety_ws/install/sim_microphone_sensor/share/ament_index/resource_index/packages
[1.867s] copying package.xml -> /home/anand/whistle_safety_ws/install/sim_microphone_sensor/share/sim_microphone_sensor
[1.867s] copying launch/microphone_simulator.launch.py -> /home/anand/whistle_safety_ws/install/sim_microphone_sensor/share/sim_microphone_sensor/launch
[1.867s] copying config/microphone_params.yaml -> /home/anand/whistle_safety_ws/install/sim_microphone_sensor/share/sim_microphone_sensor/config
[1.868s] running install_egg_info
[1.882s] removing '/home/anand/whistle_safety_ws/install/sim_microphone_sensor/lib/python3.10/site-packages/sim_microphone_sensor-0.1.0-py3.10.egg-info' (and everything under it)
[1.883s] Copying ../../build/sim_microphone_sensor/sim_microphone_sensor.egg-info to /home/anand/whistle_safety_ws/install/sim_microphone_sensor/lib/python3.10/site-packages/sim_microphone_sensor-0.1.0-py3.10.egg-info
[1.883s] running install_scripts
[2.026s] Installing microphone_simulator script to /home/anand/whistle_safety_ws/install/sim_microphone_sensor/lib/sim_microphone_sensor
[2.027s] writing list of installed files to '/home/anand/whistle_safety_ws/build/sim_microphone_sensor/install.log'
[2.061s] Invoked command in '/home/anand/whistle_safety_ws/src/sim_microphone_sensor' returned '0': PYTHONPATH=/home/anand/whistle_safety_ws/build/sim_microphone_sensor/prefix_override:/usr/lib/python3/dist-packages/colcon_core/task/python/colcon_distutils_commands:/home/anand/whistle_safety_ws/install/sim_microphone_sensor/lib/python3.10/site-packages:${PYTHONPATH} /usr/bin/python3 -W ignore:setup.py install is deprecated -W ignore:easy_install command is deprecated setup.py egg_info --egg-base ../../build/sim_microphone_sensor build --build-base /home/anand/whistle_safety_ws/build/sim_microphone_sensor/build install --record /home/anand/whistle_safety_ws/build/sim_microphone_sensor/install.log --single-version-externally-managed install_data
