[0.065s] DEBUG:colcon:Command line arguments: ['/usr/bin/colcon', 'build', '--symlink-install']
[0.065s] DEBUG:colcon:Parsed command line arguments: Namespace(log_base=None, log_level=None, verb_name='build', build_base='build', install_base='install', merge_install=False, symlink_install=True, test_result_base=None, continue_on_error=False, executor='parallel', parallel_workers=16, event_handlers=None, ignore_user_meta=False, metas=['./colcon.meta'], base_paths=['.'], packages_ignore=None, packages_ignore_regex=None, paths=None, packages_up_to=None, packages_up_to_regex=None, packages_above=None, packages_above_and_dependencies=None, packages_above_depth=None, packages_select_by_dep=None, packages_skip_by_dep=None, packages_skip_up_to=None, packages_select_build_failed=False, packages_skip_build_finished=False, packages_select_test_failures=False, packages_skip_test_passed=False, packages_select=None, packages_skip=None, packages_select_regex=None, packages_skip_regex=None, packages_start=None, packages_end=None, allow_overriding=[], cmake_args=None, cmake_target=None, cmake_target_skip_unavailable=False, cmake_clean_cache=False, cmake_clean_first=False, cmake_force_configure=False, ament_cmake_args=None, catkin_cmake_args=None, catkin_skip_building_tests=False, mixin_files=None, mixin=None, verb_parser=<colcon_mixin.mixin.mixin_argument.MixinArgumentDecorator object at 0x7671d78a0220>, verb_extension=<colcon_core.verb.build.BuildVerb object at 0x7671d7863bb0>, main=<bound method BuildVerb.main of <colcon_core.verb.build.BuildVerb object at 0x7671d7863bb0>>, mixin_verb=('build',))
[0.088s] Level 1:colcon.colcon_core.package_discovery:discover_packages(colcon_meta) check parameters
[0.088s] Level 1:colcon.colcon_core.package_discovery:discover_packages(recursive) check parameters
[0.088s] Level 1:colcon.colcon_core.package_discovery:discover_packages(ignore) check parameters
[0.088s] Level 1:colcon.colcon_core.package_discovery:discover_packages(path) check parameters
[0.088s] Level 1:colcon.colcon_core.package_discovery:discover_packages(colcon_meta) discover
[0.088s] Level 1:colcon.colcon_core.package_discovery:discover_packages(recursive) discover
[0.088s] INFO:colcon.colcon_core.package_discovery:Crawling recursively for packages in '/home/anand/whistle_safety_ws'
[0.088s] Level 1:colcon.colcon_core.package_identification:_identify(.) by extensions ['ignore', 'ignore_ament_install']
[0.088s] Level 1:colcon.colcon_core.package_identification:_identify(.) by extension 'ignore'
[0.088s] Level 1:colcon.colcon_core.package_identification:_identify(.) by extension 'ignore_ament_install'
[0.088s] Level 1:colcon.colcon_core.package_identification:_identify(.) by extensions ['colcon_pkg']
[0.088s] Level 1:colcon.colcon_core.package_identification:_identify(.) by extension 'colcon_pkg'
[0.088s] Level 1:colcon.colcon_core.package_identification:_identify(.) by extensions ['colcon_meta']
[0.088s] Level 1:colcon.colcon_core.package_identification:_identify(.) by extension 'colcon_meta'
[0.088s] Level 1:colcon.colcon_core.package_identification:_identify(.) by extensions ['ros']
[0.088s] Level 1:colcon.colcon_core.package_identification:_identify(.) by extension 'ros'
[0.097s] Level 1:colcon.colcon_core.package_identification:_identify(.) by extensions ['cmake', 'python']
[0.097s] Level 1:colcon.colcon_core.package_identification:_identify(.) by extension 'cmake'
[0.097s] Level 1:colcon.colcon_core.package_identification:_identify(.) by extension 'python'
[0.097s] Level 1:colcon.colcon_core.package_identification:_identify(.) by extensions ['python_setup_py']
[0.097s] Level 1:colcon.colcon_core.package_identification:_identify(.) by extension 'python_setup_py'
[0.097s] Level 1:colcon.colcon_core.package_identification:_identify(build) by extensions ['ignore', 'ignore_ament_install']
[0.097s] Level 1:colcon.colcon_core.package_identification:_identify(build) by extension 'ignore'
[0.097s] Level 1:colcon.colcon_core.package_identification:_identify(build) ignored
[0.097s] Level 1:colcon.colcon_core.package_identification:_identify(install) by extensions ['ignore', 'ignore_ament_install']
[0.097s] Level 1:colcon.colcon_core.package_identification:_identify(install) by extension 'ignore'
[0.097s] Level 1:colcon.colcon_core.package_identification:_identify(install) ignored
[0.097s] Level 1:colcon.colcon_core.package_identification:_identify(log) by extensions ['ignore', 'ignore_ament_install']
[0.097s] Level 1:colcon.colcon_core.package_identification:_identify(log) by extension 'ignore'
[0.097s] Level 1:colcon.colcon_core.package_identification:_identify(log) ignored
[0.097s] Level 1:colcon.colcon_core.package_identification:_identify(src) by extensions ['ignore', 'ignore_ament_install']
[0.097s] Level 1:colcon.colcon_core.package_identification:_identify(src) by extension 'ignore'
[0.097s] Level 1:colcon.colcon_core.package_identification:_identify(src) by extension 'ignore_ament_install'
[0.097s] Level 1:colcon.colcon_core.package_identification:_identify(src) by extensions ['colcon_pkg']
[0.097s] Level 1:colcon.colcon_core.package_identification:_identify(src) by extension 'colcon_pkg'
[0.097s] Level 1:colcon.colcon_core.package_identification:_identify(src) by extensions ['colcon_meta']
[0.097s] Level 1:colcon.colcon_core.package_identification:_identify(src) by extension 'colcon_meta'
[0.097s] Level 1:colcon.colcon_core.package_identification:_identify(src) by extensions ['ros']
[0.097s] Level 1:colcon.colcon_core.package_identification:_identify(src) by extension 'ros'
[0.097s] Level 1:colcon.colcon_core.package_identification:_identify(src) by extensions ['cmake', 'python']
[0.097s] Level 1:colcon.colcon_core.package_identification:_identify(src) by extension 'cmake'
[0.097s] Level 1:colcon.colcon_core.package_identification:_identify(src) by extension 'python'
[0.097s] Level 1:colcon.colcon_core.package_identification:_identify(src) by extensions ['python_setup_py']
[0.097s] Level 1:colcon.colcon_core.package_identification:_identify(src) by extension 'python_setup_py'
[0.097s] Level 1:colcon.colcon_core.package_identification:_identify(src/alert_manager) by extensions ['ignore', 'ignore_ament_install']
[0.098s] Level 1:colcon.colcon_core.package_identification:_identify(src/alert_manager) by extension 'ignore'
[0.098s] Level 1:colcon.colcon_core.package_identification:_identify(src/alert_manager) by extension 'ignore_ament_install'
[0.098s] Level 1:colcon.colcon_core.package_identification:_identify(src/alert_manager) by extensions ['colcon_pkg']
[0.098s] Level 1:colcon.colcon_core.package_identification:_identify(src/alert_manager) by extension 'colcon_pkg'
[0.098s] Level 1:colcon.colcon_core.package_identification:_identify(src/alert_manager) by extensions ['colcon_meta']
[0.098s] Level 1:colcon.colcon_core.package_identification:_identify(src/alert_manager) by extension 'colcon_meta'
[0.098s] Level 1:colcon.colcon_core.package_identification:_identify(src/alert_manager) by extensions ['ros']
[0.098s] Level 1:colcon.colcon_core.package_identification:_identify(src/alert_manager) by extension 'ros'
[0.098s] DEBUG:colcon.colcon_core.package_identification:Failed to parse potential ROS package manifest in'src/alert_manager': Error(s) in package 'src/alert_manager/package.xml':
The manifest contains invalid XML:
XML or text declaration not at start of entity: line 2, column 0
[0.098s] Level 1:colcon.colcon_core.package_identification:_identify(src/alert_manager) by extensions ['cmake', 'python']
[0.098s] Level 1:colcon.colcon_core.package_identification:_identify(src/alert_manager) by extension 'cmake'
[0.098s] Level 1:colcon.colcon_core.package_identification:_identify(src/alert_manager) by extension 'python'
[0.098s] DEBUG:colcon.colcon_core.package_identification:Python package in 'src/alert_manager' passes arguments to the setup() function which requires a different identification extension than 'python'
[0.098s] Level 1:colcon.colcon_core.package_identification:_identify(src/alert_manager) by extensions ['python_setup_py']
[0.098s] Level 1:colcon.colcon_core.package_identification:_identify(src/alert_manager) by extension 'python_setup_py'
[0.214s] DEBUG:colcon.colcon_core.package_identification:Package 'src/alert_manager' with type 'python' and name 'alert_manager'
[0.214s] Level 1:colcon.colcon_core.package_identification:_identify(src/sim_microphone_sensor) by extensions ['ignore', 'ignore_ament_install']
[0.214s] Level 1:colcon.colcon_core.package_identification:_identify(src/sim_microphone_sensor) by extension 'ignore'
[0.214s] Level 1:colcon.colcon_core.package_identification:_identify(src/sim_microphone_sensor) by extension 'ignore_ament_install'
[0.214s] Level 1:colcon.colcon_core.package_identification:_identify(src/sim_microphone_sensor) by extensions ['colcon_pkg']
[0.215s] Level 1:colcon.colcon_core.package_identification:_identify(src/sim_microphone_sensor) by extension 'colcon_pkg'
[0.215s] Level 1:colcon.colcon_core.package_identification:_identify(src/sim_microphone_sensor) by extensions ['colcon_meta']
[0.215s] Level 1:colcon.colcon_core.package_identification:_identify(src/sim_microphone_sensor) by extension 'colcon_meta'
[0.215s] Level 1:colcon.colcon_core.package_identification:_identify(src/sim_microphone_sensor) by extensions ['ros']
[0.215s] Level 1:colcon.colcon_core.package_identification:_identify(src/sim_microphone_sensor) by extension 'ros'
[0.216s] DEBUG:colcon.colcon_core.package_identification:Package 'src/sim_microphone_sensor' with type 'ros.ament_python' and name 'sim_microphone_sensor'
[0.216s] Level 1:colcon.colcon_core.package_identification:_identify(src/whistle_detector) by extensions ['ignore', 'ignore_ament_install']
[0.216s] Level 1:colcon.colcon_core.package_identification:_identify(src/whistle_detector) by extension 'ignore'
[0.216s] Level 1:colcon.colcon_core.package_identification:_identify(src/whistle_detector) by extension 'ignore_ament_install'
[0.216s] Level 1:colcon.colcon_core.package_identification:_identify(src/whistle_detector) by extensions ['colcon_pkg']
[0.216s] Level 1:colcon.colcon_core.package_identification:_identify(src/whistle_detector) by extension 'colcon_pkg'
[0.216s] Level 1:colcon.colcon_core.package_identification:_identify(src/whistle_detector) by extensions ['colcon_meta']
[0.216s] Level 1:colcon.colcon_core.package_identification:_identify(src/whistle_detector) by extension 'colcon_meta'
[0.216s] Level 1:colcon.colcon_core.package_identification:_identify(src/whistle_detector) by extensions ['ros']
[0.216s] Level 1:colcon.colcon_core.package_identification:_identify(src/whistle_detector) by extension 'ros'
[0.216s] DEBUG:colcon.colcon_core.package_identification:Failed to parse potential ROS package manifest in'src/whistle_detector': Error(s) in package 'src/whistle_detector/package.xml':
The manifest contains invalid XML:
XML or text declaration not at start of entity: line 2, column 0
[0.216s] Level 1:colcon.colcon_core.package_identification:_identify(src/whistle_detector) by extensions ['cmake', 'python']
[0.216s] Level 1:colcon.colcon_core.package_identification:_identify(src/whistle_detector) by extension 'cmake'
[0.216s] Level 1:colcon.colcon_core.package_identification:_identify(src/whistle_detector) by extension 'python'
[0.216s] DEBUG:colcon.colcon_core.package_identification:Python package in 'src/whistle_detector' passes arguments to the setup() function which requires a different identification extension than 'python'
[0.216s] Level 1:colcon.colcon_core.package_identification:_identify(src/whistle_detector) by extensions ['python_setup_py']
[0.216s] Level 1:colcon.colcon_core.package_identification:_identify(src/whistle_detector) by extension 'python_setup_py'
[0.335s] DEBUG:colcon.colcon_core.package_identification:Package 'src/whistle_detector' with type 'python' and name 'whistle_detector'
[0.335s] Level 1:colcon.colcon_core.package_identification:_identify(src/whistle_gazebo) by extensions ['ignore', 'ignore_ament_install']
[0.335s] Level 1:colcon.colcon_core.package_identification:_identify(src/whistle_gazebo) by extension 'ignore'
[0.335s] Level 1:colcon.colcon_core.package_identification:_identify(src/whistle_gazebo) by extension 'ignore_ament_install'
[0.335s] Level 1:colcon.colcon_core.package_identification:_identify(src/whistle_gazebo) by extensions ['colcon_pkg']
[0.335s] Level 1:colcon.colcon_core.package_identification:_identify(src/whistle_gazebo) by extension 'colcon_pkg'
[0.335s] Level 1:colcon.colcon_core.package_identification:_identify(src/whistle_gazebo) by extensions ['colcon_meta']
[0.335s] Level 1:colcon.colcon_core.package_identification:_identify(src/whistle_gazebo) by extension 'colcon_meta'
[0.335s] Level 1:colcon.colcon_core.package_identification:_identify(src/whistle_gazebo) by extensions ['ros']
[0.335s] Level 1:colcon.colcon_core.package_identification:_identify(src/whistle_gazebo) by extension 'ros'
[0.335s] DEBUG:colcon.colcon_core.package_identification:Package 'src/whistle_gazebo' with type 'ros.ament_cmake' and name 'whistle_gazebo'
[0.335s] Level 1:colcon.colcon_core.package_identification:_identify(src/whistle_robot_description) by extensions ['ignore', 'ignore_ament_install']
[0.335s] Level 1:colcon.colcon_core.package_identification:_identify(src/whistle_robot_description) by extension 'ignore'
[0.335s] Level 1:colcon.colcon_core.package_identification:_identify(src/whistle_robot_description) by extension 'ignore_ament_install'
[0.336s] Level 1:colcon.colcon_core.package_identification:_identify(src/whistle_robot_description) by extensions ['colcon_pkg']
[0.336s] Level 1:colcon.colcon_core.package_identification:_identify(src/whistle_robot_description) by extension 'colcon_pkg'
[0.336s] Level 1:colcon.colcon_core.package_identification:_identify(src/whistle_robot_description) by extensions ['colcon_meta']
[0.336s] Level 1:colcon.colcon_core.package_identification:_identify(src/whistle_robot_description) by extension 'colcon_meta'
[0.336s] Level 1:colcon.colcon_core.package_identification:_identify(src/whistle_robot_description) by extensions ['ros']
[0.336s] Level 1:colcon.colcon_core.package_identification:_identify(src/whistle_robot_description) by extension 'ros'
[0.336s] DEBUG:colcon.colcon_core.package_identification:Package 'src/whistle_robot_description' with type 'ros.ament_cmake' and name 'whistle_robot_description'
[0.336s] Level 1:colcon.colcon_core.package_identification:_identify(src/whistle_safety_msgs) by extensions ['ignore', 'ignore_ament_install']
[0.336s] Level 1:colcon.colcon_core.package_identification:_identify(src/whistle_safety_msgs) by extension 'ignore'
[0.336s] Level 1:colcon.colcon_core.package_identification:_identify(src/whistle_safety_msgs) by extension 'ignore_ament_install'
[0.336s] Level 1:colcon.colcon_core.package_identification:_identify(src/whistle_safety_msgs) by extensions ['colcon_pkg']
[0.336s] Level 1:colcon.colcon_core.package_identification:_identify(src/whistle_safety_msgs) by extension 'colcon_pkg'
[0.336s] Level 1:colcon.colcon_core.package_identification:_identify(src/whistle_safety_msgs) by extensions ['colcon_meta']
[0.336s] Level 1:colcon.colcon_core.package_identification:_identify(src/whistle_safety_msgs) by extension 'colcon_meta'
[0.336s] Level 1:colcon.colcon_core.package_identification:_identify(src/whistle_safety_msgs) by extensions ['ros']
[0.336s] Level 1:colcon.colcon_core.package_identification:_identify(src/whistle_safety_msgs) by extension 'ros'
[0.337s] DEBUG:colcon.colcon_core.package_identification:Package 'src/whistle_safety_msgs' with type 'ros.ament_cmake' and name 'whistle_safety_msgs'
[0.337s] Level 1:colcon.colcon_core.package_identification:_identify(src/zenoh_bridge) by extensions ['ignore', 'ignore_ament_install']
[0.337s] Level 1:colcon.colcon_core.package_identification:_identify(src/zenoh_bridge) by extension 'ignore'
[0.337s] Level 1:colcon.colcon_core.package_identification:_identify(src/zenoh_bridge) by extension 'ignore_ament_install'
[0.337s] Level 1:colcon.colcon_core.package_identification:_identify(src/zenoh_bridge) by extensions ['colcon_pkg']
[0.337s] Level 1:colcon.colcon_core.package_identification:_identify(src/zenoh_bridge) by extension 'colcon_pkg'
[0.337s] Level 1:colcon.colcon_core.package_identification:_identify(src/zenoh_bridge) by extensions ['colcon_meta']
[0.337s] Level 1:colcon.colcon_core.package_identification:_identify(src/zenoh_bridge) by extension 'colcon_meta'
[0.337s] Level 1:colcon.colcon_core.package_identification:_identify(src/zenoh_bridge) by extensions ['ros']
[0.337s] Level 1:colcon.colcon_core.package_identification:_identify(src/zenoh_bridge) by extension 'ros'
[0.337s] DEBUG:colcon.colcon_core.package_identification:Failed to parse potential ROS package manifest in'src/zenoh_bridge': Error(s) in package 'src/zenoh_bridge/package.xml':
The manifest contains invalid XML:
XML or text declaration not at start of entity: line 2, column 0
[0.337s] Level 1:colcon.colcon_core.package_identification:_identify(src/zenoh_bridge) by extensions ['cmake', 'python']
[0.337s] Level 1:colcon.colcon_core.package_identification:_identify(src/zenoh_bridge) by extension 'cmake'
[0.337s] Level 1:colcon.colcon_core.package_identification:_identify(src/zenoh_bridge) by extension 'python'
[0.337s] DEBUG:colcon.colcon_core.package_identification:Python package in 'src/zenoh_bridge' passes arguments to the setup() function which requires a different identification extension than 'python'
[0.337s] Level 1:colcon.colcon_core.package_identification:_identify(src/zenoh_bridge) by extensions ['python_setup_py']
[0.337s] Level 1:colcon.colcon_core.package_identification:_identify(src/zenoh_bridge) by extension 'python_setup_py'
[0.475s] DEBUG:colcon.colcon_core.package_identification:Package 'src/zenoh_bridge' with type 'python' and name 'zenoh_bridge'
[0.475s] Level 1:colcon.colcon_core.package_discovery:discover_packages(recursive) using defaults
[0.475s] Level 1:colcon.colcon_core.package_discovery:discover_packages(ignore) discover
[0.475s] Level 1:colcon.colcon_core.package_discovery:discover_packages(ignore) using defaults
[0.475s] Level 1:colcon.colcon_core.package_discovery:discover_packages(path) discover
[0.475s] Level 1:colcon.colcon_core.package_discovery:discover_packages(path) using defaults
[0.489s] Level 1:colcon.colcon_core.package_discovery:discover_packages(prefix_path) check parameters
[0.489s] Level 1:colcon.colcon_core.package_discovery:discover_packages(prefix_path) discover
[0.490s] DEBUG:colcon.colcon_installed_package_information.package_discovery:Found 4 installed packages in /home/anand/microros_ws/install
[0.490s] DEBUG:colcon.colcon_installed_package_information.package_discovery:Found 2 installed packages in /home/anand/rebel_ws/install
[0.490s] DEBUG:colcon.colcon_installed_package_information.package_discovery:Found 1 installed packages in /home/anand/ros2_works/install
[0.491s] DEBUG:colcon.colcon_installed_package_information.package_discovery:Found 9 installed packages in /home/anand/whistle_safety_ws/install
[0.492s] DEBUG:colcon.colcon_installed_package_information.package_discovery:Found 424 installed packages in /opt/ros/humble
[0.493s] Level 1:colcon.colcon_core.package_discovery:discover_packages(prefix_path) using defaults
[0.525s] Level 5:colcon.colcon_core.verb:set package 'alert_manager' build argument 'cmake_args' from command line to 'None'
[0.525s] Level 5:colcon.colcon_core.verb:set package 'alert_manager' build argument 'cmake_target' from command line to 'None'
[0.525s] Level 5:colcon.colcon_core.verb:set package 'alert_manager' build argument 'cmake_target_skip_unavailable' from command line to 'False'
[0.525s] Level 5:colcon.colcon_core.verb:set package 'alert_manager' build argument 'cmake_clean_cache' from command line to 'False'
[0.525s] Level 5:colcon.colcon_core.verb:set package 'alert_manager' build argument 'cmake_clean_first' from command line to 'False'
[0.525s] Level 5:colcon.colcon_core.verb:set package 'alert_manager' build argument 'cmake_force_configure' from command line to 'False'
[0.525s] Level 5:colcon.colcon_core.verb:set package 'alert_manager' build argument 'ament_cmake_args' from command line to 'None'
[0.525s] Level 5:colcon.colcon_core.verb:set package 'alert_manager' build argument 'catkin_cmake_args' from command line to 'None'
[0.525s] Level 5:colcon.colcon_core.verb:set package 'alert_manager' build argument 'catkin_skip_building_tests' from command line to 'False'
[0.525s] DEBUG:colcon.colcon_core.verb:Building package 'alert_manager' with the following arguments: {'ament_cmake_args': None, 'build_base': '/home/anand/whistle_safety_ws/build/alert_manager', 'catkin_cmake_args': None, 'catkin_skip_building_tests': False, 'cmake_args': None, 'cmake_clean_cache': False, 'cmake_clean_first': False, 'cmake_force_configure': False, 'cmake_target': None, 'cmake_target_skip_unavailable': False, 'install_base': '/home/anand/whistle_safety_ws/install/alert_manager', 'merge_install': False, 'path': '/home/anand/whistle_safety_ws/src/alert_manager', 'symlink_install': True, 'test_result_base': None}
[0.525s] Level 5:colcon.colcon_core.verb:set package 'sim_microphone_sensor' build argument 'cmake_args' from command line to 'None'
[0.525s] Level 5:colcon.colcon_core.verb:set package 'sim_microphone_sensor' build argument 'cmake_target' from command line to 'None'
[0.525s] Level 5:colcon.colcon_core.verb:set package 'sim_microphone_sensor' build argument 'cmake_target_skip_unavailable' from command line to 'False'
[0.525s] Level 5:colcon.colcon_core.verb:set package 'sim_microphone_sensor' build argument 'cmake_clean_cache' from command line to 'False'
[0.525s] Level 5:colcon.colcon_core.verb:set package 'sim_microphone_sensor' build argument 'cmake_clean_first' from command line to 'False'
[0.525s] Level 5:colcon.colcon_core.verb:set package 'sim_microphone_sensor' build argument 'cmake_force_configure' from command line to 'False'
[0.525s] Level 5:colcon.colcon_core.verb:set package 'sim_microphone_sensor' build argument 'ament_cmake_args' from command line to 'None'
[0.525s] Level 5:colcon.colcon_core.verb:set package 'sim_microphone_sensor' build argument 'catkin_cmake_args' from command line to 'None'
[0.525s] Level 5:colcon.colcon_core.verb:set package 'sim_microphone_sensor' build argument 'catkin_skip_building_tests' from command line to 'False'
[0.525s] DEBUG:colcon.colcon_core.verb:Building package 'sim_microphone_sensor' with the following arguments: {'ament_cmake_args': None, 'build_base': '/home/anand/whistle_safety_ws/build/sim_microphone_sensor', 'catkin_cmake_args': None, 'catkin_skip_building_tests': False, 'cmake_args': None, 'cmake_clean_cache': False, 'cmake_clean_first': False, 'cmake_force_configure': False, 'cmake_target': None, 'cmake_target_skip_unavailable': False, 'install_base': '/home/anand/whistle_safety_ws/install/sim_microphone_sensor', 'merge_install': False, 'path': '/home/anand/whistle_safety_ws/src/sim_microphone_sensor', 'symlink_install': True, 'test_result_base': None}
[0.525s] Level 5:colcon.colcon_core.verb:set package 'whistle_detector' build argument 'cmake_args' from command line to 'None'
[0.525s] Level 5:colcon.colcon_core.verb:set package 'whistle_detector' build argument 'cmake_target' from command line to 'None'
[0.525s] Level 5:colcon.colcon_core.verb:set package 'whistle_detector' build argument 'cmake_target_skip_unavailable' from command line to 'False'
[0.525s] Level 5:colcon.colcon_core.verb:set package 'whistle_detector' build argument 'cmake_clean_cache' from command line to 'False'
[0.525s] Level 5:colcon.colcon_core.verb:set package 'whistle_detector' build argument 'cmake_clean_first' from command line to 'False'
[0.525s] Level 5:colcon.colcon_core.verb:set package 'whistle_detector' build argument 'cmake_force_configure' from command line to 'False'
[0.525s] Level 5:colcon.colcon_core.verb:set package 'whistle_detector' build argument 'ament_cmake_args' from command line to 'None'
[0.525s] Level 5:colcon.colcon_core.verb:set package 'whistle_detector' build argument 'catkin_cmake_args' from command line to 'None'
[0.525s] Level 5:colcon.colcon_core.verb:set package 'whistle_detector' build argument 'catkin_skip_building_tests' from command line to 'False'
[0.525s] DEBUG:colcon.colcon_core.verb:Building package 'whistle_detector' with the following arguments: {'ament_cmake_args': None, 'build_base': '/home/anand/whistle_safety_ws/build/whistle_detector', 'catkin_cmake_args': None, 'catkin_skip_building_tests': False, 'cmake_args': None, 'cmake_clean_cache': False, 'cmake_clean_first': False, 'cmake_force_configure': False, 'cmake_target': None, 'cmake_target_skip_unavailable': False, 'install_base': '/home/anand/whistle_safety_ws/install/whistle_detector', 'merge_install': False, 'path': '/home/anand/whistle_safety_ws/src/whistle_detector', 'symlink_install': True, 'test_result_base': None}
[0.526s] Level 5:colcon.colcon_core.verb:set package 'whistle_robot_description' build argument 'cmake_args' from command line to 'None'
[0.526s] Level 5:colcon.colcon_core.verb:set package 'whistle_robot_description' build argument 'cmake_target' from command line to 'None'
[0.526s] Level 5:colcon.colcon_core.verb:set package 'whistle_robot_description' build argument 'cmake_target_skip_unavailable' from command line to 'False'
[0.526s] Level 5:colcon.colcon_core.verb:set package 'whistle_robot_description' build argument 'cmake_clean_cache' from command line to 'False'
[0.526s] Level 5:colcon.colcon_core.verb:set package 'whistle_robot_description' build argument 'cmake_clean_first' from command line to 'False'
[0.526s] Level 5:colcon.colcon_core.verb:set package 'whistle_robot_description' build argument 'cmake_force_configure' from command line to 'False'
[0.526s] Level 5:colcon.colcon_core.verb:set package 'whistle_robot_description' build argument 'ament_cmake_args' from command line to 'None'
[0.526s] Level 5:colcon.colcon_core.verb:set package 'whistle_robot_description' build argument 'catkin_cmake_args' from command line to 'None'
[0.526s] Level 5:colcon.colcon_core.verb:set package 'whistle_robot_description' build argument 'catkin_skip_building_tests' from command line to 'False'
[0.526s] DEBUG:colcon.colcon_core.verb:Building package 'whistle_robot_description' with the following arguments: {'ament_cmake_args': None, 'build_base': '/home/anand/whistle_safety_ws/build/whistle_robot_description', 'catkin_cmake_args': None, 'catkin_skip_building_tests': False, 'cmake_args': None, 'cmake_clean_cache': False, 'cmake_clean_first': False, 'cmake_force_configure': False, 'cmake_target': None, 'cmake_target_skip_unavailable': False, 'install_base': '/home/anand/whistle_safety_ws/install/whistle_robot_description', 'merge_install': False, 'path': '/home/anand/whistle_safety_ws/src/whistle_robot_description', 'symlink_install': True, 'test_result_base': None}
[0.526s] Level 5:colcon.colcon_core.verb:set package 'whistle_safety_msgs' build argument 'cmake_args' from command line to 'None'
[0.526s] Level 5:colcon.colcon_core.verb:set package 'whistle_safety_msgs' build argument 'cmake_target' from command line to 'None'
[0.526s] Level 5:colcon.colcon_core.verb:set package 'whistle_safety_msgs' build argument 'cmake_target_skip_unavailable' from command line to 'False'
[0.526s] Level 5:colcon.colcon_core.verb:set package 'whistle_safety_msgs' build argument 'cmake_clean_cache' from command line to 'False'
[0.526s] Level 5:colcon.colcon_core.verb:set package 'whistle_safety_msgs' build argument 'cmake_clean_first' from command line to 'False'
[0.526s] Level 5:colcon.colcon_core.verb:set package 'whistle_safety_msgs' build argument 'cmake_force_configure' from command line to 'False'
[0.526s] Level 5:colcon.colcon_core.verb:set package 'whistle_safety_msgs' build argument 'ament_cmake_args' from command line to 'None'
[0.526s] Level 5:colcon.colcon_core.verb:set package 'whistle_safety_msgs' build argument 'catkin_cmake_args' from command line to 'None'
[0.526s] Level 5:colcon.colcon_core.verb:set package 'whistle_safety_msgs' build argument 'catkin_skip_building_tests' from command line to 'False'
[0.526s] DEBUG:colcon.colcon_core.verb:Building package 'whistle_safety_msgs' with the following arguments: {'ament_cmake_args': None, 'build_base': '/home/anand/whistle_safety_ws/build/whistle_safety_msgs', 'catkin_cmake_args': None, 'catkin_skip_building_tests': False, 'cmake_args': None, 'cmake_clean_cache': False, 'cmake_clean_first': False, 'cmake_force_configure': False, 'cmake_target': None, 'cmake_target_skip_unavailable': False, 'install_base': '/home/anand/whistle_safety_ws/install/whistle_safety_msgs', 'merge_install': False, 'path': '/home/anand/whistle_safety_ws/src/whistle_safety_msgs', 'symlink_install': True, 'test_result_base': None}
[0.526s] Level 5:colcon.colcon_core.verb:set package 'zenoh_bridge' build argument 'cmake_args' from command line to 'None'
[0.526s] Level 5:colcon.colcon_core.verb:set package 'zenoh_bridge' build argument 'cmake_target' from command line to 'None'
[0.526s] Level 5:colcon.colcon_core.verb:set package 'zenoh_bridge' build argument 'cmake_target_skip_unavailable' from command line to 'False'
[0.526s] Level 5:colcon.colcon_core.verb:set package 'zenoh_bridge' build argument 'cmake_clean_cache' from command line to 'False'
[0.526s] Level 5:colcon.colcon_core.verb:set package 'zenoh_bridge' build argument 'cmake_clean_first' from command line to 'False'
[0.526s] Level 5:colcon.colcon_core.verb:set package 'zenoh_bridge' build argument 'cmake_force_configure' from command line to 'False'
[0.526s] Level 5:colcon.colcon_core.verb:set package 'zenoh_bridge' build argument 'ament_cmake_args' from command line to 'None'
[0.526s] Level 5:colcon.colcon_core.verb:set package 'zenoh_bridge' build argument 'catkin_cmake_args' from command line to 'None'
[0.526s] Level 5:colcon.colcon_core.verb:set package 'zenoh_bridge' build argument 'catkin_skip_building_tests' from command line to 'False'
[0.526s] DEBUG:colcon.colcon_core.verb:Building package 'zenoh_bridge' with the following arguments: {'ament_cmake_args': None, 'build_base': '/home/anand/whistle_safety_ws/build/zenoh_bridge', 'catkin_cmake_args': None, 'catkin_skip_building_tests': False, 'cmake_args': None, 'cmake_clean_cache': False, 'cmake_clean_first': False, 'cmake_force_configure': False, 'cmake_target': None, 'cmake_target_skip_unavailable': False, 'install_base': '/home/anand/whistle_safety_ws/install/zenoh_bridge', 'merge_install': False, 'path': '/home/anand/whistle_safety_ws/src/zenoh_bridge', 'symlink_install': True, 'test_result_base': None}
[0.526s] Level 5:colcon.colcon_core.verb:set package 'whistle_gazebo' build argument 'cmake_args' from command line to 'None'
[0.526s] Level 5:colcon.colcon_core.verb:set package 'whistle_gazebo' build argument 'cmake_target' from command line to 'None'
[0.526s] Level 5:colcon.colcon_core.verb:set package 'whistle_gazebo' build argument 'cmake_target_skip_unavailable' from command line to 'False'
[0.526s] Level 5:colcon.colcon_core.verb:set package 'whistle_gazebo' build argument 'cmake_clean_cache' from command line to 'False'
[0.526s] Level 5:colcon.colcon_core.verb:set package 'whistle_gazebo' build argument 'cmake_clean_first' from command line to 'False'
[0.526s] Level 5:colcon.colcon_core.verb:set package 'whistle_gazebo' build argument 'cmake_force_configure' from command line to 'False'
[0.526s] Level 5:colcon.colcon_core.verb:set package 'whistle_gazebo' build argument 'ament_cmake_args' from command line to 'None'
[0.526s] Level 5:colcon.colcon_core.verb:set package 'whistle_gazebo' build argument 'catkin_cmake_args' from command line to 'None'
[0.526s] Level 5:colcon.colcon_core.verb:set package 'whistle_gazebo' build argument 'catkin_skip_building_tests' from command line to 'False'
[0.527s] DEBUG:colcon.colcon_core.verb:Building package 'whistle_gazebo' with the following arguments: {'ament_cmake_args': None, 'build_base': '/home/anand/whistle_safety_ws/build/whistle_gazebo', 'catkin_cmake_args': None, 'catkin_skip_building_tests': False, 'cmake_args': None, 'cmake_clean_cache': False, 'cmake_clean_first': False, 'cmake_force_configure': False, 'cmake_target': None, 'cmake_target_skip_unavailable': False, 'install_base': '/home/anand/whistle_safety_ws/install/whistle_gazebo', 'merge_install': False, 'path': '/home/anand/whistle_safety_ws/src/whistle_gazebo', 'symlink_install': True, 'test_result_base': None}
[0.527s] INFO:colcon.colcon_core.executor:Executing jobs using 'parallel' executor
[0.527s] DEBUG:colcon.colcon_parallel_executor.executor.parallel:run_until_complete
[0.528s] INFO:colcon.colcon_ros.task.ament_cmake.build:Building ROS package in '/home/anand/whistle_safety_ws/src/whistle_robot_description' with build type 'ament_cmake'
[0.528s] INFO:colcon.colcon_cmake.task.cmake.build:Building CMake package in '/home/anand/whistle_safety_ws/src/whistle_robot_description'
[0.529s] INFO:colcon.colcon_core.plugin_system:Skipping extension 'colcon_core.shell.bat': Not used on non-Windows systems
[0.529s] INFO:colcon.colcon_core.shell:Skip shell extension 'powershell' for command environment: Not usable outside of PowerShell
[0.529s] DEBUG:colcon.colcon_core.shell:Skip shell extension 'dsv' for command environment
[0.532s] INFO:colcon.colcon_core.task.python.build:Building Python package in '/home/anand/whistle_safety_ws/src/alert_manager'
[0.532s] INFO:colcon.colcon_core.shell:Skip shell extension 'powershell' for command environment: Not usable outside of PowerShell
[0.532s] DEBUG:colcon.colcon_core.shell:Skip shell extension 'dsv' for command environment
[0.535s] INFO:colcon.colcon_ros.task.ament_python.build:Building ROS package in '/home/anand/whistle_safety_ws/src/sim_microphone_sensor' with build type 'ament_python'
[0.535s] Level 1:colcon.colcon_core.shell:create_environment_hook('sim_microphone_sensor', 'ament_prefix_path')
[0.535s] INFO:colcon.colcon_core.shell:Creating environment hook '/home/anand/whistle_safety_ws/install/sim_microphone_sensor/share/sim_microphone_sensor/hook/ament_prefix_path.ps1'
[0.536s] INFO:colcon.colcon_core.shell:Creating environment descriptor '/home/anand/whistle_safety_ws/install/sim_microphone_sensor/share/sim_microphone_sensor/hook/ament_prefix_path.dsv'
[0.536s] INFO:colcon.colcon_core.shell:Creating environment hook '/home/anand/whistle_safety_ws/install/sim_microphone_sensor/share/sim_microphone_sensor/hook/ament_prefix_path.sh'
[0.536s] INFO:colcon.colcon_core.shell:Skip shell extension 'powershell' for command environment: Not usable outside of PowerShell
[0.536s] DEBUG:colcon.colcon_core.shell:Skip shell extension 'dsv' for command environment
[0.539s] INFO:colcon.colcon_core.task.python.build:Building Python package in '/home/anand/whistle_safety_ws/src/whistle_detector'
[0.539s] INFO:colcon.colcon_core.shell:Skip shell extension 'powershell' for command environment: Not usable outside of PowerShell
[0.539s] DEBUG:colcon.colcon_core.shell:Skip shell extension 'dsv' for command environment
[0.542s] INFO:colcon.colcon_ros.task.ament_cmake.build:Building ROS package in '/home/anand/whistle_safety_ws/src/whistle_safety_msgs' with build type 'ament_cmake'
[0.542s] INFO:colcon.colcon_cmake.task.cmake.build:Building CMake package in '/home/anand/whistle_safety_ws/src/whistle_safety_msgs'
[0.542s] INFO:colcon.colcon_core.shell:Skip shell extension 'powershell' for command environment: Not usable outside of PowerShell
[0.542s] DEBUG:colcon.colcon_core.shell:Skip shell extension 'dsv' for command environment
[0.546s] INFO:colcon.colcon_core.task.python.build:Building Python package in '/home/anand/whistle_safety_ws/src/zenoh_bridge'
[0.546s] INFO:colcon.colcon_core.shell:Skip shell extension 'powershell' for command environment: Not usable outside of PowerShell
[0.546s] DEBUG:colcon.colcon_core.shell:Skip shell extension 'dsv' for command environment
[0.552s] DEBUG:colcon.colcon_core.event_handler.log_command:Invoking command in '/home/anand/whistle_safety_ws/build/whistle_robot_description': CMAKE_PREFIX_PATH=${CMAKE_PREFIX_PATH}:/home/anand/whistle_safety_ws/install/zenoh_bridge:/home/anand/whistle_safety_ws/install/alert_manager:/home/anand/whistle_safety_ws/install/whistle_detector:/opt/ros/humble /usr/bin/cmake --build /home/anand/whistle_safety_ws/build/whistle_robot_description -- -j16 -l16
[0.796s] INFO:colcon.colcon_core.task.python.build:Building Python package in '/home/anand/whistle_safety_ws/src/sim_microphone_sensor'
[0.796s] INFO:colcon.colcon_core.shell:Skip shell extension 'powershell' for command environment: Not usable outside of PowerShell
[0.796s] DEBUG:colcon.colcon_core.shell:Skip shell extension 'dsv' for command environment
[0.926s] DEBUG:colcon.colcon_core.event_handler.log_command:Invoking command in '/home/anand/whistle_safety_ws/build/whistle_safety_msgs': CMAKE_PREFIX_PATH=${CMAKE_PREFIX_PATH}:/home/anand/whistle_safety_ws/install/zenoh_bridge:/home/anand/whistle_safety_ws/install/alert_manager:/home/anand/whistle_safety_ws/install/whistle_detector:/opt/ros/humble /usr/bin/cmake --build /home/anand/whistle_safety_ws/build/whistle_safety_msgs -- -j16 -l16
[1.083s] DEBUG:colcon.colcon_core.event_handler.log_command:Invoked command in '/home/anand/whistle_safety_ws/build/whistle_robot_description' returned '0': CMAKE_PREFIX_PATH=${CMAKE_PREFIX_PATH}:/home/anand/whistle_safety_ws/install/zenoh_bridge:/home/anand/whistle_safety_ws/install/alert_manager:/home/anand/whistle_safety_ws/install/whistle_detector:/opt/ros/humble /usr/bin/cmake --build /home/anand/whistle_safety_ws/build/whistle_robot_description -- -j16 -l16
[1.092s] DEBUG:colcon.colcon_core.event_handler.log_command:Invoking command in '/home/anand/whistle_safety_ws/build/whistle_robot_description': CMAKE_PREFIX_PATH=${CMAKE_PREFIX_PATH}:/home/anand/whistle_safety_ws/install/zenoh_bridge:/home/anand/whistle_safety_ws/install/alert_manager:/home/anand/whistle_safety_ws/install/whistle_detector:/opt/ros/humble /usr/bin/cmake --install /home/anand/whistle_safety_ws/build/whistle_robot_description
[1.095s] DEBUG:colcon.colcon_core.event_handler.log_command:Invoking command in '/home/anand/whistle_safety_ws/build/alert_manager': PYTHONPATH=/home/anand/whistle_safety_ws/build/alert_manager/prefix_override:/usr/lib/python3/dist-packages/colcon_core/task/python/colcon_distutils_commands:/home/anand/whistle_safety_ws/install/alert_manager/lib/python3.10/site-packages:${PYTHONPATH} /usr/bin/python3 -W ignore:setup.py install is deprecated -W ignore:easy_install command is deprecated setup.py develop --editable --build-directory /home/anand/whistle_safety_ws/build/alert_manager/build --no-deps symlink_data
[1.110s] Level 1:colcon.colcon_core.environment:create_environment_scripts_only(whistle_robot_description)
[1.110s] DEBUG:colcon.colcon_core.event_handler.log_command:Invoked command in '/home/anand/whistle_safety_ws/build/whistle_robot_description' returned '0': CMAKE_PREFIX_PATH=${CMAKE_PREFIX_PATH}:/home/anand/whistle_safety_ws/install/zenoh_bridge:/home/anand/whistle_safety_ws/install/alert_manager:/home/anand/whistle_safety_ws/install/whistle_detector:/opt/ros/humble /usr/bin/cmake --install /home/anand/whistle_safety_ws/build/whistle_robot_description
[1.113s] Level 1:colcon.colcon_core.environment:checking '/home/anand/whistle_safety_ws/install/whistle_robot_description' for CMake module files
[1.113s] Level 1:colcon.colcon_core.environment:checking '/home/anand/whistle_safety_ws/install/whistle_robot_description' for CMake config files
[1.114s] Level 1:colcon.colcon_core.shell:create_environment_hook('whistle_robot_description', 'cmake_prefix_path')
[1.114s] INFO:colcon.colcon_core.shell:Creating environment hook '/home/anand/whistle_safety_ws/install/whistle_robot_description/share/whistle_robot_description/hook/cmake_prefix_path.ps1'
[1.114s] INFO:colcon.colcon_core.shell:Creating environment descriptor '/home/anand/whistle_safety_ws/install/whistle_robot_description/share/whistle_robot_description/hook/cmake_prefix_path.dsv'
[1.115s] INFO:colcon.colcon_core.shell:Creating environment hook '/home/anand/whistle_safety_ws/install/whistle_robot_description/share/whistle_robot_description/hook/cmake_prefix_path.sh'
[1.115s] Level 1:colcon.colcon_core.environment:checking '/home/anand/whistle_safety_ws/install/whistle_robot_description/bin'
[1.116s] Level 1:colcon.colcon_core.environment:checking '/home/anand/whistle_safety_ws/install/whistle_robot_description/lib/pkgconfig/whistle_robot_description.pc'
[1.116s] Level 1:colcon.colcon_core.environment:checking '/home/anand/whistle_safety_ws/install/whistle_robot_description/lib/python3.10/site-packages'
[1.116s] Level 1:colcon.colcon_core.environment:checking '/home/anand/whistle_safety_ws/install/whistle_robot_description/bin'
[1.117s] INFO:colcon.colcon_core.shell:Creating package script '/home/anand/whistle_safety_ws/install/whistle_robot_description/share/whistle_robot_description/package.ps1'
[1.117s] INFO:colcon.colcon_core.shell:Creating package descriptor '/home/anand/whistle_safety_ws/install/whistle_robot_description/share/whistle_robot_description/package.dsv'
[1.118s] INFO:colcon.colcon_core.shell:Creating package script '/home/anand/whistle_safety_ws/install/whistle_robot_description/share/whistle_robot_description/package.sh'
[1.119s] INFO:colcon.colcon_core.shell:Creating package script '/home/anand/whistle_safety_ws/install/whistle_robot_description/share/whistle_robot_description/package.bash'
[1.120s] INFO:colcon.colcon_core.shell:Creating package script '/home/anand/whistle_safety_ws/install/whistle_robot_description/share/whistle_robot_description/package.zsh'
[1.120s] Level 1:colcon.colcon_core.environment:create_file_with_runtime_dependencies(/home/anand/whistle_safety_ws/install/whistle_robot_description/share/colcon-core/packages/whistle_robot_description)
[1.121s] Level 1:colcon.colcon_core.environment:create_environment_scripts_only(whistle_robot_description)
[1.121s] Level 1:colcon.colcon_core.environment:checking '/home/anand/whistle_safety_ws/install/whistle_robot_description' for CMake module files
[1.122s] Level 1:colcon.colcon_core.environment:checking '/home/anand/whistle_safety_ws/install/whistle_robot_description' for CMake config files
[1.122s] Level 1:colcon.colcon_core.shell:create_environment_hook('whistle_robot_description', 'cmake_prefix_path')
[1.122s] INFO:colcon.colcon_core.shell:Creating environment hook '/home/anand/whistle_safety_ws/install/whistle_robot_description/share/whistle_robot_description/hook/cmake_prefix_path.ps1'
[1.123s] INFO:colcon.colcon_core.shell:Creating environment descriptor '/home/anand/whistle_safety_ws/install/whistle_robot_description/share/whistle_robot_description/hook/cmake_prefix_path.dsv'
[1.123s] INFO:colcon.colcon_core.shell:Creating environment hook '/home/anand/whistle_safety_ws/install/whistle_robot_description/share/whistle_robot_description/hook/cmake_prefix_path.sh'
[1.124s] Level 1:colcon.colcon_core.environment:checking '/home/anand/whistle_safety_ws/install/whistle_robot_description/bin'
[1.124s] Level 1:colcon.colcon_core.environment:checking '/home/anand/whistle_safety_ws/install/whistle_robot_description/lib/pkgconfig/whistle_robot_description.pc'
[1.124s] Level 1:colcon.colcon_core.environment:checking '/home/anand/whistle_safety_ws/install/whistle_robot_description/lib/python3.10/site-packages'
[1.124s] Level 1:colcon.colcon_core.environment:checking '/home/anand/whistle_safety_ws/install/whistle_robot_description/bin'
[1.125s] INFO:colcon.colcon_core.shell:Creating package script '/home/anand/whistle_safety_ws/install/whistle_robot_description/share/whistle_robot_description/package.ps1'
[1.125s] INFO:colcon.colcon_core.shell:Creating package descriptor '/home/anand/whistle_safety_ws/install/whistle_robot_description/share/whistle_robot_description/package.dsv'
[1.126s] INFO:colcon.colcon_core.shell:Creating package script '/home/anand/whistle_safety_ws/install/whistle_robot_description/share/whistle_robot_description/package.sh'
[1.126s] INFO:colcon.colcon_core.shell:Creating package script '/home/anand/whistle_safety_ws/install/whistle_robot_description/share/whistle_robot_description/package.bash'
[1.127s] INFO:colcon.colcon_core.shell:Creating package script '/home/anand/whistle_safety_ws/install/whistle_robot_description/share/whistle_robot_description/package.zsh'
[1.127s] Level 1:colcon.colcon_core.environment:create_file_with_runtime_dependencies(/home/anand/whistle_safety_ws/install/whistle_robot_description/share/colcon-core/packages/whistle_robot_description)
[1.127s] INFO:colcon.colcon_ros.task.ament_cmake.build:Building ROS package in '/home/anand/whistle_safety_ws/src/whistle_gazebo' with build type 'ament_cmake'
[1.128s] INFO:colcon.colcon_cmake.task.cmake.build:Building CMake package in '/home/anand/whistle_safety_ws/src/whistle_gazebo'
[1.128s] INFO:colcon.colcon_core.shell:Skip shell extension 'powershell' for command environment: Not usable outside of PowerShell
[1.128s] DEBUG:colcon.colcon_core.shell:Skip shell extension 'dsv' for command environment
[1.140s] DEBUG:colcon.colcon_core.event_handler.log_command:Invoking command in '/home/anand/whistle_safety_ws/build/whistle_gazebo': AMENT_PREFIX_PATH=/home/anand/whistle_safety_ws/install/whistle_robot_description:${AMENT_PREFIX_PATH} CMAKE_PREFIX_PATH=/home/anand/whistle_safety_ws/install/whistle_robot_description:/home/anand/microros_ws/install/micro_ros_setup:/home/anand/microros_ws/install/micro_ros_agent:/home/anand/microros_ws/install/micro_ros_msgs:/home/anand/rebel_ws/install/myrobot_moveit_config:/home/anand/rebel_ws/install/igus_rebel_description:/home/anand/whistle_safety_ws/install/zenoh_bridge:/home/anand/whistle_safety_ws/install/alert_manager:/home/anand/whistle_safety_ws/install/whistle_detector:/opt/ros/humble /usr/bin/cmake --build /home/anand/whistle_safety_ws/build/whistle_gazebo -- -j16 -l16
[1.181s] DEBUG:colcon.colcon_core.event_handler.log_command:Invoked command in '/home/anand/whistle_safety_ws/build/whistle_gazebo' returned '0': AMENT_PREFIX_PATH=/home/anand/whistle_safety_ws/install/whistle_robot_description:${AMENT_PREFIX_PATH} CMAKE_PREFIX_PATH=/home/anand/whistle_safety_ws/install/whistle_robot_description:/home/anand/microros_ws/install/micro_ros_setup:/home/anand/microros_ws/install/micro_ros_agent:/home/anand/microros_ws/install/micro_ros_msgs:/home/anand/rebel_ws/install/myrobot_moveit_config:/home/anand/rebel_ws/install/igus_rebel_description:/home/anand/whistle_safety_ws/install/zenoh_bridge:/home/anand/whistle_safety_ws/install/alert_manager:/home/anand/whistle_safety_ws/install/whistle_detector:/opt/ros/humble /usr/bin/cmake --build /home/anand/whistle_safety_ws/build/whistle_gazebo -- -j16 -l16
[1.183s] DEBUG:colcon.colcon_core.event_handler.log_command:Invoking command in '/home/anand/whistle_safety_ws/build/whistle_gazebo': AMENT_PREFIX_PATH=/home/anand/whistle_safety_ws/install/whistle_robot_description:${AMENT_PREFIX_PATH} CMAKE_PREFIX_PATH=/home/anand/whistle_safety_ws/install/whistle_robot_description:/home/anand/microros_ws/install/micro_ros_setup:/home/anand/microros_ws/install/micro_ros_agent:/home/anand/microros_ws/install/micro_ros_msgs:/home/anand/rebel_ws/install/myrobot_moveit_config:/home/anand/rebel_ws/install/igus_rebel_description:/home/anand/whistle_safety_ws/install/zenoh_bridge:/home/anand/whistle_safety_ws/install/alert_manager:/home/anand/whistle_safety_ws/install/whistle_detector:/opt/ros/humble /usr/bin/cmake --install /home/anand/whistle_safety_ws/build/whistle_gazebo
[1.204s] Level 1:colcon.colcon_core.environment:create_environment_scripts_only(whistle_gazebo)
[1.205s] Level 1:colcon.colcon_core.environment:checking '/home/anand/whistle_safety_ws/install/whistle_gazebo' for CMake module files
[1.205s] DEBUG:colcon.colcon_core.event_handler.log_command:Invoked command in '/home/anand/whistle_safety_ws/build/whistle_gazebo' returned '0': AMENT_PREFIX_PATH=/home/anand/whistle_safety_ws/install/whistle_robot_description:${AMENT_PREFIX_PATH} CMAKE_PREFIX_PATH=/home/anand/whistle_safety_ws/install/whistle_robot_description:/home/anand/microros_ws/install/micro_ros_setup:/home/anand/microros_ws/install/micro_ros_agent:/home/anand/microros_ws/install/micro_ros_msgs:/home/anand/rebel_ws/install/myrobot_moveit_config:/home/anand/rebel_ws/install/igus_rebel_description:/home/anand/whistle_safety_ws/install/zenoh_bridge:/home/anand/whistle_safety_ws/install/alert_manager:/home/anand/whistle_safety_ws/install/whistle_detector:/opt/ros/humble /usr/bin/cmake --install /home/anand/whistle_safety_ws/build/whistle_gazebo
[1.206s] Level 1:colcon.colcon_core.environment:checking '/home/anand/whistle_safety_ws/install/whistle_gazebo' for CMake config files
[1.206s] Level 1:colcon.colcon_core.shell:create_environment_hook('whistle_gazebo', 'cmake_prefix_path')
[1.206s] INFO:colcon.colcon_core.shell:Creating environment hook '/home/anand/whistle_safety_ws/install/whistle_gazebo/share/whistle_gazebo/hook/cmake_prefix_path.ps1'
[1.207s] INFO:colcon.colcon_core.shell:Creating environment descriptor '/home/anand/whistle_safety_ws/install/whistle_gazebo/share/whistle_gazebo/hook/cmake_prefix_path.dsv'
[1.207s] INFO:colcon.colcon_core.shell:Creating environment hook '/home/anand/whistle_safety_ws/install/whistle_gazebo/share/whistle_gazebo/hook/cmake_prefix_path.sh'
[1.208s] Level 1:colcon.colcon_core.environment:checking '/home/anand/whistle_safety_ws/install/whistle_gazebo/bin'
[1.208s] Level 1:colcon.colcon_core.environment:checking '/home/anand/whistle_safety_ws/install/whistle_gazebo/lib/pkgconfig/whistle_gazebo.pc'
[1.209s] Level 1:colcon.colcon_core.environment:checking '/home/anand/whistle_safety_ws/install/whistle_gazebo/lib/python3.10/site-packages'
[1.209s] Level 1:colcon.colcon_core.environment:checking '/home/anand/whistle_safety_ws/install/whistle_gazebo/bin'
[1.209s] INFO:colcon.colcon_core.shell:Creating package script '/home/anand/whistle_safety_ws/install/whistle_gazebo/share/whistle_gazebo/package.ps1'
[1.210s] INFO:colcon.colcon_core.shell:Creating package descriptor '/home/anand/whistle_safety_ws/install/whistle_gazebo/share/whistle_gazebo/package.dsv'
[1.210s] INFO:colcon.colcon_core.shell:Creating package script '/home/anand/whistle_safety_ws/install/whistle_gazebo/share/whistle_gazebo/package.sh'
[1.211s] INFO:colcon.colcon_core.shell:Creating package script '/home/anand/whistle_safety_ws/install/whistle_gazebo/share/whistle_gazebo/package.bash'
[1.211s] INFO:colcon.colcon_core.shell:Creating package script '/home/anand/whistle_safety_ws/install/whistle_gazebo/share/whistle_gazebo/package.zsh'
[1.212s] Level 1:colcon.colcon_core.environment:create_file_with_runtime_dependencies(/home/anand/whistle_safety_ws/install/whistle_gazebo/share/colcon-core/packages/whistle_gazebo)
[1.212s] Level 1:colcon.colcon_core.environment:create_environment_scripts_only(whistle_gazebo)
[1.212s] Level 1:colcon.colcon_core.environment:checking '/home/anand/whistle_safety_ws/install/whistle_gazebo' for CMake module files
[1.213s] Level 1:colcon.colcon_core.environment:checking '/home/anand/whistle_safety_ws/install/whistle_gazebo' for CMake config files
[1.213s] Level 1:colcon.colcon_core.shell:create_environment_hook('whistle_gazebo', 'cmake_prefix_path')
[1.213s] INFO:colcon.colcon_core.shell:Creating environment hook '/home/anand/whistle_safety_ws/install/whistle_gazebo/share/whistle_gazebo/hook/cmake_prefix_path.ps1'
[1.214s] INFO:colcon.colcon_core.shell:Creating environment descriptor '/home/anand/whistle_safety_ws/install/whistle_gazebo/share/whistle_gazebo/hook/cmake_prefix_path.dsv'
[1.214s] INFO:colcon.colcon_core.shell:Creating environment hook '/home/anand/whistle_safety_ws/install/whistle_gazebo/share/whistle_gazebo/hook/cmake_prefix_path.sh'
[1.215s] Level 1:colcon.colcon_core.environment:checking '/home/anand/whistle_safety_ws/install/whistle_gazebo/bin'
[1.215s] Level 1:colcon.colcon_core.environment:checking '/home/anand/whistle_safety_ws/install/whistle_gazebo/lib/pkgconfig/whistle_gazebo.pc'
[1.215s] Level 1:colcon.colcon_core.environment:checking '/home/anand/whistle_safety_ws/install/whistle_gazebo/lib/python3.10/site-packages'
[1.216s] Level 1:colcon.colcon_core.environment:checking '/home/anand/whistle_safety_ws/install/whistle_gazebo/bin'
[1.216s] INFO:colcon.colcon_core.shell:Creating package script '/home/anand/whistle_safety_ws/install/whistle_gazebo/share/whistle_gazebo/package.ps1'
[1.217s] INFO:colcon.colcon_core.shell:Creating package descriptor '/home/anand/whistle_safety_ws/install/whistle_gazebo/share/whistle_gazebo/package.dsv'
[1.217s] INFO:colcon.colcon_core.shell:Creating package script '/home/anand/whistle_safety_ws/install/whistle_gazebo/share/whistle_gazebo/package.sh'
[1.218s] INFO:colcon.colcon_core.shell:Creating package script '/home/anand/whistle_safety_ws/install/whistle_gazebo/share/whistle_gazebo/package.bash'
[1.218s] INFO:colcon.colcon_core.shell:Creating package script '/home/anand/whistle_safety_ws/install/whistle_gazebo/share/whistle_gazebo/package.zsh'
[1.218s] Level 1:colcon.colcon_core.environment:create_file_with_runtime_dependencies(/home/anand/whistle_safety_ws/install/whistle_gazebo/share/colcon-core/packages/whistle_gazebo)
[1.220s] DEBUG:colcon.colcon_core.event_handler.log_command:Invoked command in '/home/anand/whistle_safety_ws/build/whistle_safety_msgs' returned '0': CMAKE_PREFIX_PATH=${CMAKE_PREFIX_PATH}:/home/anand/whistle_safety_ws/install/zenoh_bridge:/home/anand/whistle_safety_ws/install/alert_manager:/home/anand/whistle_safety_ws/install/whistle_detector:/opt/ros/humble /usr/bin/cmake --build /home/anand/whistle_safety_ws/build/whistle_safety_msgs -- -j16 -l16
[1.221s] DEBUG:colcon.colcon_core.event_handler.log_command:Invoking command in '/home/anand/whistle_safety_ws/build/whistle_safety_msgs': CMAKE_PREFIX_PATH=${CMAKE_PREFIX_PATH}:/home/anand/whistle_safety_ws/install/zenoh_bridge:/home/anand/whistle_safety_ws/install/alert_manager:/home/anand/whistle_safety_ws/install/whistle_detector:/opt/ros/humble /usr/bin/cmake --install /home/anand/whistle_safety_ws/build/whistle_safety_msgs
[1.283s] Level 1:colcon.colcon_core.environment:create_environment_scripts_only(whistle_safety_msgs)
[1.283s] DEBUG:colcon.colcon_core.event_handler.log_command:Invoked command in '/home/anand/whistle_safety_ws/build/whistle_safety_msgs' returned '0': CMAKE_PREFIX_PATH=${CMAKE_PREFIX_PATH}:/home/anand/whistle_safety_ws/install/zenoh_bridge:/home/anand/whistle_safety_ws/install/alert_manager:/home/anand/whistle_safety_ws/install/whistle_detector:/opt/ros/humble /usr/bin/cmake --install /home/anand/whistle_safety_ws/build/whistle_safety_msgs
[1.284s] Level 1:colcon.colcon_core.environment:checking '/home/anand/whistle_safety_ws/install/whistle_safety_msgs' for CMake module files
[1.285s] Level 1:colcon.colcon_core.environment:checking '/home/anand/whistle_safety_ws/install/whistle_safety_msgs' for CMake config files
[1.285s] Level 1:colcon.colcon_core.shell:create_environment_hook('whistle_safety_msgs', 'cmake_prefix_path')
[1.286s] INFO:colcon.colcon_core.shell:Creating environment hook '/home/anand/whistle_safety_ws/install/whistle_safety_msgs/share/whistle_safety_msgs/hook/cmake_prefix_path.ps1'
[1.286s] INFO:colcon.colcon_core.shell:Creating environment descriptor '/home/anand/whistle_safety_ws/install/whistle_safety_msgs/share/whistle_safety_msgs/hook/cmake_prefix_path.dsv'
[1.286s] INFO:colcon.colcon_core.shell:Creating environment hook '/home/anand/whistle_safety_ws/install/whistle_safety_msgs/share/whistle_safety_msgs/hook/cmake_prefix_path.sh'
[1.287s] Level 1:colcon.colcon_core.environment:checking '/home/anand/whistle_safety_ws/install/whistle_safety_msgs/lib'
[1.287s] Level 1:colcon.colcon_core.shell:create_environment_hook('whistle_safety_msgs', 'ld_library_path_lib')
[1.287s] INFO:colcon.colcon_core.shell:Creating environment hook '/home/anand/whistle_safety_ws/install/whistle_safety_msgs/share/whistle_safety_msgs/hook/ld_library_path_lib.ps1'
[1.288s] INFO:colcon.colcon_core.shell:Creating environment descriptor '/home/anand/whistle_safety_ws/install/whistle_safety_msgs/share/whistle_safety_msgs/hook/ld_library_path_lib.dsv'
[1.288s] INFO:colcon.colcon_core.shell:Creating environment hook '/home/anand/whistle_safety_ws/install/whistle_safety_msgs/share/whistle_safety_msgs/hook/ld_library_path_lib.sh'
[1.289s] Level 1:colcon.colcon_core.environment:checking '/home/anand/whistle_safety_ws/install/whistle_safety_msgs/bin'
[1.289s] Level 1:colcon.colcon_core.environment:checking '/home/anand/whistle_safety_ws/install/whistle_safety_msgs/lib/pkgconfig/whistle_safety_msgs.pc'
[1.289s] Level 1:colcon.colcon_core.environment:checking '/home/anand/whistle_safety_ws/install/whistle_safety_msgs/lib/python3.10/site-packages'
[1.289s] Level 1:colcon.colcon_core.environment:checking '/home/anand/whistle_safety_ws/install/whistle_safety_msgs/bin'
[1.290s] INFO:colcon.colcon_core.shell:Creating package script '/home/anand/whistle_safety_ws/install/whistle_safety_msgs/share/whistle_safety_msgs/package.ps1'
[1.290s] INFO:colcon.colcon_core.shell:Creating package descriptor '/home/anand/whistle_safety_ws/install/whistle_safety_msgs/share/whistle_safety_msgs/package.dsv'
[1.291s] INFO:colcon.colcon_core.shell:Creating package script '/home/anand/whistle_safety_ws/install/whistle_safety_msgs/share/whistle_safety_msgs/package.sh'
[1.291s] INFO:colcon.colcon_core.shell:Creating package script '/home/anand/whistle_safety_ws/install/whistle_safety_msgs/share/whistle_safety_msgs/package.bash'
[1.291s] INFO:colcon.colcon_core.shell:Creating package script '/home/anand/whistle_safety_ws/install/whistle_safety_msgs/share/whistle_safety_msgs/package.zsh'
[1.292s] Level 1:colcon.colcon_core.environment:create_file_with_runtime_dependencies(/home/anand/whistle_safety_ws/install/whistle_safety_msgs/share/colcon-core/packages/whistle_safety_msgs)
[1.292s] Level 1:colcon.colcon_core.environment:create_environment_scripts_only(whistle_safety_msgs)
[1.292s] Level 1:colcon.colcon_core.environment:checking '/home/anand/whistle_safety_ws/install/whistle_safety_msgs' for CMake module files
[1.293s] Level 1:colcon.colcon_core.environment:checking '/home/anand/whistle_safety_ws/install/whistle_safety_msgs' for CMake config files
[1.294s] Level 1:colcon.colcon_core.shell:create_environment_hook('whistle_safety_msgs', 'cmake_prefix_path')
[1.294s] INFO:colcon.colcon_core.shell:Creating environment hook '/home/anand/whistle_safety_ws/install/whistle_safety_msgs/share/whistle_safety_msgs/hook/cmake_prefix_path.ps1'
[1.294s] INFO:colcon.colcon_core.shell:Creating environment descriptor '/home/anand/whistle_safety_ws/install/whistle_safety_msgs/share/whistle_safety_msgs/hook/cmake_prefix_path.dsv'
[1.295s] INFO:colcon.colcon_core.shell:Creating environment hook '/home/anand/whistle_safety_ws/install/whistle_safety_msgs/share/whistle_safety_msgs/hook/cmake_prefix_path.sh'
[1.295s] Level 1:colcon.colcon_core.environment:checking '/home/anand/whistle_safety_ws/install/whistle_safety_msgs/lib'
[1.295s] Level 1:colcon.colcon_core.shell:create_environment_hook('whistle_safety_msgs', 'ld_library_path_lib')
[1.295s] INFO:colcon.colcon_core.shell:Creating environment hook '/home/anand/whistle_safety_ws/install/whistle_safety_msgs/share/whistle_safety_msgs/hook/ld_library_path_lib.ps1'
[1.295s] INFO:colcon.colcon_core.shell:Creating environment descriptor '/home/anand/whistle_safety_ws/install/whistle_safety_msgs/share/whistle_safety_msgs/hook/ld_library_path_lib.dsv'
[1.296s] INFO:colcon.colcon_core.shell:Creating environment hook '/home/anand/whistle_safety_ws/install/whistle_safety_msgs/share/whistle_safety_msgs/hook/ld_library_path_lib.sh'
[1.296s] Level 1:colcon.colcon_core.environment:checking '/home/anand/whistle_safety_ws/install/whistle_safety_msgs/bin'
[1.296s] Level 1:colcon.colcon_core.environment:checking '/home/anand/whistle_safety_ws/install/whistle_safety_msgs/lib/pkgconfig/whistle_safety_msgs.pc'
[1.296s] Level 1:colcon.colcon_core.environment:checking '/home/anand/whistle_safety_ws/install/whistle_safety_msgs/lib/python3.10/site-packages'
[1.296s] Level 1:colcon.colcon_core.environment:checking '/home/anand/whistle_safety_ws/install/whistle_safety_msgs/bin'
[1.296s] INFO:colcon.colcon_core.shell:Creating package script '/home/anand/whistle_safety_ws/install/whistle_safety_msgs/share/whistle_safety_msgs/package.ps1'
[1.297s] INFO:colcon.colcon_core.shell:Creating package descriptor '/home/anand/whistle_safety_ws/install/whistle_safety_msgs/share/whistle_safety_msgs/package.dsv'
[1.297s] INFO:colcon.colcon_core.shell:Creating package script '/home/anand/whistle_safety_ws/install/whistle_safety_msgs/share/whistle_safety_msgs/package.sh'
[1.297s] INFO:colcon.colcon_core.shell:Creating package script '/home/anand/whistle_safety_ws/install/whistle_safety_msgs/share/whistle_safety_msgs/package.bash'
[1.297s] INFO:colcon.colcon_core.shell:Creating package script '/home/anand/whistle_safety_ws/install/whistle_safety_msgs/share/whistle_safety_msgs/package.zsh'
[1.298s] Level 1:colcon.colcon_core.environment:create_file_with_runtime_dependencies(/home/anand/whistle_safety_ws/install/whistle_safety_msgs/share/colcon-core/packages/whistle_safety_msgs)
[1.300s] DEBUG:colcon.colcon_core.event_handler.log_command:Invoking command in '/home/anand/whistle_safety_ws/build/whistle_detector': PYTHONPATH=/home/anand/whistle_safety_ws/build/whistle_detector/prefix_override:/usr/lib/python3/dist-packages/colcon_core/task/python/colcon_distutils_commands:/home/anand/whistle_safety_ws/install/whistle_detector/lib/python3.10/site-packages:${PYTHONPATH} /usr/bin/python3 -W ignore:setup.py install is deprecated -W ignore:easy_install command is deprecated setup.py develop --editable --build-directory /home/anand/whistle_safety_ws/build/whistle_detector/build --no-deps symlink_data
[1.433s] DEBUG:colcon.colcon_core.event_handler.log_command:Invoking command in '/home/anand/whistle_safety_ws/build/zenoh_bridge': PYTHONPATH=/home/anand/whistle_safety_ws/build/zenoh_bridge/prefix_override:/usr/lib/python3/dist-packages/colcon_core/task/python/colcon_distutils_commands:/home/anand/whistle_safety_ws/install/zenoh_bridge/lib/python3.10/site-packages:${PYTHONPATH} /usr/bin/python3 -W ignore:setup.py install is deprecated -W ignore:easy_install command is deprecated setup.py develop --editable --build-directory /home/anand/whistle_safety_ws/build/zenoh_bridge/build --no-deps symlink_data
[1.509s] DEBUG:colcon.colcon_core.event_handler.log_command:Invoking command in '/home/anand/whistle_safety_ws/build/sim_microphone_sensor': PYTHONPATH=/home/anand/whistle_safety_ws/build/sim_microphone_sensor/prefix_override:/usr/lib/python3/dist-packages/colcon_core/task/python/colcon_distutils_commands:/home/anand/whistle_safety_ws/install/sim_microphone_sensor/lib/python3.10/site-packages:${PYTHONPATH} /usr/bin/python3 -W ignore:setup.py install is deprecated -W ignore:easy_install command is deprecated setup.py develop --editable --build-directory /home/anand/whistle_safety_ws/build/sim_microphone_sensor/build --no-deps symlink_data
[1.545s] Level 1:colcon.colcon_core.shell:create_environment_hook('alert_manager', 'pythonpath_develop')
[1.546s] INFO:colcon.colcon_core.shell:Creating environment hook '/home/anand/whistle_safety_ws/build/alert_manager/share/alert_manager/hook/pythonpath_develop.ps1'
[1.546s] DEBUG:colcon.colcon_core.event_handler.log_command:Invoked command in '/home/anand/whistle_safety_ws/build/alert_manager' returned '0': PYTHONPATH=/home/anand/whistle_safety_ws/build/alert_manager/prefix_override:/usr/lib/python3/dist-packages/colcon_core/task/python/colcon_distutils_commands:/home/anand/whistle_safety_ws/install/alert_manager/lib/python3.10/site-packages:${PYTHONPATH} /usr/bin/python3 -W ignore:setup.py install is deprecated -W ignore:easy_install command is deprecated setup.py develop --editable --build-directory /home/anand/whistle_safety_ws/build/alert_manager/build --no-deps symlink_data
[1.546s] INFO:colcon.colcon_core.shell:Creating environment descriptor '/home/anand/whistle_safety_ws/build/alert_manager/share/alert_manager/hook/pythonpath_develop.dsv'
[1.547s] INFO:colcon.colcon_core.shell:Creating environment hook '/home/anand/whistle_safety_ws/build/alert_manager/share/alert_manager/hook/pythonpath_develop.sh'
[1.547s] Level 1:colcon.colcon_core.environment:checking '/home/anand/whistle_safety_ws/install/alert_manager' for CMake module files
[1.547s] Level 1:colcon.colcon_core.environment:checking '/home/anand/whistle_safety_ws/install/alert_manager' for CMake config files
[1.548s] Level 1:colcon.colcon_core.environment:checking '/home/anand/whistle_safety_ws/install/alert_manager/lib'
[1.548s] Level 1:colcon.colcon_core.environment:checking '/home/anand/whistle_safety_ws/install/alert_manager/bin'
[1.548s] Level 1:colcon.colcon_core.environment:checking '/home/anand/whistle_safety_ws/install/alert_manager/lib/pkgconfig/alert_manager.pc'
[1.548s] Level 1:colcon.colcon_core.environment:checking '/home/anand/whistle_safety_ws/install/alert_manager/lib/python3.10/site-packages'
[1.548s] Level 1:colcon.colcon_core.shell:create_environment_hook('alert_manager', 'pythonpath')
[1.548s] INFO:colcon.colcon_core.shell:Creating environment hook '/home/anand/whistle_safety_ws/install/alert_manager/share/alert_manager/hook/pythonpath.ps1'
[1.548s] INFO:colcon.colcon_core.shell:Creating environment descriptor '/home/anand/whistle_safety_ws/install/alert_manager/share/alert_manager/hook/pythonpath.dsv'
[1.549s] INFO:colcon.colcon_core.shell:Creating environment hook '/home/anand/whistle_safety_ws/install/alert_manager/share/alert_manager/hook/pythonpath.sh'
[1.549s] Level 1:colcon.colcon_core.environment:checking '/home/anand/whistle_safety_ws/install/alert_manager/bin'
[1.549s] Level 1:colcon.colcon_core.environment:create_environment_scripts_only(alert_manager)
[1.549s] INFO:colcon.colcon_core.shell:Creating package script '/home/anand/whistle_safety_ws/install/alert_manager/share/alert_manager/package.ps1'
[1.549s] INFO:colcon.colcon_core.shell:Creating package descriptor '/home/anand/whistle_safety_ws/install/alert_manager/share/alert_manager/package.dsv'
[1.550s] INFO:colcon.colcon_core.shell:Creating package script '/home/anand/whistle_safety_ws/install/alert_manager/share/alert_manager/package.sh'
[1.550s] INFO:colcon.colcon_core.shell:Creating package script '/home/anand/whistle_safety_ws/install/alert_manager/share/alert_manager/package.bash'
[1.550s] INFO:colcon.colcon_core.shell:Creating package script '/home/anand/whistle_safety_ws/install/alert_manager/share/alert_manager/package.zsh'
[1.550s] Level 1:colcon.colcon_core.environment:create_file_with_runtime_dependencies(/home/anand/whistle_safety_ws/install/alert_manager/share/colcon-core/packages/alert_manager)
[1.723s] Level 1:colcon.colcon_core.shell:create_environment_hook('whistle_detector', 'pythonpath_develop')
[1.724s] DEBUG:colcon.colcon_core.event_handler.log_command:Invoked command in '/home/anand/whistle_safety_ws/build/whistle_detector' returned '0': PYTHONPATH=/home/anand/whistle_safety_ws/build/whistle_detector/prefix_override:/usr/lib/python3/dist-packages/colcon_core/task/python/colcon_distutils_commands:/home/anand/whistle_safety_ws/install/whistle_detector/lib/python3.10/site-packages:${PYTHONPATH} /usr/bin/python3 -W ignore:setup.py install is deprecated -W ignore:easy_install command is deprecated setup.py develop --editable --build-directory /home/anand/whistle_safety_ws/build/whistle_detector/build --no-deps symlink_data
[1.724s] INFO:colcon.colcon_core.shell:Creating environment hook '/home/anand/whistle_safety_ws/build/whistle_detector/share/whistle_detector/hook/pythonpath_develop.ps1'
[1.725s] INFO:colcon.colcon_core.shell:Creating environment descriptor '/home/anand/whistle_safety_ws/build/whistle_detector/share/whistle_detector/hook/pythonpath_develop.dsv'
[1.725s] INFO:colcon.colcon_core.shell:Creating environment hook '/home/anand/whistle_safety_ws/build/whistle_detector/share/whistle_detector/hook/pythonpath_develop.sh'
[1.726s] Level 1:colcon.colcon_core.environment:checking '/home/anand/whistle_safety_ws/install/whistle_detector' for CMake module files
[1.726s] Level 1:colcon.colcon_core.environment:checking '/home/anand/whistle_safety_ws/install/whistle_detector' for CMake config files
[1.726s] Level 1:colcon.colcon_core.environment:checking '/home/anand/whistle_safety_ws/install/whistle_detector/lib'
[1.726s] Level 1:colcon.colcon_core.environment:checking '/home/anand/whistle_safety_ws/install/whistle_detector/bin'
[1.726s] Level 1:colcon.colcon_core.environment:checking '/home/anand/whistle_safety_ws/install/whistle_detector/lib/pkgconfig/whistle_detector.pc'
[1.726s] Level 1:colcon.colcon_core.environment:checking '/home/anand/whistle_safety_ws/install/whistle_detector/lib/python3.10/site-packages'
[1.726s] Level 1:colcon.colcon_core.shell:create_environment_hook('whistle_detector', 'pythonpath')
[1.726s] INFO:colcon.colcon_core.shell:Creating environment hook '/home/anand/whistle_safety_ws/install/whistle_detector/share/whistle_detector/hook/pythonpath.ps1'
[1.727s] INFO:colcon.colcon_core.shell:Creating environment descriptor '/home/anand/whistle_safety_ws/install/whistle_detector/share/whistle_detector/hook/pythonpath.dsv'
[1.727s] INFO:colcon.colcon_core.shell:Creating environment hook '/home/anand/whistle_safety_ws/install/whistle_detector/share/whistle_detector/hook/pythonpath.sh'
[1.727s] Level 1:colcon.colcon_core.environment:checking '/home/anand/whistle_safety_ws/install/whistle_detector/bin'
[1.727s] Level 1:colcon.colcon_core.environment:create_environment_scripts_only(whistle_detector)
[1.728s] INFO:colcon.colcon_core.shell:Creating package script '/home/anand/whistle_safety_ws/install/whistle_detector/share/whistle_detector/package.ps1'
[1.728s] INFO:colcon.colcon_core.shell:Creating package descriptor '/home/anand/whistle_safety_ws/install/whistle_detector/share/whistle_detector/package.dsv'
[1.728s] INFO:colcon.colcon_core.shell:Creating package script '/home/anand/whistle_safety_ws/install/whistle_detector/share/whistle_detector/package.sh'
[1.728s] INFO:colcon.colcon_core.shell:Creating package script '/home/anand/whistle_safety_ws/install/whistle_detector/share/whistle_detector/package.bash'
[1.729s] INFO:colcon.colcon_core.shell:Creating package script '/home/anand/whistle_safety_ws/install/whistle_detector/share/whistle_detector/package.zsh'
[1.729s] Level 1:colcon.colcon_core.environment:create_file_with_runtime_dependencies(/home/anand/whistle_safety_ws/install/whistle_detector/share/colcon-core/packages/whistle_detector)
[1.844s] Level 1:colcon.colcon_core.shell:create_environment_hook('zenoh_bridge', 'pythonpath_develop')
[1.844s] INFO:colcon.colcon_core.shell:Creating environment hook '/home/anand/whistle_safety_ws/build/zenoh_bridge/share/zenoh_bridge/hook/pythonpath_develop.ps1'
[1.845s] DEBUG:colcon.colcon_core.event_handler.log_command:Invoked command in '/home/anand/whistle_safety_ws/build/zenoh_bridge' returned '0': PYTHONPATH=/home/anand/whistle_safety_ws/build/zenoh_bridge/prefix_override:/usr/lib/python3/dist-packages/colcon_core/task/python/colcon_distutils_commands:/home/anand/whistle_safety_ws/install/zenoh_bridge/lib/python3.10/site-packages:${PYTHONPATH} /usr/bin/python3 -W ignore:setup.py install is deprecated -W ignore:easy_install command is deprecated setup.py develop --editable --build-directory /home/anand/whistle_safety_ws/build/zenoh_bridge/build --no-deps symlink_data
[1.845s] INFO:colcon.colcon_core.shell:Creating environment descriptor '/home/anand/whistle_safety_ws/build/zenoh_bridge/share/zenoh_bridge/hook/pythonpath_develop.dsv'
[1.845s] INFO:colcon.colcon_core.shell:Creating environment hook '/home/anand/whistle_safety_ws/build/zenoh_bridge/share/zenoh_bridge/hook/pythonpath_develop.sh'
[1.846s] Level 1:colcon.colcon_core.environment:checking '/home/anand/whistle_safety_ws/install/zenoh_bridge' for CMake module files
[1.846s] Level 1:colcon.colcon_core.environment:checking '/home/anand/whistle_safety_ws/install/zenoh_bridge' for CMake config files
[1.846s] Level 1:colcon.colcon_core.environment:checking '/home/anand/whistle_safety_ws/install/zenoh_bridge/lib'
[1.846s] Level 1:colcon.colcon_core.environment:checking '/home/anand/whistle_safety_ws/install/zenoh_bridge/bin'
[1.846s] Level 1:colcon.colcon_core.environment:checking '/home/anand/whistle_safety_ws/install/zenoh_bridge/lib/pkgconfig/zenoh_bridge.pc'
[1.846s] Level 1:colcon.colcon_core.environment:checking '/home/anand/whistle_safety_ws/install/zenoh_bridge/lib/python3.10/site-packages'
[1.846s] Level 1:colcon.colcon_core.shell:create_environment_hook('zenoh_bridge', 'pythonpath')
[1.846s] INFO:colcon.colcon_core.shell:Creating environment hook '/home/anand/whistle_safety_ws/install/zenoh_bridge/share/zenoh_bridge/hook/pythonpath.ps1'
[1.847s] INFO:colcon.colcon_core.shell:Creating environment descriptor '/home/anand/whistle_safety_ws/install/zenoh_bridge/share/zenoh_bridge/hook/pythonpath.dsv'
[1.847s] INFO:colcon.colcon_core.shell:Creating environment hook '/home/anand/whistle_safety_ws/install/zenoh_bridge/share/zenoh_bridge/hook/pythonpath.sh'
[1.847s] Level 1:colcon.colcon_core.environment:checking '/home/anand/whistle_safety_ws/install/zenoh_bridge/bin'
[1.847s] Level 1:colcon.colcon_core.environment:create_environment_scripts_only(zenoh_bridge)
[1.847s] INFO:colcon.colcon_core.shell:Creating package script '/home/anand/whistle_safety_ws/install/zenoh_bridge/share/zenoh_bridge/package.ps1'
[1.848s] INFO:colcon.colcon_core.shell:Creating package descriptor '/home/anand/whistle_safety_ws/install/zenoh_bridge/share/zenoh_bridge/package.dsv'
[1.848s] INFO:colcon.colcon_core.shell:Creating package script '/home/anand/whistle_safety_ws/install/zenoh_bridge/share/zenoh_bridge/package.sh'
[1.849s] INFO:colcon.colcon_core.shell:Creating package script '/home/anand/whistle_safety_ws/install/zenoh_bridge/share/zenoh_bridge/package.bash'
[1.849s] INFO:colcon.colcon_core.shell:Creating package script '/home/anand/whistle_safety_ws/install/zenoh_bridge/share/zenoh_bridge/package.zsh'
[1.849s] Level 1:colcon.colcon_core.environment:create_file_with_runtime_dependencies(/home/anand/whistle_safety_ws/install/zenoh_bridge/share/colcon-core/packages/zenoh_bridge)
[1.904s] Level 1:colcon.colcon_core.shell:create_environment_hook('sim_microphone_sensor', 'pythonpath_develop')
[1.904s] INFO:colcon.colcon_core.shell:Creating environment hook '/home/anand/whistle_safety_ws/build/sim_microphone_sensor/share/sim_microphone_sensor/hook/pythonpath_develop.ps1'
[1.904s] DEBUG:colcon.colcon_core.event_handler.log_command:Invoked command in '/home/anand/whistle_safety_ws/build/sim_microphone_sensor' returned '0': PYTHONPATH=/home/anand/whistle_safety_ws/build/sim_microphone_sensor/prefix_override:/usr/lib/python3/dist-packages/colcon_core/task/python/colcon_distutils_commands:/home/anand/whistle_safety_ws/install/sim_microphone_sensor/lib/python3.10/site-packages:${PYTHONPATH} /usr/bin/python3 -W ignore:setup.py install is deprecated -W ignore:easy_install command is deprecated setup.py develop --editable --build-directory /home/anand/whistle_safety_ws/build/sim_microphone_sensor/build --no-deps symlink_data
[1.905s] INFO:colcon.colcon_core.shell:Creating environment descriptor '/home/anand/whistle_safety_ws/build/sim_microphone_sensor/share/sim_microphone_sensor/hook/pythonpath_develop.dsv'
[1.905s] INFO:colcon.colcon_core.shell:Creating environment hook '/home/anand/whistle_safety_ws/build/sim_microphone_sensor/share/sim_microphone_sensor/hook/pythonpath_develop.sh'
[1.906s] Level 1:colcon.colcon_core.environment:checking '/home/anand/whistle_safety_ws/install/sim_microphone_sensor' for CMake module files
[1.906s] Level 1:colcon.colcon_core.environment:checking '/home/anand/whistle_safety_ws/install/sim_microphone_sensor' for CMake config files
[1.907s] Level 1:colcon.colcon_core.environment:checking '/home/anand/whistle_safety_ws/install/sim_microphone_sensor/lib'
[1.907s] Level 1:colcon.colcon_core.environment:checking '/home/anand/whistle_safety_ws/install/sim_microphone_sensor/bin'
[1.907s] Level 1:colcon.colcon_core.environment:checking '/home/anand/whistle_safety_ws/install/sim_microphone_sensor/lib/pkgconfig/sim_microphone_sensor.pc'
[1.907s] Level 1:colcon.colcon_core.environment:checking '/home/anand/whistle_safety_ws/install/sim_microphone_sensor/lib/python3.10/site-packages'
[1.907s] Level 1:colcon.colcon_core.shell:create_environment_hook('sim_microphone_sensor', 'pythonpath')
[1.907s] INFO:colcon.colcon_core.shell:Creating environment hook '/home/anand/whistle_safety_ws/install/sim_microphone_sensor/share/sim_microphone_sensor/hook/pythonpath.ps1'
[1.908s] INFO:colcon.colcon_core.shell:Creating environment descriptor '/home/anand/whistle_safety_ws/install/sim_microphone_sensor/share/sim_microphone_sensor/hook/pythonpath.dsv'
[1.908s] INFO:colcon.colcon_core.shell:Creating environment hook '/home/anand/whistle_safety_ws/install/sim_microphone_sensor/share/sim_microphone_sensor/hook/pythonpath.sh'
[1.909s] Level 1:colcon.colcon_core.environment:checking '/home/anand/whistle_safety_ws/install/sim_microphone_sensor/bin'
[1.909s] Level 1:colcon.colcon_core.environment:create_environment_scripts_only(sim_microphone_sensor)
[1.909s] INFO:colcon.colcon_core.shell:Creating package script '/home/anand/whistle_safety_ws/install/sim_microphone_sensor/share/sim_microphone_sensor/package.ps1'
[1.910s] INFO:colcon.colcon_core.shell:Creating package descriptor '/home/anand/whistle_safety_ws/install/sim_microphone_sensor/share/sim_microphone_sensor/package.dsv'
[1.910s] INFO:colcon.colcon_core.shell:Creating package script '/home/anand/whistle_safety_ws/install/sim_microphone_sensor/share/sim_microphone_sensor/package.sh'
[1.911s] INFO:colcon.colcon_core.shell:Creating package script '/home/anand/whistle_safety_ws/install/sim_microphone_sensor/share/sim_microphone_sensor/package.bash'
[1.911s] INFO:colcon.colcon_core.shell:Creating package script '/home/anand/whistle_safety_ws/install/sim_microphone_sensor/share/sim_microphone_sensor/package.zsh'
[1.911s] Level 1:colcon.colcon_core.environment:create_file_with_runtime_dependencies(/home/anand/whistle_safety_ws/install/sim_microphone_sensor/share/colcon-core/packages/sim_microphone_sensor)
[1.911s] DEBUG:colcon.colcon_parallel_executor.executor.parallel:closing loop
[1.912s] DEBUG:colcon.colcon_parallel_executor.executor.parallel:loop closed
[1.912s] DEBUG:colcon.colcon_parallel_executor.executor.parallel:run_until_complete finished with '0'
[1.912s] DEBUG:colcon.colcon_core.event_reactor:joining thread
[1.915s] INFO:colcon.colcon_core.plugin_system:Skipping extension 'colcon_notification.desktop_notification.terminal_notifier': Not used on non-Darwin systems
[1.915s] INFO:colcon.colcon_core.plugin_system:Skipping extension 'colcon_notification.desktop_notification.win32': Not used on non-Windows systems
[1.915s] INFO:colcon.colcon_notification.desktop_notification:Sending desktop notification using 'notify2'
[1.921s] DEBUG:colcon.colcon_core.event_reactor:joined thread
[1.921s] INFO:colcon.colcon_core.shell:Creating prefix script '/home/anand/whistle_safety_ws/install/local_setup.ps1'
[1.922s] INFO:colcon.colcon_core.shell:Creating prefix util module '/home/anand/whistle_safety_ws/install/_local_setup_util_ps1.py'
[1.922s] INFO:colcon.colcon_core.shell:Creating prefix chain script '/home/anand/whistle_safety_ws/install/setup.ps1'
[1.923s] INFO:colcon.colcon_core.shell:Creating prefix script '/home/anand/whistle_safety_ws/install/local_setup.sh'
[1.924s] INFO:colcon.colcon_core.shell:Creating prefix util module '/home/anand/whistle_safety_ws/install/_local_setup_util_sh.py'
[1.924s] INFO:colcon.colcon_core.shell:Creating prefix chain script '/home/anand/whistle_safety_ws/install/setup.sh'
[1.925s] INFO:colcon.colcon_core.shell:Creating prefix script '/home/anand/whistle_safety_ws/install/local_setup.bash'
[1.925s] INFO:colcon.colcon_core.shell:Creating prefix chain script '/home/anand/whistle_safety_ws/install/setup.bash'
[1.926s] INFO:colcon.colcon_core.shell:Creating prefix script '/home/anand/whistle_safety_ws/install/local_setup.zsh'
[1.927s] INFO:colcon.colcon_core.shell:Creating prefix chain script '/home/anand/whistle_safety_ws/install/setup.zsh'
