[1.035s] Invoking command in '/home/anand/whistle_safety_ws/build/sim_microphone_sensor': PYTHONPATH=/home/anand/whistle_safety_ws/build/sim_microphone_sensor/prefix_override:/usr/lib/python3/dist-packages/colcon_core/task/python/colcon_distutils_commands:/home/anand/whistle_safety_ws/install/sim_microphone_sensor/lib/python3.10/site-packages:${PYTHONPATH} /usr/bin/python3 -W ignore:setup.py install is deprecated -W ignore:easy_install command is deprecated setup.py develop --editable --build-directory /home/anand/whistle_safety_ws/build/sim_microphone_sensor/build --no-deps symlink_data --force
[1.413s] running develop
[1.570s] running egg_info
[1.578s] writing sim_microphone_sensor.egg-info/PKG-INFO
[1.579s] writing dependency_links to sim_microphone_sensor.egg-info/dependency_links.txt
[1.579s] writing entry points to sim_microphone_sensor.egg-info/entry_points.txt
[1.579s] writing requirements to sim_microphone_sensor.egg-info/requires.txt
[1.579s] writing top-level names to sim_microphone_sensor.egg-info/top_level.txt
[1.598s] reading manifest file 'sim_microphone_sensor.egg-info/SOURCES.txt'
[1.599s] writing manifest file 'sim_microphone_sensor.egg-info/SOURCES.txt'
[1.610s] running build_ext
[1.610s] Creating /home/anand/whistle_safety_ws/install/sim_microphone_sensor/lib/python3.10/site-packages/sim-microphone-sensor.egg-link (link to .)
[1.611s] Installing microphone_simulator script to /home/anand/whistle_safety_ws/install/sim_microphone_sensor/lib/sim_microphone_sensor
[1.611s] 
[1.611s] Installed /home/anand/whistle_safety_ws/build/sim_microphone_sensor
[1.611s] running symlink_data
[1.611s] symbolically linking /home/anand/whistle_safety_ws/build/sim_microphone_sensor/resource/sim_microphone_sensor -> /home/anand/whistle_safety_ws/install/sim_microphone_sensor/share/ament_index/resource_index/packages
[1.611s] symbolically linking /home/anand/whistle_safety_ws/build/sim_microphone_sensor/package.xml -> /home/anand/whistle_safety_ws/install/sim_microphone_sensor/share/sim_microphone_sensor
[1.611s] symbolically linking /home/anand/whistle_safety_ws/build/sim_microphone_sensor/launch/microphone_simulator.launch.py -> /home/anand/whistle_safety_ws/install/sim_microphone_sensor/share/sim_microphone_sensor/launch
[1.612s] symbolically linking /home/anand/whistle_safety_ws/build/sim_microphone_sensor/config/microphone_params.yaml -> /home/anand/whistle_safety_ws/install/sim_microphone_sensor/share/sim_microphone_sensor/config
[1.646s] Invoked command in '/home/anand/whistle_safety_ws/build/sim_microphone_sensor' returned '0': PYTHONPATH=/home/anand/whistle_safety_ws/build/sim_microphone_sensor/prefix_override:/usr/lib/python3/dist-packages/colcon_core/task/python/colcon_distutils_commands:/home/anand/whistle_safety_ws/install/sim_microphone_sensor/lib/python3.10/site-packages:${PYTHONPATH} /usr/bin/python3 -W ignore:setup.py install is deprecated -W ignore:easy_install command is deprecated setup.py develop --editable --build-directory /home/anand/whistle_safety_ws/build/sim_microphone_sensor/build --no-deps symlink_data --force
