[0.493s] Invoking command in '/home/anand/whistle_safety_ws/build/whistle_safety_msgs': CMAKE_PREFIX_PATH=${CMAKE_PREFIX_PATH}:/home/anand/whistle_safety_ws/install/zenoh_bridge:/home/anand/whistle_safety_ws/install/alert_manager:/home/anand/whistle_safety_ws/install/whistle_detector:/home/anand/whistle_safety_ws/install/sim_microphone_sensor:/opt/ros/humble /usr/bin/cmake /home/anand/whistle_safety_ws/src/whistle_safety_msgs -DAMENT_CMAKE_SYMLINK_INSTALL=1 -DCMAKE_INSTALL_PREFIX=/home/anand/whistle_safety_ws/install/whistle_safety_msgs
[0.539s] -- The C compiler identification is GNU 11.4.0
[0.591s] -- The CXX compiler identification is GNU 11.4.0
[0.598s] -- Detecting C compiler ABI info
[0.658s] -- Detecting C compiler ABI info - done
[0.665s] -- Check for working C compiler: /usr/bin/cc - skipped
[0.665s] -- Detecting C compile features
[0.666s] -- Detecting C compile features - done
[0.668s] -- Detecting CXX compiler ABI info
[0.743s] -- Detecting CXX compiler ABI info - done
[0.752s] -- Check for working CXX compiler: /usr/bin/c++ - skipped
[0.752s] -- Detecting CXX compile features
[0.752s] -- Detecting CXX compile features - done
[0.756s] -- Found ament_cmake: 1.3.12 (/opt/ros/humble/share/ament_cmake/cmake)
[1.165s] -- Found Python3: /usr/bin/python3 (found version "3.10.12") found components: Interpreter 
[1.234s] -- Override CMake install command with custom implementation using symlinks instead of copying resources
[1.264s] -- Found std_msgs: 4.9.0 (/opt/ros/humble/share/std_msgs/cmake)
[1.309s] -- Found rosidl_generator_c: 3.1.7 (/opt/ros/humble/share/rosidl_generator_c/cmake)
[1.316s] -- Found rosidl_adapter: 3.1.7 (/opt/ros/humble/share/rosidl_adapter/cmake)
[1.327s] -- Found rosidl_generator_cpp: 3.1.7 (/opt/ros/humble/share/rosidl_generator_cpp/cmake)
[1.345s] -- Using all available rosidl_typesupport_c: rosidl_typesupport_fastrtps_c;rosidl_typesupport_introspection_c
[1.370s] -- Using all available rosidl_typesupport_cpp: rosidl_typesupport_fastrtps_cpp;rosidl_typesupport_introspection_cpp
[1.405s] -- Found geometry_msgs: 4.9.0 (/opt/ros/humble/share/geometry_msgs/cmake)
[1.421s] -- Found rosidl_default_generators: 1.2.0 (/opt/ros/humble/share/rosidl_default_generators/cmake)
[1.756s] -- Found ament_cmake_ros: 0.10.0 (/opt/ros/humble/share/ament_cmake_ros/cmake)
[2.149s] -- Using all available rosidl_typesupport_c: rosidl_typesupport_fastrtps_c;rosidl_typesupport_introspection_c
[2.311s] -- Using all available rosidl_typesupport_cpp: rosidl_typesupport_fastrtps_cpp;rosidl_typesupport_introspection_cpp
[2.337s] -- Found PythonInterp: /usr/bin/python3 (found suitable version "3.10.12", minimum required is "3.6") 
[2.339s] -- Found python_cmake_module: 0.10.0 (/opt/ros/humble/share/python_cmake_module/cmake)
[2.361s] -- Found PythonLibs: /usr/lib/x86_64-linux-gnu/libpython3.10.so (found suitable version "3.10.12", minimum required is "3.5") 
[2.361s] -- Using PYTHON_EXECUTABLE: /usr/bin/python3
[2.361s] -- Using PYTHON_INCLUDE_DIRS: /usr/include/python3.10
[2.361s] -- Using PYTHON_LIBRARIES: /usr/lib/x86_64-linux-gnu/libpython3.10.so
[2.382s] -- Found PythonExtra: .so  
[2.488s] -- Configuring done
[2.512s] -- Generating done
[2.520s] -- Build files have been written to: /home/anand/whistle_safety_ws/build/whistle_safety_msgs
[2.524s] Invoked command in '/home/anand/whistle_safety_ws/build/whistle_safety_msgs' returned '0': CMAKE_PREFIX_PATH=${CMAKE_PREFIX_PATH}:/home/anand/whistle_safety_ws/install/zenoh_bridge:/home/anand/whistle_safety_ws/install/alert_manager:/home/anand/whistle_safety_ws/install/whistle_detector:/home/anand/whistle_safety_ws/install/sim_microphone_sensor:/opt/ros/humble /usr/bin/cmake /home/anand/whistle_safety_ws/src/whistle_safety_msgs -DAMENT_CMAKE_SYMLINK_INSTALL=1 -DCMAKE_INSTALL_PREFIX=/home/anand/whistle_safety_ws/install/whistle_safety_msgs
[2.526s] Invoking command in '/home/anand/whistle_safety_ws/build/whistle_safety_msgs': CMAKE_PREFIX_PATH=${CMAKE_PREFIX_PATH}:/home/anand/whistle_safety_ws/install/zenoh_bridge:/home/anand/whistle_safety_ws/install/alert_manager:/home/anand/whistle_safety_ws/install/whistle_detector:/home/anand/whistle_safety_ws/install/sim_microphone_sensor:/opt/ros/humble /usr/bin/cmake --build /home/anand/whistle_safety_ws/build/whistle_safety_msgs -- -j16 -l16
[2.559s] [  2%] [34m[1mGenerating C code for ROS interfaces[0m
[2.569s] [  5%] [34m[1mGenerating C++ code for ROS interfaces[0m
[2.576s] [  5%] Built target ament_cmake_python_symlink_whistle_safety_msgs
[2.747s] running egg_info
[2.758s] creating whistle_safety_msgs.egg-info
[2.758s] writing whistle_safety_msgs.egg-info/PKG-INFO
[2.759s] writing dependency_links to whistle_safety_msgs.egg-info/dependency_links.txt
[2.759s] writing top-level names to whistle_safety_msgs.egg-info/top_level.txt
[2.759s] writing manifest file 'whistle_safety_msgs.egg-info/SOURCES.txt'
[2.795s] reading manifest file 'whistle_safety_msgs.egg-info/SOURCES.txt'
[2.796s] writing manifest file 'whistle_safety_msgs.egg-info/SOURCES.txt'
[2.829s] [  5%] Built target ament_cmake_python_build_whistle_safety_msgs_egg
[2.854s] [  5%] Built target whistle_safety_msgs__cpp
[2.862s] [  7%] [34m[1mGenerating C++ type support dispatch for ROS interfaces[0m
[2.864s] [ 12%] [34m[1mGenerating C++ introspection for ROS interfaces[0m
[2.864s] [ 12%] [34m[1mGenerating C++ type support for eProsima Fast-RTPS[0m
[2.938s] [ 15%] [32mBuilding C object CMakeFiles/whistle_safety_msgs__rosidl_generator_c.dir/rosidl_generator_c/whistle_safety_msgs/msg/detail/audio_level__functions.c.o[0m
[2.940s] [ 17%] [32mBuilding C object CMakeFiles/whistle_safety_msgs__rosidl_generator_c.dir/rosidl_generator_c/whistle_safety_msgs/msg/detail/whistle_alert__functions.c.o[0m
[2.981s] [ 20%] [32m[1mLinking C shared library libwhistle_safety_msgs__rosidl_generator_c.so[0m
[3.014s] [ 20%] Built target whistle_safety_msgs__rosidl_generator_c
[3.025s] [ 28%] [34m[1mGenerating C introspection for ROS interfaces[0m
[3.025s] [ 28%] [34m[1mGenerating C type support dispatch for ROS interfaces[0m
[3.025s] [ 28%] [34m[1mGenerating C type support for eProsima Fast-RTPS[0m
[3.161s] [ 30%] [32mBuilding CXX object CMakeFiles/whistle_safety_msgs__rosidl_typesupport_fastrtps_cpp.dir/rosidl_typesupport_fastrtps_cpp/whistle_safety_msgs/msg/detail/dds_fastrtps/audio_level__type_support.cpp.o[0m
[3.161s] [ 33%] [32mBuilding CXX object CMakeFiles/whistle_safety_msgs__rosidl_typesupport_fastrtps_cpp.dir/rosidl_typesupport_fastrtps_cpp/whistle_safety_msgs/msg/detail/dds_fastrtps/whistle_alert__type_support.cpp.o[0m
[3.167s] [ 35%] [32mBuilding CXX object CMakeFiles/whistle_safety_msgs__rosidl_typesupport_introspection_cpp.dir/rosidl_typesupport_introspection_cpp/whistle_safety_msgs/msg/detail/whistle_alert__type_support.cpp.o[0m
[3.168s] [ 38%] [32mBuilding CXX object CMakeFiles/whistle_safety_msgs__rosidl_typesupport_introspection_cpp.dir/rosidl_typesupport_introspection_cpp/whistle_safety_msgs/msg/detail/audio_level__type_support.cpp.o[0m
[3.293s] [ 43%] [32mBuilding CXX object CMakeFiles/whistle_safety_msgs__rosidl_typesupport_cpp.dir/rosidl_typesupport_cpp/whistle_safety_msgs/msg/whistle_alert__type_support.cpp.o[0m
[3.293s] [ 43%] [32mBuilding CXX object CMakeFiles/whistle_safety_msgs__rosidl_typesupport_cpp.dir/rosidl_typesupport_cpp/whistle_safety_msgs/msg/audio_level__type_support.cpp.o[0m
[3.394s] [ 46%] [32mBuilding C object CMakeFiles/whistle_safety_msgs__rosidl_typesupport_introspection_c.dir/rosidl_typesupport_introspection_c/whistle_safety_msgs/msg/detail/whistle_alert__type_support.c.o[0m
[3.395s] [ 48%] [32mBuilding C object CMakeFiles/whistle_safety_msgs__rosidl_typesupport_introspection_c.dir/rosidl_typesupport_introspection_c/whistle_safety_msgs/msg/detail/audio_level__type_support.c.o[0m
[3.439s] [ 51%] [32m[1mLinking C shared library libwhistle_safety_msgs__rosidl_typesupport_introspection_c.so[0m
[3.465s] [ 53%] [32mBuilding CXX object CMakeFiles/whistle_safety_msgs__rosidl_typesupport_c.dir/rosidl_typesupport_c/whistle_safety_msgs/msg/whistle_alert__type_support.cpp.o[0m
[3.472s] [ 56%] [32mBuilding CXX object CMakeFiles/whistle_safety_msgs__rosidl_typesupport_c.dir/rosidl_typesupport_c/whistle_safety_msgs/msg/audio_level__type_support.cpp.o[0m
[3.481s] [ 56%] Built target whistle_safety_msgs__rosidl_typesupport_introspection_c
[3.488s] [ 58%] [32mBuilding CXX object CMakeFiles/whistle_safety_msgs__rosidl_typesupport_fastrtps_c.dir/rosidl_typesupport_fastrtps_c/whistle_safety_msgs/msg/detail/whistle_alert__type_support_c.cpp.o[0m
[3.489s] [ 61%] [32mBuilding CXX object CMakeFiles/whistle_safety_msgs__rosidl_typesupport_fastrtps_c.dir/rosidl_typesupport_fastrtps_c/whistle_safety_msgs/msg/detail/audio_level__type_support_c.cpp.o[0m
[3.505s] [ 64%] [32m[1mLinking CXX shared library libwhistle_safety_msgs__rosidl_typesupport_c.so[0m
[3.512s] [ 66%] [32m[1mLinking CXX shared library libwhistle_safety_msgs__rosidl_typesupport_fastrtps_cpp.so[0m
[3.538s] [ 66%] Built target whistle_safety_msgs__rosidl_typesupport_c
[3.584s] [ 66%] Built target whistle_safety_msgs__rosidl_typesupport_fastrtps_cpp
[3.620s] [ 69%] [32m[1mLinking CXX shared library libwhistle_safety_msgs__rosidl_typesupport_introspection_cpp.so[0m
[3.630s] [ 71%] [32m[1mLinking CXX shared library libwhistle_safety_msgs__rosidl_typesupport_cpp.so[0m
[3.667s] [ 71%] Built target whistle_safety_msgs__rosidl_typesupport_cpp
[3.680s] [ 71%] Built target whistle_safety_msgs__rosidl_typesupport_introspection_cpp
[3.744s] [ 74%] [32m[1mLinking CXX shared library libwhistle_safety_msgs__rosidl_typesupport_fastrtps_c.so[0m
[3.804s] [ 74%] Built target whistle_safety_msgs__rosidl_typesupport_fastrtps_c
[3.823s] [ 74%] Built target whistle_safety_msgs
[3.841s] [ 76%] [34m[1mGenerating Python code for ROS interfaces[0m
[4.202s] [ 76%] Built target whistle_safety_msgs__py
[4.220s] [ 79%] [32mBuilding C object CMakeFiles/whistle_safety_msgs__rosidl_generator_py.dir/rosidl_generator_py/whistle_safety_msgs/msg/_audio_level_s.c.o[0m
[4.220s] [ 82%] [32mBuilding C object CMakeFiles/whistle_safety_msgs__rosidl_generator_py.dir/rosidl_generator_py/whistle_safety_msgs/msg/_whistle_alert_s.c.o[0m
[4.301s] [ 84%] [32m[1mLinking C shared library rosidl_generator_py/whistle_safety_msgs/libwhistle_safety_msgs__rosidl_generator_py.so[0m
[4.335s] [ 84%] Built target whistle_safety_msgs__rosidl_generator_py
[4.353s] [ 87%] [32mBuilding C object CMakeFiles/whistle_safety_msgs__rosidl_typesupport_fastrtps_c__pyext.dir/rosidl_generator_py/whistle_safety_msgs/_whistle_safety_msgs_s.ep.rosidl_typesupport_fastrtps_c.c.o[0m
[4.354s] [ 89%] [32mBuilding C object CMakeFiles/whistle_safety_msgs__rosidl_typesupport_introspection_c__pyext.dir/rosidl_generator_py/whistle_safety_msgs/_whistle_safety_msgs_s.ep.rosidl_typesupport_introspection_c.c.o[0m
[4.355s] [ 92%] [32mBuilding C object CMakeFiles/whistle_safety_msgs__rosidl_typesupport_c__pyext.dir/rosidl_generator_py/whistle_safety_msgs/_whistle_safety_msgs_s.ep.rosidl_typesupport_c.c.o[0m
[4.424s] [ 94%] [32m[1mLinking C shared library rosidl_generator_py/whistle_safety_msgs/whistle_safety_msgs_s__rosidl_typesupport_fastrtps_c.cpython-310-x86_64-linux-gnu.so[0m
[4.427s] [ 97%] [32m[1mLinking C shared library rosidl_generator_py/whistle_safety_msgs/whistle_safety_msgs_s__rosidl_typesupport_c.cpython-310-x86_64-linux-gnu.so[0m
[4.434s] [100%] [32m[1mLinking C shared library rosidl_generator_py/whistle_safety_msgs/whistle_safety_msgs_s__rosidl_typesupport_introspection_c.cpython-310-x86_64-linux-gnu.so[0m
[4.458s] [100%] Built target whistle_safety_msgs__rosidl_typesupport_fastrtps_c__pyext
[4.465s] [100%] Built target whistle_safety_msgs__rosidl_typesupport_c__pyext
[4.468s] [100%] Built target whistle_safety_msgs__rosidl_typesupport_introspection_c__pyext
[4.480s] Invoked command in '/home/anand/whistle_safety_ws/build/whistle_safety_msgs' returned '0': CMAKE_PREFIX_PATH=${CMAKE_PREFIX_PATH}:/home/anand/whistle_safety_ws/install/zenoh_bridge:/home/anand/whistle_safety_ws/install/alert_manager:/home/anand/whistle_safety_ws/install/whistle_detector:/home/anand/whistle_safety_ws/install/sim_microphone_sensor:/opt/ros/humble /usr/bin/cmake --build /home/anand/whistle_safety_ws/build/whistle_safety_msgs -- -j16 -l16
[4.481s] Invoking command in '/home/anand/whistle_safety_ws/build/whistle_safety_msgs': CMAKE_PREFIX_PATH=${CMAKE_PREFIX_PATH}:/home/anand/whistle_safety_ws/install/zenoh_bridge:/home/anand/whistle_safety_ws/install/alert_manager:/home/anand/whistle_safety_ws/install/whistle_detector:/home/anand/whistle_safety_ws/install/sim_microphone_sensor:/opt/ros/humble /usr/bin/cmake --install /home/anand/whistle_safety_ws/build/whistle_safety_msgs
[4.487s] -- Install configuration: ""
[4.488s] -- Execute custom install script
[4.488s] -- Symlinking: /home/anand/whistle_safety_ws/install/whistle_safety_msgs/share/ament_index/resource_index/rosidl_interfaces/whistle_safety_msgs
[4.497s] -- Symlinking: /home/anand/whistle_safety_ws/install/whistle_safety_msgs/include/whistle_safety_msgs/whistle_safety_msgs/msg/audio_level.h
[4.503s] -- Symlinking: /home/anand/whistle_safety_ws/install/whistle_safety_msgs/include/whistle_safety_msgs/whistle_safety_msgs/msg/detail/audio_level__functions.h
[4.510s] -- Symlinking: /home/anand/whistle_safety_ws/install/whistle_safety_msgs/include/whistle_safety_msgs/whistle_safety_msgs/msg/detail/audio_level__struct.h
[4.516s] -- Symlinking: /home/anand/whistle_safety_ws/install/whistle_safety_msgs/include/whistle_safety_msgs/whistle_safety_msgs/msg/detail/audio_level__type_support.h
[4.525s] -- Symlinking: /home/anand/whistle_safety_ws/install/whistle_safety_msgs/include/whistle_safety_msgs/whistle_safety_msgs/msg/detail/whistle_alert__functions.h
[4.531s] -- Symlinking: /home/anand/whistle_safety_ws/install/whistle_safety_msgs/include/whistle_safety_msgs/whistle_safety_msgs/msg/detail/whistle_alert__struct.h
[4.539s] -- Symlinking: /home/anand/whistle_safety_ws/install/whistle_safety_msgs/include/whistle_safety_msgs/whistle_safety_msgs/msg/detail/whistle_alert__type_support.h
[4.547s] -- Symlinking: /home/anand/whistle_safety_ws/install/whistle_safety_msgs/include/whistle_safety_msgs/whistle_safety_msgs/msg/rosidl_generator_c__visibility_control.h
[4.553s] -- Symlinking: /home/anand/whistle_safety_ws/install/whistle_safety_msgs/include/whistle_safety_msgs/whistle_safety_msgs/msg/whistle_alert.h
[4.559s] -- Symlinking: /home/anand/whistle_safety_ws/install/whistle_safety_msgs/share/whistle_safety_msgs/environment/library_path.sh
[4.566s] -- Symlinking: /home/anand/whistle_safety_ws/install/whistle_safety_msgs/share/whistle_safety_msgs/environment/library_path.dsv
[4.574s] -- Symlinking: /home/anand/whistle_safety_ws/install/whistle_safety_msgs/include/whistle_safety_msgs/whistle_safety_msgs/msg/detail/audio_level__rosidl_typesupport_fastrtps_c.h
[4.581s] -- Symlinking: /home/anand/whistle_safety_ws/install/whistle_safety_msgs/include/whistle_safety_msgs/whistle_safety_msgs/msg/detail/whistle_alert__rosidl_typesupport_fastrtps_c.h
[4.587s] -- Symlinking: /home/anand/whistle_safety_ws/install/whistle_safety_msgs/include/whistle_safety_msgs/whistle_safety_msgs/msg/rosidl_typesupport_fastrtps_c__visibility_control.h
[4.594s] -- Symlinking: /home/anand/whistle_safety_ws/install/whistle_safety_msgs/include/whistle_safety_msgs/whistle_safety_msgs/msg/audio_level.hpp
[4.602s] -- Symlinking: /home/anand/whistle_safety_ws/install/whistle_safety_msgs/include/whistle_safety_msgs/whistle_safety_msgs/msg/detail/audio_level__builder.hpp
[4.608s] -- Symlinking: /home/anand/whistle_safety_ws/install/whistle_safety_msgs/include/whistle_safety_msgs/whistle_safety_msgs/msg/detail/audio_level__struct.hpp
[4.617s] -- Symlinking: /home/anand/whistle_safety_ws/install/whistle_safety_msgs/include/whistle_safety_msgs/whistle_safety_msgs/msg/detail/audio_level__traits.hpp
[4.624s] -- Symlinking: /home/anand/whistle_safety_ws/install/whistle_safety_msgs/include/whistle_safety_msgs/whistle_safety_msgs/msg/detail/audio_level__type_support.hpp
[4.633s] -- Symlinking: /home/anand/whistle_safety_ws/install/whistle_safety_msgs/include/whistle_safety_msgs/whistle_safety_msgs/msg/detail/whistle_alert__builder.hpp
[4.640s] -- Symlinking: /home/anand/whistle_safety_ws/install/whistle_safety_msgs/include/whistle_safety_msgs/whistle_safety_msgs/msg/detail/whistle_alert__struct.hpp
[4.647s] -- Symlinking: /home/anand/whistle_safety_ws/install/whistle_safety_msgs/include/whistle_safety_msgs/whistle_safety_msgs/msg/detail/whistle_alert__traits.hpp
[4.655s] -- Symlinking: /home/anand/whistle_safety_ws/install/whistle_safety_msgs/include/whistle_safety_msgs/whistle_safety_msgs/msg/detail/whistle_alert__type_support.hpp
[4.662s] -- Symlinking: /home/anand/whistle_safety_ws/install/whistle_safety_msgs/include/whistle_safety_msgs/whistle_safety_msgs/msg/rosidl_generator_cpp__visibility_control.hpp
[4.668s] -- Symlinking: /home/anand/whistle_safety_ws/install/whistle_safety_msgs/include/whistle_safety_msgs/whistle_safety_msgs/msg/whistle_alert.hpp
[4.675s] -- Symlinking: /home/anand/whistle_safety_ws/install/whistle_safety_msgs/include/whistle_safety_msgs/whistle_safety_msgs/msg/detail/audio_level__rosidl_typesupport_fastrtps_cpp.hpp
[4.682s] -- Symlinking: /home/anand/whistle_safety_ws/install/whistle_safety_msgs/include/whistle_safety_msgs/whistle_safety_msgs/msg/detail/whistle_alert__rosidl_typesupport_fastrtps_cpp.hpp
[4.689s] -- Symlinking: /home/anand/whistle_safety_ws/install/whistle_safety_msgs/include/whistle_safety_msgs/whistle_safety_msgs/msg/rosidl_typesupport_fastrtps_cpp__visibility_control.h
[4.696s] -- Symlinking: /home/anand/whistle_safety_ws/install/whistle_safety_msgs/include/whistle_safety_msgs/whistle_safety_msgs/msg/detail/audio_level__rosidl_typesupport_introspection_c.h
[4.702s] -- Symlinking: /home/anand/whistle_safety_ws/install/whistle_safety_msgs/include/whistle_safety_msgs/whistle_safety_msgs/msg/detail/whistle_alert__rosidl_typesupport_introspection_c.h
[4.709s] -- Symlinking: /home/anand/whistle_safety_ws/install/whistle_safety_msgs/include/whistle_safety_msgs/whistle_safety_msgs/msg/rosidl_typesupport_introspection_c__visibility_control.h
[4.717s] -- Symlinking: /home/anand/whistle_safety_ws/install/whistle_safety_msgs/include/whistle_safety_msgs/whistle_safety_msgs/msg/detail/audio_level__rosidl_typesupport_introspection_cpp.hpp
[4.724s] -- Symlinking: /home/anand/whistle_safety_ws/install/whistle_safety_msgs/include/whistle_safety_msgs/whistle_safety_msgs/msg/detail/whistle_alert__rosidl_typesupport_introspection_cpp.hpp
[4.730s] -- Symlinking: /home/anand/whistle_safety_ws/install/whistle_safety_msgs/share/whistle_safety_msgs/environment/pythonpath.sh
[4.736s] -- Symlinking: /home/anand/whistle_safety_ws/install/whistle_safety_msgs/share/whistle_safety_msgs/environment/pythonpath.dsv
[4.744s] -- Symlinking: /home/anand/whistle_safety_ws/install/whistle_safety_msgs/local/lib/python3.10/dist-packages/whistle_safety_msgs-0.1.0-py3.10.egg-info/PKG-INFO
[4.751s] -- Symlinking: /home/anand/whistle_safety_ws/install/whistle_safety_msgs/local/lib/python3.10/dist-packages/whistle_safety_msgs-0.1.0-py3.10.egg-info/SOURCES.txt
[4.759s] -- Symlinking: /home/anand/whistle_safety_ws/install/whistle_safety_msgs/local/lib/python3.10/dist-packages/whistle_safety_msgs-0.1.0-py3.10.egg-info/dependency_links.txt
[4.766s] -- Symlinking: /home/anand/whistle_safety_ws/install/whistle_safety_msgs/local/lib/python3.10/dist-packages/whistle_safety_msgs-0.1.0-py3.10.egg-info/top_level.txt
[4.775s] -- Symlinking: /home/anand/whistle_safety_ws/install/whistle_safety_msgs/local/lib/python3.10/dist-packages/whistle_safety_msgs/__init__.py
[4.782s] -- Symlinking: /home/anand/whistle_safety_ws/install/whistle_safety_msgs/local/lib/python3.10/dist-packages/whistle_safety_msgs/_whistle_safety_msgs_s.ep.rosidl_typesupport_c.c
[4.789s] -- Symlinking: /home/anand/whistle_safety_ws/install/whistle_safety_msgs/local/lib/python3.10/dist-packages/whistle_safety_msgs/_whistle_safety_msgs_s.ep.rosidl_typesupport_fastrtps_c.c
[4.795s] -- Symlinking: /home/anand/whistle_safety_ws/install/whistle_safety_msgs/local/lib/python3.10/dist-packages/whistle_safety_msgs/_whistle_safety_msgs_s.ep.rosidl_typesupport_introspection_c.c
[4.802s] -- Symlinking: /home/anand/whistle_safety_ws/install/whistle_safety_msgs/local/lib/python3.10/dist-packages/whistle_safety_msgs/libwhistle_safety_msgs__rosidl_generator_py.so
[4.809s] -- Symlinking: /home/anand/whistle_safety_ws/install/whistle_safety_msgs/local/lib/python3.10/dist-packages/whistle_safety_msgs/msg/__init__.py
[4.815s] -- Symlinking: /home/anand/whistle_safety_ws/install/whistle_safety_msgs/local/lib/python3.10/dist-packages/whistle_safety_msgs/msg/_audio_level.py
[4.823s] -- Symlinking: /home/anand/whistle_safety_ws/install/whistle_safety_msgs/local/lib/python3.10/dist-packages/whistle_safety_msgs/msg/_audio_level_s.c
[4.830s] -- Symlinking: /home/anand/whistle_safety_ws/install/whistle_safety_msgs/local/lib/python3.10/dist-packages/whistle_safety_msgs/msg/_whistle_alert.py
[4.837s] -- Symlinking: /home/anand/whistle_safety_ws/install/whistle_safety_msgs/local/lib/python3.10/dist-packages/whistle_safety_msgs/msg/_whistle_alert_s.c
[4.843s] -- Symlinking: /home/anand/whistle_safety_ws/install/whistle_safety_msgs/local/lib/python3.10/dist-packages/whistle_safety_msgs/whistle_safety_msgs_s__rosidl_typesupport_c.cpython-310-x86_64-linux-gnu.so
[4.850s] -- Symlinking: /home/anand/whistle_safety_ws/install/whistle_safety_msgs/local/lib/python3.10/dist-packages/whistle_safety_msgs/whistle_safety_msgs_s__rosidl_typesupport_fastrtps_c.cpython-310-x86_64-linux-gnu.so
[4.857s] -- Symlinking: /home/anand/whistle_safety_ws/install/whistle_safety_msgs/local/lib/python3.10/dist-packages/whistle_safety_msgs/whistle_safety_msgs_s__rosidl_typesupport_introspection_c.cpython-310-x86_64-linux-gnu.so
[4.865s] -- Up-to-date symlink: /home/anand/whistle_safety_ws/install/whistle_safety_msgs/local/lib/python3.10/dist-packages/whistle_safety_msgs/whistle_safety_msgs_s__rosidl_typesupport_fastrtps_c.cpython-310-x86_64-linux-gnu.so
[4.865s] -- Up-to-date symlink: /home/anand/whistle_safety_ws/install/whistle_safety_msgs/local/lib/python3.10/dist-packages/whistle_safety_msgs/whistle_safety_msgs_s__rosidl_typesupport_introspection_c.cpython-310-x86_64-linux-gnu.so
[4.865s] -- Up-to-date symlink: /home/anand/whistle_safety_ws/install/whistle_safety_msgs/local/lib/python3.10/dist-packages/whistle_safety_msgs/whistle_safety_msgs_s__rosidl_typesupport_c.cpython-310-x86_64-linux-gnu.so
[4.865s] -- Symlinking: /home/anand/whistle_safety_ws/install/whistle_safety_msgs/share/whistle_safety_msgs/msg/WhistleAlert.idl
[4.873s] -- Symlinking: /home/anand/whistle_safety_ws/install/whistle_safety_msgs/share/whistle_safety_msgs/msg/AudioLevel.idl
[4.880s] -- Symlinking: /home/anand/whistle_safety_ws/install/whistle_safety_msgs/share/whistle_safety_msgs/msg/WhistleAlert.msg
[4.887s] -- Symlinking: /home/anand/whistle_safety_ws/install/whistle_safety_msgs/share/whistle_safety_msgs/msg/AudioLevel.msg
[4.895s] -- Symlinking: /home/anand/whistle_safety_ws/install/whistle_safety_msgs/share/ament_index/resource_index/package_run_dependencies/whistle_safety_msgs
[4.902s] -- Symlinking: /home/anand/whistle_safety_ws/install/whistle_safety_msgs/share/ament_index/resource_index/parent_prefix_path/whistle_safety_msgs
[4.909s] -- Symlinking: /home/anand/whistle_safety_ws/install/whistle_safety_msgs/share/whistle_safety_msgs/environment/ament_prefix_path.sh
[4.917s] -- Symlinking: /home/anand/whistle_safety_ws/install/whistle_safety_msgs/share/whistle_safety_msgs/environment/ament_prefix_path.dsv
[4.924s] -- Symlinking: /home/anand/whistle_safety_ws/install/whistle_safety_msgs/share/whistle_safety_msgs/environment/path.sh
[4.931s] -- Symlinking: /home/anand/whistle_safety_ws/install/whistle_safety_msgs/share/whistle_safety_msgs/environment/path.dsv
[4.939s] -- Symlinking: /home/anand/whistle_safety_ws/install/whistle_safety_msgs/share/whistle_safety_msgs/local_setup.bash
[4.946s] -- Symlinking: /home/anand/whistle_safety_ws/install/whistle_safety_msgs/share/whistle_safety_msgs/local_setup.sh
[4.954s] -- Symlinking: /home/anand/whistle_safety_ws/install/whistle_safety_msgs/share/whistle_safety_msgs/local_setup.zsh
[4.961s] -- Symlinking: /home/anand/whistle_safety_ws/install/whistle_safety_msgs/share/whistle_safety_msgs/local_setup.dsv
[4.969s] -- Symlinking: /home/anand/whistle_safety_ws/install/whistle_safety_msgs/share/whistle_safety_msgs/package.dsv
[4.976s] -- Symlinking: /home/anand/whistle_safety_ws/install/whistle_safety_msgs/share/ament_index/resource_index/packages/whistle_safety_msgs
[4.982s] -- Symlinking: /home/anand/whistle_safety_ws/install/whistle_safety_msgs/share/whistle_safety_msgs/cmake/rosidl_cmake-extras.cmake
[4.990s] -- Symlinking: /home/anand/whistle_safety_ws/install/whistle_safety_msgs/share/whistle_safety_msgs/cmake/ament_cmake_export_dependencies-extras.cmake
[4.997s] -- Symlinking: /home/anand/whistle_safety_ws/install/whistle_safety_msgs/share/whistle_safety_msgs/cmake/ament_cmake_export_include_directories-extras.cmake
[5.004s] -- Symlinking: /home/anand/whistle_safety_ws/install/whistle_safety_msgs/share/whistle_safety_msgs/cmake/ament_cmake_export_libraries-extras.cmake
[5.010s] -- Symlinking: /home/anand/whistle_safety_ws/install/whistle_safety_msgs/share/whistle_safety_msgs/cmake/ament_cmake_export_targets-extras.cmake
[5.017s] -- Symlinking: /home/anand/whistle_safety_ws/install/whistle_safety_msgs/share/whistle_safety_msgs/cmake/rosidl_cmake_export_typesupport_targets-extras.cmake
[5.023s] -- Symlinking: /home/anand/whistle_safety_ws/install/whistle_safety_msgs/share/whistle_safety_msgs/cmake/rosidl_cmake_export_typesupport_libraries-extras.cmake
[5.032s] -- Symlinking: /home/anand/whistle_safety_ws/install/whistle_safety_msgs/share/whistle_safety_msgs/cmake/whistle_safety_msgsConfig.cmake
[5.040s] -- Symlinking: /home/anand/whistle_safety_ws/install/whistle_safety_msgs/share/whistle_safety_msgs/cmake/whistle_safety_msgsConfig-version.cmake
[5.047s] -- Symlinking: /home/anand/whistle_safety_ws/install/whistle_safety_msgs/share/whistle_safety_msgs/package.xml
[5.054s] -- Installing: /home/anand/whistle_safety_ws/install/whistle_safety_msgs/lib/libwhistle_safety_msgs__rosidl_generator_c.so
[5.054s] -- Set runtime path of "/home/anand/whistle_safety_ws/install/whistle_safety_msgs/lib/libwhistle_safety_msgs__rosidl_generator_c.so" to ""
[5.054s] -- Installing: /home/anand/whistle_safety_ws/install/whistle_safety_msgs/lib/libwhistle_safety_msgs__rosidl_typesupport_fastrtps_c.so
[5.055s] -- Set runtime path of "/home/anand/whistle_safety_ws/install/whistle_safety_msgs/lib/libwhistle_safety_msgs__rosidl_typesupport_fastrtps_c.so" to ""
[5.055s] -- Installing: /home/anand/whistle_safety_ws/install/whistle_safety_msgs/lib/libwhistle_safety_msgs__rosidl_typesupport_fastrtps_cpp.so
[5.055s] -- Set runtime path of "/home/anand/whistle_safety_ws/install/whistle_safety_msgs/lib/libwhistle_safety_msgs__rosidl_typesupport_fastrtps_cpp.so" to ""
[5.055s] -- Installing: /home/anand/whistle_safety_ws/install/whistle_safety_msgs/lib/libwhistle_safety_msgs__rosidl_typesupport_introspection_c.so
[5.055s] -- Set runtime path of "/home/anand/whistle_safety_ws/install/whistle_safety_msgs/lib/libwhistle_safety_msgs__rosidl_typesupport_introspection_c.so" to ""
[5.056s] -- Installing: /home/anand/whistle_safety_ws/install/whistle_safety_msgs/lib/libwhistle_safety_msgs__rosidl_typesupport_c.so
[5.056s] -- Set runtime path of "/home/anand/whistle_safety_ws/install/whistle_safety_msgs/lib/libwhistle_safety_msgs__rosidl_typesupport_c.so" to ""
[5.056s] -- Installing: /home/anand/whistle_safety_ws/install/whistle_safety_msgs/lib/libwhistle_safety_msgs__rosidl_typesupport_introspection_cpp.so
[5.056s] -- Set runtime path of "/home/anand/whistle_safety_ws/install/whistle_safety_msgs/lib/libwhistle_safety_msgs__rosidl_typesupport_introspection_cpp.so" to ""
[5.056s] -- Installing: /home/anand/whistle_safety_ws/install/whistle_safety_msgs/lib/libwhistle_safety_msgs__rosidl_typesupport_cpp.so
[5.057s] -- Set runtime path of "/home/anand/whistle_safety_ws/install/whistle_safety_msgs/lib/libwhistle_safety_msgs__rosidl_typesupport_cpp.so" to ""
[5.087s] Listing '/home/anand/whistle_safety_ws/install/whistle_safety_msgs/local/lib/python3.10/dist-packages/whistle_safety_msgs'...
[5.087s] Compiling '/home/anand/whistle_safety_ws/install/whistle_safety_msgs/local/lib/python3.10/dist-packages/whistle_safety_msgs/__init__.py'...
[5.087s] Listing '/home/anand/whistle_safety_ws/install/whistle_safety_msgs/local/lib/python3.10/dist-packages/whistle_safety_msgs/msg'...
[5.087s] Compiling '/home/anand/whistle_safety_ws/install/whistle_safety_msgs/local/lib/python3.10/dist-packages/whistle_safety_msgs/msg/__init__.py'...
[5.087s] Compiling '/home/anand/whistle_safety_ws/install/whistle_safety_msgs/local/lib/python3.10/dist-packages/whistle_safety_msgs/msg/_audio_level.py'...
[5.087s] Compiling '/home/anand/whistle_safety_ws/install/whistle_safety_msgs/local/lib/python3.10/dist-packages/whistle_safety_msgs/msg/_whistle_alert.py'...
[5.091s] -- Installing: /home/anand/whistle_safety_ws/install/whistle_safety_msgs/lib/libwhistle_safety_msgs__rosidl_generator_py.so
[5.091s] -- Set runtime path of "/home/anand/whistle_safety_ws/install/whistle_safety_msgs/lib/libwhistle_safety_msgs__rosidl_generator_py.so" to ""
[5.091s] -- Installing: /home/anand/whistle_safety_ws/install/whistle_safety_msgs/share/whistle_safety_msgs/cmake/export_whistle_safety_msgs__rosidl_generator_cExport.cmake
[5.091s] -- Installing: /home/anand/whistle_safety_ws/install/whistle_safety_msgs/share/whistle_safety_msgs/cmake/export_whistle_safety_msgs__rosidl_generator_cExport-noconfig.cmake
[5.091s] -- Installing: /home/anand/whistle_safety_ws/install/whistle_safety_msgs/share/whistle_safety_msgs/cmake/export_whistle_safety_msgs__rosidl_typesupport_fastrtps_cExport.cmake
[5.092s] -- Installing: /home/anand/whistle_safety_ws/install/whistle_safety_msgs/share/whistle_safety_msgs/cmake/export_whistle_safety_msgs__rosidl_typesupport_fastrtps_cExport-noconfig.cmake
[5.092s] -- Installing: /home/anand/whistle_safety_ws/install/whistle_safety_msgs/share/whistle_safety_msgs/cmake/export_whistle_safety_msgs__rosidl_generator_cppExport.cmake
[5.092s] -- Installing: /home/anand/whistle_safety_ws/install/whistle_safety_msgs/share/whistle_safety_msgs/cmake/export_whistle_safety_msgs__rosidl_typesupport_fastrtps_cppExport.cmake
[5.092s] -- Installing: /home/anand/whistle_safety_ws/install/whistle_safety_msgs/share/whistle_safety_msgs/cmake/export_whistle_safety_msgs__rosidl_typesupport_fastrtps_cppExport-noconfig.cmake
[5.092s] -- Installing: /home/anand/whistle_safety_ws/install/whistle_safety_msgs/share/whistle_safety_msgs/cmake/whistle_safety_msgs__rosidl_typesupport_introspection_cExport.cmake
[5.092s] -- Installing: /home/anand/whistle_safety_ws/install/whistle_safety_msgs/share/whistle_safety_msgs/cmake/whistle_safety_msgs__rosidl_typesupport_introspection_cExport-noconfig.cmake
[5.092s] -- Installing: /home/anand/whistle_safety_ws/install/whistle_safety_msgs/share/whistle_safety_msgs/cmake/whistle_safety_msgs__rosidl_typesupport_cExport.cmake
[5.092s] -- Installing: /home/anand/whistle_safety_ws/install/whistle_safety_msgs/share/whistle_safety_msgs/cmake/whistle_safety_msgs__rosidl_typesupport_cExport-noconfig.cmake
[5.092s] -- Installing: /home/anand/whistle_safety_ws/install/whistle_safety_msgs/share/whistle_safety_msgs/cmake/whistle_safety_msgs__rosidl_typesupport_introspection_cppExport.cmake
[5.092s] -- Installing: /home/anand/whistle_safety_ws/install/whistle_safety_msgs/share/whistle_safety_msgs/cmake/whistle_safety_msgs__rosidl_typesupport_introspection_cppExport-noconfig.cmake
[5.092s] -- Installing: /home/anand/whistle_safety_ws/install/whistle_safety_msgs/share/whistle_safety_msgs/cmake/whistle_safety_msgs__rosidl_typesupport_cppExport.cmake
[5.092s] -- Installing: /home/anand/whistle_safety_ws/install/whistle_safety_msgs/share/whistle_safety_msgs/cmake/whistle_safety_msgs__rosidl_typesupport_cppExport-noconfig.cmake
[5.093s] -- Installing: /home/anand/whistle_safety_ws/install/whistle_safety_msgs/share/whistle_safety_msgs/cmake/export_whistle_safety_msgs__rosidl_generator_pyExport.cmake
[5.093s] -- Installing: /home/anand/whistle_safety_ws/install/whistle_safety_msgs/share/whistle_safety_msgs/cmake/export_whistle_safety_msgs__rosidl_generator_pyExport-noconfig.cmake
[5.094s] Invoked command in '/home/anand/whistle_safety_ws/build/whistle_safety_msgs' returned '0': CMAKE_PREFIX_PATH=${CMAKE_PREFIX_PATH}:/home/anand/whistle_safety_ws/install/zenoh_bridge:/home/anand/whistle_safety_ws/install/alert_manager:/home/anand/whistle_safety_ws/install/whistle_detector:/home/anand/whistle_safety_ws/install/sim_microphone_sensor:/opt/ros/humble /usr/bin/cmake --install /home/anand/whistle_safety_ws/build/whistle_safety_msgs
