/home/anand/whistle_safety_ws/install/whistle_detector/lib/python3.10/site-packages/whistle_detector/sound_source_visualizer.py
/home/anand/whistle_safety_ws/install/whistle_detector/lib/python3.10/site-packages/whistle_detector/autonomous_responder.py
/home/anand/whistle_safety_ws/install/whistle_detector/lib/python3.10/site-packages/whistle_detector/whistle_detector_node.py
/home/anand/whistle_safety_ws/install/whistle_detector/lib/python3.10/site-packages/whistle_detector/__init__.py
/home/anand/whistle_safety_ws/install/whistle_detector/lib/python3.10/site-packages/whistle_detector/__pycache__/sound_source_visualizer.cpython-310.pyc
/home/anand/whistle_safety_ws/install/whistle_detector/lib/python3.10/site-packages/whistle_detector/__pycache__/autonomous_responder.cpython-310.pyc
/home/anand/whistle_safety_ws/install/whistle_detector/lib/python3.10/site-packages/whistle_detector/__pycache__/whistle_detector_node.cpython-310.pyc
/home/anand/whistle_safety_ws/install/whistle_detector/lib/python3.10/site-packages/whistle_detector/__pycache__/__init__.cpython-310.pyc
/home/anand/whistle_safety_ws/install/whistle_detector/share/ament_index/resource_index/packages/whistle_detector
/home/anand/whistle_safety_ws/install/whistle_detector/share/whistle_detector/package.xml
/home/anand/whistle_safety_ws/install/whistle_detector/share/whistle_detector/launch/rviz.launch.py
/home/anand/whistle_safety_ws/install/whistle_detector/share/whistle_detector/launch/whistle_detector.launch.py
/home/anand/whistle_safety_ws/install/whistle_detector/share/whistle_detector/launch/adaptive_sound_follower.launch.py
/home/anand/whistle_safety_ws/install/whistle_detector/share/whistle_detector/config/detector_params.yaml
/home/anand/whistle_safety_ws/install/whistle_detector/share/whistle_detector/rviz/whistle_follower.rviz
/home/anand/whistle_safety_ws/install/whistle_detector/lib/python3.10/site-packages/whistle_detector-0.1.0-py3.10.egg-info/requires.txt
/home/anand/whistle_safety_ws/install/whistle_detector/lib/python3.10/site-packages/whistle_detector-0.1.0-py3.10.egg-info/zip-safe
/home/anand/whistle_safety_ws/install/whistle_detector/lib/python3.10/site-packages/whistle_detector-0.1.0-py3.10.egg-info/top_level.txt
/home/anand/whistle_safety_ws/install/whistle_detector/lib/python3.10/site-packages/whistle_detector-0.1.0-py3.10.egg-info/entry_points.txt
/home/anand/whistle_safety_ws/install/whistle_detector/lib/python3.10/site-packages/whistle_detector-0.1.0-py3.10.egg-info/dependency_links.txt
/home/anand/whistle_safety_ws/install/whistle_detector/lib/python3.10/site-packages/whistle_detector-0.1.0-py3.10.egg-info/SOURCES.txt
/home/anand/whistle_safety_ws/install/whistle_detector/lib/python3.10/site-packages/whistle_detector-0.1.0-py3.10.egg-info/PKG-INFO
/home/anand/whistle_safety_ws/install/whistle_detector/lib/whistle_detector/autonomous_responder
/home/anand/whistle_safety_ws/install/whistle_detector/lib/whistle_detector/sound_source_visualizer
/home/anand/whistle_safety_ws/install/whistle_detector/lib/whistle_detector/whistle_detector_node
