[1.495s] Invoking command in '/home/anand/whistle_safety_ws/build/whistle_nav_controller': PYTHONPATH=/home/anand/whistle_safety_ws/build/whistle_nav_controller/prefix_override:/usr/lib/python3/dist-packages/colcon_core/task/python/colcon_distutils_commands:/home/anand/whistle_safety_ws/install/whistle_nav_controller/lib/python3.10/site-packages:${PYTHONPATH} /usr/bin/python3 -W ignore:setup.py install is deprecated -W ignore:easy_install command is deprecated setup.py develop --editable --build-directory /home/anand/whistle_safety_ws/build/whistle_nav_controller/build --no-deps symlink_data
[1.969s] running develop
[2.289s] running egg_info
[2.307s] creating whistle_nav_controller.egg-info
[2.307s] writing whistle_nav_controller.egg-info/PKG-INFO
[2.307s] writing dependency_links to whistle_nav_controller.egg-info/dependency_links.txt
[2.308s] writing requirements to whistle_nav_controller.egg-info/requires.txt
[2.308s] writing top-level names to whistle_nav_controller.egg-info/top_level.txt
[2.308s] writing manifest file 'whistle_nav_controller.egg-info/SOURCES.txt'
[2.333s] reading manifest file 'whistle_nav_controller.egg-info/SOURCES.txt'
[2.334s] writing manifest file 'whistle_nav_controller.egg-info/SOURCES.txt'
[2.348s] running build_ext
[2.348s] Creating /home/anand/whistle_safety_ws/install/whistle_nav_controller/lib/python3.10/site-packages/whistle-nav-controller.egg-link (link to .)
[2.349s] 
[2.349s] Installed /home/anand/whistle_safety_ws/build/whistle_nav_controller
[2.349s] running symlink_data
[2.349s] creating /home/anand/whistle_safety_ws/install/whistle_nav_controller/share/ament_index/resource_index/packages
[2.349s] symbolically linking /home/anand/whistle_safety_ws/build/whistle_nav_controller/resource/whistle_nav_controller -> /home/anand/whistle_safety_ws/install/whistle_nav_controller/share/ament_index/resource_index/packages
[2.349s] symbolically linking /home/anand/whistle_safety_ws/build/whistle_nav_controller/package.xml -> /home/anand/whistle_safety_ws/install/whistle_nav_controller/share/whistle_nav_controller
[2.392s] Invoked command in '/home/anand/whistle_safety_ws/build/whistle_nav_controller' returned '0': PYTHONPATH=/home/anand/whistle_safety_ws/build/whistle_nav_controller/prefix_override:/usr/lib/python3/dist-packages/colcon_core/task/python/colcon_distutils_commands:/home/anand/whistle_safety_ws/install/whistle_nav_controller/lib/python3.10/site-packages:${PYTHONPATH} /usr/bin/python3 -W ignore:setup.py install is deprecated -W ignore:easy_install command is deprecated setup.py develop --editable --build-directory /home/anand/whistle_safety_ws/build/whistle_nav_controller/build --no-deps symlink_data
