[1.119s] Invoking command in '/home/anand/whistle_safety_ws/src/whistle_detector': PYTHONPATH=/home/anand/whistle_safety_ws/build/whistle_detector/prefix_override:/usr/lib/python3/dist-packages/colcon_core/task/python/colcon_distutils_commands:/home/anand/whistle_safety_ws/install/whistle_detector/lib/python3.10/site-packages:${PYTHONPATH} /usr/bin/python3 -W ignore:setup.py install is deprecated -W ignore:easy_install command is deprecated setup.py egg_info --egg-base ../../build/whistle_detector build --build-base /home/anand/whistle_safety_ws/build/whistle_detector/build install --record /home/anand/whistle_safety_ws/build/whistle_detector/install.log --single-version-externally-managed install_data
[1.434s] running egg_info
[1.448s] writing ../../build/whistle_detector/whistle_detector.egg-info/PKG-INFO
[1.448s] writing dependency_links to ../../build/whistle_detector/whistle_detector.egg-info/dependency_links.txt
[1.448s] writing entry points to ../../build/whistle_detector/whistle_detector.egg-info/entry_points.txt
[1.449s] writing requirements to ../../build/whistle_detector/whistle_detector.egg-info/requires.txt
[1.449s] writing top-level names to ../../build/whistle_detector/whistle_detector.egg-info/top_level.txt
[1.503s] reading manifest file '../../build/whistle_detector/whistle_detector.egg-info/SOURCES.txt'
[1.506s] writing manifest file '../../build/whistle_detector/whistle_detector.egg-info/SOURCES.txt'
[1.506s] running build
[1.506s] running build_py
[1.506s] copying whistle_detector/autonomous_responder.py -> /home/anand/whistle_safety_ws/build/whistle_detector/build/lib/whistle_detector
[1.507s] copying whistle_detector/whistle_detector_node.py -> /home/anand/whistle_safety_ws/build/whistle_detector/build/lib/whistle_detector
[1.507s] copying whistle_detector/__init__.py -> /home/anand/whistle_safety_ws/build/whistle_detector/build/lib/whistle_detector
[1.508s] running install
[1.513s] running install_lib
[1.533s] running install_data
[1.533s] copying resource/whistle_detector -> /home/anand/whistle_safety_ws/install/whistle_detector/share/ament_index/resource_index/packages
[1.534s] copying package.xml -> /home/anand/whistle_safety_ws/install/whistle_detector/share/whistle_detector
[1.534s] copying launch/whistle_detector.launch.py -> /home/anand/whistle_safety_ws/install/whistle_detector/share/whistle_detector/launch
[1.534s] copying config/detector_params.yaml -> /home/anand/whistle_safety_ws/install/whistle_detector/share/whistle_detector/config
[1.534s] running install_egg_info
[1.552s] removing '/home/anand/whistle_safety_ws/install/whistle_detector/lib/python3.10/site-packages/whistle_detector-0.1.0-py3.10.egg-info' (and everything under it)
[1.552s] Copying ../../build/whistle_detector/whistle_detector.egg-info to /home/anand/whistle_safety_ws/install/whistle_detector/lib/python3.10/site-packages/whistle_detector-0.1.0-py3.10.egg-info
[1.553s] running install_scripts
[1.713s] Installing autonomous_responder script to /home/anand/whistle_safety_ws/install/whistle_detector/lib/whistle_detector
[1.714s] Installing whistle_detector_node script to /home/anand/whistle_safety_ws/install/whistle_detector/lib/whistle_detector
[1.714s] writing list of installed files to '/home/anand/whistle_safety_ws/build/whistle_detector/install.log'
[1.750s] Invoked command in '/home/anand/whistle_safety_ws/src/whistle_detector' returned '0': PYTHONPATH=/home/anand/whistle_safety_ws/build/whistle_detector/prefix_override:/usr/lib/python3/dist-packages/colcon_core/task/python/colcon_distutils_commands:/home/anand/whistle_safety_ws/install/whistle_detector/lib/python3.10/site-packages:${PYTHONPATH} /usr/bin/python3 -W ignore:setup.py install is deprecated -W ignore:easy_install command is deprecated setup.py egg_info --egg-base ../../build/whistle_detector build --build-base /home/anand/whistle_safety_ws/build/whistle_detector/build install --record /home/anand/whistle_safety_ws/build/whistle_detector/install.log --single-version-externally-managed install_data
