[1.426s] Invoking command in '/home/anand/whistle_safety_ws/src/zenoh_bridge': PYTHONPATH=/home/anand/whistle_safety_ws/build/zenoh_bridge/prefix_override:/usr/lib/python3/dist-packages/colcon_core/task/python/colcon_distutils_commands:/home/anand/whistle_safety_ws/install/zenoh_bridge/lib/python3.10/site-packages:${PYTHONPATH} /usr/bin/python3 -W ignore:setup.py install is deprecated -W ignore:easy_install command is deprecated setup.py egg_info --egg-base ../../build/zenoh_bridge build --build-base /home/anand/whistle_safety_ws/build/zenoh_bridge/build install --record /home/anand/whistle_safety_ws/build/zenoh_bridge/install.log --single-version-externally-managed install_data
[1.768s] running egg_info
[1.788s] writing ../../build/zenoh_bridge/zenoh_bridge.egg-info/PKG-INFO
[1.789s] writing dependency_links to ../../build/zenoh_bridge/zenoh_bridge.egg-info/dependency_links.txt
[1.789s] writing entry points to ../../build/zenoh_bridge/zenoh_bridge.egg-info/entry_points.txt
[1.790s] writing requirements to ../../build/zenoh_bridge/zenoh_bridge.egg-info/requires.txt
[1.790s] writing top-level names to ../../build/zenoh_bridge/zenoh_bridge.egg-info/top_level.txt
[1.845s] reading manifest file '../../build/zenoh_bridge/zenoh_bridge.egg-info/SOURCES.txt'
[1.847s] writing manifest file '../../build/zenoh_bridge/zenoh_bridge.egg-info/SOURCES.txt'
[1.848s] running build
[1.848s] running build_py
[1.848s] copying zenoh_bridge/zenoh_bridge_node.py -> /home/anand/whistle_safety_ws/build/zenoh_bridge/build/lib/zenoh_bridge
[1.848s] copying zenoh_bridge/__init__.py -> /home/anand/whistle_safety_ws/build/zenoh_bridge/build/lib/zenoh_bridge
[1.849s] running install
[1.854s] running install_lib
[1.882s] running install_data
[1.883s] copying resource/zenoh_bridge -> /home/anand/whistle_safety_ws/install/zenoh_bridge/share/ament_index/resource_index/packages
[1.883s] copying package.xml -> /home/anand/whistle_safety_ws/install/zenoh_bridge/share/zenoh_bridge
[1.883s] copying launch/zenoh_bridge.launch.py -> /home/anand/whistle_safety_ws/install/zenoh_bridge/share/zenoh_bridge/launch
[1.884s] copying config/zenoh_params.yaml -> /home/anand/whistle_safety_ws/install/zenoh_bridge/share/zenoh_bridge/config
[1.884s] copying scripts/cloud_subscriber.py -> /home/anand/whistle_safety_ws/install/zenoh_bridge/share/zenoh_bridge/scripts
[1.884s] running install_egg_info
[1.915s] removing '/home/anand/whistle_safety_ws/install/zenoh_bridge/lib/python3.10/site-packages/zenoh_bridge-0.1.0-py3.10.egg-info' (and everything under it)
[1.915s] Copying ../../build/zenoh_bridge/zenoh_bridge.egg-info to /home/anand/whistle_safety_ws/install/zenoh_bridge/lib/python3.10/site-packages/zenoh_bridge-0.1.0-py3.10.egg-info
[1.917s] running install_scripts
[2.086s] Installing zenoh_bridge_node script to /home/anand/whistle_safety_ws/install/zenoh_bridge/lib/zenoh_bridge
[2.086s] writing list of installed files to '/home/anand/whistle_safety_ws/build/zenoh_bridge/install.log'
[2.119s] Invoked command in '/home/anand/whistle_safety_ws/src/zenoh_bridge' returned '0': PYTHONPATH=/home/anand/whistle_safety_ws/build/zenoh_bridge/prefix_override:/usr/lib/python3/dist-packages/colcon_core/task/python/colcon_distutils_commands:/home/anand/whistle_safety_ws/install/zenoh_bridge/lib/python3.10/site-packages:${PYTHONPATH} /usr/bin/python3 -W ignore:setup.py install is deprecated -W ignore:easy_install command is deprecated setup.py egg_info --egg-base ../../build/zenoh_bridge build --build-base /home/anand/whistle_safety_ws/build/zenoh_bridge/build install --record /home/anand/whistle_safety_ws/build/zenoh_bridge/install.log --single-version-externally-managed install_data
