[0.218s] DEBUG:colcon:Command line arguments: ['/usr/bin/colcon', 'build', '--symlink-install']
[0.218s] DEBUG:colcon:Parsed command line arguments: Namespace(log_base=None, log_level=None, verb_name='build', build_base='build', install_base='install', merge_install=False, symlink_install=True, test_result_base=None, continue_on_error=False, executor='parallel', parallel_workers=16, event_handlers=None, ignore_user_meta=False, metas=['./colcon.meta'], base_paths=['.'], packages_ignore=None, packages_ignore_regex=None, paths=None, packages_up_to=None, packages_up_to_regex=None, packages_above=None, packages_above_and_dependencies=None, packages_above_depth=None, packages_select_by_dep=None, packages_skip_by_dep=None, packages_skip_up_to=None, packages_select_build_failed=False, packages_skip_build_finished=False, packages_select_test_failures=False, packages_skip_test_passed=False, packages_select=None, packages_skip=None, packages_select_regex=None, packages_skip_regex=None, packages_start=None, packages_end=None, allow_overriding=[], cmake_args=None, cmake_target=None, cmake_target_skip_unavailable=False, cmake_clean_cache=False, cmake_clean_first=False, cmake_force_configure=False, ament_cmake_args=None, catkin_cmake_args=None, catkin_skip_building_tests=False, mixin_files=None, mixin=None, verb_parser=<colcon_mixin.mixin.mixin_argument.MixinArgumentDecorator object at 0x77ba5f69c220>, verb_extension=<colcon_core.verb.build.BuildVerb object at 0x77ba5f65fbb0>, main=<bound method BuildVerb.main of <colcon_core.verb.build.BuildVerb object at 0x77ba5f65fbb0>>, mixin_verb=('build',))
[0.257s] Level 1:colcon.colcon_core.package_discovery:discover_packages(colcon_meta) check parameters
[0.257s] Level 1:colcon.colcon_core.package_discovery:discover_packages(recursive) check parameters
[0.257s] Level 1:colcon.colcon_core.package_discovery:discover_packages(ignore) check parameters
[0.257s] Level 1:colcon.colcon_core.package_discovery:discover_packages(path) check parameters
[0.257s] Level 1:colcon.colcon_core.package_discovery:discover_packages(colcon_meta) discover
[0.257s] Level 1:colcon.colcon_core.package_discovery:discover_packages(recursive) discover
[0.257s] INFO:colcon.colcon_core.package_discovery:Crawling recursively for packages in '/home/anand/whistle_safety_ws'
[0.257s] Level 1:colcon.colcon_core.package_identification:_identify(.) by extensions ['ignore', 'ignore_ament_install']
[0.257s] Level 1:colcon.colcon_core.package_identification:_identify(.) by extension 'ignore'
[0.257s] Level 1:colcon.colcon_core.package_identification:_identify(.) by extension 'ignore_ament_install'
[0.257s] Level 1:colcon.colcon_core.package_identification:_identify(.) by extensions ['colcon_pkg']
[0.257s] Level 1:colcon.colcon_core.package_identification:_identify(.) by extension 'colcon_pkg'
[0.257s] Level 1:colcon.colcon_core.package_identification:_identify(.) by extensions ['colcon_meta']
[0.257s] Level 1:colcon.colcon_core.package_identification:_identify(.) by extension 'colcon_meta'
[0.257s] Level 1:colcon.colcon_core.package_identification:_identify(.) by extensions ['ros']
[0.257s] Level 1:colcon.colcon_core.package_identification:_identify(.) by extension 'ros'
[0.266s] Level 1:colcon.colcon_core.package_identification:_identify(.) by extensions ['cmake', 'python']
[0.266s] Level 1:colcon.colcon_core.package_identification:_identify(.) by extension 'cmake'
[0.266s] Level 1:colcon.colcon_core.package_identification:_identify(.) by extension 'python'
[0.266s] Level 1:colcon.colcon_core.package_identification:_identify(.) by extensions ['python_setup_py']
[0.266s] Level 1:colcon.colcon_core.package_identification:_identify(.) by extension 'python_setup_py'
[0.266s] Level 1:colcon.colcon_core.package_identification:_identify(build) by extensions ['ignore', 'ignore_ament_install']
[0.267s] Level 1:colcon.colcon_core.package_identification:_identify(build) by extension 'ignore'
[0.267s] Level 1:colcon.colcon_core.package_identification:_identify(build) ignored
[0.267s] Level 1:colcon.colcon_core.package_identification:_identify(install) by extensions ['ignore', 'ignore_ament_install']
[0.267s] Level 1:colcon.colcon_core.package_identification:_identify(install) by extension 'ignore'
[0.267s] Level 1:colcon.colcon_core.package_identification:_identify(install) ignored
[0.267s] Level 1:colcon.colcon_core.package_identification:_identify(log) by extensions ['ignore', 'ignore_ament_install']
[0.267s] Level 1:colcon.colcon_core.package_identification:_identify(log) by extension 'ignore'
[0.267s] Level 1:colcon.colcon_core.package_identification:_identify(log) ignored
[0.267s] Level 1:colcon.colcon_core.package_identification:_identify(src) by extensions ['ignore', 'ignore_ament_install']
[0.267s] Level 1:colcon.colcon_core.package_identification:_identify(src) by extension 'ignore'
[0.267s] Level 1:colcon.colcon_core.package_identification:_identify(src) by extension 'ignore_ament_install'
[0.267s] Level 1:colcon.colcon_core.package_identification:_identify(src) by extensions ['colcon_pkg']
[0.267s] Level 1:colcon.colcon_core.package_identification:_identify(src) by extension 'colcon_pkg'
[0.267s] Level 1:colcon.colcon_core.package_identification:_identify(src) by extensions ['colcon_meta']
[0.267s] Level 1:colcon.colcon_core.package_identification:_identify(src) by extension 'colcon_meta'
[0.267s] Level 1:colcon.colcon_core.package_identification:_identify(src) by extensions ['ros']
[0.267s] Level 1:colcon.colcon_core.package_identification:_identify(src) by extension 'ros'
[0.267s] Level 1:colcon.colcon_core.package_identification:_identify(src) by extensions ['cmake', 'python']
[0.267s] Level 1:colcon.colcon_core.package_identification:_identify(src) by extension 'cmake'
[0.267s] Level 1:colcon.colcon_core.package_identification:_identify(src) by extension 'python'
[0.267s] Level 1:colcon.colcon_core.package_identification:_identify(src) by extensions ['python_setup_py']
[0.267s] Level 1:colcon.colcon_core.package_identification:_identify(src) by extension 'python_setup_py'
[0.268s] Level 1:colcon.colcon_core.package_identification:_identify(src/alert_manager) by extensions ['ignore', 'ignore_ament_install']
[0.268s] Level 1:colcon.colcon_core.package_identification:_identify(src/alert_manager) by extension 'ignore'
[0.268s] Level 1:colcon.colcon_core.package_identification:_identify(src/alert_manager) by extension 'ignore_ament_install'
[0.268s] Level 1:colcon.colcon_core.package_identification:_identify(src/alert_manager) by extensions ['colcon_pkg']
[0.268s] Level 1:colcon.colcon_core.package_identification:_identify(src/alert_manager) by extension 'colcon_pkg'
[0.268s] Level 1:colcon.colcon_core.package_identification:_identify(src/alert_manager) by extensions ['colcon_meta']
[0.268s] Level 1:colcon.colcon_core.package_identification:_identify(src/alert_manager) by extension 'colcon_meta'
[0.268s] Level 1:colcon.colcon_core.package_identification:_identify(src/alert_manager) by extensions ['ros']
[0.268s] Level 1:colcon.colcon_core.package_identification:_identify(src/alert_manager) by extension 'ros'
[0.269s] DEBUG:colcon.colcon_core.package_identification:Failed to parse potential ROS package manifest in'src/alert_manager': Error(s) in package 'src/alert_manager/package.xml':
The manifest contains invalid XML:
XML or text declaration not at start of entity: line 2, column 0
[0.269s] Level 1:colcon.colcon_core.package_identification:_identify(src/alert_manager) by extensions ['cmake', 'python']
[0.270s] Level 1:colcon.colcon_core.package_identification:_identify(src/alert_manager) by extension 'cmake'
[0.270s] Level 1:colcon.colcon_core.package_identification:_identify(src/alert_manager) by extension 'python'
[0.270s] DEBUG:colcon.colcon_core.package_identification:Python package in 'src/alert_manager' passes arguments to the setup() function which requires a different identification extension than 'python'
[0.270s] Level 1:colcon.colcon_core.package_identification:_identify(src/alert_manager) by extensions ['python_setup_py']
[0.270s] Level 1:colcon.colcon_core.package_identification:_identify(src/alert_manager) by extension 'python_setup_py'
[0.391s] DEBUG:colcon.colcon_core.package_identification:Package 'src/alert_manager' with type 'python' and name 'alert_manager'
[0.392s] Level 1:colcon.colcon_core.package_identification:_identify(src/sim_microphone_sensor) by extensions ['ignore', 'ignore_ament_install']
[0.392s] Level 1:colcon.colcon_core.package_identification:_identify(src/sim_microphone_sensor) by extension 'ignore'
[0.392s] Level 1:colcon.colcon_core.package_identification:_identify(src/sim_microphone_sensor) by extension 'ignore_ament_install'
[0.392s] Level 1:colcon.colcon_core.package_identification:_identify(src/sim_microphone_sensor) by extensions ['colcon_pkg']
[0.392s] Level 1:colcon.colcon_core.package_identification:_identify(src/sim_microphone_sensor) by extension 'colcon_pkg'
[0.392s] Level 1:colcon.colcon_core.package_identification:_identify(src/sim_microphone_sensor) by extensions ['colcon_meta']
[0.392s] Level 1:colcon.colcon_core.package_identification:_identify(src/sim_microphone_sensor) by extension 'colcon_meta'
[0.392s] Level 1:colcon.colcon_core.package_identification:_identify(src/sim_microphone_sensor) by extensions ['ros']
[0.392s] Level 1:colcon.colcon_core.package_identification:_identify(src/sim_microphone_sensor) by extension 'ros'
[0.394s] DEBUG:colcon.colcon_core.package_identification:Package 'src/sim_microphone_sensor' with type 'ros.ament_python' and name 'sim_microphone_sensor'
[0.394s] Level 1:colcon.colcon_core.package_identification:_identify(src/whistle_detector) by extensions ['ignore', 'ignore_ament_install']
[0.394s] Level 1:colcon.colcon_core.package_identification:_identify(src/whistle_detector) by extension 'ignore'
[0.394s] Level 1:colcon.colcon_core.package_identification:_identify(src/whistle_detector) by extension 'ignore_ament_install'
[0.394s] Level 1:colcon.colcon_core.package_identification:_identify(src/whistle_detector) by extensions ['colcon_pkg']
[0.394s] Level 1:colcon.colcon_core.package_identification:_identify(src/whistle_detector) by extension 'colcon_pkg'
[0.394s] Level 1:colcon.colcon_core.package_identification:_identify(src/whistle_detector) by extensions ['colcon_meta']
[0.394s] Level 1:colcon.colcon_core.package_identification:_identify(src/whistle_detector) by extension 'colcon_meta'
[0.394s] Level 1:colcon.colcon_core.package_identification:_identify(src/whistle_detector) by extensions ['ros']
[0.394s] Level 1:colcon.colcon_core.package_identification:_identify(src/whistle_detector) by extension 'ros'
[0.394s] DEBUG:colcon.colcon_core.package_identification:Failed to parse potential ROS package manifest in'src/whistle_detector': Error(s) in package 'src/whistle_detector/package.xml':
The manifest contains invalid XML:
XML or text declaration not at start of entity: line 2, column 0
[0.394s] Level 1:colcon.colcon_core.package_identification:_identify(src/whistle_detector) by extensions ['cmake', 'python']
[0.394s] Level 1:colcon.colcon_core.package_identification:_identify(src/whistle_detector) by extension 'cmake'
[0.395s] Level 1:colcon.colcon_core.package_identification:_identify(src/whistle_detector) by extension 'python'
[0.395s] DEBUG:colcon.colcon_core.package_identification:Python package in 'src/whistle_detector' passes arguments to the setup() function which requires a different identification extension than 'python'
[0.395s] Level 1:colcon.colcon_core.package_identification:_identify(src/whistle_detector) by extensions ['python_setup_py']
[0.395s] Level 1:colcon.colcon_core.package_identification:_identify(src/whistle_detector) by extension 'python_setup_py'
[0.523s] DEBUG:colcon.colcon_core.package_identification:Package 'src/whistle_detector' with type 'python' and name 'whistle_detector'
[0.523s] Level 1:colcon.colcon_core.package_identification:_identify(src/whistle_gazebo) by extensions ['ignore', 'ignore_ament_install']
[0.523s] Level 1:colcon.colcon_core.package_identification:_identify(src/whistle_gazebo) by extension 'ignore'
[0.523s] Level 1:colcon.colcon_core.package_identification:_identify(src/whistle_gazebo) by extension 'ignore_ament_install'
[0.523s] Level 1:colcon.colcon_core.package_identification:_identify(src/whistle_gazebo) by extensions ['colcon_pkg']
[0.523s] Level 1:colcon.colcon_core.package_identification:_identify(src/whistle_gazebo) by extension 'colcon_pkg'
[0.523s] Level 1:colcon.colcon_core.package_identification:_identify(src/whistle_gazebo) by extensions ['colcon_meta']
[0.524s] Level 1:colcon.colcon_core.package_identification:_identify(src/whistle_gazebo) by extension 'colcon_meta'
[0.524s] Level 1:colcon.colcon_core.package_identification:_identify(src/whistle_gazebo) by extensions ['ros']
[0.524s] Level 1:colcon.colcon_core.package_identification:_identify(src/whistle_gazebo) by extension 'ros'
[0.524s] DEBUG:colcon.colcon_core.package_identification:Package 'src/whistle_gazebo' with type 'ros.ament_cmake' and name 'whistle_gazebo'
[0.524s] Level 1:colcon.colcon_core.package_identification:_identify(src/whistle_robot_description) by extensions ['ignore', 'ignore_ament_install']
[0.525s] Level 1:colcon.colcon_core.package_identification:_identify(src/whistle_robot_description) by extension 'ignore'
[0.525s] Level 1:colcon.colcon_core.package_identification:_identify(src/whistle_robot_description) by extension 'ignore_ament_install'
[0.525s] Level 1:colcon.colcon_core.package_identification:_identify(src/whistle_robot_description) by extensions ['colcon_pkg']
[0.525s] Level 1:colcon.colcon_core.package_identification:_identify(src/whistle_robot_description) by extension 'colcon_pkg'
[0.525s] Level 1:colcon.colcon_core.package_identification:_identify(src/whistle_robot_description) by extensions ['colcon_meta']
[0.525s] Level 1:colcon.colcon_core.package_identification:_identify(src/whistle_robot_description) by extension 'colcon_meta'
[0.525s] Level 1:colcon.colcon_core.package_identification:_identify(src/whistle_robot_description) by extensions ['ros']
[0.525s] Level 1:colcon.colcon_core.package_identification:_identify(src/whistle_robot_description) by extension 'ros'
[0.525s] DEBUG:colcon.colcon_core.package_identification:Package 'src/whistle_robot_description' with type 'ros.ament_cmake' and name 'whistle_robot_description'
[0.525s] Level 1:colcon.colcon_core.package_identification:_identify(src/whistle_safety_msgs) by extensions ['ignore', 'ignore_ament_install']
[0.525s] Level 1:colcon.colcon_core.package_identification:_identify(src/whistle_safety_msgs) by extension 'ignore'
[0.525s] Level 1:colcon.colcon_core.package_identification:_identify(src/whistle_safety_msgs) by extension 'ignore_ament_install'
[0.525s] Level 1:colcon.colcon_core.package_identification:_identify(src/whistle_safety_msgs) by extensions ['colcon_pkg']
[0.526s] Level 1:colcon.colcon_core.package_identification:_identify(src/whistle_safety_msgs) by extension 'colcon_pkg'
[0.526s] Level 1:colcon.colcon_core.package_identification:_identify(src/whistle_safety_msgs) by extensions ['colcon_meta']
[0.526s] Level 1:colcon.colcon_core.package_identification:_identify(src/whistle_safety_msgs) by extension 'colcon_meta'
[0.526s] Level 1:colcon.colcon_core.package_identification:_identify(src/whistle_safety_msgs) by extensions ['ros']
[0.526s] Level 1:colcon.colcon_core.package_identification:_identify(src/whistle_safety_msgs) by extension 'ros'
[0.526s] DEBUG:colcon.colcon_core.package_identification:Package 'src/whistle_safety_msgs' with type 'ros.ament_cmake' and name 'whistle_safety_msgs'
[0.526s] Level 1:colcon.colcon_core.package_identification:_identify(src/zenoh_bridge) by extensions ['ignore', 'ignore_ament_install']
[0.526s] Level 1:colcon.colcon_core.package_identification:_identify(src/zenoh_bridge) by extension 'ignore'
[0.526s] Level 1:colcon.colcon_core.package_identification:_identify(src/zenoh_bridge) by extension 'ignore_ament_install'
[0.526s] Level 1:colcon.colcon_core.package_identification:_identify(src/zenoh_bridge) by extensions ['colcon_pkg']
[0.526s] Level 1:colcon.colcon_core.package_identification:_identify(src/zenoh_bridge) by extension 'colcon_pkg'
[0.526s] Level 1:colcon.colcon_core.package_identification:_identify(src/zenoh_bridge) by extensions ['colcon_meta']
[0.526s] Level 1:colcon.colcon_core.package_identification:_identify(src/zenoh_bridge) by extension 'colcon_meta'
[0.526s] Level 1:colcon.colcon_core.package_identification:_identify(src/zenoh_bridge) by extensions ['ros']
[0.526s] Level 1:colcon.colcon_core.package_identification:_identify(src/zenoh_bridge) by extension 'ros'
[0.527s] DEBUG:colcon.colcon_core.package_identification:Failed to parse potential ROS package manifest in'src/zenoh_bridge': Error(s) in package 'src/zenoh_bridge/package.xml':
The manifest contains invalid XML:
XML or text declaration not at start of entity: line 2, column 0
[0.527s] Level 1:colcon.colcon_core.package_identification:_identify(src/zenoh_bridge) by extensions ['cmake', 'python']
[0.527s] Level 1:colcon.colcon_core.package_identification:_identify(src/zenoh_bridge) by extension 'cmake'
[0.527s] Level 1:colcon.colcon_core.package_identification:_identify(src/zenoh_bridge) by extension 'python'
[0.527s] DEBUG:colcon.colcon_core.package_identification:Python package in 'src/zenoh_bridge' passes arguments to the setup() function which requires a different identification extension than 'python'
[0.527s] Level 1:colcon.colcon_core.package_identification:_identify(src/zenoh_bridge) by extensions ['python_setup_py']
[0.527s] Level 1:colcon.colcon_core.package_identification:_identify(src/zenoh_bridge) by extension 'python_setup_py'
[0.653s] DEBUG:colcon.colcon_core.package_identification:Package 'src/zenoh_bridge' with type 'python' and name 'zenoh_bridge'
[0.654s] Level 1:colcon.colcon_core.package_discovery:discover_packages(recursive) using defaults
[0.654s] Level 1:colcon.colcon_core.package_discovery:discover_packages(ignore) discover
[0.654s] Level 1:colcon.colcon_core.package_discovery:discover_packages(ignore) using defaults
[0.654s] Level 1:colcon.colcon_core.package_discovery:discover_packages(path) discover
[0.654s] Level 1:colcon.colcon_core.package_discovery:discover_packages(path) using defaults
[0.674s] Level 1:colcon.colcon_core.package_discovery:discover_packages(prefix_path) check parameters
[0.674s] Level 1:colcon.colcon_core.package_discovery:discover_packages(prefix_path) discover
[0.677s] DEBUG:colcon.colcon_installed_package_information.package_discovery:Found 4 installed packages in /home/anand/microros_ws/install
[0.677s] DEBUG:colcon.colcon_installed_package_information.package_discovery:Found 2 installed packages in /home/anand/rebel_ws/install
[0.677s] DEBUG:colcon.colcon_installed_package_information.package_discovery:Found 1 installed packages in /home/anand/ros2_works/install
[0.681s] DEBUG:colcon.colcon_installed_package_information.package_discovery:Found 9 installed packages in /home/anand/whistle_safety_ws/install
[0.682s] DEBUG:colcon.colcon_installed_package_information.package_discovery:Found 424 installed packages in /opt/ros/humble
[0.683s] Level 1:colcon.colcon_core.package_discovery:discover_packages(prefix_path) using defaults
[0.725s] Level 5:colcon.colcon_core.verb:set package 'alert_manager' build argument 'cmake_args' from command line to 'None'
[0.725s] Level 5:colcon.colcon_core.verb:set package 'alert_manager' build argument 'cmake_target' from command line to 'None'
[0.725s] Level 5:colcon.colcon_core.verb:set package 'alert_manager' build argument 'cmake_target_skip_unavailable' from command line to 'False'
[0.725s] Level 5:colcon.colcon_core.verb:set package 'alert_manager' build argument 'cmake_clean_cache' from command line to 'False'
[0.725s] Level 5:colcon.colcon_core.verb:set package 'alert_manager' build argument 'cmake_clean_first' from command line to 'False'
[0.725s] Level 5:colcon.colcon_core.verb:set package 'alert_manager' build argument 'cmake_force_configure' from command line to 'False'
[0.725s] Level 5:colcon.colcon_core.verb:set package 'alert_manager' build argument 'ament_cmake_args' from command line to 'None'
[0.725s] Level 5:colcon.colcon_core.verb:set package 'alert_manager' build argument 'catkin_cmake_args' from command line to 'None'
[0.725s] Level 5:colcon.colcon_core.verb:set package 'alert_manager' build argument 'catkin_skip_building_tests' from command line to 'False'
[0.725s] DEBUG:colcon.colcon_core.verb:Building package 'alert_manager' with the following arguments: {'ament_cmake_args': None, 'build_base': '/home/anand/whistle_safety_ws/build/alert_manager', 'catkin_cmake_args': None, 'catkin_skip_building_tests': False, 'cmake_args': None, 'cmake_clean_cache': False, 'cmake_clean_first': False, 'cmake_force_configure': False, 'cmake_target': None, 'cmake_target_skip_unavailable': False, 'install_base': '/home/anand/whistle_safety_ws/install/alert_manager', 'merge_install': False, 'path': '/home/anand/whistle_safety_ws/src/alert_manager', 'symlink_install': True, 'test_result_base': None}
[0.725s] Level 5:colcon.colcon_core.verb:set package 'sim_microphone_sensor' build argument 'cmake_args' from command line to 'None'
[0.725s] Level 5:colcon.colcon_core.verb:set package 'sim_microphone_sensor' build argument 'cmake_target' from command line to 'None'
[0.725s] Level 5:colcon.colcon_core.verb:set package 'sim_microphone_sensor' build argument 'cmake_target_skip_unavailable' from command line to 'False'
[0.725s] Level 5:colcon.colcon_core.verb:set package 'sim_microphone_sensor' build argument 'cmake_clean_cache' from command line to 'False'
[0.725s] Level 5:colcon.colcon_core.verb:set package 'sim_microphone_sensor' build argument 'cmake_clean_first' from command line to 'False'
[0.725s] Level 5:colcon.colcon_core.verb:set package 'sim_microphone_sensor' build argument 'cmake_force_configure' from command line to 'False'
[0.725s] Level 5:colcon.colcon_core.verb:set package 'sim_microphone_sensor' build argument 'ament_cmake_args' from command line to 'None'
[0.725s] Level 5:colcon.colcon_core.verb:set package 'sim_microphone_sensor' build argument 'catkin_cmake_args' from command line to 'None'
[0.725s] Level 5:colcon.colcon_core.verb:set package 'sim_microphone_sensor' build argument 'catkin_skip_building_tests' from command line to 'False'
[0.725s] DEBUG:colcon.colcon_core.verb:Building package 'sim_microphone_sensor' with the following arguments: {'ament_cmake_args': None, 'build_base': '/home/anand/whistle_safety_ws/build/sim_microphone_sensor', 'catkin_cmake_args': None, 'catkin_skip_building_tests': False, 'cmake_args': None, 'cmake_clean_cache': False, 'cmake_clean_first': False, 'cmake_force_configure': False, 'cmake_target': None, 'cmake_target_skip_unavailable': False, 'install_base': '/home/anand/whistle_safety_ws/install/sim_microphone_sensor', 'merge_install': False, 'path': '/home/anand/whistle_safety_ws/src/sim_microphone_sensor', 'symlink_install': True, 'test_result_base': None}
[0.726s] Level 5:colcon.colcon_core.verb:set package 'whistle_detector' build argument 'cmake_args' from command line to 'None'
[0.726s] Level 5:colcon.colcon_core.verb:set package 'whistle_detector' build argument 'cmake_target' from command line to 'None'
[0.726s] Level 5:colcon.colcon_core.verb:set package 'whistle_detector' build argument 'cmake_target_skip_unavailable' from command line to 'False'
[0.726s] Level 5:colcon.colcon_core.verb:set package 'whistle_detector' build argument 'cmake_clean_cache' from command line to 'False'
[0.726s] Level 5:colcon.colcon_core.verb:set package 'whistle_detector' build argument 'cmake_clean_first' from command line to 'False'
[0.726s] Level 5:colcon.colcon_core.verb:set package 'whistle_detector' build argument 'cmake_force_configure' from command line to 'False'
[0.726s] Level 5:colcon.colcon_core.verb:set package 'whistle_detector' build argument 'ament_cmake_args' from command line to 'None'
[0.726s] Level 5:colcon.colcon_core.verb:set package 'whistle_detector' build argument 'catkin_cmake_args' from command line to 'None'
[0.726s] Level 5:colcon.colcon_core.verb:set package 'whistle_detector' build argument 'catkin_skip_building_tests' from command line to 'False'
[0.726s] DEBUG:colcon.colcon_core.verb:Building package 'whistle_detector' with the following arguments: {'ament_cmake_args': None, 'build_base': '/home/anand/whistle_safety_ws/build/whistle_detector', 'catkin_cmake_args': None, 'catkin_skip_building_tests': False, 'cmake_args': None, 'cmake_clean_cache': False, 'cmake_clean_first': False, 'cmake_force_configure': False, 'cmake_target': None, 'cmake_target_skip_unavailable': False, 'install_base': '/home/anand/whistle_safety_ws/install/whistle_detector', 'merge_install': False, 'path': '/home/anand/whistle_safety_ws/src/whistle_detector', 'symlink_install': True, 'test_result_base': None}
[0.726s] Level 5:colcon.colcon_core.verb:set package 'whistle_robot_description' build argument 'cmake_args' from command line to 'None'
[0.726s] Level 5:colcon.colcon_core.verb:set package 'whistle_robot_description' build argument 'cmake_target' from command line to 'None'
[0.726s] Level 5:colcon.colcon_core.verb:set package 'whistle_robot_description' build argument 'cmake_target_skip_unavailable' from command line to 'False'
[0.726s] Level 5:colcon.colcon_core.verb:set package 'whistle_robot_description' build argument 'cmake_clean_cache' from command line to 'False'
[0.726s] Level 5:colcon.colcon_core.verb:set package 'whistle_robot_description' build argument 'cmake_clean_first' from command line to 'False'
[0.726s] Level 5:colcon.colcon_core.verb:set package 'whistle_robot_description' build argument 'cmake_force_configure' from command line to 'False'
[0.726s] Level 5:colcon.colcon_core.verb:set package 'whistle_robot_description' build argument 'ament_cmake_args' from command line to 'None'
[0.726s] Level 5:colcon.colcon_core.verb:set package 'whistle_robot_description' build argument 'catkin_cmake_args' from command line to 'None'
[0.726s] Level 5:colcon.colcon_core.verb:set package 'whistle_robot_description' build argument 'catkin_skip_building_tests' from command line to 'False'
[0.726s] DEBUG:colcon.colcon_core.verb:Building package 'whistle_robot_description' with the following arguments: {'ament_cmake_args': None, 'build_base': '/home/anand/whistle_safety_ws/build/whistle_robot_description', 'catkin_cmake_args': None, 'catkin_skip_building_tests': False, 'cmake_args': None, 'cmake_clean_cache': False, 'cmake_clean_first': False, 'cmake_force_configure': False, 'cmake_target': None, 'cmake_target_skip_unavailable': False, 'install_base': '/home/anand/whistle_safety_ws/install/whistle_robot_description', 'merge_install': False, 'path': '/home/anand/whistle_safety_ws/src/whistle_robot_description', 'symlink_install': True, 'test_result_base': None}
[0.726s] Level 5:colcon.colcon_core.verb:set package 'whistle_safety_msgs' build argument 'cmake_args' from command line to 'None'
[0.726s] Level 5:colcon.colcon_core.verb:set package 'whistle_safety_msgs' build argument 'cmake_target' from command line to 'None'
[0.726s] Level 5:colcon.colcon_core.verb:set package 'whistle_safety_msgs' build argument 'cmake_target_skip_unavailable' from command line to 'False'
[0.726s] Level 5:colcon.colcon_core.verb:set package 'whistle_safety_msgs' build argument 'cmake_clean_cache' from command line to 'False'
[0.726s] Level 5:colcon.colcon_core.verb:set package 'whistle_safety_msgs' build argument 'cmake_clean_first' from command line to 'False'
[0.726s] Level 5:colcon.colcon_core.verb:set package 'whistle_safety_msgs' build argument 'cmake_force_configure' from command line to 'False'
[0.726s] Level 5:colcon.colcon_core.verb:set package 'whistle_safety_msgs' build argument 'ament_cmake_args' from command line to 'None'
[0.726s] Level 5:colcon.colcon_core.verb:set package 'whistle_safety_msgs' build argument 'catkin_cmake_args' from command line to 'None'
[0.726s] Level 5:colcon.colcon_core.verb:set package 'whistle_safety_msgs' build argument 'catkin_skip_building_tests' from command line to 'False'
[0.726s] DEBUG:colcon.colcon_core.verb:Building package 'whistle_safety_msgs' with the following arguments: {'ament_cmake_args': None, 'build_base': '/home/anand/whistle_safety_ws/build/whistle_safety_msgs', 'catkin_cmake_args': None, 'catkin_skip_building_tests': False, 'cmake_args': None, 'cmake_clean_cache': False, 'cmake_clean_first': False, 'cmake_force_configure': False, 'cmake_target': None, 'cmake_target_skip_unavailable': False, 'install_base': '/home/anand/whistle_safety_ws/install/whistle_safety_msgs', 'merge_install': False, 'path': '/home/anand/whistle_safety_ws/src/whistle_safety_msgs', 'symlink_install': True, 'test_result_base': None}
[0.726s] Level 5:colcon.colcon_core.verb:set package 'zenoh_bridge' build argument 'cmake_args' from command line to 'None'
[0.726s] Level 5:colcon.colcon_core.verb:set package 'zenoh_bridge' build argument 'cmake_target' from command line to 'None'
[0.726s] Level 5:colcon.colcon_core.verb:set package 'zenoh_bridge' build argument 'cmake_target_skip_unavailable' from command line to 'False'
[0.726s] Level 5:colcon.colcon_core.verb:set package 'zenoh_bridge' build argument 'cmake_clean_cache' from command line to 'False'
[0.726s] Level 5:colcon.colcon_core.verb:set package 'zenoh_bridge' build argument 'cmake_clean_first' from command line to 'False'
[0.727s] Level 5:colcon.colcon_core.verb:set package 'zenoh_bridge' build argument 'cmake_force_configure' from command line to 'False'
[0.727s] Level 5:colcon.colcon_core.verb:set package 'zenoh_bridge' build argument 'ament_cmake_args' from command line to 'None'
[0.727s] Level 5:colcon.colcon_core.verb:set package 'zenoh_bridge' build argument 'catkin_cmake_args' from command line to 'None'
[0.727s] Level 5:colcon.colcon_core.verb:set package 'zenoh_bridge' build argument 'catkin_skip_building_tests' from command line to 'False'
[0.727s] DEBUG:colcon.colcon_core.verb:Building package 'zenoh_bridge' with the following arguments: {'ament_cmake_args': None, 'build_base': '/home/anand/whistle_safety_ws/build/zenoh_bridge', 'catkin_cmake_args': None, 'catkin_skip_building_tests': False, 'cmake_args': None, 'cmake_clean_cache': False, 'cmake_clean_first': False, 'cmake_force_configure': False, 'cmake_target': None, 'cmake_target_skip_unavailable': False, 'install_base': '/home/anand/whistle_safety_ws/install/zenoh_bridge', 'merge_install': False, 'path': '/home/anand/whistle_safety_ws/src/zenoh_bridge', 'symlink_install': True, 'test_result_base': None}
[0.727s] Level 5:colcon.colcon_core.verb:set package 'whistle_gazebo' build argument 'cmake_args' from command line to 'None'
[0.727s] Level 5:colcon.colcon_core.verb:set package 'whistle_gazebo' build argument 'cmake_target' from command line to 'None'
[0.727s] Level 5:colcon.colcon_core.verb:set package 'whistle_gazebo' build argument 'cmake_target_skip_unavailable' from command line to 'False'
[0.727s] Level 5:colcon.colcon_core.verb:set package 'whistle_gazebo' build argument 'cmake_clean_cache' from command line to 'False'
[0.727s] Level 5:colcon.colcon_core.verb:set package 'whistle_gazebo' build argument 'cmake_clean_first' from command line to 'False'
[0.727s] Level 5:colcon.colcon_core.verb:set package 'whistle_gazebo' build argument 'cmake_force_configure' from command line to 'False'
[0.727s] Level 5:colcon.colcon_core.verb:set package 'whistle_gazebo' build argument 'ament_cmake_args' from command line to 'None'
[0.727s] Level 5:colcon.colcon_core.verb:set package 'whistle_gazebo' build argument 'catkin_cmake_args' from command line to 'None'
[0.727s] Level 5:colcon.colcon_core.verb:set package 'whistle_gazebo' build argument 'catkin_skip_building_tests' from command line to 'False'
[0.727s] DEBUG:colcon.colcon_core.verb:Building package 'whistle_gazebo' with the following arguments: {'ament_cmake_args': None, 'build_base': '/home/anand/whistle_safety_ws/build/whistle_gazebo', 'catkin_cmake_args': None, 'catkin_skip_building_tests': False, 'cmake_args': None, 'cmake_clean_cache': False, 'cmake_clean_first': False, 'cmake_force_configure': False, 'cmake_target': None, 'cmake_target_skip_unavailable': False, 'install_base': '/home/anand/whistle_safety_ws/install/whistle_gazebo', 'merge_install': False, 'path': '/home/anand/whistle_safety_ws/src/whistle_gazebo', 'symlink_install': True, 'test_result_base': None}
[0.727s] INFO:colcon.colcon_core.executor:Executing jobs using 'parallel' executor
[0.728s] DEBUG:colcon.colcon_parallel_executor.executor.parallel:run_until_complete
[0.728s] INFO:colcon.colcon_ros.task.ament_cmake.build:Building ROS package in '/home/anand/whistle_safety_ws/src/whistle_robot_description' with build type 'ament_cmake'
[0.728s] INFO:colcon.colcon_cmake.task.cmake.build:Building CMake package in '/home/anand/whistle_safety_ws/src/whistle_robot_description'
[0.731s] INFO:colcon.colcon_core.plugin_system:Skipping extension 'colcon_core.shell.bat': Not used on non-Windows systems
[0.731s] INFO:colcon.colcon_core.shell:Skip shell extension 'powershell' for command environment: Not usable outside of PowerShell
[0.731s] DEBUG:colcon.colcon_core.shell:Skip shell extension 'dsv' for command environment
[0.734s] INFO:colcon.colcon_core.task.python.build:Building Python package in '/home/anand/whistle_safety_ws/src/alert_manager'
[0.734s] INFO:colcon.colcon_core.shell:Skip shell extension 'powershell' for command environment: Not usable outside of PowerShell
[0.734s] DEBUG:colcon.colcon_core.shell:Skip shell extension 'dsv' for command environment
[0.738s] INFO:colcon.colcon_ros.task.ament_python.build:Building ROS package in '/home/anand/whistle_safety_ws/src/sim_microphone_sensor' with build type 'ament_python'
[0.738s] Level 1:colcon.colcon_core.shell:create_environment_hook('sim_microphone_sensor', 'ament_prefix_path')
[0.738s] INFO:colcon.colcon_core.shell:Creating environment hook '/home/anand/whistle_safety_ws/install/sim_microphone_sensor/share/sim_microphone_sensor/hook/ament_prefix_path.ps1'
[0.739s] INFO:colcon.colcon_core.shell:Creating environment descriptor '/home/anand/whistle_safety_ws/install/sim_microphone_sensor/share/sim_microphone_sensor/hook/ament_prefix_path.dsv'
[0.739s] INFO:colcon.colcon_core.shell:Creating environment hook '/home/anand/whistle_safety_ws/install/sim_microphone_sensor/share/sim_microphone_sensor/hook/ament_prefix_path.sh'
[0.740s] INFO:colcon.colcon_core.shell:Skip shell extension 'powershell' for command environment: Not usable outside of PowerShell
[0.740s] DEBUG:colcon.colcon_core.shell:Skip shell extension 'dsv' for command environment
[0.743s] INFO:colcon.colcon_core.task.python.build:Building Python package in '/home/anand/whistle_safety_ws/src/whistle_detector'
[0.743s] INFO:colcon.colcon_core.shell:Skip shell extension 'powershell' for command environment: Not usable outside of PowerShell
[0.743s] DEBUG:colcon.colcon_core.shell:Skip shell extension 'dsv' for command environment
[0.746s] INFO:colcon.colcon_ros.task.ament_cmake.build:Building ROS package in '/home/anand/whistle_safety_ws/src/whistle_safety_msgs' with build type 'ament_cmake'
[0.747s] INFO:colcon.colcon_cmake.task.cmake.build:Building CMake package in '/home/anand/whistle_safety_ws/src/whistle_safety_msgs'
[0.747s] INFO:colcon.colcon_core.shell:Skip shell extension 'powershell' for command environment: Not usable outside of PowerShell
[0.747s] DEBUG:colcon.colcon_core.shell:Skip shell extension 'dsv' for command environment
[0.750s] INFO:colcon.colcon_core.task.python.build:Building Python package in '/home/anand/whistle_safety_ws/src/zenoh_bridge'
[0.750s] INFO:colcon.colcon_core.shell:Skip shell extension 'powershell' for command environment: Not usable outside of PowerShell
[0.750s] DEBUG:colcon.colcon_core.shell:Skip shell extension 'dsv' for command environment
[0.757s] DEBUG:colcon.colcon_core.event_handler.log_command:Invoking command in '/home/anand/whistle_safety_ws/build/whistle_robot_description': CMAKE_PREFIX_PATH=${CMAKE_PREFIX_PATH}:/home/anand/whistle_safety_ws/install/zenoh_bridge:/home/anand/whistle_safety_ws/install/alert_manager:/home/anand/whistle_safety_ws/install/whistle_detector:/opt/ros/humble /usr/bin/cmake /home/anand/whistle_safety_ws/src/whistle_robot_description -DAMENT_CMAKE_SYMLINK_INSTALL=1 -DCMAKE_INSTALL_PREFIX=/home/anand/whistle_safety_ws/install/whistle_robot_description
[1.028s] INFO:colcon.colcon_core.task.python.build:Building Python package in '/home/anand/whistle_safety_ws/src/sim_microphone_sensor'
[1.028s] INFO:colcon.colcon_core.shell:Skip shell extension 'powershell' for command environment: Not usable outside of PowerShell
[1.028s] DEBUG:colcon.colcon_core.shell:Skip shell extension 'dsv' for command environment
[1.157s] DEBUG:colcon.colcon_core.event_handler.log_command:Invoking command in '/home/anand/whistle_safety_ws/build/whistle_safety_msgs': CMAKE_PREFIX_PATH=${CMAKE_PREFIX_PATH}:/home/anand/whistle_safety_ws/install/zenoh_bridge:/home/anand/whistle_safety_ws/install/alert_manager:/home/anand/whistle_safety_ws/install/whistle_detector:/opt/ros/humble /usr/bin/cmake /home/anand/whistle_safety_ws/src/whistle_safety_msgs -DAMENT_CMAKE_SYMLINK_INSTALL=1 -DCMAKE_INSTALL_PREFIX=/home/anand/whistle_safety_ws/install/whistle_safety_msgs
[1.316s] DEBUG:colcon.colcon_core.event_handler.log_command:Invoked command in '/home/anand/whistle_safety_ws/build/whistle_robot_description' returned '0': CMAKE_PREFIX_PATH=${CMAKE_PREFIX_PATH}:/home/anand/whistle_safety_ws/install/zenoh_bridge:/home/anand/whistle_safety_ws/install/alert_manager:/home/anand/whistle_safety_ws/install/whistle_detector:/opt/ros/humble /usr/bin/cmake /home/anand/whistle_safety_ws/src/whistle_robot_description -DAMENT_CMAKE_SYMLINK_INSTALL=1 -DCMAKE_INSTALL_PREFIX=/home/anand/whistle_safety_ws/install/whistle_robot_description
[1.317s] DEBUG:colcon.colcon_core.event_handler.log_command:Invoking command in '/home/anand/whistle_safety_ws/build/whistle_robot_description': CMAKE_PREFIX_PATH=${CMAKE_PREFIX_PATH}:/home/anand/whistle_safety_ws/install/zenoh_bridge:/home/anand/whistle_safety_ws/install/alert_manager:/home/anand/whistle_safety_ws/install/whistle_detector:/opt/ros/humble /usr/bin/cmake --build /home/anand/whistle_safety_ws/build/whistle_robot_description -- -j16 -l16
[1.320s] DEBUG:colcon.colcon_core.task.python.build:While undoing a previous installation files outside the Python library path are being ignored: /home/anand/whistle_safety_ws/install/alert_manager/share/ament_index/resource_index/packages/alert_manager
[1.320s] DEBUG:colcon.colcon_core.task.python.build:While undoing a previous installation files outside the Python library path are being ignored: /home/anand/whistle_safety_ws/install/alert_manager/share/alert_manager/package.xml
[1.320s] DEBUG:colcon.colcon_core.task.python.build:While undoing a previous installation files outside the Python library path are being ignored: /home/anand/whistle_safety_ws/install/alert_manager/share/alert_manager/launch/alert_manager.launch.py
[1.320s] DEBUG:colcon.colcon_core.task.python.build:While undoing a previous installation files outside the Python library path are being ignored: /home/anand/whistle_safety_ws/install/alert_manager/share/alert_manager/config
[1.320s] DEBUG:colcon.colcon_core.task.python.build:While undoing a previous installation files outside the Python library path are being ignored: /home/anand/whistle_safety_ws/install/alert_manager/lib/alert_manager/alert_manager_node
[1.323s] DEBUG:colcon.colcon_core.event_handler.log_command:Invoking command in '/home/anand/whistle_safety_ws/build/alert_manager': PYTHONPATH=/home/anand/whistle_safety_ws/build/alert_manager/prefix_override:/usr/lib/python3/dist-packages/colcon_core/task/python/colcon_distutils_commands:/home/anand/whistle_safety_ws/install/alert_manager/lib/python3.10/site-packages:${PYTHONPATH} /usr/bin/python3 -W ignore:setup.py install is deprecated -W ignore:easy_install command is deprecated setup.py develop --editable --build-directory /home/anand/whistle_safety_ws/build/alert_manager/build --no-deps symlink_data --force
[1.352s] DEBUG:colcon.colcon_core.event_handler.log_command:Invoked command in '/home/anand/whistle_safety_ws/build/whistle_robot_description' returned '0': CMAKE_PREFIX_PATH=${CMAKE_PREFIX_PATH}:/home/anand/whistle_safety_ws/install/zenoh_bridge:/home/anand/whistle_safety_ws/install/alert_manager:/home/anand/whistle_safety_ws/install/whistle_detector:/opt/ros/humble /usr/bin/cmake --build /home/anand/whistle_safety_ws/build/whistle_robot_description -- -j16 -l16
[1.362s] DEBUG:colcon.colcon_core.event_handler.log_command:Invoking command in '/home/anand/whistle_safety_ws/build/whistle_robot_description': CMAKE_PREFIX_PATH=${CMAKE_PREFIX_PATH}:/home/anand/whistle_safety_ws/install/zenoh_bridge:/home/anand/whistle_safety_ws/install/alert_manager:/home/anand/whistle_safety_ws/install/whistle_detector:/opt/ros/humble /usr/bin/cmake --install /home/anand/whistle_safety_ws/build/whistle_robot_description
[1.387s] Level 1:colcon.colcon_core.environment:create_environment_scripts_only(whistle_robot_description)
[1.387s] DEBUG:colcon.colcon_core.event_handler.log_command:Invoked command in '/home/anand/whistle_safety_ws/build/whistle_robot_description' returned '0': CMAKE_PREFIX_PATH=${CMAKE_PREFIX_PATH}:/home/anand/whistle_safety_ws/install/zenoh_bridge:/home/anand/whistle_safety_ws/install/alert_manager:/home/anand/whistle_safety_ws/install/whistle_detector:/opt/ros/humble /usr/bin/cmake --install /home/anand/whistle_safety_ws/build/whistle_robot_description
[1.392s] Level 1:colcon.colcon_core.environment:checking '/home/anand/whistle_safety_ws/install/whistle_robot_description' for CMake module files
[1.393s] Level 1:colcon.colcon_core.environment:checking '/home/anand/whistle_safety_ws/install/whistle_robot_description' for CMake config files
[1.393s] Level 1:colcon.colcon_core.shell:create_environment_hook('whistle_robot_description', 'cmake_prefix_path')
[1.394s] INFO:colcon.colcon_core.shell:Creating environment hook '/home/anand/whistle_safety_ws/install/whistle_robot_description/share/whistle_robot_description/hook/cmake_prefix_path.ps1'
[1.394s] INFO:colcon.colcon_core.shell:Creating environment descriptor '/home/anand/whistle_safety_ws/install/whistle_robot_description/share/whistle_robot_description/hook/cmake_prefix_path.dsv'
[1.395s] INFO:colcon.colcon_core.shell:Creating environment hook '/home/anand/whistle_safety_ws/install/whistle_robot_description/share/whistle_robot_description/hook/cmake_prefix_path.sh'
[1.395s] Level 1:colcon.colcon_core.environment:checking '/home/anand/whistle_safety_ws/install/whistle_robot_description/bin'
[1.395s] Level 1:colcon.colcon_core.environment:checking '/home/anand/whistle_safety_ws/install/whistle_robot_description/lib/pkgconfig/whistle_robot_description.pc'
[1.396s] Level 1:colcon.colcon_core.environment:checking '/home/anand/whistle_safety_ws/install/whistle_robot_description/lib/python3.10/site-packages'
[1.396s] Level 1:colcon.colcon_core.environment:checking '/home/anand/whistle_safety_ws/install/whistle_robot_description/bin'
[1.396s] INFO:colcon.colcon_core.shell:Creating package script '/home/anand/whistle_safety_ws/install/whistle_robot_description/share/whistle_robot_description/package.ps1'
[1.397s] INFO:colcon.colcon_core.shell:Creating package descriptor '/home/anand/whistle_safety_ws/install/whistle_robot_description/share/whistle_robot_description/package.dsv'
[1.398s] INFO:colcon.colcon_core.shell:Creating package script '/home/anand/whistle_safety_ws/install/whistle_robot_description/share/whistle_robot_description/package.sh'
[1.399s] INFO:colcon.colcon_core.shell:Creating package script '/home/anand/whistle_safety_ws/install/whistle_robot_description/share/whistle_robot_description/package.bash'
[1.400s] INFO:colcon.colcon_core.shell:Creating package script '/home/anand/whistle_safety_ws/install/whistle_robot_description/share/whistle_robot_description/package.zsh'
[1.401s] Level 1:colcon.colcon_core.environment:create_file_with_runtime_dependencies(/home/anand/whistle_safety_ws/install/whistle_robot_description/share/colcon-core/packages/whistle_robot_description)
[1.401s] Level 1:colcon.colcon_core.environment:create_environment_scripts_only(whistle_robot_description)
[1.402s] Level 1:colcon.colcon_core.environment:checking '/home/anand/whistle_safety_ws/install/whistle_robot_description' for CMake module files
[1.402s] Level 1:colcon.colcon_core.environment:checking '/home/anand/whistle_safety_ws/install/whistle_robot_description' for CMake config files
[1.402s] Level 1:colcon.colcon_core.shell:create_environment_hook('whistle_robot_description', 'cmake_prefix_path')
[1.403s] INFO:colcon.colcon_core.shell:Creating environment hook '/home/anand/whistle_safety_ws/install/whistle_robot_description/share/whistle_robot_description/hook/cmake_prefix_path.ps1'
[1.403s] INFO:colcon.colcon_core.shell:Creating environment descriptor '/home/anand/whistle_safety_ws/install/whistle_robot_description/share/whistle_robot_description/hook/cmake_prefix_path.dsv'
[1.403s] INFO:colcon.colcon_core.shell:Creating environment hook '/home/anand/whistle_safety_ws/install/whistle_robot_description/share/whistle_robot_description/hook/cmake_prefix_path.sh'
[1.404s] Level 1:colcon.colcon_core.environment:checking '/home/anand/whistle_safety_ws/install/whistle_robot_description/bin'
[1.404s] Level 1:colcon.colcon_core.environment:checking '/home/anand/whistle_safety_ws/install/whistle_robot_description/lib/pkgconfig/whistle_robot_description.pc'
[1.404s] Level 1:colcon.colcon_core.environment:checking '/home/anand/whistle_safety_ws/install/whistle_robot_description/lib/python3.10/site-packages'
[1.405s] Level 1:colcon.colcon_core.environment:checking '/home/anand/whistle_safety_ws/install/whistle_robot_description/bin'
[1.405s] INFO:colcon.colcon_core.shell:Creating package script '/home/anand/whistle_safety_ws/install/whistle_robot_description/share/whistle_robot_description/package.ps1'
[1.406s] INFO:colcon.colcon_core.shell:Creating package descriptor '/home/anand/whistle_safety_ws/install/whistle_robot_description/share/whistle_robot_description/package.dsv'
[1.406s] INFO:colcon.colcon_core.shell:Creating package script '/home/anand/whistle_safety_ws/install/whistle_robot_description/share/whistle_robot_description/package.sh'
[1.407s] INFO:colcon.colcon_core.shell:Creating package script '/home/anand/whistle_safety_ws/install/whistle_robot_description/share/whistle_robot_description/package.bash'
[1.407s] INFO:colcon.colcon_core.shell:Creating package script '/home/anand/whistle_safety_ws/install/whistle_robot_description/share/whistle_robot_description/package.zsh'
[1.407s] Level 1:colcon.colcon_core.environment:create_file_with_runtime_dependencies(/home/anand/whistle_safety_ws/install/whistle_robot_description/share/colcon-core/packages/whistle_robot_description)
[1.408s] INFO:colcon.colcon_ros.task.ament_cmake.build:Building ROS package in '/home/anand/whistle_safety_ws/src/whistle_gazebo' with build type 'ament_cmake'
[1.408s] INFO:colcon.colcon_cmake.task.cmake.build:Building CMake package in '/home/anand/whistle_safety_ws/src/whistle_gazebo'
[1.408s] INFO:colcon.colcon_core.shell:Skip shell extension 'powershell' for command environment: Not usable outside of PowerShell
[1.408s] DEBUG:colcon.colcon_core.shell:Skip shell extension 'dsv' for command environment
[1.422s] DEBUG:colcon.colcon_core.event_handler.log_command:Invoking command in '/home/anand/whistle_safety_ws/build/whistle_gazebo': AMENT_PREFIX_PATH=/home/anand/whistle_safety_ws/install/whistle_robot_description:${AMENT_PREFIX_PATH} CMAKE_PREFIX_PATH=/home/anand/whistle_safety_ws/install/whistle_robot_description:/home/anand/microros_ws/install/micro_ros_setup:/home/anand/microros_ws/install/micro_ros_agent:/home/anand/microros_ws/install/micro_ros_msgs:/home/anand/rebel_ws/install/myrobot_moveit_config:/home/anand/rebel_ws/install/igus_rebel_description:/home/anand/whistle_safety_ws/install/zenoh_bridge:/home/anand/whistle_safety_ws/install/alert_manager:/home/anand/whistle_safety_ws/install/whistle_detector:/opt/ros/humble /usr/bin/cmake /home/anand/whistle_safety_ws/src/whistle_gazebo -DAMENT_CMAKE_SYMLINK_INSTALL=1 -DCMAKE_INSTALL_PREFIX=/home/anand/whistle_safety_ws/install/whistle_gazebo
[1.585s] DEBUG:colcon.colcon_core.task.python.build:While undoing a previous installation files outside the Python library path are being ignored: /home/anand/whistle_safety_ws/install/whistle_detector/share/ament_index/resource_index/packages/whistle_detector
[1.585s] DEBUG:colcon.colcon_core.task.python.build:While undoing a previous installation files outside the Python library path are being ignored: /home/anand/whistle_safety_ws/install/whistle_detector/share/whistle_detector/package.xml
[1.585s] DEBUG:colcon.colcon_core.task.python.build:While undoing a previous installation files outside the Python library path are being ignored: /home/anand/whistle_safety_ws/install/whistle_detector/share/whistle_detector/launch/whistle_detector.launch.py
[1.585s] DEBUG:colcon.colcon_core.task.python.build:While undoing a previous installation files outside the Python library path are being ignored: /home/anand/whistle_safety_ws/install/whistle_detector/share/whistle_detector/launch/adaptive_sound_follower.launch.py
[1.585s] DEBUG:colcon.colcon_core.task.python.build:While undoing a previous installation files outside the Python library path are being ignored: /home/anand/whistle_safety_ws/install/whistle_detector/share/whistle_detector/config/detector_params.yaml
[1.586s] DEBUG:colcon.colcon_core.task.python.build:While undoing a previous installation files outside the Python library path are being ignored: /home/anand/whistle_safety_ws/install/whistle_detector/lib/whistle_detector/autonomous_responder
[1.586s] DEBUG:colcon.colcon_core.task.python.build:While undoing a previous installation files outside the Python library path are being ignored: /home/anand/whistle_safety_ws/install/whistle_detector/lib/whistle_detector/whistle_detector_node
[1.590s] DEBUG:colcon.colcon_core.event_handler.log_command:Invoking command in '/home/anand/whistle_safety_ws/build/whistle_detector': PYTHONPATH=/home/anand/whistle_safety_ws/build/whistle_detector/prefix_override:/usr/lib/python3/dist-packages/colcon_core/task/python/colcon_distutils_commands:/home/anand/whistle_safety_ws/install/whistle_detector/lib/python3.10/site-packages:${PYTHONPATH} /usr/bin/python3 -W ignore:setup.py install is deprecated -W ignore:easy_install command is deprecated setup.py develop --editable --build-directory /home/anand/whistle_safety_ws/build/whistle_detector/build --no-deps symlink_data --force
[1.672s] DEBUG:colcon.colcon_core.task.python.build:While undoing a previous installation files outside the Python library path are being ignored: /home/anand/whistle_safety_ws/install/zenoh_bridge/share/ament_index/resource_index/packages/zenoh_bridge
[1.672s] DEBUG:colcon.colcon_core.task.python.build:While undoing a previous installation files outside the Python library path are being ignored: /home/anand/whistle_safety_ws/install/zenoh_bridge/share/zenoh_bridge/package.xml
[1.672s] DEBUG:colcon.colcon_core.task.python.build:While undoing a previous installation files outside the Python library path are being ignored: /home/anand/whistle_safety_ws/install/zenoh_bridge/share/zenoh_bridge/launch/zenoh_bridge.launch.py
[1.672s] DEBUG:colcon.colcon_core.task.python.build:While undoing a previous installation files outside the Python library path are being ignored: /home/anand/whistle_safety_ws/install/zenoh_bridge/share/zenoh_bridge/config/zenoh_params.yaml
[1.672s] DEBUG:colcon.colcon_core.task.python.build:While undoing a previous installation files outside the Python library path are being ignored: /home/anand/whistle_safety_ws/install/zenoh_bridge/share/zenoh_bridge/scripts/cloud_subscriber.py
[1.673s] DEBUG:colcon.colcon_core.task.python.build:While undoing a previous installation files outside the Python library path are being ignored: /home/anand/whistle_safety_ws/install/zenoh_bridge/lib/zenoh_bridge/zenoh_bridge_node
[1.676s] DEBUG:colcon.colcon_core.event_handler.log_command:Invoking command in '/home/anand/whistle_safety_ws/build/zenoh_bridge': PYTHONPATH=/home/anand/whistle_safety_ws/build/zenoh_bridge/prefix_override:/usr/lib/python3/dist-packages/colcon_core/task/python/colcon_distutils_commands:/home/anand/whistle_safety_ws/install/zenoh_bridge/lib/python3.10/site-packages:${PYTHONPATH} /usr/bin/python3 -W ignore:setup.py install is deprecated -W ignore:easy_install command is deprecated setup.py develop --editable --build-directory /home/anand/whistle_safety_ws/build/zenoh_bridge/build --no-deps symlink_data --force
[1.768s] DEBUG:colcon.colcon_core.task.python.build:While undoing a previous installation files outside the Python library path are being ignored: /home/anand/whistle_safety_ws/install/sim_microphone_sensor/share/ament_index/resource_index/packages/sim_microphone_sensor
[1.768s] DEBUG:colcon.colcon_core.task.python.build:While undoing a previous installation files outside the Python library path are being ignored: /home/anand/whistle_safety_ws/install/sim_microphone_sensor/share/sim_microphone_sensor/package.xml
[1.768s] DEBUG:colcon.colcon_core.task.python.build:While undoing a previous installation files outside the Python library path are being ignored: /home/anand/whistle_safety_ws/install/sim_microphone_sensor/share/sim_microphone_sensor/launch/microphone_simulator.launch.py
[1.768s] DEBUG:colcon.colcon_core.task.python.build:While undoing a previous installation files outside the Python library path are being ignored: /home/anand/whistle_safety_ws/install/sim_microphone_sensor/share/sim_microphone_sensor/config/microphone_params.yaml
[1.769s] DEBUG:colcon.colcon_core.task.python.build:While undoing a previous installation files outside the Python library path are being ignored: /home/anand/whistle_safety_ws/install/sim_microphone_sensor/lib/sim_microphone_sensor/microphone_simulator
[1.773s] DEBUG:colcon.colcon_core.event_handler.log_command:Invoking command in '/home/anand/whistle_safety_ws/build/sim_microphone_sensor': PYTHONPATH=/home/anand/whistle_safety_ws/build/sim_microphone_sensor/prefix_override:/usr/lib/python3/dist-packages/colcon_core/task/python/colcon_distutils_commands:/home/anand/whistle_safety_ws/install/sim_microphone_sensor/lib/python3.10/site-packages:${PYTHONPATH} /usr/bin/python3 -W ignore:setup.py install is deprecated -W ignore:easy_install command is deprecated setup.py develop --editable --build-directory /home/anand/whistle_safety_ws/build/sim_microphone_sensor/build --no-deps symlink_data --force
[1.785s] Level 1:colcon.colcon_core.shell:create_environment_hook('alert_manager', 'pythonpath_develop')
[1.785s] INFO:colcon.colcon_core.shell:Creating environment hook '/home/anand/whistle_safety_ws/build/alert_manager/share/alert_manager/hook/pythonpath_develop.ps1'
[1.786s] DEBUG:colcon.colcon_core.event_handler.log_command:Invoked command in '/home/anand/whistle_safety_ws/build/alert_manager' returned '0': PYTHONPATH=/home/anand/whistle_safety_ws/build/alert_manager/prefix_override:/usr/lib/python3/dist-packages/colcon_core/task/python/colcon_distutils_commands:/home/anand/whistle_safety_ws/install/alert_manager/lib/python3.10/site-packages:${PYTHONPATH} /usr/bin/python3 -W ignore:setup.py install is deprecated -W ignore:easy_install command is deprecated setup.py develop --editable --build-directory /home/anand/whistle_safety_ws/build/alert_manager/build --no-deps symlink_data --force
[1.787s] INFO:colcon.colcon_core.shell:Creating environment descriptor '/home/anand/whistle_safety_ws/build/alert_manager/share/alert_manager/hook/pythonpath_develop.dsv'
[1.787s] INFO:colcon.colcon_core.shell:Creating environment hook '/home/anand/whistle_safety_ws/build/alert_manager/share/alert_manager/hook/pythonpath_develop.sh'
[1.788s] Level 1:colcon.colcon_core.environment:checking '/home/anand/whistle_safety_ws/install/alert_manager' for CMake module files
[1.788s] Level 1:colcon.colcon_core.environment:checking '/home/anand/whistle_safety_ws/install/alert_manager' for CMake config files
[1.789s] Level 1:colcon.colcon_core.environment:checking '/home/anand/whistle_safety_ws/install/alert_manager/lib'
[1.789s] Level 1:colcon.colcon_core.environment:checking '/home/anand/whistle_safety_ws/install/alert_manager/bin'
[1.789s] Level 1:colcon.colcon_core.environment:checking '/home/anand/whistle_safety_ws/install/alert_manager/lib/pkgconfig/alert_manager.pc'
[1.789s] Level 1:colcon.colcon_core.environment:checking '/home/anand/whistle_safety_ws/install/alert_manager/lib/python3.10/site-packages'
[1.789s] Level 1:colcon.colcon_core.shell:create_environment_hook('alert_manager', 'pythonpath')
[1.790s] INFO:colcon.colcon_core.shell:Creating environment hook '/home/anand/whistle_safety_ws/install/alert_manager/share/alert_manager/hook/pythonpath.ps1'
[1.790s] INFO:colcon.colcon_core.shell:Creating environment descriptor '/home/anand/whistle_safety_ws/install/alert_manager/share/alert_manager/hook/pythonpath.dsv'
[1.790s] INFO:colcon.colcon_core.shell:Creating environment hook '/home/anand/whistle_safety_ws/install/alert_manager/share/alert_manager/hook/pythonpath.sh'
[1.791s] Level 1:colcon.colcon_core.environment:checking '/home/anand/whistle_safety_ws/install/alert_manager/bin'
[1.791s] Level 1:colcon.colcon_core.environment:create_environment_scripts_only(alert_manager)
[1.792s] INFO:colcon.colcon_core.shell:Creating package script '/home/anand/whistle_safety_ws/install/alert_manager/share/alert_manager/package.ps1'
[1.792s] INFO:colcon.colcon_core.shell:Creating package descriptor '/home/anand/whistle_safety_ws/install/alert_manager/share/alert_manager/package.dsv'
[1.793s] INFO:colcon.colcon_core.shell:Creating package script '/home/anand/whistle_safety_ws/install/alert_manager/share/alert_manager/package.sh'
[1.793s] INFO:colcon.colcon_core.shell:Creating package script '/home/anand/whistle_safety_ws/install/alert_manager/share/alert_manager/package.bash'
[1.793s] INFO:colcon.colcon_core.shell:Creating package script '/home/anand/whistle_safety_ws/install/alert_manager/share/alert_manager/package.zsh'
[1.794s] Level 1:colcon.colcon_core.environment:create_file_with_runtime_dependencies(/home/anand/whistle_safety_ws/install/alert_manager/share/colcon-core/packages/alert_manager)
[2.150s] Level 1:colcon.colcon_core.shell:create_environment_hook('zenoh_bridge', 'pythonpath_develop')
[2.150s] INFO:colcon.colcon_core.shell:Creating environment hook '/home/anand/whistle_safety_ws/build/zenoh_bridge/share/zenoh_bridge/hook/pythonpath_develop.ps1'
[2.151s] DEBUG:colcon.colcon_core.event_handler.log_command:Invoked command in '/home/anand/whistle_safety_ws/build/zenoh_bridge' returned '0': PYTHONPATH=/home/anand/whistle_safety_ws/build/zenoh_bridge/prefix_override:/usr/lib/python3/dist-packages/colcon_core/task/python/colcon_distutils_commands:/home/anand/whistle_safety_ws/install/zenoh_bridge/lib/python3.10/site-packages:${PYTHONPATH} /usr/bin/python3 -W ignore:setup.py install is deprecated -W ignore:easy_install command is deprecated setup.py develop --editable --build-directory /home/anand/whistle_safety_ws/build/zenoh_bridge/build --no-deps symlink_data --force
[2.151s] INFO:colcon.colcon_core.shell:Creating environment descriptor '/home/anand/whistle_safety_ws/build/zenoh_bridge/share/zenoh_bridge/hook/pythonpath_develop.dsv'
[2.152s] INFO:colcon.colcon_core.shell:Creating environment hook '/home/anand/whistle_safety_ws/build/zenoh_bridge/share/zenoh_bridge/hook/pythonpath_develop.sh'
[2.152s] Level 1:colcon.colcon_core.environment:checking '/home/anand/whistle_safety_ws/install/zenoh_bridge' for CMake module files
[2.153s] Level 1:colcon.colcon_core.environment:checking '/home/anand/whistle_safety_ws/install/zenoh_bridge' for CMake config files
[2.153s] Level 1:colcon.colcon_core.environment:checking '/home/anand/whistle_safety_ws/install/zenoh_bridge/lib'
[2.153s] Level 1:colcon.colcon_core.environment:checking '/home/anand/whistle_safety_ws/install/zenoh_bridge/bin'
[2.153s] Level 1:colcon.colcon_core.environment:checking '/home/anand/whistle_safety_ws/install/zenoh_bridge/lib/pkgconfig/zenoh_bridge.pc'
[2.154s] Level 1:colcon.colcon_core.environment:checking '/home/anand/whistle_safety_ws/install/zenoh_bridge/lib/python3.10/site-packages'
[2.154s] Level 1:colcon.colcon_core.shell:create_environment_hook('zenoh_bridge', 'pythonpath')
[2.154s] INFO:colcon.colcon_core.shell:Creating environment hook '/home/anand/whistle_safety_ws/install/zenoh_bridge/share/zenoh_bridge/hook/pythonpath.ps1'
[2.154s] INFO:colcon.colcon_core.shell:Creating environment descriptor '/home/anand/whistle_safety_ws/install/zenoh_bridge/share/zenoh_bridge/hook/pythonpath.dsv'
[2.155s] INFO:colcon.colcon_core.shell:Creating environment hook '/home/anand/whistle_safety_ws/install/zenoh_bridge/share/zenoh_bridge/hook/pythonpath.sh'
[2.155s] Level 1:colcon.colcon_core.environment:checking '/home/anand/whistle_safety_ws/install/zenoh_bridge/bin'
[2.155s] Level 1:colcon.colcon_core.environment:create_environment_scripts_only(zenoh_bridge)
[2.155s] INFO:colcon.colcon_core.shell:Creating package script '/home/anand/whistle_safety_ws/install/zenoh_bridge/share/zenoh_bridge/package.ps1'
[2.156s] INFO:colcon.colcon_core.shell:Creating package descriptor '/home/anand/whistle_safety_ws/install/zenoh_bridge/share/zenoh_bridge/package.dsv'
[2.156s] INFO:colcon.colcon_core.shell:Creating package script '/home/anand/whistle_safety_ws/install/zenoh_bridge/share/zenoh_bridge/package.sh'
[2.156s] INFO:colcon.colcon_core.shell:Creating package script '/home/anand/whistle_safety_ws/install/zenoh_bridge/share/zenoh_bridge/package.bash'
[2.157s] INFO:colcon.colcon_core.shell:Creating package script '/home/anand/whistle_safety_ws/install/zenoh_bridge/share/zenoh_bridge/package.zsh'
[2.157s] Level 1:colcon.colcon_core.environment:create_file_with_runtime_dependencies(/home/anand/whistle_safety_ws/install/zenoh_bridge/share/colcon-core/packages/zenoh_bridge)
[2.158s] Level 1:colcon.colcon_core.shell:create_environment_hook('whistle_detector', 'pythonpath_develop')
[2.159s] INFO:colcon.colcon_core.shell:Creating environment hook '/home/anand/whistle_safety_ws/build/whistle_detector/share/whistle_detector/hook/pythonpath_develop.ps1'
[2.159s] DEBUG:colcon.colcon_core.event_handler.log_command:Invoked command in '/home/anand/whistle_safety_ws/build/whistle_detector' returned '0': PYTHONPATH=/home/anand/whistle_safety_ws/build/whistle_detector/prefix_override:/usr/lib/python3/dist-packages/colcon_core/task/python/colcon_distutils_commands:/home/anand/whistle_safety_ws/install/whistle_detector/lib/python3.10/site-packages:${PYTHONPATH} /usr/bin/python3 -W ignore:setup.py install is deprecated -W ignore:easy_install command is deprecated setup.py develop --editable --build-directory /home/anand/whistle_safety_ws/build/whistle_detector/build --no-deps symlink_data --force
[2.160s] INFO:colcon.colcon_core.shell:Creating environment descriptor '/home/anand/whistle_safety_ws/build/whistle_detector/share/whistle_detector/hook/pythonpath_develop.dsv'
[2.160s] INFO:colcon.colcon_core.shell:Creating environment hook '/home/anand/whistle_safety_ws/build/whistle_detector/share/whistle_detector/hook/pythonpath_develop.sh'
[2.160s] Level 1:colcon.colcon_core.environment:checking '/home/anand/whistle_safety_ws/install/whistle_detector' for CMake module files
[2.161s] Level 1:colcon.colcon_core.environment:checking '/home/anand/whistle_safety_ws/install/whistle_detector' for CMake config files
[2.161s] Level 1:colcon.colcon_core.environment:checking '/home/anand/whistle_safety_ws/install/whistle_detector/lib'
[2.161s] Level 1:colcon.colcon_core.environment:checking '/home/anand/whistle_safety_ws/install/whistle_detector/bin'
[2.161s] Level 1:colcon.colcon_core.environment:checking '/home/anand/whistle_safety_ws/install/whistle_detector/lib/pkgconfig/whistle_detector.pc'
[2.162s] Level 1:colcon.colcon_core.environment:checking '/home/anand/whistle_safety_ws/install/whistle_detector/lib/python3.10/site-packages'
[2.162s] Level 1:colcon.colcon_core.shell:create_environment_hook('whistle_detector', 'pythonpath')
[2.162s] INFO:colcon.colcon_core.shell:Creating environment hook '/home/anand/whistle_safety_ws/install/whistle_detector/share/whistle_detector/hook/pythonpath.ps1'
[2.162s] INFO:colcon.colcon_core.shell:Creating environment descriptor '/home/anand/whistle_safety_ws/install/whistle_detector/share/whistle_detector/hook/pythonpath.dsv'
[2.162s] INFO:colcon.colcon_core.shell:Creating environment hook '/home/anand/whistle_safety_ws/install/whistle_detector/share/whistle_detector/hook/pythonpath.sh'
[2.163s] Level 1:colcon.colcon_core.environment:checking '/home/anand/whistle_safety_ws/install/whistle_detector/bin'
[2.163s] Level 1:colcon.colcon_core.environment:create_environment_scripts_only(whistle_detector)
[2.163s] INFO:colcon.colcon_core.shell:Creating package script '/home/anand/whistle_safety_ws/install/whistle_detector/share/whistle_detector/package.ps1'
[2.164s] INFO:colcon.colcon_core.shell:Creating package descriptor '/home/anand/whistle_safety_ws/install/whistle_detector/share/whistle_detector/package.dsv'
[2.164s] INFO:colcon.colcon_core.shell:Creating package script '/home/anand/whistle_safety_ws/install/whistle_detector/share/whistle_detector/package.sh'
[2.164s] INFO:colcon.colcon_core.shell:Creating package script '/home/anand/whistle_safety_ws/install/whistle_detector/share/whistle_detector/package.bash'
[2.164s] INFO:colcon.colcon_core.shell:Creating package script '/home/anand/whistle_safety_ws/install/whistle_detector/share/whistle_detector/package.zsh'
[2.165s] Level 1:colcon.colcon_core.environment:create_file_with_runtime_dependencies(/home/anand/whistle_safety_ws/install/whistle_detector/share/colcon-core/packages/whistle_detector)
[2.309s] DEBUG:colcon.colcon_core.event_handler.log_command:Invoked command in '/home/anand/whistle_safety_ws/build/whistle_safety_msgs' returned '0': CMAKE_PREFIX_PATH=${CMAKE_PREFIX_PATH}:/home/anand/whistle_safety_ws/install/zenoh_bridge:/home/anand/whistle_safety_ws/install/alert_manager:/home/anand/whistle_safety_ws/install/whistle_detector:/opt/ros/humble /usr/bin/cmake /home/anand/whistle_safety_ws/src/whistle_safety_msgs -DAMENT_CMAKE_SYMLINK_INSTALL=1 -DCMAKE_INSTALL_PREFIX=/home/anand/whistle_safety_ws/install/whistle_safety_msgs
[2.310s] DEBUG:colcon.colcon_core.event_handler.log_command:Invoking command in '/home/anand/whistle_safety_ws/build/whistle_safety_msgs': CMAKE_PREFIX_PATH=${CMAKE_PREFIX_PATH}:/home/anand/whistle_safety_ws/install/zenoh_bridge:/home/anand/whistle_safety_ws/install/alert_manager:/home/anand/whistle_safety_ws/install/whistle_detector:/opt/ros/humble /usr/bin/cmake --build /home/anand/whistle_safety_ws/build/whistle_safety_msgs -- -j16 -l16
[2.384s] Level 1:colcon.colcon_core.shell:create_environment_hook('sim_microphone_sensor', 'pythonpath_develop')
[2.384s] INFO:colcon.colcon_core.shell:Creating environment hook '/home/anand/whistle_safety_ws/build/sim_microphone_sensor/share/sim_microphone_sensor/hook/pythonpath_develop.ps1'
[2.385s] DEBUG:colcon.colcon_core.event_handler.log_command:Invoked command in '/home/anand/whistle_safety_ws/build/sim_microphone_sensor' returned '0': PYTHONPATH=/home/anand/whistle_safety_ws/build/sim_microphone_sensor/prefix_override:/usr/lib/python3/dist-packages/colcon_core/task/python/colcon_distutils_commands:/home/anand/whistle_safety_ws/install/sim_microphone_sensor/lib/python3.10/site-packages:${PYTHONPATH} /usr/bin/python3 -W ignore:setup.py install is deprecated -W ignore:easy_install command is deprecated setup.py develop --editable --build-directory /home/anand/whistle_safety_ws/build/sim_microphone_sensor/build --no-deps symlink_data --force
[2.385s] INFO:colcon.colcon_core.shell:Creating environment descriptor '/home/anand/whistle_safety_ws/build/sim_microphone_sensor/share/sim_microphone_sensor/hook/pythonpath_develop.dsv'
[2.386s] INFO:colcon.colcon_core.shell:Creating environment hook '/home/anand/whistle_safety_ws/build/sim_microphone_sensor/share/sim_microphone_sensor/hook/pythonpath_develop.sh'
[2.387s] Level 1:colcon.colcon_core.environment:checking '/home/anand/whistle_safety_ws/install/sim_microphone_sensor' for CMake module files
[2.388s] Level 1:colcon.colcon_core.environment:checking '/home/anand/whistle_safety_ws/install/sim_microphone_sensor' for CMake config files
[2.389s] Level 1:colcon.colcon_core.environment:checking '/home/anand/whistle_safety_ws/install/sim_microphone_sensor/lib'
[2.389s] Level 1:colcon.colcon_core.environment:checking '/home/anand/whistle_safety_ws/install/sim_microphone_sensor/bin'
[2.389s] Level 1:colcon.colcon_core.environment:checking '/home/anand/whistle_safety_ws/install/sim_microphone_sensor/lib/pkgconfig/sim_microphone_sensor.pc'
[2.389s] Level 1:colcon.colcon_core.environment:checking '/home/anand/whistle_safety_ws/install/sim_microphone_sensor/lib/python3.10/site-packages'
[2.389s] Level 1:colcon.colcon_core.shell:create_environment_hook('sim_microphone_sensor', 'pythonpath')
[2.390s] INFO:colcon.colcon_core.shell:Creating environment hook '/home/anand/whistle_safety_ws/install/sim_microphone_sensor/share/sim_microphone_sensor/hook/pythonpath.ps1'
[2.390s] INFO:colcon.colcon_core.shell:Creating environment descriptor '/home/anand/whistle_safety_ws/install/sim_microphone_sensor/share/sim_microphone_sensor/hook/pythonpath.dsv'
[2.390s] INFO:colcon.colcon_core.shell:Creating environment hook '/home/anand/whistle_safety_ws/install/sim_microphone_sensor/share/sim_microphone_sensor/hook/pythonpath.sh'
[2.391s] Level 1:colcon.colcon_core.environment:checking '/home/anand/whistle_safety_ws/install/sim_microphone_sensor/bin'
[2.391s] Level 1:colcon.colcon_core.environment:create_environment_scripts_only(sim_microphone_sensor)
[2.391s] INFO:colcon.colcon_core.shell:Creating package script '/home/anand/whistle_safety_ws/install/sim_microphone_sensor/share/sim_microphone_sensor/package.ps1'
[2.391s] INFO:colcon.colcon_core.shell:Creating package descriptor '/home/anand/whistle_safety_ws/install/sim_microphone_sensor/share/sim_microphone_sensor/package.dsv'
[2.392s] INFO:colcon.colcon_core.shell:Creating package script '/home/anand/whistle_safety_ws/install/sim_microphone_sensor/share/sim_microphone_sensor/package.sh'
[2.392s] INFO:colcon.colcon_core.shell:Creating package script '/home/anand/whistle_safety_ws/install/sim_microphone_sensor/share/sim_microphone_sensor/package.bash'
[2.392s] INFO:colcon.colcon_core.shell:Creating package script '/home/anand/whistle_safety_ws/install/sim_microphone_sensor/share/sim_microphone_sensor/package.zsh'
[2.392s] Level 1:colcon.colcon_core.environment:create_file_with_runtime_dependencies(/home/anand/whistle_safety_ws/install/sim_microphone_sensor/share/colcon-core/packages/sim_microphone_sensor)
[2.449s] DEBUG:colcon.colcon_core.event_handler.log_command:Invoked command in '/home/anand/whistle_safety_ws/build/whistle_gazebo' returned '0': AMENT_PREFIX_PATH=/home/anand/whistle_safety_ws/install/whistle_robot_description:${AMENT_PREFIX_PATH} CMAKE_PREFIX_PATH=/home/anand/whistle_safety_ws/install/whistle_robot_description:/home/anand/microros_ws/install/micro_ros_setup:/home/anand/microros_ws/install/micro_ros_agent:/home/anand/microros_ws/install/micro_ros_msgs:/home/anand/rebel_ws/install/myrobot_moveit_config:/home/anand/rebel_ws/install/igus_rebel_description:/home/anand/whistle_safety_ws/install/zenoh_bridge:/home/anand/whistle_safety_ws/install/alert_manager:/home/anand/whistle_safety_ws/install/whistle_detector:/opt/ros/humble /usr/bin/cmake /home/anand/whistle_safety_ws/src/whistle_gazebo -DAMENT_CMAKE_SYMLINK_INSTALL=1 -DCMAKE_INSTALL_PREFIX=/home/anand/whistle_safety_ws/install/whistle_gazebo
[2.450s] DEBUG:colcon.colcon_core.event_handler.log_command:Invoking command in '/home/anand/whistle_safety_ws/build/whistle_gazebo': AMENT_PREFIX_PATH=/home/anand/whistle_safety_ws/install/whistle_robot_description:${AMENT_PREFIX_PATH} CMAKE_PREFIX_PATH=/home/anand/whistle_safety_ws/install/whistle_robot_description:/home/anand/microros_ws/install/micro_ros_setup:/home/anand/microros_ws/install/micro_ros_agent:/home/anand/microros_ws/install/micro_ros_msgs:/home/anand/rebel_ws/install/myrobot_moveit_config:/home/anand/rebel_ws/install/igus_rebel_description:/home/anand/whistle_safety_ws/install/zenoh_bridge:/home/anand/whistle_safety_ws/install/alert_manager:/home/anand/whistle_safety_ws/install/whistle_detector:/opt/ros/humble /usr/bin/cmake --build /home/anand/whistle_safety_ws/build/whistle_gazebo -- -j16 -l16
[2.487s] DEBUG:colcon.colcon_core.event_handler.log_command:Invoked command in '/home/anand/whistle_safety_ws/build/whistle_gazebo' returned '0': AMENT_PREFIX_PATH=/home/anand/whistle_safety_ws/install/whistle_robot_description:${AMENT_PREFIX_PATH} CMAKE_PREFIX_PATH=/home/anand/whistle_safety_ws/install/whistle_robot_description:/home/anand/microros_ws/install/micro_ros_setup:/home/anand/microros_ws/install/micro_ros_agent:/home/anand/microros_ws/install/micro_ros_msgs:/home/anand/rebel_ws/install/myrobot_moveit_config:/home/anand/rebel_ws/install/igus_rebel_description:/home/anand/whistle_safety_ws/install/zenoh_bridge:/home/anand/whistle_safety_ws/install/alert_manager:/home/anand/whistle_safety_ws/install/whistle_detector:/opt/ros/humble /usr/bin/cmake --build /home/anand/whistle_safety_ws/build/whistle_gazebo -- -j16 -l16
[2.489s] DEBUG:colcon.colcon_core.event_handler.log_command:Invoking command in '/home/anand/whistle_safety_ws/build/whistle_gazebo': AMENT_PREFIX_PATH=/home/anand/whistle_safety_ws/install/whistle_robot_description:${AMENT_PREFIX_PATH} CMAKE_PREFIX_PATH=/home/anand/whistle_safety_ws/install/whistle_robot_description:/home/anand/microros_ws/install/micro_ros_setup:/home/anand/microros_ws/install/micro_ros_agent:/home/anand/microros_ws/install/micro_ros_msgs:/home/anand/rebel_ws/install/myrobot_moveit_config:/home/anand/rebel_ws/install/igus_rebel_description:/home/anand/whistle_safety_ws/install/zenoh_bridge:/home/anand/whistle_safety_ws/install/alert_manager:/home/anand/whistle_safety_ws/install/whistle_detector:/opt/ros/humble /usr/bin/cmake --install /home/anand/whistle_safety_ws/build/whistle_gazebo
[2.505s] Level 1:colcon.colcon_core.environment:create_environment_scripts_only(whistle_gazebo)
[2.506s] Level 1:colcon.colcon_core.environment:checking '/home/anand/whistle_safety_ws/install/whistle_gazebo' for CMake module files
[2.506s] DEBUG:colcon.colcon_core.event_handler.log_command:Invoked command in '/home/anand/whistle_safety_ws/build/whistle_gazebo' returned '0': AMENT_PREFIX_PATH=/home/anand/whistle_safety_ws/install/whistle_robot_description:${AMENT_PREFIX_PATH} CMAKE_PREFIX_PATH=/home/anand/whistle_safety_ws/install/whistle_robot_description:/home/anand/microros_ws/install/micro_ros_setup:/home/anand/microros_ws/install/micro_ros_agent:/home/anand/microros_ws/install/micro_ros_msgs:/home/anand/rebel_ws/install/myrobot_moveit_config:/home/anand/rebel_ws/install/igus_rebel_description:/home/anand/whistle_safety_ws/install/zenoh_bridge:/home/anand/whistle_safety_ws/install/alert_manager:/home/anand/whistle_safety_ws/install/whistle_detector:/opt/ros/humble /usr/bin/cmake --install /home/anand/whistle_safety_ws/build/whistle_gazebo
[2.506s] Level 1:colcon.colcon_core.environment:checking '/home/anand/whistle_safety_ws/install/whistle_gazebo' for CMake config files
[2.506s] Level 1:colcon.colcon_core.shell:create_environment_hook('whistle_gazebo', 'cmake_prefix_path')
[2.507s] INFO:colcon.colcon_core.shell:Creating environment hook '/home/anand/whistle_safety_ws/install/whistle_gazebo/share/whistle_gazebo/hook/cmake_prefix_path.ps1'
[2.507s] INFO:colcon.colcon_core.shell:Creating environment descriptor '/home/anand/whistle_safety_ws/install/whistle_gazebo/share/whistle_gazebo/hook/cmake_prefix_path.dsv'
[2.507s] INFO:colcon.colcon_core.shell:Creating environment hook '/home/anand/whistle_safety_ws/install/whistle_gazebo/share/whistle_gazebo/hook/cmake_prefix_path.sh'
[2.508s] Level 1:colcon.colcon_core.environment:checking '/home/anand/whistle_safety_ws/install/whistle_gazebo/bin'
[2.508s] Level 1:colcon.colcon_core.environment:checking '/home/anand/whistle_safety_ws/install/whistle_gazebo/lib/pkgconfig/whistle_gazebo.pc'
[2.508s] Level 1:colcon.colcon_core.environment:checking '/home/anand/whistle_safety_ws/install/whistle_gazebo/lib/python3.10/site-packages'
[2.509s] Level 1:colcon.colcon_core.environment:checking '/home/anand/whistle_safety_ws/install/whistle_gazebo/bin'
[2.509s] INFO:colcon.colcon_core.shell:Creating package script '/home/anand/whistle_safety_ws/install/whistle_gazebo/share/whistle_gazebo/package.ps1'
[2.509s] INFO:colcon.colcon_core.shell:Creating package descriptor '/home/anand/whistle_safety_ws/install/whistle_gazebo/share/whistle_gazebo/package.dsv'
[2.510s] INFO:colcon.colcon_core.shell:Creating package script '/home/anand/whistle_safety_ws/install/whistle_gazebo/share/whistle_gazebo/package.sh'
[2.510s] INFO:colcon.colcon_core.shell:Creating package script '/home/anand/whistle_safety_ws/install/whistle_gazebo/share/whistle_gazebo/package.bash'
[2.511s] INFO:colcon.colcon_core.shell:Creating package script '/home/anand/whistle_safety_ws/install/whistle_gazebo/share/whistle_gazebo/package.zsh'
[2.511s] Level 1:colcon.colcon_core.environment:create_file_with_runtime_dependencies(/home/anand/whistle_safety_ws/install/whistle_gazebo/share/colcon-core/packages/whistle_gazebo)
[2.511s] Level 1:colcon.colcon_core.environment:create_environment_scripts_only(whistle_gazebo)
[2.512s] Level 1:colcon.colcon_core.environment:checking '/home/anand/whistle_safety_ws/install/whistle_gazebo' for CMake module files
[2.512s] Level 1:colcon.colcon_core.environment:checking '/home/anand/whistle_safety_ws/install/whistle_gazebo' for CMake config files
[2.512s] Level 1:colcon.colcon_core.shell:create_environment_hook('whistle_gazebo', 'cmake_prefix_path')
[2.512s] INFO:colcon.colcon_core.shell:Creating environment hook '/home/anand/whistle_safety_ws/install/whistle_gazebo/share/whistle_gazebo/hook/cmake_prefix_path.ps1'
[2.513s] INFO:colcon.colcon_core.shell:Creating environment descriptor '/home/anand/whistle_safety_ws/install/whistle_gazebo/share/whistle_gazebo/hook/cmake_prefix_path.dsv'
[2.513s] INFO:colcon.colcon_core.shell:Creating environment hook '/home/anand/whistle_safety_ws/install/whistle_gazebo/share/whistle_gazebo/hook/cmake_prefix_path.sh'
[2.514s] Level 1:colcon.colcon_core.environment:checking '/home/anand/whistle_safety_ws/install/whistle_gazebo/bin'
[2.514s] Level 1:colcon.colcon_core.environment:checking '/home/anand/whistle_safety_ws/install/whistle_gazebo/lib/pkgconfig/whistle_gazebo.pc'
[2.514s] Level 1:colcon.colcon_core.environment:checking '/home/anand/whistle_safety_ws/install/whistle_gazebo/lib/python3.10/site-packages'
[2.514s] Level 1:colcon.colcon_core.environment:checking '/home/anand/whistle_safety_ws/install/whistle_gazebo/bin'
[2.514s] INFO:colcon.colcon_core.shell:Creating package script '/home/anand/whistle_safety_ws/install/whistle_gazebo/share/whistle_gazebo/package.ps1'
[2.515s] INFO:colcon.colcon_core.shell:Creating package descriptor '/home/anand/whistle_safety_ws/install/whistle_gazebo/share/whistle_gazebo/package.dsv'
[2.515s] INFO:colcon.colcon_core.shell:Creating package script '/home/anand/whistle_safety_ws/install/whistle_gazebo/share/whistle_gazebo/package.sh'
[2.516s] INFO:colcon.colcon_core.shell:Creating package script '/home/anand/whistle_safety_ws/install/whistle_gazebo/share/whistle_gazebo/package.bash'
[2.516s] INFO:colcon.colcon_core.shell:Creating package script '/home/anand/whistle_safety_ws/install/whistle_gazebo/share/whistle_gazebo/package.zsh'
[2.516s] Level 1:colcon.colcon_core.environment:create_file_with_runtime_dependencies(/home/anand/whistle_safety_ws/install/whistle_gazebo/share/colcon-core/packages/whistle_gazebo)
[2.584s] DEBUG:colcon.colcon_core.event_handler.log_command:Invoked command in '/home/anand/whistle_safety_ws/build/whistle_safety_msgs' returned '0': CMAKE_PREFIX_PATH=${CMAKE_PREFIX_PATH}:/home/anand/whistle_safety_ws/install/zenoh_bridge:/home/anand/whistle_safety_ws/install/alert_manager:/home/anand/whistle_safety_ws/install/whistle_detector:/opt/ros/humble /usr/bin/cmake --build /home/anand/whistle_safety_ws/build/whistle_safety_msgs -- -j16 -l16
[2.585s] DEBUG:colcon.colcon_core.event_handler.log_command:Invoking command in '/home/anand/whistle_safety_ws/build/whistle_safety_msgs': CMAKE_PREFIX_PATH=${CMAKE_PREFIX_PATH}:/home/anand/whistle_safety_ws/install/zenoh_bridge:/home/anand/whistle_safety_ws/install/alert_manager:/home/anand/whistle_safety_ws/install/whistle_detector:/opt/ros/humble /usr/bin/cmake --install /home/anand/whistle_safety_ws/build/whistle_safety_msgs
[2.639s] Level 1:colcon.colcon_core.environment:create_environment_scripts_only(whistle_safety_msgs)
[2.640s] DEBUG:colcon.colcon_core.event_handler.log_command:Invoked command in '/home/anand/whistle_safety_ws/build/whistle_safety_msgs' returned '0': CMAKE_PREFIX_PATH=${CMAKE_PREFIX_PATH}:/home/anand/whistle_safety_ws/install/zenoh_bridge:/home/anand/whistle_safety_ws/install/alert_manager:/home/anand/whistle_safety_ws/install/whistle_detector:/opt/ros/humble /usr/bin/cmake --install /home/anand/whistle_safety_ws/build/whistle_safety_msgs
[2.640s] Level 1:colcon.colcon_core.environment:checking '/home/anand/whistle_safety_ws/install/whistle_safety_msgs' for CMake module files
[2.641s] Level 1:colcon.colcon_core.environment:checking '/home/anand/whistle_safety_ws/install/whistle_safety_msgs' for CMake config files
[2.642s] Level 1:colcon.colcon_core.shell:create_environment_hook('whistle_safety_msgs', 'cmake_prefix_path')
[2.642s] INFO:colcon.colcon_core.shell:Creating environment hook '/home/anand/whistle_safety_ws/install/whistle_safety_msgs/share/whistle_safety_msgs/hook/cmake_prefix_path.ps1'
[2.643s] INFO:colcon.colcon_core.shell:Creating environment descriptor '/home/anand/whistle_safety_ws/install/whistle_safety_msgs/share/whistle_safety_msgs/hook/cmake_prefix_path.dsv'
[2.643s] INFO:colcon.colcon_core.shell:Creating environment hook '/home/anand/whistle_safety_ws/install/whistle_safety_msgs/share/whistle_safety_msgs/hook/cmake_prefix_path.sh'
[2.644s] Level 1:colcon.colcon_core.environment:checking '/home/anand/whistle_safety_ws/install/whistle_safety_msgs/lib'
[2.644s] Level 1:colcon.colcon_core.shell:create_environment_hook('whistle_safety_msgs', 'ld_library_path_lib')
[2.644s] INFO:colcon.colcon_core.shell:Creating environment hook '/home/anand/whistle_safety_ws/install/whistle_safety_msgs/share/whistle_safety_msgs/hook/ld_library_path_lib.ps1'
[2.644s] INFO:colcon.colcon_core.shell:Creating environment descriptor '/home/anand/whistle_safety_ws/install/whistle_safety_msgs/share/whistle_safety_msgs/hook/ld_library_path_lib.dsv'
[2.645s] INFO:colcon.colcon_core.shell:Creating environment hook '/home/anand/whistle_safety_ws/install/whistle_safety_msgs/share/whistle_safety_msgs/hook/ld_library_path_lib.sh'
[2.645s] Level 1:colcon.colcon_core.environment:checking '/home/anand/whistle_safety_ws/install/whistle_safety_msgs/bin'
[2.645s] Level 1:colcon.colcon_core.environment:checking '/home/anand/whistle_safety_ws/install/whistle_safety_msgs/lib/pkgconfig/whistle_safety_msgs.pc'
[2.645s] Level 1:colcon.colcon_core.environment:checking '/home/anand/whistle_safety_ws/install/whistle_safety_msgs/lib/python3.10/site-packages'
[2.646s] Level 1:colcon.colcon_core.environment:checking '/home/anand/whistle_safety_ws/install/whistle_safety_msgs/bin'
[2.646s] INFO:colcon.colcon_core.shell:Creating package script '/home/anand/whistle_safety_ws/install/whistle_safety_msgs/share/whistle_safety_msgs/package.ps1'
[2.646s] INFO:colcon.colcon_core.shell:Creating package descriptor '/home/anand/whistle_safety_ws/install/whistle_safety_msgs/share/whistle_safety_msgs/package.dsv'
[2.647s] INFO:colcon.colcon_core.shell:Creating package script '/home/anand/whistle_safety_ws/install/whistle_safety_msgs/share/whistle_safety_msgs/package.sh'
[2.647s] INFO:colcon.colcon_core.shell:Creating package script '/home/anand/whistle_safety_ws/install/whistle_safety_msgs/share/whistle_safety_msgs/package.bash'
[2.648s] INFO:colcon.colcon_core.shell:Creating package script '/home/anand/whistle_safety_ws/install/whistle_safety_msgs/share/whistle_safety_msgs/package.zsh'
[2.648s] Level 1:colcon.colcon_core.environment:create_file_with_runtime_dependencies(/home/anand/whistle_safety_ws/install/whistle_safety_msgs/share/colcon-core/packages/whistle_safety_msgs)
[2.648s] Level 1:colcon.colcon_core.environment:create_environment_scripts_only(whistle_safety_msgs)
[2.649s] Level 1:colcon.colcon_core.environment:checking '/home/anand/whistle_safety_ws/install/whistle_safety_msgs' for CMake module files
[2.649s] Level 1:colcon.colcon_core.environment:checking '/home/anand/whistle_safety_ws/install/whistle_safety_msgs' for CMake config files
[2.650s] Level 1:colcon.colcon_core.shell:create_environment_hook('whistle_safety_msgs', 'cmake_prefix_path')
[2.650s] INFO:colcon.colcon_core.shell:Creating environment hook '/home/anand/whistle_safety_ws/install/whistle_safety_msgs/share/whistle_safety_msgs/hook/cmake_prefix_path.ps1'
[2.650s] INFO:colcon.colcon_core.shell:Creating environment descriptor '/home/anand/whistle_safety_ws/install/whistle_safety_msgs/share/whistle_safety_msgs/hook/cmake_prefix_path.dsv'
[2.651s] INFO:colcon.colcon_core.shell:Creating environment hook '/home/anand/whistle_safety_ws/install/whistle_safety_msgs/share/whistle_safety_msgs/hook/cmake_prefix_path.sh'
[2.651s] Level 1:colcon.colcon_core.environment:checking '/home/anand/whistle_safety_ws/install/whistle_safety_msgs/lib'
[2.651s] Level 1:colcon.colcon_core.shell:create_environment_hook('whistle_safety_msgs', 'ld_library_path_lib')
[2.651s] INFO:colcon.colcon_core.shell:Creating environment hook '/home/anand/whistle_safety_ws/install/whistle_safety_msgs/share/whistle_safety_msgs/hook/ld_library_path_lib.ps1'
[2.652s] INFO:colcon.colcon_core.shell:Creating environment descriptor '/home/anand/whistle_safety_ws/install/whistle_safety_msgs/share/whistle_safety_msgs/hook/ld_library_path_lib.dsv'
[2.652s] INFO:colcon.colcon_core.shell:Creating environment hook '/home/anand/whistle_safety_ws/install/whistle_safety_msgs/share/whistle_safety_msgs/hook/ld_library_path_lib.sh'
[2.652s] Level 1:colcon.colcon_core.environment:checking '/home/anand/whistle_safety_ws/install/whistle_safety_msgs/bin'
[2.652s] Level 1:colcon.colcon_core.environment:checking '/home/anand/whistle_safety_ws/install/whistle_safety_msgs/lib/pkgconfig/whistle_safety_msgs.pc'
[2.652s] Level 1:colcon.colcon_core.environment:checking '/home/anand/whistle_safety_ws/install/whistle_safety_msgs/lib/python3.10/site-packages'
[2.652s] Level 1:colcon.colcon_core.environment:checking '/home/anand/whistle_safety_ws/install/whistle_safety_msgs/bin'
[2.652s] INFO:colcon.colcon_core.shell:Creating package script '/home/anand/whistle_safety_ws/install/whistle_safety_msgs/share/whistle_safety_msgs/package.ps1'
[2.653s] INFO:colcon.colcon_core.shell:Creating package descriptor '/home/anand/whistle_safety_ws/install/whistle_safety_msgs/share/whistle_safety_msgs/package.dsv'
[2.653s] INFO:colcon.colcon_core.shell:Creating package script '/home/anand/whistle_safety_ws/install/whistle_safety_msgs/share/whistle_safety_msgs/package.sh'
[2.653s] INFO:colcon.colcon_core.shell:Creating package script '/home/anand/whistle_safety_ws/install/whistle_safety_msgs/share/whistle_safety_msgs/package.bash'
[2.653s] INFO:colcon.colcon_core.shell:Creating package script '/home/anand/whistle_safety_ws/install/whistle_safety_msgs/share/whistle_safety_msgs/package.zsh'
[2.654s] Level 1:colcon.colcon_core.environment:create_file_with_runtime_dependencies(/home/anand/whistle_safety_ws/install/whistle_safety_msgs/share/colcon-core/packages/whistle_safety_msgs)
[2.654s] DEBUG:colcon.colcon_parallel_executor.executor.parallel:closing loop
[2.654s] DEBUG:colcon.colcon_parallel_executor.executor.parallel:loop closed
[2.654s] DEBUG:colcon.colcon_parallel_executor.executor.parallel:run_until_complete finished with '0'
[2.654s] DEBUG:colcon.colcon_core.event_reactor:joining thread
[2.658s] INFO:colcon.colcon_core.plugin_system:Skipping extension 'colcon_notification.desktop_notification.terminal_notifier': Not used on non-Darwin systems
[2.658s] INFO:colcon.colcon_core.plugin_system:Skipping extension 'colcon_notification.desktop_notification.win32': Not used on non-Windows systems
[2.658s] INFO:colcon.colcon_notification.desktop_notification:Sending desktop notification using 'notify2'
[2.668s] DEBUG:colcon.colcon_core.event_reactor:joined thread
[2.668s] INFO:colcon.colcon_core.shell:Creating prefix script '/home/anand/whistle_safety_ws/install/local_setup.ps1'
[2.669s] INFO:colcon.colcon_core.shell:Creating prefix util module '/home/anand/whistle_safety_ws/install/_local_setup_util_ps1.py'
[2.671s] INFO:colcon.colcon_core.shell:Creating prefix chain script '/home/anand/whistle_safety_ws/install/setup.ps1'
[2.673s] INFO:colcon.colcon_core.shell:Creating prefix script '/home/anand/whistle_safety_ws/install/local_setup.sh'
[2.673s] INFO:colcon.colcon_core.shell:Creating prefix util module '/home/anand/whistle_safety_ws/install/_local_setup_util_sh.py'
[2.674s] INFO:colcon.colcon_core.shell:Creating prefix chain script '/home/anand/whistle_safety_ws/install/setup.sh'
[2.675s] INFO:colcon.colcon_core.shell:Creating prefix script '/home/anand/whistle_safety_ws/install/local_setup.bash'
[2.676s] INFO:colcon.colcon_core.shell:Creating prefix chain script '/home/anand/whistle_safety_ws/install/setup.bash'
[2.677s] INFO:colcon.colcon_core.shell:Creating prefix script '/home/anand/whistle_safety_ws/install/local_setup.zsh'
[2.677s] INFO:colcon.colcon_core.shell:Creating prefix chain script '/home/anand/whistle_safety_ws/install/setup.zsh'
