[0.116s] DEBUG:colcon:Command line arguments: ['/usr/bin/colcon', 'build', '--packages-select', 'whistle_detector', 'whistle_gazebo']
[0.116s] DEBUG:colcon:Parsed command line arguments: Namespace(log_base=None, log_level=None, verb_name='build', build_base='build', install_base='install', merge_install=False, symlink_install=False, test_result_base=None, continue_on_error=False, executor='parallel', parallel_workers=16, event_handlers=None, ignore_user_meta=False, metas=['./colcon.meta'], base_paths=['.'], packages_ignore=None, packages_ignore_regex=None, paths=None, packages_up_to=None, packages_up_to_regex=None, packages_above=None, packages_above_and_dependencies=None, packages_above_depth=None, packages_select_by_dep=None, packages_skip_by_dep=None, packages_skip_up_to=None, packages_select_build_failed=False, packages_skip_build_finished=False, packages_select_test_failures=False, packages_skip_test_passed=False, packages_select=['whistle_detector', 'whistle_gazebo'], packages_skip=None, packages_select_regex=None, packages_skip_regex=None, packages_start=None, packages_end=None, allow_overriding=[], cmake_args=None, cmake_target=None, cmake_target_skip_unavailable=False, cmake_clean_cache=False, cmake_clean_first=False, cmake_force_configure=False, ament_cmake_args=None, catkin_cmake_args=None, catkin_skip_building_tests=False, mixin_files=None, mixin=None, verb_parser=<colcon_mixin.mixin.mixin_argument.MixinArgumentDecorator object at 0x789c32e95f90>, verb_extension=<colcon_core.verb.build.BuildVerb object at 0x789c32e95960>, main=<bound method BuildVerb.main of <colcon_core.verb.build.BuildVerb object at 0x789c32e95960>>, mixin_verb=('build',))
[0.158s] Level 1:colcon.colcon_core.package_discovery:discover_packages(colcon_meta) check parameters
[0.158s] Level 1:colcon.colcon_core.package_discovery:discover_packages(recursive) check parameters
[0.158s] Level 1:colcon.colcon_core.package_discovery:discover_packages(ignore) check parameters
[0.158s] Level 1:colcon.colcon_core.package_discovery:discover_packages(path) check parameters
[0.158s] Level 1:colcon.colcon_core.package_discovery:discover_packages(colcon_meta) discover
[0.158s] Level 1:colcon.colcon_core.package_discovery:discover_packages(recursive) discover
[0.159s] INFO:colcon.colcon_core.package_discovery:Crawling recursively for packages in '/home/anand/whistle_safety_ws'
[0.159s] Level 1:colcon.colcon_core.package_identification:_identify(.) by extensions ['ignore', 'ignore_ament_install']
[0.159s] Level 1:colcon.colcon_core.package_identification:_identify(.) by extension 'ignore'
[0.159s] Level 1:colcon.colcon_core.package_identification:_identify(.) by extension 'ignore_ament_install'
[0.159s] Level 1:colcon.colcon_core.package_identification:_identify(.) by extensions ['colcon_pkg']
[0.159s] Level 1:colcon.colcon_core.package_identification:_identify(.) by extension 'colcon_pkg'
[0.159s] Level 1:colcon.colcon_core.package_identification:_identify(.) by extensions ['colcon_meta']
[0.159s] Level 1:colcon.colcon_core.package_identification:_identify(.) by extension 'colcon_meta'
[0.159s] Level 1:colcon.colcon_core.package_identification:_identify(.) by extensions ['ros']
[0.159s] Level 1:colcon.colcon_core.package_identification:_identify(.) by extension 'ros'
[0.180s] Level 1:colcon.colcon_core.package_identification:_identify(.) by extensions ['cmake', 'python']
[0.180s] Level 1:colcon.colcon_core.package_identification:_identify(.) by extension 'cmake'
[0.180s] Level 1:colcon.colcon_core.package_identification:_identify(.) by extension 'python'
[0.180s] Level 1:colcon.colcon_core.package_identification:_identify(.) by extensions ['python_setup_py']
[0.180s] Level 1:colcon.colcon_core.package_identification:_identify(.) by extension 'python_setup_py'
[0.180s] Level 1:colcon.colcon_core.package_identification:_identify(build) by extensions ['ignore', 'ignore_ament_install']
[0.180s] Level 1:colcon.colcon_core.package_identification:_identify(build) by extension 'ignore'
[0.180s] Level 1:colcon.colcon_core.package_identification:_identify(build) ignored
[0.180s] Level 1:colcon.colcon_core.package_identification:_identify(install) by extensions ['ignore', 'ignore_ament_install']
[0.180s] Level 1:colcon.colcon_core.package_identification:_identify(install) by extension 'ignore'
[0.181s] Level 1:colcon.colcon_core.package_identification:_identify(install) ignored
[0.181s] Level 1:colcon.colcon_core.package_identification:_identify(log) by extensions ['ignore', 'ignore_ament_install']
[0.181s] Level 1:colcon.colcon_core.package_identification:_identify(log) by extension 'ignore'
[0.181s] Level 1:colcon.colcon_core.package_identification:_identify(log) ignored
[0.181s] Level 1:colcon.colcon_core.package_identification:_identify(src) by extensions ['ignore', 'ignore_ament_install']
[0.181s] Level 1:colcon.colcon_core.package_identification:_identify(src) by extension 'ignore'
[0.181s] Level 1:colcon.colcon_core.package_identification:_identify(src) by extension 'ignore_ament_install'
[0.181s] Level 1:colcon.colcon_core.package_identification:_identify(src) by extensions ['colcon_pkg']
[0.181s] Level 1:colcon.colcon_core.package_identification:_identify(src) by extension 'colcon_pkg'
[0.181s] Level 1:colcon.colcon_core.package_identification:_identify(src) by extensions ['colcon_meta']
[0.181s] Level 1:colcon.colcon_core.package_identification:_identify(src) by extension 'colcon_meta'
[0.181s] Level 1:colcon.colcon_core.package_identification:_identify(src) by extensions ['ros']
[0.181s] Level 1:colcon.colcon_core.package_identification:_identify(src) by extension 'ros'
[0.181s] Level 1:colcon.colcon_core.package_identification:_identify(src) by extensions ['cmake', 'python']
[0.181s] Level 1:colcon.colcon_core.package_identification:_identify(src) by extension 'cmake'
[0.181s] Level 1:colcon.colcon_core.package_identification:_identify(src) by extension 'python'
[0.181s] Level 1:colcon.colcon_core.package_identification:_identify(src) by extensions ['python_setup_py']
[0.181s] Level 1:colcon.colcon_core.package_identification:_identify(src) by extension 'python_setup_py'
[0.181s] Level 1:colcon.colcon_core.package_identification:_identify(src/alert_manager) by extensions ['ignore', 'ignore_ament_install']
[0.181s] Level 1:colcon.colcon_core.package_identification:_identify(src/alert_manager) by extension 'ignore'
[0.181s] Level 1:colcon.colcon_core.package_identification:_identify(src/alert_manager) by extension 'ignore_ament_install'
[0.181s] Level 1:colcon.colcon_core.package_identification:_identify(src/alert_manager) by extensions ['colcon_pkg']
[0.181s] Level 1:colcon.colcon_core.package_identification:_identify(src/alert_manager) by extension 'colcon_pkg'
[0.181s] Level 1:colcon.colcon_core.package_identification:_identify(src/alert_manager) by extensions ['colcon_meta']
[0.182s] Level 1:colcon.colcon_core.package_identification:_identify(src/alert_manager) by extension 'colcon_meta'
[0.182s] Level 1:colcon.colcon_core.package_identification:_identify(src/alert_manager) by extensions ['ros']
[0.182s] Level 1:colcon.colcon_core.package_identification:_identify(src/alert_manager) by extension 'ros'
[0.182s] DEBUG:colcon.colcon_core.package_identification:Failed to parse potential ROS package manifest in'src/alert_manager': Error(s) in package 'src/alert_manager/package.xml':
The manifest contains invalid XML:
XML or text declaration not at start of entity: line 2, column 0
[0.183s] Level 1:colcon.colcon_core.package_identification:_identify(src/alert_manager) by extensions ['cmake', 'python']
[0.183s] Level 1:colcon.colcon_core.package_identification:_identify(src/alert_manager) by extension 'cmake'
[0.183s] Level 1:colcon.colcon_core.package_identification:_identify(src/alert_manager) by extension 'python'
[0.183s] DEBUG:colcon.colcon_core.package_identification:Python package in 'src/alert_manager' passes arguments to the setup() function which requires a different identification extension than 'python'
[0.183s] Level 1:colcon.colcon_core.package_identification:_identify(src/alert_manager) by extensions ['python_setup_py']
[0.183s] Level 1:colcon.colcon_core.package_identification:_identify(src/alert_manager) by extension 'python_setup_py'
[0.420s] DEBUG:colcon.colcon_core.package_identification:Package 'src/alert_manager' with type 'python' and name 'alert_manager'
[0.421s] Level 1:colcon.colcon_core.package_identification:_identify(src/sim_microphone_sensor) by extensions ['ignore', 'ignore_ament_install']
[0.421s] Level 1:colcon.colcon_core.package_identification:_identify(src/sim_microphone_sensor) by extension 'ignore'
[0.421s] Level 1:colcon.colcon_core.package_identification:_identify(src/sim_microphone_sensor) by extension 'ignore_ament_install'
[0.421s] Level 1:colcon.colcon_core.package_identification:_identify(src/sim_microphone_sensor) by extensions ['colcon_pkg']
[0.421s] Level 1:colcon.colcon_core.package_identification:_identify(src/sim_microphone_sensor) by extension 'colcon_pkg'
[0.421s] Level 1:colcon.colcon_core.package_identification:_identify(src/sim_microphone_sensor) by extensions ['colcon_meta']
[0.421s] Level 1:colcon.colcon_core.package_identification:_identify(src/sim_microphone_sensor) by extension 'colcon_meta'
[0.421s] Level 1:colcon.colcon_core.package_identification:_identify(src/sim_microphone_sensor) by extensions ['ros']
[0.421s] Level 1:colcon.colcon_core.package_identification:_identify(src/sim_microphone_sensor) by extension 'ros'
[0.423s] DEBUG:colcon.colcon_core.package_identification:Package 'src/sim_microphone_sensor' with type 'ros.ament_python' and name 'sim_microphone_sensor'
[0.423s] Level 1:colcon.colcon_core.package_identification:_identify(src/whistle_detector) by extensions ['ignore', 'ignore_ament_install']
[0.423s] Level 1:colcon.colcon_core.package_identification:_identify(src/whistle_detector) by extension 'ignore'
[0.423s] Level 1:colcon.colcon_core.package_identification:_identify(src/whistle_detector) by extension 'ignore_ament_install'
[0.423s] Level 1:colcon.colcon_core.package_identification:_identify(src/whistle_detector) by extensions ['colcon_pkg']
[0.423s] Level 1:colcon.colcon_core.package_identification:_identify(src/whistle_detector) by extension 'colcon_pkg'
[0.423s] Level 1:colcon.colcon_core.package_identification:_identify(src/whistle_detector) by extensions ['colcon_meta']
[0.423s] Level 1:colcon.colcon_core.package_identification:_identify(src/whistle_detector) by extension 'colcon_meta'
[0.424s] Level 1:colcon.colcon_core.package_identification:_identify(src/whistle_detector) by extensions ['ros']
[0.424s] Level 1:colcon.colcon_core.package_identification:_identify(src/whistle_detector) by extension 'ros'
[0.424s] DEBUG:colcon.colcon_core.package_identification:Failed to parse potential ROS package manifest in'src/whistle_detector': Error(s) in package 'src/whistle_detector/package.xml':
The manifest contains invalid XML:
XML or text declaration not at start of entity: line 2, column 0
[0.424s] Level 1:colcon.colcon_core.package_identification:_identify(src/whistle_detector) by extensions ['cmake', 'python']
[0.424s] Level 1:colcon.colcon_core.package_identification:_identify(src/whistle_detector) by extension 'cmake'
[0.424s] Level 1:colcon.colcon_core.package_identification:_identify(src/whistle_detector) by extension 'python'
[0.424s] DEBUG:colcon.colcon_core.package_identification:Python package in 'src/whistle_detector' passes arguments to the setup() function which requires a different identification extension than 'python'
[0.424s] Level 1:colcon.colcon_core.package_identification:_identify(src/whistle_detector) by extensions ['python_setup_py']
[0.424s] Level 1:colcon.colcon_core.package_identification:_identify(src/whistle_detector) by extension 'python_setup_py'
[0.618s] DEBUG:colcon.colcon_core.package_identification:Package 'src/whistle_detector' with type 'python' and name 'whistle_detector'
[0.619s] Level 1:colcon.colcon_core.package_identification:_identify(src/whistle_gazebo) by extensions ['ignore', 'ignore_ament_install']
[0.619s] Level 1:colcon.colcon_core.package_identification:_identify(src/whistle_gazebo) by extension 'ignore'
[0.619s] Level 1:colcon.colcon_core.package_identification:_identify(src/whistle_gazebo) by extension 'ignore_ament_install'
[0.619s] Level 1:colcon.colcon_core.package_identification:_identify(src/whistle_gazebo) by extensions ['colcon_pkg']
[0.619s] Level 1:colcon.colcon_core.package_identification:_identify(src/whistle_gazebo) by extension 'colcon_pkg'
[0.619s] Level 1:colcon.colcon_core.package_identification:_identify(src/whistle_gazebo) by extensions ['colcon_meta']
[0.619s] Level 1:colcon.colcon_core.package_identification:_identify(src/whistle_gazebo) by extension 'colcon_meta'
[0.619s] Level 1:colcon.colcon_core.package_identification:_identify(src/whistle_gazebo) by extensions ['ros']
[0.619s] Level 1:colcon.colcon_core.package_identification:_identify(src/whistle_gazebo) by extension 'ros'
[0.620s] DEBUG:colcon.colcon_core.package_identification:Package 'src/whistle_gazebo' with type 'ros.ament_cmake' and name 'whistle_gazebo'
[0.620s] Level 1:colcon.colcon_core.package_identification:_identify(src/whistle_robot_description) by extensions ['ignore', 'ignore_ament_install']
[0.620s] Level 1:colcon.colcon_core.package_identification:_identify(src/whistle_robot_description) by extension 'ignore'
[0.620s] Level 1:colcon.colcon_core.package_identification:_identify(src/whistle_robot_description) by extension 'ignore_ament_install'
[0.620s] Level 1:colcon.colcon_core.package_identification:_identify(src/whistle_robot_description) by extensions ['colcon_pkg']
[0.620s] Level 1:colcon.colcon_core.package_identification:_identify(src/whistle_robot_description) by extension 'colcon_pkg'
[0.620s] Level 1:colcon.colcon_core.package_identification:_identify(src/whistle_robot_description) by extensions ['colcon_meta']
[0.620s] Level 1:colcon.colcon_core.package_identification:_identify(src/whistle_robot_description) by extension 'colcon_meta'
[0.620s] Level 1:colcon.colcon_core.package_identification:_identify(src/whistle_robot_description) by extensions ['ros']
[0.620s] Level 1:colcon.colcon_core.package_identification:_identify(src/whistle_robot_description) by extension 'ros'
[0.621s] DEBUG:colcon.colcon_core.package_identification:Package 'src/whistle_robot_description' with type 'ros.ament_cmake' and name 'whistle_robot_description'
[0.621s] Level 1:colcon.colcon_core.package_identification:_identify(src/whistle_safety_msgs) by extensions ['ignore', 'ignore_ament_install']
[0.621s] Level 1:colcon.colcon_core.package_identification:_identify(src/whistle_safety_msgs) by extension 'ignore'
[0.621s] Level 1:colcon.colcon_core.package_identification:_identify(src/whistle_safety_msgs) by extension 'ignore_ament_install'
[0.621s] Level 1:colcon.colcon_core.package_identification:_identify(src/whistle_safety_msgs) by extensions ['colcon_pkg']
[0.621s] Level 1:colcon.colcon_core.package_identification:_identify(src/whistle_safety_msgs) by extension 'colcon_pkg'
[0.621s] Level 1:colcon.colcon_core.package_identification:_identify(src/whistle_safety_msgs) by extensions ['colcon_meta']
[0.621s] Level 1:colcon.colcon_core.package_identification:_identify(src/whistle_safety_msgs) by extension 'colcon_meta'
[0.621s] Level 1:colcon.colcon_core.package_identification:_identify(src/whistle_safety_msgs) by extensions ['ros']
[0.621s] Level 1:colcon.colcon_core.package_identification:_identify(src/whistle_safety_msgs) by extension 'ros'
[0.622s] DEBUG:colcon.colcon_core.package_identification:Package 'src/whistle_safety_msgs' with type 'ros.ament_cmake' and name 'whistle_safety_msgs'
[0.622s] Level 1:colcon.colcon_core.package_identification:_identify(src/zenoh_bridge) by extensions ['ignore', 'ignore_ament_install']
[0.622s] Level 1:colcon.colcon_core.package_identification:_identify(src/zenoh_bridge) by extension 'ignore'
[0.622s] Level 1:colcon.colcon_core.package_identification:_identify(src/zenoh_bridge) by extension 'ignore_ament_install'
[0.622s] Level 1:colcon.colcon_core.package_identification:_identify(src/zenoh_bridge) by extensions ['colcon_pkg']
[0.622s] Level 1:colcon.colcon_core.package_identification:_identify(src/zenoh_bridge) by extension 'colcon_pkg'
[0.622s] Level 1:colcon.colcon_core.package_identification:_identify(src/zenoh_bridge) by extensions ['colcon_meta']
[0.622s] Level 1:colcon.colcon_core.package_identification:_identify(src/zenoh_bridge) by extension 'colcon_meta'
[0.622s] Level 1:colcon.colcon_core.package_identification:_identify(src/zenoh_bridge) by extensions ['ros']
[0.622s] Level 1:colcon.colcon_core.package_identification:_identify(src/zenoh_bridge) by extension 'ros'
[0.622s] DEBUG:colcon.colcon_core.package_identification:Failed to parse potential ROS package manifest in'src/zenoh_bridge': Error(s) in package 'src/zenoh_bridge/package.xml':
The manifest contains invalid XML:
XML or text declaration not at start of entity: line 2, column 0
[0.622s] Level 1:colcon.colcon_core.package_identification:_identify(src/zenoh_bridge) by extensions ['cmake', 'python']
[0.622s] Level 1:colcon.colcon_core.package_identification:_identify(src/zenoh_bridge) by extension 'cmake'
[0.622s] Level 1:colcon.colcon_core.package_identification:_identify(src/zenoh_bridge) by extension 'python'
[0.623s] DEBUG:colcon.colcon_core.package_identification:Python package in 'src/zenoh_bridge' passes arguments to the setup() function which requires a different identification extension than 'python'
[0.623s] Level 1:colcon.colcon_core.package_identification:_identify(src/zenoh_bridge) by extensions ['python_setup_py']
[0.623s] Level 1:colcon.colcon_core.package_identification:_identify(src/zenoh_bridge) by extension 'python_setup_py'
[0.814s] DEBUG:colcon.colcon_core.package_identification:Package 'src/zenoh_bridge' with type 'python' and name 'zenoh_bridge'
[0.814s] Level 1:colcon.colcon_core.package_discovery:discover_packages(recursive) using defaults
[0.815s] Level 1:colcon.colcon_core.package_discovery:discover_packages(ignore) discover
[0.815s] Level 1:colcon.colcon_core.package_discovery:discover_packages(ignore) using defaults
[0.815s] Level 1:colcon.colcon_core.package_discovery:discover_packages(path) discover
[0.815s] Level 1:colcon.colcon_core.package_discovery:discover_packages(path) using defaults
[0.835s] INFO:colcon.colcon_core.package_selection:Skipping not selected package 'alert_manager' in 'src/alert_manager'
[0.835s] INFO:colcon.colcon_core.package_selection:Skipping not selected package 'sim_microphone_sensor' in 'src/sim_microphone_sensor'
[0.835s] INFO:colcon.colcon_core.package_selection:Skipping not selected package 'whistle_robot_description' in 'src/whistle_robot_description'
[0.835s] INFO:colcon.colcon_core.package_selection:Skipping not selected package 'whistle_safety_msgs' in 'src/whistle_safety_msgs'
[0.835s] INFO:colcon.colcon_core.package_selection:Skipping not selected package 'zenoh_bridge' in 'src/zenoh_bridge'
[0.836s] Level 1:colcon.colcon_core.package_discovery:discover_packages(prefix_path) check parameters
[0.836s] Level 1:colcon.colcon_core.package_discovery:discover_packages(prefix_path) discover
[0.838s] DEBUG:colcon.colcon_installed_package_information.package_discovery:Found 4 installed packages in /home/anand/microros_ws/install
[0.838s] DEBUG:colcon.colcon_installed_package_information.package_discovery:Found 2 installed packages in /home/anand/rebel_ws/install
[0.839s] DEBUG:colcon.colcon_installed_package_information.package_discovery:Found 1 installed packages in /home/anand/ros2_works/install
[0.839s] DEBUG:colcon.colcon_installed_package_information.package_discovery:Found 9 installed packages in /home/anand/whistle_safety_ws/install
[0.841s] DEBUG:colcon.colcon_installed_package_information.package_discovery:Found 424 installed packages in /opt/ros/humble
[0.842s] Level 1:colcon.colcon_core.package_discovery:discover_packages(prefix_path) using defaults
[0.888s] Level 5:colcon.colcon_core.verb:set package 'whistle_detector' build argument 'cmake_args' from command line to 'None'
[0.888s] Level 5:colcon.colcon_core.verb:set package 'whistle_detector' build argument 'cmake_target' from command line to 'None'
[0.888s] Level 5:colcon.colcon_core.verb:set package 'whistle_detector' build argument 'cmake_target_skip_unavailable' from command line to 'False'
[0.888s] Level 5:colcon.colcon_core.verb:set package 'whistle_detector' build argument 'cmake_clean_cache' from command line to 'False'
[0.888s] Level 5:colcon.colcon_core.verb:set package 'whistle_detector' build argument 'cmake_clean_first' from command line to 'False'
[0.888s] Level 5:colcon.colcon_core.verb:set package 'whistle_detector' build argument 'cmake_force_configure' from command line to 'False'
[0.888s] Level 5:colcon.colcon_core.verb:set package 'whistle_detector' build argument 'ament_cmake_args' from command line to 'None'
[0.888s] Level 5:colcon.colcon_core.verb:set package 'whistle_detector' build argument 'catkin_cmake_args' from command line to 'None'
[0.888s] Level 5:colcon.colcon_core.verb:set package 'whistle_detector' build argument 'catkin_skip_building_tests' from command line to 'False'
[0.888s] DEBUG:colcon.colcon_core.verb:Building package 'whistle_detector' with the following arguments: {'ament_cmake_args': None, 'build_base': '/home/anand/whistle_safety_ws/build/whistle_detector', 'catkin_cmake_args': None, 'catkin_skip_building_tests': False, 'cmake_args': None, 'cmake_clean_cache': False, 'cmake_clean_first': False, 'cmake_force_configure': False, 'cmake_target': None, 'cmake_target_skip_unavailable': False, 'install_base': '/home/anand/whistle_safety_ws/install/whistle_detector', 'merge_install': False, 'path': '/home/anand/whistle_safety_ws/src/whistle_detector', 'symlink_install': False, 'test_result_base': None}
[0.888s] Level 5:colcon.colcon_core.verb:set package 'whistle_gazebo' build argument 'cmake_args' from command line to 'None'
[0.888s] Level 5:colcon.colcon_core.verb:set package 'whistle_gazebo' build argument 'cmake_target' from command line to 'None'
[0.888s] Level 5:colcon.colcon_core.verb:set package 'whistle_gazebo' build argument 'cmake_target_skip_unavailable' from command line to 'False'
[0.888s] Level 5:colcon.colcon_core.verb:set package 'whistle_gazebo' build argument 'cmake_clean_cache' from command line to 'False'
[0.888s] Level 5:colcon.colcon_core.verb:set package 'whistle_gazebo' build argument 'cmake_clean_first' from command line to 'False'
[0.888s] Level 5:colcon.colcon_core.verb:set package 'whistle_gazebo' build argument 'cmake_force_configure' from command line to 'False'
[0.888s] Level 5:colcon.colcon_core.verb:set package 'whistle_gazebo' build argument 'ament_cmake_args' from command line to 'None'
[0.888s] Level 5:colcon.colcon_core.verb:set package 'whistle_gazebo' build argument 'catkin_cmake_args' from command line to 'None'
[0.888s] Level 5:colcon.colcon_core.verb:set package 'whistle_gazebo' build argument 'catkin_skip_building_tests' from command line to 'False'
[0.888s] DEBUG:colcon.colcon_core.verb:Building package 'whistle_gazebo' with the following arguments: {'ament_cmake_args': None, 'build_base': '/home/anand/whistle_safety_ws/build/whistle_gazebo', 'catkin_cmake_args': None, 'catkin_skip_building_tests': False, 'cmake_args': None, 'cmake_clean_cache': False, 'cmake_clean_first': False, 'cmake_force_configure': False, 'cmake_target': None, 'cmake_target_skip_unavailable': False, 'install_base': '/home/anand/whistle_safety_ws/install/whistle_gazebo', 'merge_install': False, 'path': '/home/anand/whistle_safety_ws/src/whistle_gazebo', 'symlink_install': False, 'test_result_base': None}
[0.889s] INFO:colcon.colcon_core.executor:Executing jobs using 'parallel' executor
[0.890s] DEBUG:colcon.colcon_parallel_executor.executor.parallel:run_until_complete
[0.890s] INFO:colcon.colcon_core.task.python.build:Building Python package in '/home/anand/whistle_safety_ws/src/whistle_detector'
[0.893s] INFO:colcon.colcon_core.plugin_system:Skipping extension 'colcon_core.shell.bat': Not used on non-Windows systems
[0.893s] INFO:colcon.colcon_core.shell:Skip shell extension 'powershell' for command environment: Not usable outside of PowerShell
[0.893s] DEBUG:colcon.colcon_core.shell:Skip shell extension 'dsv' for command environment
[0.900s] INFO:colcon.colcon_ros.task.ament_cmake.build:Building ROS package in '/home/anand/whistle_safety_ws/src/whistle_gazebo' with build type 'ament_cmake'
[0.900s] INFO:colcon.colcon_cmake.task.cmake.build:Building CMake package in '/home/anand/whistle_safety_ws/src/whistle_gazebo'
[0.900s] INFO:colcon.colcon_core.shell:Skip shell extension 'powershell' for command environment: Not usable outside of PowerShell
[0.900s] DEBUG:colcon.colcon_core.shell:Skip shell extension 'dsv' for command environment
[1.141s] DEBUG:colcon.colcon_core.event_handler.log_command:Invoking command in '/home/anand/whistle_safety_ws/build/whistle_gazebo': CMAKE_PREFIX_PATH=/home/anand/whistle_safety_ws/install/whistle_robot_description:/home/anand/whistle_safety_ws/install/whistle_safety_msgs:/home/anand/whistle_safety_ws/install/whistle_gazebo:/home/anand/whistle_safety_ws/install/whistle_nav2_config:/home/anand/microros_ws/install/micro_ros_setup:/home/anand/microros_ws/install/micro_ros_agent:/home/anand/microros_ws/install/micro_ros_msgs:/home/anand/rebel_ws/install/myrobot_moveit_config:/home/anand/rebel_ws/install/igus_rebel_description:/home/anand/whistle_safety_ws/install/zenoh_bridge:/home/anand/whistle_safety_ws/install/alert_manager:/home/anand/whistle_safety_ws/install/whistle_detector:/home/anand/whistle_safety_ws/install/whistle_nav_controller:/home/anand/whistle_safety_ws/install/sim_microphone_sensor:/opt/ros/humble /usr/bin/cmake --build /home/anand/whistle_safety_ws/build/whistle_gazebo -- -j16 -l16
[1.696s] DEBUG:colcon.colcon_core.event_handler.log_command:Invoking command in '/home/anand/whistle_safety_ws/src/whistle_detector': PYTHONPATH=/home/anand/whistle_safety_ws/build/whistle_detector/prefix_override:/usr/lib/python3/dist-packages/colcon_core/task/python/colcon_distutils_commands:/home/anand/whistle_safety_ws/install/whistle_detector/lib/python3.10/site-packages:${PYTHONPATH} /usr/bin/python3 -W ignore:setup.py install is deprecated -W ignore:easy_install command is deprecated setup.py egg_info --egg-base ../../build/whistle_detector build --build-base /home/anand/whistle_safety_ws/build/whistle_detector/build install --record /home/anand/whistle_safety_ws/build/whistle_detector/install.log --single-version-externally-managed install_data
[2.216s] DEBUG:colcon.colcon_core.event_handler.log_command:Invoked command in '/home/anand/whistle_safety_ws/src/whistle_detector' returned '0': PYTHONPATH=/home/anand/whistle_safety_ws/build/whistle_detector/prefix_override:/usr/lib/python3/dist-packages/colcon_core/task/python/colcon_distutils_commands:/home/anand/whistle_safety_ws/install/whistle_detector/lib/python3.10/site-packages:${PYTHONPATH} /usr/bin/python3 -W ignore:setup.py install is deprecated -W ignore:easy_install command is deprecated setup.py egg_info --egg-base ../../build/whistle_detector build --build-base /home/anand/whistle_safety_ws/build/whistle_detector/build install --record /home/anand/whistle_safety_ws/build/whistle_detector/install.log --single-version-externally-managed install_data
[2.220s] Level 1:colcon.colcon_core.environment:checking '/home/anand/whistle_safety_ws/install/whistle_detector' for CMake module files
[2.221s] Level 1:colcon.colcon_core.environment:checking '/home/anand/whistle_safety_ws/install/whistle_detector' for CMake config files
[2.222s] Level 1:colcon.colcon_core.environment:checking '/home/anand/whistle_safety_ws/install/whistle_detector/lib'
[2.223s] Level 1:colcon.colcon_core.environment:checking '/home/anand/whistle_safety_ws/install/whistle_detector/bin'
[2.223s] Level 1:colcon.colcon_core.environment:checking '/home/anand/whistle_safety_ws/install/whistle_detector/lib/pkgconfig/whistle_detector.pc'
[2.223s] Level 1:colcon.colcon_core.environment:checking '/home/anand/whistle_safety_ws/install/whistle_detector/lib/python3.10/site-packages'
[2.223s] Level 1:colcon.colcon_core.shell:create_environment_hook('whistle_detector', 'pythonpath')
[2.224s] INFO:colcon.colcon_core.shell:Creating environment hook '/home/anand/whistle_safety_ws/install/whistle_detector/share/whistle_detector/hook/pythonpath.ps1'
[2.225s] INFO:colcon.colcon_core.shell:Creating environment descriptor '/home/anand/whistle_safety_ws/install/whistle_detector/share/whistle_detector/hook/pythonpath.dsv'
[2.225s] INFO:colcon.colcon_core.shell:Creating environment hook '/home/anand/whistle_safety_ws/install/whistle_detector/share/whistle_detector/hook/pythonpath.sh'
[2.227s] Level 1:colcon.colcon_core.environment:checking '/home/anand/whistle_safety_ws/install/whistle_detector/bin'
[2.227s] Level 1:colcon.colcon_core.environment:create_environment_scripts_only(whistle_detector)
[2.228s] INFO:colcon.colcon_core.shell:Creating package script '/home/anand/whistle_safety_ws/install/whistle_detector/share/whistle_detector/package.ps1'
[2.229s] INFO:colcon.colcon_core.shell:Creating package descriptor '/home/anand/whistle_safety_ws/install/whistle_detector/share/whistle_detector/package.dsv'
[2.230s] INFO:colcon.colcon_core.shell:Creating package script '/home/anand/whistle_safety_ws/install/whistle_detector/share/whistle_detector/package.sh'
[2.232s] INFO:colcon.colcon_core.shell:Creating package script '/home/anand/whistle_safety_ws/install/whistle_detector/share/whistle_detector/package.bash'
[2.233s] INFO:colcon.colcon_core.shell:Creating package script '/home/anand/whistle_safety_ws/install/whistle_detector/share/whistle_detector/package.zsh'
[2.234s] Level 1:colcon.colcon_core.environment:create_file_with_runtime_dependencies(/home/anand/whistle_safety_ws/install/whistle_detector/share/colcon-core/packages/whistle_detector)
[2.522s] DEBUG:colcon.colcon_core.event_handler.log_command:Invoked command in '/home/anand/whistle_safety_ws/build/whistle_gazebo' returned '0': CMAKE_PREFIX_PATH=/home/anand/whistle_safety_ws/install/whistle_robot_description:/home/anand/whistle_safety_ws/install/whistle_safety_msgs:/home/anand/whistle_safety_ws/install/whistle_gazebo:/home/anand/whistle_safety_ws/install/whistle_nav2_config:/home/anand/microros_ws/install/micro_ros_setup:/home/anand/microros_ws/install/micro_ros_agent:/home/anand/microros_ws/install/micro_ros_msgs:/home/anand/rebel_ws/install/myrobot_moveit_config:/home/anand/rebel_ws/install/igus_rebel_description:/home/anand/whistle_safety_ws/install/zenoh_bridge:/home/anand/whistle_safety_ws/install/alert_manager:/home/anand/whistle_safety_ws/install/whistle_detector:/home/anand/whistle_safety_ws/install/whistle_nav_controller:/home/anand/whistle_safety_ws/install/sim_microphone_sensor:/opt/ros/humble /usr/bin/cmake --build /home/anand/whistle_safety_ws/build/whistle_gazebo -- -j16 -l16
[2.535s] DEBUG:colcon.colcon_core.event_handler.log_command:Invoking command in '/home/anand/whistle_safety_ws/build/whistle_gazebo': CMAKE_PREFIX_PATH=/home/anand/whistle_safety_ws/install/whistle_robot_description:/home/anand/whistle_safety_ws/install/whistle_safety_msgs:/home/anand/whistle_safety_ws/install/whistle_gazebo:/home/anand/whistle_safety_ws/install/whistle_nav2_config:/home/anand/microros_ws/install/micro_ros_setup:/home/anand/microros_ws/install/micro_ros_agent:/home/anand/microros_ws/install/micro_ros_msgs:/home/anand/rebel_ws/install/myrobot_moveit_config:/home/anand/rebel_ws/install/igus_rebel_description:/home/anand/whistle_safety_ws/install/zenoh_bridge:/home/anand/whistle_safety_ws/install/alert_manager:/home/anand/whistle_safety_ws/install/whistle_detector:/home/anand/whistle_safety_ws/install/whistle_nav_controller:/home/anand/whistle_safety_ws/install/sim_microphone_sensor:/opt/ros/humble /usr/bin/cmake --install /home/anand/whistle_safety_ws/build/whistle_gazebo
[2.565s] Level 1:colcon.colcon_core.environment:create_environment_scripts_only(whistle_gazebo)
[2.566s] Level 1:colcon.colcon_core.environment:checking '/home/anand/whistle_safety_ws/install/whistle_gazebo' for CMake module files
[2.566s] DEBUG:colcon.colcon_core.event_handler.log_command:Invoked command in '/home/anand/whistle_safety_ws/build/whistle_gazebo' returned '0': CMAKE_PREFIX_PATH=/home/anand/whistle_safety_ws/install/whistle_robot_description:/home/anand/whistle_safety_ws/install/whistle_safety_msgs:/home/anand/whistle_safety_ws/install/whistle_gazebo:/home/anand/whistle_safety_ws/install/whistle_nav2_config:/home/anand/microros_ws/install/micro_ros_setup:/home/anand/microros_ws/install/micro_ros_agent:/home/anand/microros_ws/install/micro_ros_msgs:/home/anand/rebel_ws/install/myrobot_moveit_config:/home/anand/rebel_ws/install/igus_rebel_description:/home/anand/whistle_safety_ws/install/zenoh_bridge:/home/anand/whistle_safety_ws/install/alert_manager:/home/anand/whistle_safety_ws/install/whistle_detector:/home/anand/whistle_safety_ws/install/whistle_nav_controller:/home/anand/whistle_safety_ws/install/sim_microphone_sensor:/opt/ros/humble /usr/bin/cmake --install /home/anand/whistle_safety_ws/build/whistle_gazebo
[2.566s] Level 1:colcon.colcon_core.environment:checking '/home/anand/whistle_safety_ws/install/whistle_gazebo' for CMake config files
[2.567s] Level 1:colcon.colcon_core.shell:create_environment_hook('whistle_gazebo', 'cmake_prefix_path')
[2.567s] INFO:colcon.colcon_core.shell:Creating environment hook '/home/anand/whistle_safety_ws/install/whistle_gazebo/share/whistle_gazebo/hook/cmake_prefix_path.ps1'
[2.567s] INFO:colcon.colcon_core.shell:Creating environment descriptor '/home/anand/whistle_safety_ws/install/whistle_gazebo/share/whistle_gazebo/hook/cmake_prefix_path.dsv'
[2.567s] INFO:colcon.colcon_core.shell:Creating environment hook '/home/anand/whistle_safety_ws/install/whistle_gazebo/share/whistle_gazebo/hook/cmake_prefix_path.sh'
[2.568s] Level 1:colcon.colcon_core.environment:checking '/home/anand/whistle_safety_ws/install/whistle_gazebo/bin'
[2.568s] Level 1:colcon.colcon_core.environment:checking '/home/anand/whistle_safety_ws/install/whistle_gazebo/lib/pkgconfig/whistle_gazebo.pc'
[2.568s] Level 1:colcon.colcon_core.environment:checking '/home/anand/whistle_safety_ws/install/whistle_gazebo/lib/python3.10/site-packages'
[2.568s] Level 1:colcon.colcon_core.environment:checking '/home/anand/whistle_safety_ws/install/whistle_gazebo/bin'
[2.569s] INFO:colcon.colcon_core.shell:Creating package script '/home/anand/whistle_safety_ws/install/whistle_gazebo/share/whistle_gazebo/package.ps1'
[2.569s] INFO:colcon.colcon_core.shell:Creating package descriptor '/home/anand/whistle_safety_ws/install/whistle_gazebo/share/whistle_gazebo/package.dsv'
[2.569s] INFO:colcon.colcon_core.shell:Creating package script '/home/anand/whistle_safety_ws/install/whistle_gazebo/share/whistle_gazebo/package.sh'
[2.570s] INFO:colcon.colcon_core.shell:Creating package script '/home/anand/whistle_safety_ws/install/whistle_gazebo/share/whistle_gazebo/package.bash'
[2.570s] INFO:colcon.colcon_core.shell:Creating package script '/home/anand/whistle_safety_ws/install/whistle_gazebo/share/whistle_gazebo/package.zsh'
[2.570s] Level 1:colcon.colcon_core.environment:create_file_with_runtime_dependencies(/home/anand/whistle_safety_ws/install/whistle_gazebo/share/colcon-core/packages/whistle_gazebo)
[2.571s] Level 1:colcon.colcon_core.environment:create_environment_scripts_only(whistle_gazebo)
[2.571s] Level 1:colcon.colcon_core.environment:checking '/home/anand/whistle_safety_ws/install/whistle_gazebo' for CMake module files
[2.571s] Level 1:colcon.colcon_core.environment:checking '/home/anand/whistle_safety_ws/install/whistle_gazebo' for CMake config files
[2.571s] Level 1:colcon.colcon_core.shell:create_environment_hook('whistle_gazebo', 'cmake_prefix_path')
[2.572s] INFO:colcon.colcon_core.shell:Creating environment hook '/home/anand/whistle_safety_ws/install/whistle_gazebo/share/whistle_gazebo/hook/cmake_prefix_path.ps1'
[2.572s] INFO:colcon.colcon_core.shell:Creating environment descriptor '/home/anand/whistle_safety_ws/install/whistle_gazebo/share/whistle_gazebo/hook/cmake_prefix_path.dsv'
[2.573s] INFO:colcon.colcon_core.shell:Creating environment hook '/home/anand/whistle_safety_ws/install/whistle_gazebo/share/whistle_gazebo/hook/cmake_prefix_path.sh'
[2.573s] Level 1:colcon.colcon_core.environment:checking '/home/anand/whistle_safety_ws/install/whistle_gazebo/bin'
[2.573s] Level 1:colcon.colcon_core.environment:checking '/home/anand/whistle_safety_ws/install/whistle_gazebo/lib/pkgconfig/whistle_gazebo.pc'
[2.574s] Level 1:colcon.colcon_core.environment:checking '/home/anand/whistle_safety_ws/install/whistle_gazebo/lib/python3.10/site-packages'
[2.574s] Level 1:colcon.colcon_core.environment:checking '/home/anand/whistle_safety_ws/install/whistle_gazebo/bin'
[2.574s] INFO:colcon.colcon_core.shell:Creating package script '/home/anand/whistle_safety_ws/install/whistle_gazebo/share/whistle_gazebo/package.ps1'
[2.575s] INFO:colcon.colcon_core.shell:Creating package descriptor '/home/anand/whistle_safety_ws/install/whistle_gazebo/share/whistle_gazebo/package.dsv'
[2.575s] INFO:colcon.colcon_core.shell:Creating package script '/home/anand/whistle_safety_ws/install/whistle_gazebo/share/whistle_gazebo/package.sh'
[2.575s] INFO:colcon.colcon_core.shell:Creating package script '/home/anand/whistle_safety_ws/install/whistle_gazebo/share/whistle_gazebo/package.bash'
[2.576s] INFO:colcon.colcon_core.shell:Creating package script '/home/anand/whistle_safety_ws/install/whistle_gazebo/share/whistle_gazebo/package.zsh'
[2.576s] Level 1:colcon.colcon_core.environment:create_file_with_runtime_dependencies(/home/anand/whistle_safety_ws/install/whistle_gazebo/share/colcon-core/packages/whistle_gazebo)
[2.576s] DEBUG:colcon.colcon_parallel_executor.executor.parallel:closing loop
[2.576s] DEBUG:colcon.colcon_parallel_executor.executor.parallel:loop closed
[2.576s] DEBUG:colcon.colcon_parallel_executor.executor.parallel:run_until_complete finished with '0'
[2.576s] DEBUG:colcon.colcon_core.event_reactor:joining thread
[2.583s] INFO:colcon.colcon_core.plugin_system:Skipping extension 'colcon_notification.desktop_notification.terminal_notifier': Not used on non-Darwin systems
[2.583s] INFO:colcon.colcon_core.plugin_system:Skipping extension 'colcon_notification.desktop_notification.win32': Not used on non-Windows systems
[2.583s] INFO:colcon.colcon_notification.desktop_notification:Sending desktop notification using 'notify2'
[2.593s] DEBUG:colcon.colcon_core.event_reactor:joined thread
[2.593s] INFO:colcon.colcon_core.shell:Creating prefix script '/home/anand/whistle_safety_ws/install/local_setup.ps1'
[2.595s] INFO:colcon.colcon_core.shell:Creating prefix util module '/home/anand/whistle_safety_ws/install/_local_setup_util_ps1.py'
[2.597s] INFO:colcon.colcon_core.shell:Creating prefix chain script '/home/anand/whistle_safety_ws/install/setup.ps1'
[2.599s] INFO:colcon.colcon_core.shell:Creating prefix script '/home/anand/whistle_safety_ws/install/local_setup.sh'
[2.599s] INFO:colcon.colcon_core.shell:Creating prefix util module '/home/anand/whistle_safety_ws/install/_local_setup_util_sh.py'
[2.600s] INFO:colcon.colcon_core.shell:Creating prefix chain script '/home/anand/whistle_safety_ws/install/setup.sh'
[2.601s] INFO:colcon.colcon_core.shell:Creating prefix script '/home/anand/whistle_safety_ws/install/local_setup.bash'
[2.602s] INFO:colcon.colcon_core.shell:Creating prefix chain script '/home/anand/whistle_safety_ws/install/setup.bash'
[2.603s] INFO:colcon.colcon_core.shell:Creating prefix script '/home/anand/whistle_safety_ws/install/local_setup.zsh'
[2.604s] INFO:colcon.colcon_core.shell:Creating prefix chain script '/home/anand/whistle_safety_ws/install/setup.zsh'
