[0.560s] Invoking command in '/home/anand/whistle_safety_ws/build/whistle_nav_controller': PYTHONPATH=/home/anand/whistle_safety_ws/build/whistle_nav_controller/prefix_override:/usr/lib/python3/dist-packages/colcon_core/task/python/colcon_distutils_commands:/home/anand/whistle_safety_ws/install/whistle_nav_controller/lib/python3.10/site-packages:${PYTHONPATH} /usr/bin/python3 -W ignore:setup.py install is deprecated -W ignore:easy_install command is deprecated setup.py develop --editable --build-directory /home/anand/whistle_safety_ws/build/whistle_nav_controller/build --no-deps symlink_data
[0.754s] running develop
[0.880s] running egg_info
[0.888s] creating whistle_nav_controller.egg-info
[0.888s] writing whistle_nav_controller.egg-info/PKG-INFO
[0.889s] writing dependency_links to whistle_nav_controller.egg-info/dependency_links.txt
[0.889s] writing entry points to whistle_nav_controller.egg-info/entry_points.txt
[0.889s] writing requirements to whistle_nav_controller.egg-info/requires.txt
[0.889s] writing top-level names to whistle_nav_controller.egg-info/top_level.txt
[0.889s] writing manifest file 'whistle_nav_controller.egg-info/SOURCES.txt'
[0.907s] reading manifest file 'whistle_nav_controller.egg-info/SOURCES.txt'
[0.908s] writing manifest file 'whistle_nav_controller.egg-info/SOURCES.txt'
[0.917s] running build_ext
[0.918s] Creating /home/anand/whistle_safety_ws/install/whistle_nav_controller/lib/python3.10/site-packages/whistle-nav-controller.egg-link (link to .)
[0.918s] Installing nav_to_whistle script to /home/anand/whistle_safety_ws/install/whistle_nav_controller/lib/whistle_nav_controller
[0.918s] 
[0.918s] Installed /home/anand/whistle_safety_ws/build/whistle_nav_controller
[0.918s] running symlink_data
[0.919s] creating /home/anand/whistle_safety_ws/install/whistle_nav_controller/share/ament_index/resource_index/packages
[0.919s] symbolically linking /home/anand/whistle_safety_ws/build/whistle_nav_controller/resource/whistle_nav_controller -> /home/anand/whistle_safety_ws/install/whistle_nav_controller/share/ament_index/resource_index/packages
[0.919s] symbolically linking /home/anand/whistle_safety_ws/build/whistle_nav_controller/package.xml -> /home/anand/whistle_safety_ws/install/whistle_nav_controller/share/whistle_nav_controller
[0.919s] creating /home/anand/whistle_safety_ws/install/whistle_nav_controller/share/whistle_nav_controller/launch
[0.945s] Invoked command in '/home/anand/whistle_safety_ws/build/whistle_nav_controller' returned '0': PYTHONPATH=/home/anand/whistle_safety_ws/build/whistle_nav_controller/prefix_override:/usr/lib/python3/dist-packages/colcon_core/task/python/colcon_distutils_commands:/home/anand/whistle_safety_ws/install/whistle_nav_controller/lib/python3.10/site-packages:${PYTHONPATH} /usr/bin/python3 -W ignore:setup.py install is deprecated -W ignore:easy_install command is deprecated setup.py develop --editable --build-directory /home/anand/whistle_safety_ws/build/whistle_nav_controller/build --no-deps symlink_data
