-- Found ament_cmake: 1.3.12 (/opt/ros/humble/share/ament_cmake/cmake)
-- Override CMake install command with custom implementation using symlinks instead of copying resources
-- Found std_msgs: 4.9.0 (/opt/ros/humble/share/std_msgs/cmake)
-- Found rosidl_generator_c: 3.1.7 (/opt/ros/humble/share/rosidl_generator_c/cmake)
-- Found rosidl_adapter: 3.1.7 (/opt/ros/humble/share/rosidl_adapter/cmake)
-- Found rosidl_generator_cpp: 3.1.7 (/opt/ros/humble/share/rosidl_generator_cpp/cmake)
-- Using all available rosidl_typesupport_c: rosidl_typesupport_fastrtps_c;rosidl_typesupport_introspection_c
-- Using all available rosidl_typesupport_cpp: rosidl_typesupport_fastrtps_cpp;rosidl_typesupport_introspection_cpp
-- Found geometry_msgs: 4.9.0 (/opt/ros/humble/share/geometry_msgs/cmake)
-- Found rosidl_default_generators: 1.2.0 (/opt/ros/humble/share/rosidl_default_generators/cmake)
-- Found ament_cmake_ros: 0.10.0 (/opt/ros/humble/share/ament_cmake_ros/cmake)
-- Using all available rosidl_typesupport_c: rosidl_typesupport_fastrtps_c;rosidl_typesupport_introspection_c
-- Using all available rosidl_typesupport_cpp: rosidl_typesupport_fastrtps_cpp;rosidl_typesupport_introspection_cpp
-- Found python_cmake_module: 0.10.0 (/opt/ros/humble/share/python_cmake_module/cmake)
-- Using PYTHON_EXECUTABLE: /usr/bin/python3
-- Using PYTHON_INCLUDE_DIRS: /usr/include/python3.10
-- Using PYTHON_LIBRARIES: /usr/lib/x86_64-linux-gnu/libpython3.10.so
-- Configuring done
-- Generating done
-- Build files have been written to: /home/anand/whistle_safety_ws/build/whistle_safety_msgs
[35m[1mConsolidate compiler generated dependencies of target whistle_safety_msgs__rosidl_generator_c[0m
[  2%] Built target whistle_safety_msgs__cpp
[ 12%] Built target whistle_safety_msgs__rosidl_generator_c
[ 12%] Built target ament_cmake_python_symlink_whistle_safety_msgs
[35m[1mConsolidate compiler generated dependencies of target whistle_safety_msgs__rosidl_typesupport_introspection_cpp[0m
[35m[1mConsolidate compiler generated dependencies of target whistle_safety_msgs__rosidl_typesupport_cpp[0m
[35m[1mConsolidate compiler generated dependencies of target whistle_safety_msgs__rosidl_typesupport_fastrtps_cpp[0m
[35m[1mConsolidate compiler generated dependencies of target whistle_safety_msgs__rosidl_typesupport_fastrtps_c[0m
[35m[1mConsolidate compiler generated dependencies of target whistle_safety_msgs__rosidl_typesupport_c[0m
[35m[1mConsolidate compiler generated dependencies of target whistle_safety_msgs__rosidl_typesupport_introspection_c[0m
[ 23%] Built target whistle_safety_msgs__rosidl_typesupport_c
[ 33%] Built target whistle_safety_msgs__rosidl_typesupport_fastrtps_cpp
[ 43%] Built target whistle_safety_msgs__rosidl_typesupport_introspection_c
[ 61%] Built target whistle_safety_msgs__rosidl_typesupport_cpp
[ 64%] Built target whistle_safety_msgs__rosidl_typesupport_introspection_cpp
[ 74%] Built target whistle_safety_msgs__rosidl_typesupport_fastrtps_c
[ 74%] Built target whistle_safety_msgs
[ 76%] Built target whistle_safety_msgs__py
[35m[1mConsolidate compiler generated dependencies of target whistle_safety_msgs__rosidl_generator_py[0m
[ 84%] Built target whistle_safety_msgs__rosidl_generator_py
[35m[1mConsolidate compiler generated dependencies of target whistle_safety_msgs__rosidl_typesupport_introspection_c__pyext[0m
[35m[1mConsolidate compiler generated dependencies of target whistle_safety_msgs__rosidl_typesupport_c__pyext[0m
[35m[1mConsolidate compiler generated dependencies of target whistle_safety_msgs__rosidl_typesupport_fastrtps_c__pyext[0m
[ 89%] Built target whistle_safety_msgs__rosidl_typesupport_c__pyext
[ 94%] Built target whistle_safety_msgs__rosidl_typesupport_introspection_c__pyext
[100%] Built target whistle_safety_msgs__rosidl_typesupport_fastrtps_c__pyext
running egg_info
writing whistle_safety_msgs.egg-info/PKG-INFO
writing dependency_links to whistle_safety_msgs.egg-info/dependency_links.txt
writing top-level names to whistle_safety_msgs.egg-info/top_level.txt
reading manifest file 'whistle_safety_msgs.egg-info/SOURCES.txt'
writing manifest file 'whistle_safety_msgs.egg-info/SOURCES.txt'
[100%] Built target ament_cmake_python_build_whistle_safety_msgs_egg
-- Install configuration: ""
-- Execute custom install script
-- Up-to-date symlink: /home/anand/whistle_safety_ws/install/whistle_safety_msgs/share/ament_index/resource_index/rosidl_interfaces/whistle_safety_msgs
-- Up-to-date symlink: /home/anand/whistle_safety_ws/install/whistle_safety_msgs/include/whistle_safety_msgs/whistle_safety_msgs/msg/audio_level.h
-- Up-to-date symlink: /home/anand/whistle_safety_ws/install/whistle_safety_msgs/include/whistle_safety_msgs/whistle_safety_msgs/msg/detail/audio_level__functions.h
-- Up-to-date symlink: /home/anand/whistle_safety_ws/install/whistle_safety_msgs/include/whistle_safety_msgs/whistle_safety_msgs/msg/detail/audio_level__struct.h
-- Up-to-date symlink: /home/anand/whistle_safety_ws/install/whistle_safety_msgs/include/whistle_safety_msgs/whistle_safety_msgs/msg/detail/audio_level__type_support.h
-- Up-to-date symlink: /home/anand/whistle_safety_ws/install/whistle_safety_msgs/include/whistle_safety_msgs/whistle_safety_msgs/msg/detail/whistle_alert__functions.h
-- Up-to-date symlink: /home/anand/whistle_safety_ws/install/whistle_safety_msgs/include/whistle_safety_msgs/whistle_safety_msgs/msg/detail/whistle_alert__struct.h
-- Up-to-date symlink: /home/anand/whistle_safety_ws/install/whistle_safety_msgs/include/whistle_safety_msgs/whistle_safety_msgs/msg/detail/whistle_alert__type_support.h
-- Up-to-date symlink: /home/anand/whistle_safety_ws/install/whistle_safety_msgs/include/whistle_safety_msgs/whistle_safety_msgs/msg/rosidl_generator_c__visibility_control.h
-- Up-to-date symlink: /home/anand/whistle_safety_ws/install/whistle_safety_msgs/include/whistle_safety_msgs/whistle_safety_msgs/msg/whistle_alert.h
-- Up-to-date symlink: /home/anand/whistle_safety_ws/install/whistle_safety_msgs/share/whistle_safety_msgs/environment/library_path.sh
-- Up-to-date symlink: /home/anand/whistle_safety_ws/install/whistle_safety_msgs/share/whistle_safety_msgs/environment/library_path.dsv
-- Up-to-date symlink: /home/anand/whistle_safety_ws/install/whistle_safety_msgs/include/whistle_safety_msgs/whistle_safety_msgs/msg/detail/audio_level__rosidl_typesupport_fastrtps_c.h
-- Up-to-date symlink: /home/anand/whistle_safety_ws/install/whistle_safety_msgs/include/whistle_safety_msgs/whistle_safety_msgs/msg/detail/whistle_alert__rosidl_typesupport_fastrtps_c.h
-- Up-to-date symlink: /home/anand/whistle_safety_ws/install/whistle_safety_msgs/include/whistle_safety_msgs/whistle_safety_msgs/msg/rosidl_typesupport_fastrtps_c__visibility_control.h
-- Up-to-date symlink: /home/anand/whistle_safety_ws/install/whistle_safety_msgs/include/whistle_safety_msgs/whistle_safety_msgs/msg/audio_level.hpp
-- Up-to-date symlink: /home/anand/whistle_safety_ws/install/whistle_safety_msgs/include/whistle_safety_msgs/whistle_safety_msgs/msg/detail/audio_level__builder.hpp
-- Up-to-date symlink: /home/anand/whistle_safety_ws/install/whistle_safety_msgs/include/whistle_safety_msgs/whistle_safety_msgs/msg/detail/audio_level__struct.hpp
-- Up-to-date symlink: /home/anand/whistle_safety_ws/install/whistle_safety_msgs/include/whistle_safety_msgs/whistle_safety_msgs/msg/detail/audio_level__traits.hpp
-- Up-to-date symlink: /home/anand/whistle_safety_ws/install/whistle_safety_msgs/include/whistle_safety_msgs/whistle_safety_msgs/msg/detail/audio_level__type_support.hpp
-- Up-to-date symlink: /home/anand/whistle_safety_ws/install/whistle_safety_msgs/include/whistle_safety_msgs/whistle_safety_msgs/msg/detail/whistle_alert__builder.hpp
-- Up-to-date symlink: /home/anand/whistle_safety_ws/install/whistle_safety_msgs/include/whistle_safety_msgs/whistle_safety_msgs/msg/detail/whistle_alert__struct.hpp
-- Up-to-date symlink: /home/anand/whistle_safety_ws/install/whistle_safety_msgs/include/whistle_safety_msgs/whistle_safety_msgs/msg/detail/whistle_alert__traits.hpp
-- Up-to-date symlink: /home/anand/whistle_safety_ws/install/whistle_safety_msgs/include/whistle_safety_msgs/whistle_safety_msgs/msg/detail/whistle_alert__type_support.hpp
-- Up-to-date symlink: /home/anand/whistle_safety_ws/install/whistle_safety_msgs/include/whistle_safety_msgs/whistle_safety_msgs/msg/rosidl_generator_cpp__visibility_control.hpp
-- Up-to-date symlink: /home/anand/whistle_safety_ws/install/whistle_safety_msgs/include/whistle_safety_msgs/whistle_safety_msgs/msg/whistle_alert.hpp
-- Up-to-date symlink: /home/anand/whistle_safety_ws/install/whistle_safety_msgs/include/whistle_safety_msgs/whistle_safety_msgs/msg/detail/audio_level__rosidl_typesupport_fastrtps_cpp.hpp
-- Up-to-date symlink: /home/anand/whistle_safety_ws/install/whistle_safety_msgs/include/whistle_safety_msgs/whistle_safety_msgs/msg/detail/whistle_alert__rosidl_typesupport_fastrtps_cpp.hpp
-- Up-to-date symlink: /home/anand/whistle_safety_ws/install/whistle_safety_msgs/include/whistle_safety_msgs/whistle_safety_msgs/msg/rosidl_typesupport_fastrtps_cpp__visibility_control.h
-- Up-to-date symlink: /home/anand/whistle_safety_ws/install/whistle_safety_msgs/include/whistle_safety_msgs/whistle_safety_msgs/msg/detail/audio_level__rosidl_typesupport_introspection_c.h
-- Up-to-date symlink: /home/anand/whistle_safety_ws/install/whistle_safety_msgs/include/whistle_safety_msgs/whistle_safety_msgs/msg/detail/whistle_alert__rosidl_typesupport_introspection_c.h
-- Up-to-date symlink: /home/anand/whistle_safety_ws/install/whistle_safety_msgs/include/whistle_safety_msgs/whistle_safety_msgs/msg/rosidl_typesupport_introspection_c__visibility_control.h
-- Up-to-date symlink: /home/anand/whistle_safety_ws/install/whistle_safety_msgs/include/whistle_safety_msgs/whistle_safety_msgs/msg/detail/audio_level__rosidl_typesupport_introspection_cpp.hpp
-- Up-to-date symlink: /home/anand/whistle_safety_ws/install/whistle_safety_msgs/include/whistle_safety_msgs/whistle_safety_msgs/msg/detail/whistle_alert__rosidl_typesupport_introspection_cpp.hpp
-- Up-to-date symlink: /home/anand/whistle_safety_ws/install/whistle_safety_msgs/share/whistle_safety_msgs/environment/pythonpath.sh
-- Up-to-date symlink: /home/anand/whistle_safety_ws/install/whistle_safety_msgs/share/whistle_safety_msgs/environment/pythonpath.dsv
-- Up-to-date symlink: /home/anand/whistle_safety_ws/install/whistle_safety_msgs/local/lib/python3.10/dist-packages/whistle_safety_msgs-0.1.0-py3.10.egg-info/PKG-INFO
-- Up-to-date symlink: /home/anand/whistle_safety_ws/install/whistle_safety_msgs/local/lib/python3.10/dist-packages/whistle_safety_msgs-0.1.0-py3.10.egg-info/SOURCES.txt
-- Up-to-date symlink: /home/anand/whistle_safety_ws/install/whistle_safety_msgs/local/lib/python3.10/dist-packages/whistle_safety_msgs-0.1.0-py3.10.egg-info/dependency_links.txt
-- Up-to-date symlink: /home/anand/whistle_safety_ws/install/whistle_safety_msgs/local/lib/python3.10/dist-packages/whistle_safety_msgs-0.1.0-py3.10.egg-info/top_level.txt
-- Up-to-date symlink: /home/anand/whistle_safety_ws/install/whistle_safety_msgs/local/lib/python3.10/dist-packages/whistle_safety_msgs/__init__.py
-- Up-to-date symlink: /home/anand/whistle_safety_ws/install/whistle_safety_msgs/local/lib/python3.10/dist-packages/whistle_safety_msgs/_whistle_safety_msgs_s.ep.rosidl_typesupport_c.c
-- Up-to-date symlink: /home/anand/whistle_safety_ws/install/whistle_safety_msgs/local/lib/python3.10/dist-packages/whistle_safety_msgs/_whistle_safety_msgs_s.ep.rosidl_typesupport_fastrtps_c.c
-- Up-to-date symlink: /home/anand/whistle_safety_ws/install/whistle_safety_msgs/local/lib/python3.10/dist-packages/whistle_safety_msgs/_whistle_safety_msgs_s.ep.rosidl_typesupport_introspection_c.c
-- Up-to-date symlink: /home/anand/whistle_safety_ws/install/whistle_safety_msgs/local/lib/python3.10/dist-packages/whistle_safety_msgs/libwhistle_safety_msgs__rosidl_generator_py.so
-- Up-to-date symlink: /home/anand/whistle_safety_ws/install/whistle_safety_msgs/local/lib/python3.10/dist-packages/whistle_safety_msgs/msg/__init__.py
-- Up-to-date symlink: /home/anand/whistle_safety_ws/install/whistle_safety_msgs/local/lib/python3.10/dist-packages/whistle_safety_msgs/msg/_audio_level.py
-- Up-to-date symlink: /home/anand/whistle_safety_ws/install/whistle_safety_msgs/local/lib/python3.10/dist-packages/whistle_safety_msgs/msg/_audio_level_s.c
-- Up-to-date symlink: /home/anand/whistle_safety_ws/install/whistle_safety_msgs/local/lib/python3.10/dist-packages/whistle_safety_msgs/msg/_whistle_alert.py
-- Up-to-date symlink: /home/anand/whistle_safety_ws/install/whistle_safety_msgs/local/lib/python3.10/dist-packages/whistle_safety_msgs/msg/_whistle_alert_s.c
-- Up-to-date symlink: /home/anand/whistle_safety_ws/install/whistle_safety_msgs/local/lib/python3.10/dist-packages/whistle_safety_msgs/whistle_safety_msgs_s__rosidl_typesupport_c.cpython-310-x86_64-linux-gnu.so
-- Up-to-date symlink: /home/anand/whistle_safety_ws/install/whistle_safety_msgs/local/lib/python3.10/dist-packages/whistle_safety_msgs/whistle_safety_msgs_s__rosidl_typesupport_fastrtps_c.cpython-310-x86_64-linux-gnu.so
-- Up-to-date symlink: /home/anand/whistle_safety_ws/install/whistle_safety_msgs/local/lib/python3.10/dist-packages/whistle_safety_msgs/whistle_safety_msgs_s__rosidl_typesupport_introspection_c.cpython-310-x86_64-linux-gnu.so
-- Up-to-date symlink: /home/anand/whistle_safety_ws/install/whistle_safety_msgs/local/lib/python3.10/dist-packages/whistle_safety_msgs/whistle_safety_msgs_s__rosidl_typesupport_fastrtps_c.cpython-310-x86_64-linux-gnu.so
-- Up-to-date symlink: /home/anand/whistle_safety_ws/install/whistle_safety_msgs/local/lib/python3.10/dist-packages/whistle_safety_msgs/whistle_safety_msgs_s__rosidl_typesupport_introspection_c.cpython-310-x86_64-linux-gnu.so
-- Up-to-date symlink: /home/anand/whistle_safety_ws/install/whistle_safety_msgs/local/lib/python3.10/dist-packages/whistle_safety_msgs/whistle_safety_msgs_s__rosidl_typesupport_c.cpython-310-x86_64-linux-gnu.so
-- Up-to-date symlink: /home/anand/whistle_safety_ws/install/whistle_safety_msgs/share/whistle_safety_msgs/msg/WhistleAlert.idl
-- Up-to-date symlink: /home/anand/whistle_safety_ws/install/whistle_safety_msgs/share/whistle_safety_msgs/msg/AudioLevel.idl
-- Up-to-date symlink: /home/anand/whistle_safety_ws/install/whistle_safety_msgs/share/whistle_safety_msgs/msg/WhistleAlert.msg
-- Up-to-date symlink: /home/anand/whistle_safety_ws/install/whistle_safety_msgs/share/whistle_safety_msgs/msg/AudioLevel.msg
-- Up-to-date symlink: /home/anand/whistle_safety_ws/install/whistle_safety_msgs/share/ament_index/resource_index/package_run_dependencies/whistle_safety_msgs
-- Up-to-date symlink: /home/anand/whistle_safety_ws/install/whistle_safety_msgs/share/ament_index/resource_index/parent_prefix_path/whistle_safety_msgs
-- Up-to-date symlink: /home/anand/whistle_safety_ws/install/whistle_safety_msgs/share/whistle_safety_msgs/environment/ament_prefix_path.sh
-- Up-to-date symlink: /home/anand/whistle_safety_ws/install/whistle_safety_msgs/share/whistle_safety_msgs/environment/ament_prefix_path.dsv
-- Up-to-date symlink: /home/anand/whistle_safety_ws/install/whistle_safety_msgs/share/whistle_safety_msgs/environment/path.sh
-- Up-to-date symlink: /home/anand/whistle_safety_ws/install/whistle_safety_msgs/share/whistle_safety_msgs/environment/path.dsv
-- Up-to-date symlink: /home/anand/whistle_safety_ws/install/whistle_safety_msgs/share/whistle_safety_msgs/local_setup.bash
-- Up-to-date symlink: /home/anand/whistle_safety_ws/install/whistle_safety_msgs/share/whistle_safety_msgs/local_setup.sh
-- Up-to-date symlink: /home/anand/whistle_safety_ws/install/whistle_safety_msgs/share/whistle_safety_msgs/local_setup.zsh
-- Up-to-date symlink: /home/anand/whistle_safety_ws/install/whistle_safety_msgs/share/whistle_safety_msgs/local_setup.dsv
-- Symlinking: /home/anand/whistle_safety_ws/install/whistle_safety_msgs/share/whistle_safety_msgs/package.dsv
-- Up-to-date symlink: /home/anand/whistle_safety_ws/install/whistle_safety_msgs/share/ament_index/resource_index/packages/whistle_safety_msgs
-- Up-to-date symlink: /home/anand/whistle_safety_ws/install/whistle_safety_msgs/share/whistle_safety_msgs/cmake/rosidl_cmake-extras.cmake
-- Up-to-date symlink: /home/anand/whistle_safety_ws/install/whistle_safety_msgs/share/whistle_safety_msgs/cmake/ament_cmake_export_dependencies-extras.cmake
-- Up-to-date symlink: /home/anand/whistle_safety_ws/install/whistle_safety_msgs/share/whistle_safety_msgs/cmake/ament_cmake_export_include_directories-extras.cmake
-- Up-to-date symlink: /home/anand/whistle_safety_ws/install/whistle_safety_msgs/share/whistle_safety_msgs/cmake/ament_cmake_export_libraries-extras.cmake
-- Up-to-date symlink: /home/anand/whistle_safety_ws/install/whistle_safety_msgs/share/whistle_safety_msgs/cmake/ament_cmake_export_targets-extras.cmake
-- Up-to-date symlink: /home/anand/whistle_safety_ws/install/whistle_safety_msgs/share/whistle_safety_msgs/cmake/rosidl_cmake_export_typesupport_targets-extras.cmake
-- Up-to-date symlink: /home/anand/whistle_safety_ws/install/whistle_safety_msgs/share/whistle_safety_msgs/cmake/rosidl_cmake_export_typesupport_libraries-extras.cmake
-- Up-to-date symlink: /home/anand/whistle_safety_ws/install/whistle_safety_msgs/share/whistle_safety_msgs/cmake/whistle_safety_msgsConfig.cmake
-- Up-to-date symlink: /home/anand/whistle_safety_ws/install/whistle_safety_msgs/share/whistle_safety_msgs/cmake/whistle_safety_msgsConfig-version.cmake
-- Up-to-date symlink: /home/anand/whistle_safety_ws/install/whistle_safety_msgs/share/whistle_safety_msgs/package.xml
-- Up-to-date: /home/anand/whistle_safety_ws/install/whistle_safety_msgs/lib/libwhistle_safety_msgs__rosidl_generator_c.so
-- Up-to-date: /home/anand/whistle_safety_ws/install/whistle_safety_msgs/lib/libwhistle_safety_msgs__rosidl_typesupport_fastrtps_c.so
-- Up-to-date: /home/anand/whistle_safety_ws/install/whistle_safety_msgs/lib/libwhistle_safety_msgs__rosidl_typesupport_fastrtps_cpp.so
-- Up-to-date: /home/anand/whistle_safety_ws/install/whistle_safety_msgs/lib/libwhistle_safety_msgs__rosidl_typesupport_introspection_c.so
-- Up-to-date: /home/anand/whistle_safety_ws/install/whistle_safety_msgs/lib/libwhistle_safety_msgs__rosidl_typesupport_c.so
-- Up-to-date: /home/anand/whistle_safety_ws/install/whistle_safety_msgs/lib/libwhistle_safety_msgs__rosidl_typesupport_introspection_cpp.so
-- Up-to-date: /home/anand/whistle_safety_ws/install/whistle_safety_msgs/lib/libwhistle_safety_msgs__rosidl_typesupport_cpp.so
Listing '/home/anand/whistle_safety_ws/install/whistle_safety_msgs/local/lib/python3.10/dist-packages/whistle_safety_msgs'...
Compiling '/home/anand/whistle_safety_ws/install/whistle_safety_msgs/local/lib/python3.10/dist-packages/whistle_safety_msgs/__init__.py'...
Listing '/home/anand/whistle_safety_ws/install/whistle_safety_msgs/local/lib/python3.10/dist-packages/whistle_safety_msgs/msg'...
-- Up-to-date: /home/anand/whistle_safety_ws/install/whistle_safety_msgs/lib/libwhistle_safety_msgs__rosidl_generator_py.so
-- Up-to-date: /home/anand/whistle_safety_ws/install/whistle_safety_msgs/share/whistle_safety_msgs/cmake/export_whistle_safety_msgs__rosidl_generator_cExport.cmake
-- Up-to-date: /home/anand/whistle_safety_ws/install/whistle_safety_msgs/share/whistle_safety_msgs/cmake/export_whistle_safety_msgs__rosidl_generator_cExport-noconfig.cmake
-- Up-to-date: /home/anand/whistle_safety_ws/install/whistle_safety_msgs/share/whistle_safety_msgs/cmake/export_whistle_safety_msgs__rosidl_typesupport_fastrtps_cExport.cmake
-- Up-to-date: /home/anand/whistle_safety_ws/install/whistle_safety_msgs/share/whistle_safety_msgs/cmake/export_whistle_safety_msgs__rosidl_typesupport_fastrtps_cExport-noconfig.cmake
-- Up-to-date: /home/anand/whistle_safety_ws/install/whistle_safety_msgs/share/whistle_safety_msgs/cmake/export_whistle_safety_msgs__rosidl_generator_cppExport.cmake
-- Up-to-date: /home/anand/whistle_safety_ws/install/whistle_safety_msgs/share/whistle_safety_msgs/cmake/export_whistle_safety_msgs__rosidl_typesupport_fastrtps_cppExport.cmake
-- Up-to-date: /home/anand/whistle_safety_ws/install/whistle_safety_msgs/share/whistle_safety_msgs/cmake/export_whistle_safety_msgs__rosidl_typesupport_fastrtps_cppExport-noconfig.cmake
-- Up-to-date: /home/anand/whistle_safety_ws/install/whistle_safety_msgs/share/whistle_safety_msgs/cmake/whistle_safety_msgs__rosidl_typesupport_introspection_cExport.cmake
-- Up-to-date: /home/anand/whistle_safety_ws/install/whistle_safety_msgs/share/whistle_safety_msgs/cmake/whistle_safety_msgs__rosidl_typesupport_introspection_cExport-noconfig.cmake
-- Up-to-date: /home/anand/whistle_safety_ws/install/whistle_safety_msgs/share/whistle_safety_msgs/cmake/whistle_safety_msgs__rosidl_typesupport_cExport.cmake
-- Up-to-date: /home/anand/whistle_safety_ws/install/whistle_safety_msgs/share/whistle_safety_msgs/cmake/whistle_safety_msgs__rosidl_typesupport_cExport-noconfig.cmake
-- Up-to-date: /home/anand/whistle_safety_ws/install/whistle_safety_msgs/share/whistle_safety_msgs/cmake/whistle_safety_msgs__rosidl_typesupport_introspection_cppExport.cmake
-- Up-to-date: /home/anand/whistle_safety_ws/install/whistle_safety_msgs/share/whistle_safety_msgs/cmake/whistle_safety_msgs__rosidl_typesupport_introspection_cppExport-noconfig.cmake
-- Up-to-date: /home/anand/whistle_safety_ws/install/whistle_safety_msgs/share/whistle_safety_msgs/cmake/whistle_safety_msgs__rosidl_typesupport_cppExport.cmake
-- Up-to-date: /home/anand/whistle_safety_ws/install/whistle_safety_msgs/share/whistle_safety_msgs/cmake/whistle_safety_msgs__rosidl_typesupport_cppExport-noconfig.cmake
-- Up-to-date: /home/anand/whistle_safety_ws/install/whistle_safety_msgs/share/whistle_safety_msgs/cmake/export_whistle_safety_msgs__rosidl_generator_pyExport.cmake
-- Up-to-date: /home/anand/whistle_safety_ws/install/whistle_safety_msgs/share/whistle_safety_msgs/cmake/export_whistle_safety_msgs__rosidl_generator_pyExport-noconfig.cmake
