[0.410s] Invoking command in '/home/anand/whistle_safety_ws/build/whistle_safety_msgs': CMAKE_PREFIX_PATH=${CMAKE_PREFIX_PATH}:/home/anand/whistle_safety_ws/install/zenoh_bridge:/home/anand/whistle_safety_ws/install/alert_manager:/home/anand/whistle_safety_ws/install/whistle_detector:/opt/ros/humble /usr/bin/cmake /home/anand/whistle_safety_ws/src/whistle_safety_msgs -DAMENT_CMAKE_SYMLINK_INSTALL=1 -DCMAKE_INSTALL_PREFIX=/home/anand/whistle_safety_ws/install/whistle_safety_msgs
[0.422s] -- Found ament_cmake: 1.3.12 (/opt/ros/humble/share/ament_cmake/cmake)
[0.527s] -- Override CMake install command with custom implementation using symlinks instead of copying resources
[0.532s] -- Found std_msgs: 4.9.0 (/opt/ros/humble/share/std_msgs/cmake)
[0.557s] -- Found rosidl_generator_c: 3.1.7 (/opt/ros/humble/share/rosidl_generator_c/cmake)
[0.559s] -- Found rosidl_adapter: 3.1.7 (/opt/ros/humble/share/rosidl_adapter/cmake)
[0.566s] -- Found rosidl_generator_cpp: 3.1.7 (/opt/ros/humble/share/rosidl_generator_cpp/cmake)
[0.574s] -- Using all available rosidl_typesupport_c: rosidl_typesupport_fastrtps_c;rosidl_typesupport_introspection_c
[0.587s] -- Using all available rosidl_typesupport_cpp: rosidl_typesupport_fastrtps_cpp;rosidl_typesupport_introspection_cpp
[0.612s] -- Found geometry_msgs: 4.9.0 (/opt/ros/humble/share/geometry_msgs/cmake)
[0.623s] -- Found rosidl_default_generators: 1.2.0 (/opt/ros/humble/share/rosidl_default_generators/cmake)
[0.924s] -- Found ament_cmake_ros: 0.10.0 (/opt/ros/humble/share/ament_cmake_ros/cmake)
[1.284s] -- Using all available rosidl_typesupport_c: rosidl_typesupport_fastrtps_c;rosidl_typesupport_introspection_c
[1.431s] -- Using all available rosidl_typesupport_cpp: rosidl_typesupport_fastrtps_cpp;rosidl_typesupport_introspection_cpp
[1.451s] -- Found python_cmake_module: 0.10.0 (/opt/ros/humble/share/python_cmake_module/cmake)
[1.469s] -- Using PYTHON_EXECUTABLE: /usr/bin/python3
[1.469s] -- Using PYTHON_INCLUDE_DIRS: /usr/include/python3.10
[1.469s] -- Using PYTHON_LIBRARIES: /usr/lib/x86_64-linux-gnu/libpython3.10.so
[1.510s] -- Configuring done
[1.549s] -- Generating done
[1.557s] -- Build files have been written to: /home/anand/whistle_safety_ws/build/whistle_safety_msgs
[1.562s] Invoked command in '/home/anand/whistle_safety_ws/build/whistle_safety_msgs' returned '0': CMAKE_PREFIX_PATH=${CMAKE_PREFIX_PATH}:/home/anand/whistle_safety_ws/install/zenoh_bridge:/home/anand/whistle_safety_ws/install/alert_manager:/home/anand/whistle_safety_ws/install/whistle_detector:/opt/ros/humble /usr/bin/cmake /home/anand/whistle_safety_ws/src/whistle_safety_msgs -DAMENT_CMAKE_SYMLINK_INSTALL=1 -DCMAKE_INSTALL_PREFIX=/home/anand/whistle_safety_ws/install/whistle_safety_msgs
[1.563s] Invoking command in '/home/anand/whistle_safety_ws/build/whistle_safety_msgs': CMAKE_PREFIX_PATH=${CMAKE_PREFIX_PATH}:/home/anand/whistle_safety_ws/install/zenoh_bridge:/home/anand/whistle_safety_ws/install/alert_manager:/home/anand/whistle_safety_ws/install/whistle_detector:/opt/ros/humble /usr/bin/cmake --build /home/anand/whistle_safety_ws/build/whistle_safety_msgs -- -j16 -l16
[1.602s] [35m[1mConsolidate compiler generated dependencies of target whistle_safety_msgs__rosidl_generator_c[0m
[1.611s] [  2%] Built target whistle_safety_msgs__cpp
[1.617s] [ 12%] Built target whistle_safety_msgs__rosidl_generator_c
[1.618s] [ 12%] Built target ament_cmake_python_symlink_whistle_safety_msgs
[1.622s] [35m[1mConsolidate compiler generated dependencies of target whistle_safety_msgs__rosidl_typesupport_introspection_cpp[0m
[1.623s] [35m[1mConsolidate compiler generated dependencies of target whistle_safety_msgs__rosidl_typesupport_cpp[0m
[1.623s] [35m[1mConsolidate compiler generated dependencies of target whistle_safety_msgs__rosidl_typesupport_fastrtps_cpp[0m
[1.627s] [35m[1mConsolidate compiler generated dependencies of target whistle_safety_msgs__rosidl_typesupport_fastrtps_c[0m
[1.627s] [35m[1mConsolidate compiler generated dependencies of target whistle_safety_msgs__rosidl_typesupport_c[0m
[1.629s] [35m[1mConsolidate compiler generated dependencies of target whistle_safety_msgs__rosidl_typesupport_introspection_c[0m
[1.638s] [ 23%] Built target whistle_safety_msgs__rosidl_typesupport_c
[1.639s] [ 33%] Built target whistle_safety_msgs__rosidl_typesupport_fastrtps_cpp
[1.640s] [ 43%] Built target whistle_safety_msgs__rosidl_typesupport_introspection_c
[1.641s] [ 61%] Built target whistle_safety_msgs__rosidl_typesupport_cpp
[1.641s] [ 64%] Built target whistle_safety_msgs__rosidl_typesupport_introspection_cpp
[1.641s] [ 74%] Built target whistle_safety_msgs__rosidl_typesupport_fastrtps_c
[1.658s] [ 74%] Built target whistle_safety_msgs
[1.678s] [ 76%] Built target whistle_safety_msgs__py
[1.688s] [35m[1mConsolidate compiler generated dependencies of target whistle_safety_msgs__rosidl_generator_py[0m
[1.700s] [ 84%] Built target whistle_safety_msgs__rosidl_generator_py
[1.710s] [35m[1mConsolidate compiler generated dependencies of target whistle_safety_msgs__rosidl_typesupport_introspection_c__pyext[0m
[1.710s] [35m[1mConsolidate compiler generated dependencies of target whistle_safety_msgs__rosidl_typesupport_c__pyext[0m
[1.711s] [35m[1mConsolidate compiler generated dependencies of target whistle_safety_msgs__rosidl_typesupport_fastrtps_c__pyext[0m
[1.720s] [ 89%] Built target whistle_safety_msgs__rosidl_typesupport_c__pyext
[1.722s] [ 94%] Built target whistle_safety_msgs__rosidl_typesupport_introspection_c__pyext
[1.723s] [100%] Built target whistle_safety_msgs__rosidl_typesupport_fastrtps_c__pyext
[1.771s] running egg_info
[1.780s] writing whistle_safety_msgs.egg-info/PKG-INFO
[1.780s] writing dependency_links to whistle_safety_msgs.egg-info/dependency_links.txt
[1.780s] writing top-level names to whistle_safety_msgs.egg-info/top_level.txt
[1.805s] reading manifest file 'whistle_safety_msgs.egg-info/SOURCES.txt'
[1.806s] writing manifest file 'whistle_safety_msgs.egg-info/SOURCES.txt'
[1.827s] [100%] Built target ament_cmake_python_build_whistle_safety_msgs_egg
[1.837s] Invoked command in '/home/anand/whistle_safety_ws/build/whistle_safety_msgs' returned '0': CMAKE_PREFIX_PATH=${CMAKE_PREFIX_PATH}:/home/anand/whistle_safety_ws/install/zenoh_bridge:/home/anand/whistle_safety_ws/install/alert_manager:/home/anand/whistle_safety_ws/install/whistle_detector:/opt/ros/humble /usr/bin/cmake --build /home/anand/whistle_safety_ws/build/whistle_safety_msgs -- -j16 -l16
[1.838s] Invoking command in '/home/anand/whistle_safety_ws/build/whistle_safety_msgs': CMAKE_PREFIX_PATH=${CMAKE_PREFIX_PATH}:/home/anand/whistle_safety_ws/install/zenoh_bridge:/home/anand/whistle_safety_ws/install/alert_manager:/home/anand/whistle_safety_ws/install/whistle_detector:/opt/ros/humble /usr/bin/cmake --install /home/anand/whistle_safety_ws/build/whistle_safety_msgs
[1.844s] -- Install configuration: ""
[1.844s] -- Execute custom install script
[1.844s] -- Up-to-date symlink: /home/anand/whistle_safety_ws/install/whistle_safety_msgs/share/ament_index/resource_index/rosidl_interfaces/whistle_safety_msgs
[1.845s] -- Up-to-date symlink: /home/anand/whistle_safety_ws/install/whistle_safety_msgs/include/whistle_safety_msgs/whistle_safety_msgs/msg/audio_level.h
[1.845s] -- Up-to-date symlink: /home/anand/whistle_safety_ws/install/whistle_safety_msgs/include/whistle_safety_msgs/whistle_safety_msgs/msg/detail/audio_level__functions.h
[1.845s] -- Up-to-date symlink: /home/anand/whistle_safety_ws/install/whistle_safety_msgs/include/whistle_safety_msgs/whistle_safety_msgs/msg/detail/audio_level__struct.h
[1.845s] -- Up-to-date symlink: /home/anand/whistle_safety_ws/install/whistle_safety_msgs/include/whistle_safety_msgs/whistle_safety_msgs/msg/detail/audio_level__type_support.h
[1.845s] -- Up-to-date symlink: /home/anand/whistle_safety_ws/install/whistle_safety_msgs/include/whistle_safety_msgs/whistle_safety_msgs/msg/detail/whistle_alert__functions.h
[1.845s] -- Up-to-date symlink: /home/anand/whistle_safety_ws/install/whistle_safety_msgs/include/whistle_safety_msgs/whistle_safety_msgs/msg/detail/whistle_alert__struct.h
[1.846s] -- Up-to-date symlink: /home/anand/whistle_safety_ws/install/whistle_safety_msgs/include/whistle_safety_msgs/whistle_safety_msgs/msg/detail/whistle_alert__type_support.h
[1.846s] -- Up-to-date symlink: /home/anand/whistle_safety_ws/install/whistle_safety_msgs/include/whistle_safety_msgs/whistle_safety_msgs/msg/rosidl_generator_c__visibility_control.h
[1.846s] -- Up-to-date symlink: /home/anand/whistle_safety_ws/install/whistle_safety_msgs/include/whistle_safety_msgs/whistle_safety_msgs/msg/whistle_alert.h
[1.846s] -- Up-to-date symlink: /home/anand/whistle_safety_ws/install/whistle_safety_msgs/share/whistle_safety_msgs/environment/library_path.sh
[1.846s] -- Up-to-date symlink: /home/anand/whistle_safety_ws/install/whistle_safety_msgs/share/whistle_safety_msgs/environment/library_path.dsv
[1.846s] -- Up-to-date symlink: /home/anand/whistle_safety_ws/install/whistle_safety_msgs/include/whistle_safety_msgs/whistle_safety_msgs/msg/detail/audio_level__rosidl_typesupport_fastrtps_c.h
[1.846s] -- Up-to-date symlink: /home/anand/whistle_safety_ws/install/whistle_safety_msgs/include/whistle_safety_msgs/whistle_safety_msgs/msg/detail/whistle_alert__rosidl_typesupport_fastrtps_c.h
[1.846s] -- Up-to-date symlink: /home/anand/whistle_safety_ws/install/whistle_safety_msgs/include/whistle_safety_msgs/whistle_safety_msgs/msg/rosidl_typesupport_fastrtps_c__visibility_control.h
[1.847s] -- Up-to-date symlink: /home/anand/whistle_safety_ws/install/whistle_safety_msgs/include/whistle_safety_msgs/whistle_safety_msgs/msg/audio_level.hpp
[1.847s] -- Up-to-date symlink: /home/anand/whistle_safety_ws/install/whistle_safety_msgs/include/whistle_safety_msgs/whistle_safety_msgs/msg/detail/audio_level__builder.hpp
[1.847s] -- Up-to-date symlink: /home/anand/whistle_safety_ws/install/whistle_safety_msgs/include/whistle_safety_msgs/whistle_safety_msgs/msg/detail/audio_level__struct.hpp
[1.847s] -- Up-to-date symlink: /home/anand/whistle_safety_ws/install/whistle_safety_msgs/include/whistle_safety_msgs/whistle_safety_msgs/msg/detail/audio_level__traits.hpp
[1.847s] -- Up-to-date symlink: /home/anand/whistle_safety_ws/install/whistle_safety_msgs/include/whistle_safety_msgs/whistle_safety_msgs/msg/detail/audio_level__type_support.hpp
[1.847s] -- Up-to-date symlink: /home/anand/whistle_safety_ws/install/whistle_safety_msgs/include/whistle_safety_msgs/whistle_safety_msgs/msg/detail/whistle_alert__builder.hpp
[1.847s] -- Up-to-date symlink: /home/anand/whistle_safety_ws/install/whistle_safety_msgs/include/whistle_safety_msgs/whistle_safety_msgs/msg/detail/whistle_alert__struct.hpp
[1.847s] -- Up-to-date symlink: /home/anand/whistle_safety_ws/install/whistle_safety_msgs/include/whistle_safety_msgs/whistle_safety_msgs/msg/detail/whistle_alert__traits.hpp
[1.847s] -- Up-to-date symlink: /home/anand/whistle_safety_ws/install/whistle_safety_msgs/include/whistle_safety_msgs/whistle_safety_msgs/msg/detail/whistle_alert__type_support.hpp
[1.847s] -- Up-to-date symlink: /home/anand/whistle_safety_ws/install/whistle_safety_msgs/include/whistle_safety_msgs/whistle_safety_msgs/msg/rosidl_generator_cpp__visibility_control.hpp
[1.847s] -- Up-to-date symlink: /home/anand/whistle_safety_ws/install/whistle_safety_msgs/include/whistle_safety_msgs/whistle_safety_msgs/msg/whistle_alert.hpp
[1.848s] -- Up-to-date symlink: /home/anand/whistle_safety_ws/install/whistle_safety_msgs/include/whistle_safety_msgs/whistle_safety_msgs/msg/detail/audio_level__rosidl_typesupport_fastrtps_cpp.hpp
[1.848s] -- Up-to-date symlink: /home/anand/whistle_safety_ws/install/whistle_safety_msgs/include/whistle_safety_msgs/whistle_safety_msgs/msg/detail/whistle_alert__rosidl_typesupport_fastrtps_cpp.hpp
[1.848s] -- Up-to-date symlink: /home/anand/whistle_safety_ws/install/whistle_safety_msgs/include/whistle_safety_msgs/whistle_safety_msgs/msg/rosidl_typesupport_fastrtps_cpp__visibility_control.h
[1.848s] -- Up-to-date symlink: /home/anand/whistle_safety_ws/install/whistle_safety_msgs/include/whistle_safety_msgs/whistle_safety_msgs/msg/detail/audio_level__rosidl_typesupport_introspection_c.h
[1.848s] -- Up-to-date symlink: /home/anand/whistle_safety_ws/install/whistle_safety_msgs/include/whistle_safety_msgs/whistle_safety_msgs/msg/detail/whistle_alert__rosidl_typesupport_introspection_c.h
[1.848s] -- Up-to-date symlink: /home/anand/whistle_safety_ws/install/whistle_safety_msgs/include/whistle_safety_msgs/whistle_safety_msgs/msg/rosidl_typesupport_introspection_c__visibility_control.h
[1.848s] -- Up-to-date symlink: /home/anand/whistle_safety_ws/install/whistle_safety_msgs/include/whistle_safety_msgs/whistle_safety_msgs/msg/detail/audio_level__rosidl_typesupport_introspection_cpp.hpp
[1.849s] -- Up-to-date symlink: /home/anand/whistle_safety_ws/install/whistle_safety_msgs/include/whistle_safety_msgs/whistle_safety_msgs/msg/detail/whistle_alert__rosidl_typesupport_introspection_cpp.hpp
[1.849s] -- Up-to-date symlink: /home/anand/whistle_safety_ws/install/whistle_safety_msgs/share/whistle_safety_msgs/environment/pythonpath.sh
[1.849s] -- Up-to-date symlink: /home/anand/whistle_safety_ws/install/whistle_safety_msgs/share/whistle_safety_msgs/environment/pythonpath.dsv
[1.849s] -- Up-to-date symlink: /home/anand/whistle_safety_ws/install/whistle_safety_msgs/local/lib/python3.10/dist-packages/whistle_safety_msgs-0.1.0-py3.10.egg-info/PKG-INFO
[1.849s] -- Up-to-date symlink: /home/anand/whistle_safety_ws/install/whistle_safety_msgs/local/lib/python3.10/dist-packages/whistle_safety_msgs-0.1.0-py3.10.egg-info/SOURCES.txt
[1.849s] -- Up-to-date symlink: /home/anand/whistle_safety_ws/install/whistle_safety_msgs/local/lib/python3.10/dist-packages/whistle_safety_msgs-0.1.0-py3.10.egg-info/dependency_links.txt
[1.849s] -- Up-to-date symlink: /home/anand/whistle_safety_ws/install/whistle_safety_msgs/local/lib/python3.10/dist-packages/whistle_safety_msgs-0.1.0-py3.10.egg-info/top_level.txt
[1.850s] -- Up-to-date symlink: /home/anand/whistle_safety_ws/install/whistle_safety_msgs/local/lib/python3.10/dist-packages/whistle_safety_msgs/__init__.py
[1.850s] -- Up-to-date symlink: /home/anand/whistle_safety_ws/install/whistle_safety_msgs/local/lib/python3.10/dist-packages/whistle_safety_msgs/_whistle_safety_msgs_s.ep.rosidl_typesupport_c.c
[1.850s] -- Up-to-date symlink: /home/anand/whistle_safety_ws/install/whistle_safety_msgs/local/lib/python3.10/dist-packages/whistle_safety_msgs/_whistle_safety_msgs_s.ep.rosidl_typesupport_fastrtps_c.c
[1.850s] -- Up-to-date symlink: /home/anand/whistle_safety_ws/install/whistle_safety_msgs/local/lib/python3.10/dist-packages/whistle_safety_msgs/_whistle_safety_msgs_s.ep.rosidl_typesupport_introspection_c.c
[1.850s] -- Up-to-date symlink: /home/anand/whistle_safety_ws/install/whistle_safety_msgs/local/lib/python3.10/dist-packages/whistle_safety_msgs/libwhistle_safety_msgs__rosidl_generator_py.so
[1.850s] -- Up-to-date symlink: /home/anand/whistle_safety_ws/install/whistle_safety_msgs/local/lib/python3.10/dist-packages/whistle_safety_msgs/msg/__init__.py
[1.850s] -- Up-to-date symlink: /home/anand/whistle_safety_ws/install/whistle_safety_msgs/local/lib/python3.10/dist-packages/whistle_safety_msgs/msg/_audio_level.py
[1.850s] -- Up-to-date symlink: /home/anand/whistle_safety_ws/install/whistle_safety_msgs/local/lib/python3.10/dist-packages/whistle_safety_msgs/msg/_audio_level_s.c
[1.851s] -- Up-to-date symlink: /home/anand/whistle_safety_ws/install/whistle_safety_msgs/local/lib/python3.10/dist-packages/whistle_safety_msgs/msg/_whistle_alert.py
[1.851s] -- Up-to-date symlink: /home/anand/whistle_safety_ws/install/whistle_safety_msgs/local/lib/python3.10/dist-packages/whistle_safety_msgs/msg/_whistle_alert_s.c
[1.851s] -- Up-to-date symlink: /home/anand/whistle_safety_ws/install/whistle_safety_msgs/local/lib/python3.10/dist-packages/whistle_safety_msgs/whistle_safety_msgs_s__rosidl_typesupport_c.cpython-310-x86_64-linux-gnu.so
[1.851s] -- Up-to-date symlink: /home/anand/whistle_safety_ws/install/whistle_safety_msgs/local/lib/python3.10/dist-packages/whistle_safety_msgs/whistle_safety_msgs_s__rosidl_typesupport_fastrtps_c.cpython-310-x86_64-linux-gnu.so
[1.851s] -- Up-to-date symlink: /home/anand/whistle_safety_ws/install/whistle_safety_msgs/local/lib/python3.10/dist-packages/whistle_safety_msgs/whistle_safety_msgs_s__rosidl_typesupport_introspection_c.cpython-310-x86_64-linux-gnu.so
[1.851s] -- Up-to-date symlink: /home/anand/whistle_safety_ws/install/whistle_safety_msgs/local/lib/python3.10/dist-packages/whistle_safety_msgs/whistle_safety_msgs_s__rosidl_typesupport_fastrtps_c.cpython-310-x86_64-linux-gnu.so
[1.851s] -- Up-to-date symlink: /home/anand/whistle_safety_ws/install/whistle_safety_msgs/local/lib/python3.10/dist-packages/whistle_safety_msgs/whistle_safety_msgs_s__rosidl_typesupport_introspection_c.cpython-310-x86_64-linux-gnu.so
[1.851s] -- Up-to-date symlink: /home/anand/whistle_safety_ws/install/whistle_safety_msgs/local/lib/python3.10/dist-packages/whistle_safety_msgs/whistle_safety_msgs_s__rosidl_typesupport_c.cpython-310-x86_64-linux-gnu.so
[1.852s] -- Up-to-date symlink: /home/anand/whistle_safety_ws/install/whistle_safety_msgs/share/whistle_safety_msgs/msg/WhistleAlert.idl
[1.852s] -- Up-to-date symlink: /home/anand/whistle_safety_ws/install/whistle_safety_msgs/share/whistle_safety_msgs/msg/AudioLevel.idl
[1.852s] -- Up-to-date symlink: /home/anand/whistle_safety_ws/install/whistle_safety_msgs/share/whistle_safety_msgs/msg/WhistleAlert.msg
[1.852s] -- Up-to-date symlink: /home/anand/whistle_safety_ws/install/whistle_safety_msgs/share/whistle_safety_msgs/msg/AudioLevel.msg
[1.852s] -- Up-to-date symlink: /home/anand/whistle_safety_ws/install/whistle_safety_msgs/share/ament_index/resource_index/package_run_dependencies/whistle_safety_msgs
[1.852s] -- Up-to-date symlink: /home/anand/whistle_safety_ws/install/whistle_safety_msgs/share/ament_index/resource_index/parent_prefix_path/whistle_safety_msgs
[1.852s] -- Up-to-date symlink: /home/anand/whistle_safety_ws/install/whistle_safety_msgs/share/whistle_safety_msgs/environment/ament_prefix_path.sh
[1.853s] -- Up-to-date symlink: /home/anand/whistle_safety_ws/install/whistle_safety_msgs/share/whistle_safety_msgs/environment/ament_prefix_path.dsv
[1.853s] -- Up-to-date symlink: /home/anand/whistle_safety_ws/install/whistle_safety_msgs/share/whistle_safety_msgs/environment/path.sh
[1.853s] -- Up-to-date symlink: /home/anand/whistle_safety_ws/install/whistle_safety_msgs/share/whistle_safety_msgs/environment/path.dsv
[1.853s] -- Up-to-date symlink: /home/anand/whistle_safety_ws/install/whistle_safety_msgs/share/whistle_safety_msgs/local_setup.bash
[1.853s] -- Up-to-date symlink: /home/anand/whistle_safety_ws/install/whistle_safety_msgs/share/whistle_safety_msgs/local_setup.sh
[1.853s] -- Up-to-date symlink: /home/anand/whistle_safety_ws/install/whistle_safety_msgs/share/whistle_safety_msgs/local_setup.zsh
[1.853s] -- Up-to-date symlink: /home/anand/whistle_safety_ws/install/whistle_safety_msgs/share/whistle_safety_msgs/local_setup.dsv
[1.853s] -- Symlinking: /home/anand/whistle_safety_ws/install/whistle_safety_msgs/share/whistle_safety_msgs/package.dsv
[1.860s] -- Up-to-date symlink: /home/anand/whistle_safety_ws/install/whistle_safety_msgs/share/ament_index/resource_index/packages/whistle_safety_msgs
[1.860s] -- Up-to-date symlink: /home/anand/whistle_safety_ws/install/whistle_safety_msgs/share/whistle_safety_msgs/cmake/rosidl_cmake-extras.cmake
[1.860s] -- Up-to-date symlink: /home/anand/whistle_safety_ws/install/whistle_safety_msgs/share/whistle_safety_msgs/cmake/ament_cmake_export_dependencies-extras.cmake
[1.860s] -- Up-to-date symlink: /home/anand/whistle_safety_ws/install/whistle_safety_msgs/share/whistle_safety_msgs/cmake/ament_cmake_export_include_directories-extras.cmake
[1.860s] -- Up-to-date symlink: /home/anand/whistle_safety_ws/install/whistle_safety_msgs/share/whistle_safety_msgs/cmake/ament_cmake_export_libraries-extras.cmake
[1.860s] -- Up-to-date symlink: /home/anand/whistle_safety_ws/install/whistle_safety_msgs/share/whistle_safety_msgs/cmake/ament_cmake_export_targets-extras.cmake
[1.860s] -- Up-to-date symlink: /home/anand/whistle_safety_ws/install/whistle_safety_msgs/share/whistle_safety_msgs/cmake/rosidl_cmake_export_typesupport_targets-extras.cmake
[1.860s] -- Up-to-date symlink: /home/anand/whistle_safety_ws/install/whistle_safety_msgs/share/whistle_safety_msgs/cmake/rosidl_cmake_export_typesupport_libraries-extras.cmake
[1.860s] -- Up-to-date symlink: /home/anand/whistle_safety_ws/install/whistle_safety_msgs/share/whistle_safety_msgs/cmake/whistle_safety_msgsConfig.cmake
[1.861s] -- Up-to-date symlink: /home/anand/whistle_safety_ws/install/whistle_safety_msgs/share/whistle_safety_msgs/cmake/whistle_safety_msgsConfig-version.cmake
[1.861s] -- Up-to-date symlink: /home/anand/whistle_safety_ws/install/whistle_safety_msgs/share/whistle_safety_msgs/package.xml
[1.861s] -- Up-to-date: /home/anand/whistle_safety_ws/install/whistle_safety_msgs/lib/libwhistle_safety_msgs__rosidl_generator_c.so
[1.862s] -- Up-to-date: /home/anand/whistle_safety_ws/install/whistle_safety_msgs/lib/libwhistle_safety_msgs__rosidl_typesupport_fastrtps_c.so
[1.862s] -- Up-to-date: /home/anand/whistle_safety_ws/install/whistle_safety_msgs/lib/libwhistle_safety_msgs__rosidl_typesupport_fastrtps_cpp.so
[1.862s] -- Up-to-date: /home/anand/whistle_safety_ws/install/whistle_safety_msgs/lib/libwhistle_safety_msgs__rosidl_typesupport_introspection_c.so
[1.863s] -- Up-to-date: /home/anand/whistle_safety_ws/install/whistle_safety_msgs/lib/libwhistle_safety_msgs__rosidl_typesupport_c.so
[1.863s] -- Up-to-date: /home/anand/whistle_safety_ws/install/whistle_safety_msgs/lib/libwhistle_safety_msgs__rosidl_typesupport_introspection_cpp.so
[1.863s] -- Up-to-date: /home/anand/whistle_safety_ws/install/whistle_safety_msgs/lib/libwhistle_safety_msgs__rosidl_typesupport_cpp.so
[1.886s] Listing '/home/anand/whistle_safety_ws/install/whistle_safety_msgs/local/lib/python3.10/dist-packages/whistle_safety_msgs'...
[1.887s] Compiling '/home/anand/whistle_safety_ws/install/whistle_safety_msgs/local/lib/python3.10/dist-packages/whistle_safety_msgs/__init__.py'...
[1.887s] Listing '/home/anand/whistle_safety_ws/install/whistle_safety_msgs/local/lib/python3.10/dist-packages/whistle_safety_msgs/msg'...
[1.890s] -- Up-to-date: /home/anand/whistle_safety_ws/install/whistle_safety_msgs/lib/libwhistle_safety_msgs__rosidl_generator_py.so
[1.890s] -- Up-to-date: /home/anand/whistle_safety_ws/install/whistle_safety_msgs/share/whistle_safety_msgs/cmake/export_whistle_safety_msgs__rosidl_generator_cExport.cmake
[1.890s] -- Up-to-date: /home/anand/whistle_safety_ws/install/whistle_safety_msgs/share/whistle_safety_msgs/cmake/export_whistle_safety_msgs__rosidl_generator_cExport-noconfig.cmake
[1.890s] -- Up-to-date: /home/anand/whistle_safety_ws/install/whistle_safety_msgs/share/whistle_safety_msgs/cmake/export_whistle_safety_msgs__rosidl_typesupport_fastrtps_cExport.cmake
[1.890s] -- Up-to-date: /home/anand/whistle_safety_ws/install/whistle_safety_msgs/share/whistle_safety_msgs/cmake/export_whistle_safety_msgs__rosidl_typesupport_fastrtps_cExport-noconfig.cmake
[1.890s] -- Up-to-date: /home/anand/whistle_safety_ws/install/whistle_safety_msgs/share/whistle_safety_msgs/cmake/export_whistle_safety_msgs__rosidl_generator_cppExport.cmake
[1.890s] -- Up-to-date: /home/anand/whistle_safety_ws/install/whistle_safety_msgs/share/whistle_safety_msgs/cmake/export_whistle_safety_msgs__rosidl_typesupport_fastrtps_cppExport.cmake
[1.890s] -- Up-to-date: /home/anand/whistle_safety_ws/install/whistle_safety_msgs/share/whistle_safety_msgs/cmake/export_whistle_safety_msgs__rosidl_typesupport_fastrtps_cppExport-noconfig.cmake
[1.890s] -- Up-to-date: /home/anand/whistle_safety_ws/install/whistle_safety_msgs/share/whistle_safety_msgs/cmake/whistle_safety_msgs__rosidl_typesupport_introspection_cExport.cmake
[1.890s] -- Up-to-date: /home/anand/whistle_safety_ws/install/whistle_safety_msgs/share/whistle_safety_msgs/cmake/whistle_safety_msgs__rosidl_typesupport_introspection_cExport-noconfig.cmake
[1.890s] -- Up-to-date: /home/anand/whistle_safety_ws/install/whistle_safety_msgs/share/whistle_safety_msgs/cmake/whistle_safety_msgs__rosidl_typesupport_cExport.cmake
[1.890s] -- Up-to-date: /home/anand/whistle_safety_ws/install/whistle_safety_msgs/share/whistle_safety_msgs/cmake/whistle_safety_msgs__rosidl_typesupport_cExport-noconfig.cmake
[1.891s] -- Up-to-date: /home/anand/whistle_safety_ws/install/whistle_safety_msgs/share/whistle_safety_msgs/cmake/whistle_safety_msgs__rosidl_typesupport_introspection_cppExport.cmake
[1.891s] -- Up-to-date: /home/anand/whistle_safety_ws/install/whistle_safety_msgs/share/whistle_safety_msgs/cmake/whistle_safety_msgs__rosidl_typesupport_introspection_cppExport-noconfig.cmake
[1.891s] -- Up-to-date: /home/anand/whistle_safety_ws/install/whistle_safety_msgs/share/whistle_safety_msgs/cmake/whistle_safety_msgs__rosidl_typesupport_cppExport.cmake
[1.891s] -- Up-to-date: /home/anand/whistle_safety_ws/install/whistle_safety_msgs/share/whistle_safety_msgs/cmake/whistle_safety_msgs__rosidl_typesupport_cppExport-noconfig.cmake
[1.891s] -- Up-to-date: /home/anand/whistle_safety_ws/install/whistle_safety_msgs/share/whistle_safety_msgs/cmake/export_whistle_safety_msgs__rosidl_generator_pyExport.cmake
[1.891s] -- Up-to-date: /home/anand/whistle_safety_ws/install/whistle_safety_msgs/share/whistle_safety_msgs/cmake/export_whistle_safety_msgs__rosidl_generator_pyExport-noconfig.cmake
[1.893s] Invoked command in '/home/anand/whistle_safety_ws/build/whistle_safety_msgs' returned '0': CMAKE_PREFIX_PATH=${CMAKE_PREFIX_PATH}:/home/anand/whistle_safety_ws/install/zenoh_bridge:/home/anand/whistle_safety_ws/install/alert_manager:/home/anand/whistle_safety_ws/install/whistle_detector:/opt/ros/humble /usr/bin/cmake --install /home/anand/whistle_safety_ws/build/whistle_safety_msgs
