running develop
running egg_info
creating sim_microphone_sensor.egg-info
writing sim_microphone_sensor.egg-info/PKG-INFO
writing dependency_links to sim_microphone_sensor.egg-info/dependency_links.txt
writing entry points to sim_microphone_sensor.egg-info/entry_points.txt
writing requirements to sim_microphone_sensor.egg-info/requires.txt
writing top-level names to sim_microphone_sensor.egg-info/top_level.txt
writing manifest file 'sim_microphone_sensor.egg-info/SOURCES.txt'
reading manifest file 'sim_microphone_sensor.egg-info/SOURCES.txt'
writing manifest file 'sim_microphone_sensor.egg-info/SOURCES.txt'
running build_ext
Creating /home/anand/whistle_safety_ws/install/sim_microphone_sensor/lib/python3.10/site-packages/sim-microphone-sensor.egg-link (link to .)
Installing microphone_simulator script to /home/anand/whistle_safety_ws/install/sim_microphone_sensor/lib/sim_microphone_sensor

Installed /home/anand/whistle_safety_ws/build/sim_microphone_sensor
running symlink_data
creating /home/anand/whistle_safety_ws/install/sim_microphone_sensor/share/ament_index/resource_index/packages
symbolically linking /home/anand/whistle_safety_ws/build/sim_microphone_sensor/resource/sim_microphone_sensor -> /home/anand/whistle_safety_ws/install/sim_microphone_sensor/share/ament_index/resource_index/packages
symbolically linking /home/anand/whistle_safety_ws/build/sim_microphone_sensor/package.xml -> /home/anand/whistle_safety_ws/install/sim_microphone_sensor/share/sim_microphone_sensor
creating /home/anand/whistle_safety_ws/install/sim_microphone_sensor/share/sim_microphone_sensor/launch
symbolically linking /home/anand/whistle_safety_ws/build/sim_microphone_sensor/launch/microphone_simulator.launch.py -> /home/anand/whistle_safety_ws/install/sim_microphone_sensor/share/sim_microphone_sensor/launch
creating /home/anand/whistle_safety_ws/install/sim_microphone_sensor/share/sim_microphone_sensor/config
symbolically linking /home/anand/whistle_safety_ws/build/sim_microphone_sensor/config/microphone_params.yaml -> /home/anand/whistle_safety_ws/install/sim_microphone_sensor/share/sim_microphone_sensor/config
