[0.417s] Invoking command in '/home/anand/whistle_safety_ws/build/whistle_safety_msgs': CMAKE_PREFIX_PATH=${CMAKE_PREFIX_PATH}:/home/anand/whistle_safety_ws/install/zenoh_bridge:/home/anand/whistle_safety_ws/install/alert_manager:/home/anand/whistle_safety_ws/install/whistle_detector:/opt/ros/humble /usr/bin/cmake --build /home/anand/whistle_safety_ws/build/whistle_safety_msgs -- -j16 -l16
[0.461s] [  7%] Built target whistle_safety_msgs__cpp
[0.461s] [ 12%] Built target whistle_safety_msgs__rosidl_generator_c
[0.468s] [ 12%] Built target ament_cmake_python_symlink_whistle_safety_msgs
[0.479s] [ 23%] Built target whistle_safety_msgs__rosidl_typesupport_introspection_c
[0.481s] [ 33%] Built target whistle_safety_msgs__rosidl_typesupport_cpp
[0.482s] [ 43%] Built target whistle_safety_msgs__rosidl_typesupport_fastrtps_c
[0.483s] [ 53%] Built target whistle_safety_msgs__rosidl_typesupport_c
[0.483s] [ 64%] Built target whistle_safety_msgs__rosidl_typesupport_fastrtps_cpp
[0.485s] [ 74%] Built target whistle_safety_msgs__rosidl_typesupport_introspection_cpp
[0.503s] [ 74%] Built target whistle_safety_msgs
[0.523s] [ 76%] Built target whistle_safety_msgs__py
[0.544s] [ 84%] Built target whistle_safety_msgs__rosidl_generator_py
[0.566s] [100%] Built target whistle_safety_msgs__rosidl_typesupport_c__pyext
[0.566s] [100%] Built target whistle_safety_msgs__rosidl_typesupport_introspection_c__pyext
[0.566s] [100%] Built target whistle_safety_msgs__rosidl_typesupport_fastrtps_c__pyext
[0.628s] running egg_info
[0.639s] writing whistle_safety_msgs.egg-info/PKG-INFO
[0.639s] writing dependency_links to whistle_safety_msgs.egg-info/dependency_links.txt
[0.639s] writing top-level names to whistle_safety_msgs.egg-info/top_level.txt
[0.670s] reading manifest file 'whistle_safety_msgs.egg-info/SOURCES.txt'
[0.671s] writing manifest file 'whistle_safety_msgs.egg-info/SOURCES.txt'
[0.700s] [100%] Built target ament_cmake_python_build_whistle_safety_msgs_egg
[0.710s] Invoked command in '/home/anand/whistle_safety_ws/build/whistle_safety_msgs' returned '0': CMAKE_PREFIX_PATH=${CMAKE_PREFIX_PATH}:/home/anand/whistle_safety_ws/install/zenoh_bridge:/home/anand/whistle_safety_ws/install/alert_manager:/home/anand/whistle_safety_ws/install/whistle_detector:/opt/ros/humble /usr/bin/cmake --build /home/anand/whistle_safety_ws/build/whistle_safety_msgs -- -j16 -l16
[0.711s] Invoking command in '/home/anand/whistle_safety_ws/build/whistle_safety_msgs': CMAKE_PREFIX_PATH=${CMAKE_PREFIX_PATH}:/home/anand/whistle_safety_ws/install/zenoh_bridge:/home/anand/whistle_safety_ws/install/alert_manager:/home/anand/whistle_safety_ws/install/whistle_detector:/opt/ros/humble /usr/bin/cmake --install /home/anand/whistle_safety_ws/build/whistle_safety_msgs
[0.719s] -- Install configuration: ""
[0.719s] -- Execute custom install script
[0.719s] -- Up-to-date symlink: /home/anand/whistle_safety_ws/install/whistle_safety_msgs/share/ament_index/resource_index/rosidl_interfaces/whistle_safety_msgs
[0.720s] -- Up-to-date symlink: /home/anand/whistle_safety_ws/install/whistle_safety_msgs/include/whistle_safety_msgs/whistle_safety_msgs/msg/audio_level.h
[0.720s] -- Up-to-date symlink: /home/anand/whistle_safety_ws/install/whistle_safety_msgs/include/whistle_safety_msgs/whistle_safety_msgs/msg/detail/audio_level__functions.h
[0.720s] -- Up-to-date symlink: /home/anand/whistle_safety_ws/install/whistle_safety_msgs/include/whistle_safety_msgs/whistle_safety_msgs/msg/detail/audio_level__struct.h
[0.720s] -- Up-to-date symlink: /home/anand/whistle_safety_ws/install/whistle_safety_msgs/include/whistle_safety_msgs/whistle_safety_msgs/msg/detail/audio_level__type_support.h
[0.720s] -- Up-to-date symlink: /home/anand/whistle_safety_ws/install/whistle_safety_msgs/include/whistle_safety_msgs/whistle_safety_msgs/msg/detail/whistle_alert__functions.h
[0.720s] -- Up-to-date symlink: /home/anand/whistle_safety_ws/install/whistle_safety_msgs/include/whistle_safety_msgs/whistle_safety_msgs/msg/detail/whistle_alert__struct.h
[0.720s] -- Up-to-date symlink: /home/anand/whistle_safety_ws/install/whistle_safety_msgs/include/whistle_safety_msgs/whistle_safety_msgs/msg/detail/whistle_alert__type_support.h
[0.720s] -- Up-to-date symlink: /home/anand/whistle_safety_ws/install/whistle_safety_msgs/include/whistle_safety_msgs/whistle_safety_msgs/msg/rosidl_generator_c__visibility_control.h
[0.721s] -- Up-to-date symlink: /home/anand/whistle_safety_ws/install/whistle_safety_msgs/include/whistle_safety_msgs/whistle_safety_msgs/msg/whistle_alert.h
[0.721s] -- Up-to-date symlink: /home/anand/whistle_safety_ws/install/whistle_safety_msgs/share/whistle_safety_msgs/environment/library_path.sh
[0.721s] -- Up-to-date symlink: /home/anand/whistle_safety_ws/install/whistle_safety_msgs/share/whistle_safety_msgs/environment/library_path.dsv
[0.721s] -- Up-to-date symlink: /home/anand/whistle_safety_ws/install/whistle_safety_msgs/include/whistle_safety_msgs/whistle_safety_msgs/msg/detail/audio_level__rosidl_typesupport_fastrtps_c.h
[0.721s] -- Up-to-date symlink: /home/anand/whistle_safety_ws/install/whistle_safety_msgs/include/whistle_safety_msgs/whistle_safety_msgs/msg/detail/whistle_alert__rosidl_typesupport_fastrtps_c.h
[0.721s] -- Up-to-date symlink: /home/anand/whistle_safety_ws/install/whistle_safety_msgs/include/whistle_safety_msgs/whistle_safety_msgs/msg/rosidl_typesupport_fastrtps_c__visibility_control.h
[0.722s] -- Up-to-date symlink: /home/anand/whistle_safety_ws/install/whistle_safety_msgs/include/whistle_safety_msgs/whistle_safety_msgs/msg/audio_level.hpp
[0.722s] -- Up-to-date symlink: /home/anand/whistle_safety_ws/install/whistle_safety_msgs/include/whistle_safety_msgs/whistle_safety_msgs/msg/detail/audio_level__builder.hpp
[0.722s] -- Up-to-date symlink: /home/anand/whistle_safety_ws/install/whistle_safety_msgs/include/whistle_safety_msgs/whistle_safety_msgs/msg/detail/audio_level__struct.hpp
[0.722s] -- Up-to-date symlink: /home/anand/whistle_safety_ws/install/whistle_safety_msgs/include/whistle_safety_msgs/whistle_safety_msgs/msg/detail/audio_level__traits.hpp
[0.722s] -- Up-to-date symlink: /home/anand/whistle_safety_ws/install/whistle_safety_msgs/include/whistle_safety_msgs/whistle_safety_msgs/msg/detail/audio_level__type_support.hpp
[0.722s] -- Up-to-date symlink: /home/anand/whistle_safety_ws/install/whistle_safety_msgs/include/whistle_safety_msgs/whistle_safety_msgs/msg/detail/whistle_alert__builder.hpp
[0.722s] -- Up-to-date symlink: /home/anand/whistle_safety_ws/install/whistle_safety_msgs/include/whistle_safety_msgs/whistle_safety_msgs/msg/detail/whistle_alert__struct.hpp
[0.722s] -- Up-to-date symlink: /home/anand/whistle_safety_ws/install/whistle_safety_msgs/include/whistle_safety_msgs/whistle_safety_msgs/msg/detail/whistle_alert__traits.hpp
[0.722s] -- Up-to-date symlink: /home/anand/whistle_safety_ws/install/whistle_safety_msgs/include/whistle_safety_msgs/whistle_safety_msgs/msg/detail/whistle_alert__type_support.hpp
[0.722s] -- Up-to-date symlink: /home/anand/whistle_safety_ws/install/whistle_safety_msgs/include/whistle_safety_msgs/whistle_safety_msgs/msg/rosidl_generator_cpp__visibility_control.hpp
[0.723s] -- Up-to-date symlink: /home/anand/whistle_safety_ws/install/whistle_safety_msgs/include/whistle_safety_msgs/whistle_safety_msgs/msg/whistle_alert.hpp
[0.723s] -- Up-to-date symlink: /home/anand/whistle_safety_ws/install/whistle_safety_msgs/include/whistle_safety_msgs/whistle_safety_msgs/msg/detail/audio_level__rosidl_typesupport_fastrtps_cpp.hpp
[0.723s] -- Up-to-date symlink: /home/anand/whistle_safety_ws/install/whistle_safety_msgs/include/whistle_safety_msgs/whistle_safety_msgs/msg/detail/whistle_alert__rosidl_typesupport_fastrtps_cpp.hpp
[0.723s] -- Up-to-date symlink: /home/anand/whistle_safety_ws/install/whistle_safety_msgs/include/whistle_safety_msgs/whistle_safety_msgs/msg/rosidl_typesupport_fastrtps_cpp__visibility_control.h
[0.724s] -- Up-to-date symlink: /home/anand/whistle_safety_ws/install/whistle_safety_msgs/include/whistle_safety_msgs/whistle_safety_msgs/msg/detail/audio_level__rosidl_typesupport_introspection_c.h
[0.724s] -- Up-to-date symlink: /home/anand/whistle_safety_ws/install/whistle_safety_msgs/include/whistle_safety_msgs/whistle_safety_msgs/msg/detail/whistle_alert__rosidl_typesupport_introspection_c.h
[0.724s] -- Up-to-date symlink: /home/anand/whistle_safety_ws/install/whistle_safety_msgs/include/whistle_safety_msgs/whistle_safety_msgs/msg/rosidl_typesupport_introspection_c__visibility_control.h
[0.724s] -- Up-to-date symlink: /home/anand/whistle_safety_ws/install/whistle_safety_msgs/include/whistle_safety_msgs/whistle_safety_msgs/msg/detail/audio_level__rosidl_typesupport_introspection_cpp.hpp
[0.725s] -- Up-to-date symlink: /home/anand/whistle_safety_ws/install/whistle_safety_msgs/include/whistle_safety_msgs/whistle_safety_msgs/msg/detail/whistle_alert__rosidl_typesupport_introspection_cpp.hpp
[0.725s] -- Up-to-date symlink: /home/anand/whistle_safety_ws/install/whistle_safety_msgs/share/whistle_safety_msgs/environment/pythonpath.sh
[0.725s] -- Up-to-date symlink: /home/anand/whistle_safety_ws/install/whistle_safety_msgs/share/whistle_safety_msgs/environment/pythonpath.dsv
[0.725s] -- Up-to-date symlink: /home/anand/whistle_safety_ws/install/whistle_safety_msgs/local/lib/python3.10/dist-packages/whistle_safety_msgs-0.1.0-py3.10.egg-info/PKG-INFO
[0.725s] -- Up-to-date symlink: /home/anand/whistle_safety_ws/install/whistle_safety_msgs/local/lib/python3.10/dist-packages/whistle_safety_msgs-0.1.0-py3.10.egg-info/SOURCES.txt
[0.725s] -- Up-to-date symlink: /home/anand/whistle_safety_ws/install/whistle_safety_msgs/local/lib/python3.10/dist-packages/whistle_safety_msgs-0.1.0-py3.10.egg-info/dependency_links.txt
[0.725s] -- Up-to-date symlink: /home/anand/whistle_safety_ws/install/whistle_safety_msgs/local/lib/python3.10/dist-packages/whistle_safety_msgs-0.1.0-py3.10.egg-info/top_level.txt
[0.726s] -- Up-to-date symlink: /home/anand/whistle_safety_ws/install/whistle_safety_msgs/local/lib/python3.10/dist-packages/whistle_safety_msgs/__init__.py
[0.726s] -- Up-to-date symlink: /home/anand/whistle_safety_ws/install/whistle_safety_msgs/local/lib/python3.10/dist-packages/whistle_safety_msgs/_whistle_safety_msgs_s.ep.rosidl_typesupport_c.c
[0.726s] -- Up-to-date symlink: /home/anand/whistle_safety_ws/install/whistle_safety_msgs/local/lib/python3.10/dist-packages/whistle_safety_msgs/_whistle_safety_msgs_s.ep.rosidl_typesupport_fastrtps_c.c
[0.726s] -- Up-to-date symlink: /home/anand/whistle_safety_ws/install/whistle_safety_msgs/local/lib/python3.10/dist-packages/whistle_safety_msgs/_whistle_safety_msgs_s.ep.rosidl_typesupport_introspection_c.c
[0.726s] -- Up-to-date symlink: /home/anand/whistle_safety_ws/install/whistle_safety_msgs/local/lib/python3.10/dist-packages/whistle_safety_msgs/libwhistle_safety_msgs__rosidl_generator_py.so
[0.726s] -- Up-to-date symlink: /home/anand/whistle_safety_ws/install/whistle_safety_msgs/local/lib/python3.10/dist-packages/whistle_safety_msgs/msg/__init__.py
[0.727s] -- Up-to-date symlink: /home/anand/whistle_safety_ws/install/whistle_safety_msgs/local/lib/python3.10/dist-packages/whistle_safety_msgs/msg/_audio_level.py
[0.727s] -- Up-to-date symlink: /home/anand/whistle_safety_ws/install/whistle_safety_msgs/local/lib/python3.10/dist-packages/whistle_safety_msgs/msg/_audio_level_s.c
[0.727s] -- Up-to-date symlink: /home/anand/whistle_safety_ws/install/whistle_safety_msgs/local/lib/python3.10/dist-packages/whistle_safety_msgs/msg/_whistle_alert.py
[0.727s] -- Up-to-date symlink: /home/anand/whistle_safety_ws/install/whistle_safety_msgs/local/lib/python3.10/dist-packages/whistle_safety_msgs/msg/_whistle_alert_s.c
[0.727s] -- Up-to-date symlink: /home/anand/whistle_safety_ws/install/whistle_safety_msgs/local/lib/python3.10/dist-packages/whistle_safety_msgs/whistle_safety_msgs_s__rosidl_typesupport_c.cpython-310-x86_64-linux-gnu.so
[0.727s] -- Up-to-date symlink: /home/anand/whistle_safety_ws/install/whistle_safety_msgs/local/lib/python3.10/dist-packages/whistle_safety_msgs/whistle_safety_msgs_s__rosidl_typesupport_fastrtps_c.cpython-310-x86_64-linux-gnu.so
[0.727s] -- Up-to-date symlink: /home/anand/whistle_safety_ws/install/whistle_safety_msgs/local/lib/python3.10/dist-packages/whistle_safety_msgs/whistle_safety_msgs_s__rosidl_typesupport_introspection_c.cpython-310-x86_64-linux-gnu.so
[0.727s] -- Up-to-date symlink: /home/anand/whistle_safety_ws/install/whistle_safety_msgs/local/lib/python3.10/dist-packages/whistle_safety_msgs/whistle_safety_msgs_s__rosidl_typesupport_fastrtps_c.cpython-310-x86_64-linux-gnu.so
[0.727s] -- Up-to-date symlink: /home/anand/whistle_safety_ws/install/whistle_safety_msgs/local/lib/python3.10/dist-packages/whistle_safety_msgs/whistle_safety_msgs_s__rosidl_typesupport_introspection_c.cpython-310-x86_64-linux-gnu.so
[0.728s] -- Up-to-date symlink: /home/anand/whistle_safety_ws/install/whistle_safety_msgs/local/lib/python3.10/dist-packages/whistle_safety_msgs/whistle_safety_msgs_s__rosidl_typesupport_c.cpython-310-x86_64-linux-gnu.so
[0.728s] -- Up-to-date symlink: /home/anand/whistle_safety_ws/install/whistle_safety_msgs/share/whistle_safety_msgs/msg/WhistleAlert.idl
[0.728s] -- Up-to-date symlink: /home/anand/whistle_safety_ws/install/whistle_safety_msgs/share/whistle_safety_msgs/msg/AudioLevel.idl
[0.728s] -- Up-to-date symlink: /home/anand/whistle_safety_ws/install/whistle_safety_msgs/share/whistle_safety_msgs/msg/WhistleAlert.msg
[0.728s] -- Up-to-date symlink: /home/anand/whistle_safety_ws/install/whistle_safety_msgs/share/whistle_safety_msgs/msg/AudioLevel.msg
[0.728s] -- Up-to-date symlink: /home/anand/whistle_safety_ws/install/whistle_safety_msgs/share/ament_index/resource_index/package_run_dependencies/whistle_safety_msgs
[0.728s] -- Up-to-date symlink: /home/anand/whistle_safety_ws/install/whistle_safety_msgs/share/ament_index/resource_index/parent_prefix_path/whistle_safety_msgs
[0.728s] -- Up-to-date symlink: /home/anand/whistle_safety_ws/install/whistle_safety_msgs/share/whistle_safety_msgs/environment/ament_prefix_path.sh
[0.728s] -- Up-to-date symlink: /home/anand/whistle_safety_ws/install/whistle_safety_msgs/share/whistle_safety_msgs/environment/ament_prefix_path.dsv
[0.729s] -- Up-to-date symlink: /home/anand/whistle_safety_ws/install/whistle_safety_msgs/share/whistle_safety_msgs/environment/path.sh
[0.729s] -- Up-to-date symlink: /home/anand/whistle_safety_ws/install/whistle_safety_msgs/share/whistle_safety_msgs/environment/path.dsv
[0.729s] -- Up-to-date symlink: /home/anand/whistle_safety_ws/install/whistle_safety_msgs/share/whistle_safety_msgs/local_setup.bash
[0.729s] -- Up-to-date symlink: /home/anand/whistle_safety_ws/install/whistle_safety_msgs/share/whistle_safety_msgs/local_setup.sh
[0.729s] -- Up-to-date symlink: /home/anand/whistle_safety_ws/install/whistle_safety_msgs/share/whistle_safety_msgs/local_setup.zsh
[0.729s] -- Up-to-date symlink: /home/anand/whistle_safety_ws/install/whistle_safety_msgs/share/whistle_safety_msgs/local_setup.dsv
[0.729s] -- Symlinking: /home/anand/whistle_safety_ws/install/whistle_safety_msgs/share/whistle_safety_msgs/package.dsv
[0.738s] -- Up-to-date symlink: /home/anand/whistle_safety_ws/install/whistle_safety_msgs/share/ament_index/resource_index/packages/whistle_safety_msgs
[0.738s] -- Up-to-date symlink: /home/anand/whistle_safety_ws/install/whistle_safety_msgs/share/whistle_safety_msgs/cmake/rosidl_cmake-extras.cmake
[0.738s] -- Up-to-date symlink: /home/anand/whistle_safety_ws/install/whistle_safety_msgs/share/whistle_safety_msgs/cmake/ament_cmake_export_dependencies-extras.cmake
[0.738s] -- Up-to-date symlink: /home/anand/whistle_safety_ws/install/whistle_safety_msgs/share/whistle_safety_msgs/cmake/ament_cmake_export_include_directories-extras.cmake
[0.738s] -- Up-to-date symlink: /home/anand/whistle_safety_ws/install/whistle_safety_msgs/share/whistle_safety_msgs/cmake/ament_cmake_export_libraries-extras.cmake
[0.738s] -- Up-to-date symlink: /home/anand/whistle_safety_ws/install/whistle_safety_msgs/share/whistle_safety_msgs/cmake/ament_cmake_export_targets-extras.cmake
[0.738s] -- Up-to-date symlink: /home/anand/whistle_safety_ws/install/whistle_safety_msgs/share/whistle_safety_msgs/cmake/rosidl_cmake_export_typesupport_targets-extras.cmake
[0.738s] -- Up-to-date symlink: /home/anand/whistle_safety_ws/install/whistle_safety_msgs/share/whistle_safety_msgs/cmake/rosidl_cmake_export_typesupport_libraries-extras.cmake
[0.738s] -- Up-to-date symlink: /home/anand/whistle_safety_ws/install/whistle_safety_msgs/share/whistle_safety_msgs/cmake/whistle_safety_msgsConfig.cmake
[0.738s] -- Up-to-date symlink: /home/anand/whistle_safety_ws/install/whistle_safety_msgs/share/whistle_safety_msgs/cmake/whistle_safety_msgsConfig-version.cmake
[0.739s] -- Up-to-date symlink: /home/anand/whistle_safety_ws/install/whistle_safety_msgs/share/whistle_safety_msgs/package.xml
[0.739s] -- Up-to-date: /home/anand/whistle_safety_ws/install/whistle_safety_msgs/lib/libwhistle_safety_msgs__rosidl_generator_c.so
[0.739s] -- Up-to-date: /home/anand/whistle_safety_ws/install/whistle_safety_msgs/lib/libwhistle_safety_msgs__rosidl_typesupport_fastrtps_c.so
[0.739s] -- Up-to-date: /home/anand/whistle_safety_ws/install/whistle_safety_msgs/lib/libwhistle_safety_msgs__rosidl_typesupport_fastrtps_cpp.so
[0.739s] -- Up-to-date: /home/anand/whistle_safety_ws/install/whistle_safety_msgs/lib/libwhistle_safety_msgs__rosidl_typesupport_introspection_c.so
[0.739s] -- Up-to-date: /home/anand/whistle_safety_ws/install/whistle_safety_msgs/lib/libwhistle_safety_msgs__rosidl_typesupport_c.so
[0.739s] -- Up-to-date: /home/anand/whistle_safety_ws/install/whistle_safety_msgs/lib/libwhistle_safety_msgs__rosidl_typesupport_introspection_cpp.so
[0.739s] -- Up-to-date: /home/anand/whistle_safety_ws/install/whistle_safety_msgs/lib/libwhistle_safety_msgs__rosidl_typesupport_cpp.so
[0.765s] Listing '/home/anand/whistle_safety_ws/install/whistle_safety_msgs/local/lib/python3.10/dist-packages/whistle_safety_msgs'...
[0.765s] Listing '/home/anand/whistle_safety_ws/install/whistle_safety_msgs/local/lib/python3.10/dist-packages/whistle_safety_msgs/msg'...
[0.769s] -- Up-to-date: /home/anand/whistle_safety_ws/install/whistle_safety_msgs/lib/libwhistle_safety_msgs__rosidl_generator_py.so
[0.769s] -- Up-to-date: /home/anand/whistle_safety_ws/install/whistle_safety_msgs/share/whistle_safety_msgs/cmake/export_whistle_safety_msgs__rosidl_generator_cExport.cmake
[0.769s] -- Up-to-date: /home/anand/whistle_safety_ws/install/whistle_safety_msgs/share/whistle_safety_msgs/cmake/export_whistle_safety_msgs__rosidl_generator_cExport-noconfig.cmake
[0.769s] -- Up-to-date: /home/anand/whistle_safety_ws/install/whistle_safety_msgs/share/whistle_safety_msgs/cmake/export_whistle_safety_msgs__rosidl_typesupport_fastrtps_cExport.cmake
[0.769s] -- Up-to-date: /home/anand/whistle_safety_ws/install/whistle_safety_msgs/share/whistle_safety_msgs/cmake/export_whistle_safety_msgs__rosidl_typesupport_fastrtps_cExport-noconfig.cmake
[0.769s] -- Up-to-date: /home/anand/whistle_safety_ws/install/whistle_safety_msgs/share/whistle_safety_msgs/cmake/export_whistle_safety_msgs__rosidl_generator_cppExport.cmake
[0.770s] -- Up-to-date: /home/anand/whistle_safety_ws/install/whistle_safety_msgs/share/whistle_safety_msgs/cmake/export_whistle_safety_msgs__rosidl_typesupport_fastrtps_cppExport.cmake
[0.770s] -- Up-to-date: /home/anand/whistle_safety_ws/install/whistle_safety_msgs/share/whistle_safety_msgs/cmake/export_whistle_safety_msgs__rosidl_typesupport_fastrtps_cppExport-noconfig.cmake
[0.770s] -- Up-to-date: /home/anand/whistle_safety_ws/install/whistle_safety_msgs/share/whistle_safety_msgs/cmake/whistle_safety_msgs__rosidl_typesupport_introspection_cExport.cmake
[0.770s] -- Up-to-date: /home/anand/whistle_safety_ws/install/whistle_safety_msgs/share/whistle_safety_msgs/cmake/whistle_safety_msgs__rosidl_typesupport_introspection_cExport-noconfig.cmake
[0.770s] -- Up-to-date: /home/anand/whistle_safety_ws/install/whistle_safety_msgs/share/whistle_safety_msgs/cmake/whistle_safety_msgs__rosidl_typesupport_cExport.cmake
[0.770s] -- Up-to-date: /home/anand/whistle_safety_ws/install/whistle_safety_msgs/share/whistle_safety_msgs/cmake/whistle_safety_msgs__rosidl_typesupport_cExport-noconfig.cmake
[0.770s] -- Up-to-date: /home/anand/whistle_safety_ws/install/whistle_safety_msgs/share/whistle_safety_msgs/cmake/whistle_safety_msgs__rosidl_typesupport_introspection_cppExport.cmake
[0.770s] -- Up-to-date: /home/anand/whistle_safety_ws/install/whistle_safety_msgs/share/whistle_safety_msgs/cmake/whistle_safety_msgs__rosidl_typesupport_introspection_cppExport-noconfig.cmake
[0.770s] -- Up-to-date: /home/anand/whistle_safety_ws/install/whistle_safety_msgs/share/whistle_safety_msgs/cmake/whistle_safety_msgs__rosidl_typesupport_cppExport.cmake
[0.770s] -- Up-to-date: /home/anand/whistle_safety_ws/install/whistle_safety_msgs/share/whistle_safety_msgs/cmake/whistle_safety_msgs__rosidl_typesupport_cppExport-noconfig.cmake
[0.770s] -- Up-to-date: /home/anand/whistle_safety_ws/install/whistle_safety_msgs/share/whistle_safety_msgs/cmake/export_whistle_safety_msgs__rosidl_generator_pyExport.cmake
[0.770s] -- Up-to-date: /home/anand/whistle_safety_ws/install/whistle_safety_msgs/share/whistle_safety_msgs/cmake/export_whistle_safety_msgs__rosidl_generator_pyExport-noconfig.cmake
[0.772s] Invoked command in '/home/anand/whistle_safety_ws/build/whistle_safety_msgs' returned '0': CMAKE_PREFIX_PATH=${CMAKE_PREFIX_PATH}:/home/anand/whistle_safety_ws/install/zenoh_bridge:/home/anand/whistle_safety_ws/install/alert_manager:/home/anand/whistle_safety_ws/install/whistle_detector:/opt/ros/humble /usr/bin/cmake --install /home/anand/whistle_safety_ws/build/whistle_safety_msgs
