[0.678s] Invoking command in '/home/anand/whistle_safety_ws/build/alert_manager': PYTHONPATH=/home/anand/whistle_safety_ws/build/alert_manager/prefix_override:/usr/lib/python3/dist-packages/colcon_core/task/python/colcon_distutils_commands:/home/anand/whistle_safety_ws/install/alert_manager/lib/python3.10/site-packages:${PYTHONPATH} /usr/bin/python3 -W ignore:setup.py install is deprecated -W ignore:easy_install command is deprecated setup.py develop --editable --build-directory /home/anand/whistle_safety_ws/build/alert_manager/build --no-deps symlink_data
[0.916s] running develop
[1.100s] running egg_info
[1.110s] creating alert_manager.egg-info
[1.110s] writing alert_manager.egg-info/PKG-INFO
[1.110s] writing dependency_links to alert_manager.egg-info/dependency_links.txt
[1.110s] writing entry points to alert_manager.egg-info/entry_points.txt
[1.110s] writing requirements to alert_manager.egg-info/requires.txt
[1.110s] writing top-level names to alert_manager.egg-info/top_level.txt
[1.110s] writing manifest file 'alert_manager.egg-info/SOURCES.txt'
[1.132s] reading manifest file 'alert_manager.egg-info/SOURCES.txt'
[1.132s] writing manifest file 'alert_manager.egg-info/SOURCES.txt'
[1.144s] running build_ext
[1.144s] Creating /home/anand/whistle_safety_ws/install/alert_manager/lib/python3.10/site-packages/alert-manager.egg-link (link to .)
[1.144s] Installing alert_manager_node script to /home/anand/whistle_safety_ws/install/alert_manager/lib/alert_manager
[1.145s] 
[1.145s] Installed /home/anand/whistle_safety_ws/build/alert_manager
[1.145s] running symlink_data
[1.145s] creating /home/anand/whistle_safety_ws/install/alert_manager/share/ament_index/resource_index/packages
[1.145s] symbolically linking /home/anand/whistle_safety_ws/build/alert_manager/resource/alert_manager -> /home/anand/whistle_safety_ws/install/alert_manager/share/ament_index/resource_index/packages
[1.145s] creating /home/anand/whistle_safety_ws/install/alert_manager/share/alert_manager
[1.145s] symbolically linking /home/anand/whistle_safety_ws/build/alert_manager/package.xml -> /home/anand/whistle_safety_ws/install/alert_manager/share/alert_manager
[1.145s] creating /home/anand/whistle_safety_ws/install/alert_manager/share/alert_manager/launch
[1.145s] symbolically linking /home/anand/whistle_safety_ws/build/alert_manager/launch/alert_manager.launch.py -> /home/anand/whistle_safety_ws/install/alert_manager/share/alert_manager/launch
[1.145s] creating /home/anand/whistle_safety_ws/install/alert_manager/share/alert_manager/config
[1.184s] Invoked command in '/home/anand/whistle_safety_ws/build/alert_manager' returned '0': PYTHONPATH=/home/anand/whistle_safety_ws/build/alert_manager/prefix_override:/usr/lib/python3/dist-packages/colcon_core/task/python/colcon_distutils_commands:/home/anand/whistle_safety_ws/install/alert_manager/lib/python3.10/site-packages:${PYTHONPATH} /usr/bin/python3 -W ignore:setup.py install is deprecated -W ignore:easy_install command is deprecated setup.py develop --editable --build-directory /home/anand/whistle_safety_ws/build/alert_manager/build --no-deps symlink_data
