[0.926s] Invoking command in '/home/anand/whistle_safety_ws/build/zenoh_bridge': PYTHONPATH=/home/anand/whistle_safety_ws/build/zenoh_bridge/prefix_override:/usr/lib/python3/dist-packages/colcon_core/task/python/colcon_distutils_commands:/home/anand/whistle_safety_ws/install/zenoh_bridge/lib/python3.10/site-packages:${PYTHONPATH} /usr/bin/python3 -W ignore:setup.py install is deprecated -W ignore:easy_install command is deprecated setup.py develop --editable --build-directory /home/anand/whistle_safety_ws/build/zenoh_bridge/build --no-deps symlink_data --force
[1.157s] running develop
[1.303s] running egg_info
[1.314s] writing zenoh_bridge.egg-info/PKG-INFO
[1.314s] writing dependency_links to zenoh_bridge.egg-info/dependency_links.txt
[1.315s] writing entry points to zenoh_bridge.egg-info/entry_points.txt
[1.315s] writing requirements to zenoh_bridge.egg-info/requires.txt
[1.315s] writing top-level names to zenoh_bridge.egg-info/top_level.txt
[1.339s] reading manifest file 'zenoh_bridge.egg-info/SOURCES.txt'
[1.340s] writing manifest file 'zenoh_bridge.egg-info/SOURCES.txt'
[1.354s] running build_ext
[1.354s] Creating /home/anand/whistle_safety_ws/install/zenoh_bridge/lib/python3.10/site-packages/zenoh-bridge.egg-link (link to .)
[1.354s] Installing zenoh_bridge_node script to /home/anand/whistle_safety_ws/install/zenoh_bridge/lib/zenoh_bridge
[1.355s] 
[1.355s] Installed /home/anand/whistle_safety_ws/build/zenoh_bridge
[1.355s] running symlink_data
[1.355s] symbolically linking /home/anand/whistle_safety_ws/build/zenoh_bridge/resource/zenoh_bridge -> /home/anand/whistle_safety_ws/install/zenoh_bridge/share/ament_index/resource_index/packages
[1.355s] symbolically linking /home/anand/whistle_safety_ws/build/zenoh_bridge/package.xml -> /home/anand/whistle_safety_ws/install/zenoh_bridge/share/zenoh_bridge
[1.355s] symbolically linking /home/anand/whistle_safety_ws/build/zenoh_bridge/launch/zenoh_bridge.launch.py -> /home/anand/whistle_safety_ws/install/zenoh_bridge/share/zenoh_bridge/launch
[1.356s] symbolically linking /home/anand/whistle_safety_ws/build/zenoh_bridge/config/zenoh_params.yaml -> /home/anand/whistle_safety_ws/install/zenoh_bridge/share/zenoh_bridge/config
[1.356s] symbolically linking /home/anand/whistle_safety_ws/build/zenoh_bridge/scripts/cloud_subscriber.py -> /home/anand/whistle_safety_ws/install/zenoh_bridge/share/zenoh_bridge/scripts
[1.401s] Invoked command in '/home/anand/whistle_safety_ws/build/zenoh_bridge' returned '0': PYTHONPATH=/home/anand/whistle_safety_ws/build/zenoh_bridge/prefix_override:/usr/lib/python3/dist-packages/colcon_core/task/python/colcon_distutils_commands:/home/anand/whistle_safety_ws/install/zenoh_bridge/lib/python3.10/site-packages:${PYTHONPATH} /usr/bin/python3 -W ignore:setup.py install is deprecated -W ignore:easy_install command is deprecated setup.py develop --editable --build-directory /home/anand/whistle_safety_ws/build/zenoh_bridge/build --no-deps symlink_data --force
