[0.240s] Invoking command in '/home/anand/whistle_safety_ws/build/whistle_gazebo': CMAKE_PREFIX_PATH=/home/anand/whistle_safety_ws/install/whistle_robot_description:/home/anand/whistle_safety_ws/install/whistle_safety_msgs:/home/anand/whistle_safety_ws/install/whistle_gazebo:/home/anand/whistle_safety_ws/install/whistle_nav2_config:/home/anand/microros_ws/install/micro_ros_setup:/home/anand/microros_ws/install/micro_ros_agent:/home/anand/microros_ws/install/micro_ros_msgs:/home/anand/rebel_ws/install/myrobot_moveit_config:/home/anand/rebel_ws/install/igus_rebel_description:/home/anand/whistle_safety_ws/install/zenoh_bridge:/home/anand/whistle_safety_ws/install/alert_manager:/home/anand/whistle_safety_ws/install/whistle_detector:/home/anand/whistle_safety_ws/install/whistle_nav_controller:/home/anand/whistle_safety_ws/install/sim_microphone_sensor:/opt/ros/humble /usr/bin/cmake --build /home/anand/whistle_safety_ws/build/whistle_gazebo -- -j16 -l16
[0.272s] -- Found ament_cmake: 1.3.12 (/opt/ros/humble/share/ament_cmake/cmake)
[0.439s] -- Override CMake install command with custom implementation using symlinks instead of copying resources
[0.449s] -- Found gazebo_ros: 3.9.0 (/opt/ros/humble/share/gazebo_ros/cmake)
[0.486s] -- Found rosidl_generator_c: 3.1.7 (/opt/ros/humble/share/rosidl_generator_c/cmake)
[0.488s] -- Found rosidl_adapter: 3.1.7 (/opt/ros/humble/share/rosidl_adapter/cmake)
[0.493s] -- Found rosidl_generator_cpp: 3.1.7 (/opt/ros/humble/share/rosidl_generator_cpp/cmake)
[0.502s] -- Using all available rosidl_typesupport_c: rosidl_typesupport_fastrtps_c;rosidl_typesupport_introspection_c
[0.517s] -- Using all available rosidl_typesupport_cpp: rosidl_typesupport_fastrtps_cpp;rosidl_typesupport_introspection_cpp
[0.553s] -- Found rmw_implementation_cmake: 6.1.2 (/opt/ros/humble/share/rmw_implementation_cmake/cmake)
[0.555s] -- Found rmw_fastrtps_cpp: 6.2.9 (/opt/ros/humble/share/rmw_fastrtps_cpp/cmake)
[0.675s] -- Using RMW implementation 'rmw_fastrtps_cpp' as default
[0.764s] -- Found DART: /usr/include (Required is at least version "6.6") found components: dart 
[0.800s] -- Found Protobuf: /usr/lib/x86_64-linux-gnu/libprotobuf.so (found version "3.12.4") 
[0.802s] -- Looking for ignition-math6 -- found version 6.15.1
[0.806s] -- Searching for dependencies of ignition-math6
[0.809s] -- Looking for OGRE...
[0.816s] -- Found Ogre Ghadamon (1.9.0)
[0.817s] -- Found OGRE: optimized;/usr/lib/x86_64-linux-gnu/libOgreMain.so;debug;/usr/lib/x86_64-linux-gnu/libOgreMain.so
[0.827s] -- Looking for OGRE_Paging...
[0.827s] -- Found OGRE_Paging: optimized;/usr/lib/x86_64-linux-gnu/libOgrePaging.so;debug;/usr/lib/x86_64-linux-gnu/libOgrePaging.so
[0.827s] -- Looking for OGRE_Terrain...
[0.827s] -- Found OGRE_Terrain: optimized;/usr/lib/x86_64-linux-gnu/libOgreTerrain.so;debug;/usr/lib/x86_64-linux-gnu/libOgreTerrain.so
[0.827s] -- Looking for OGRE_Property...
[0.827s] -- Found OGRE_Property: optimized;/usr/lib/x86_64-linux-gnu/libOgreProperty.so;debug;/usr/lib/x86_64-linux-gnu/libOgreProperty.so
[0.827s] -- Looking for OGRE_RTShaderSystem...
[0.827s] -- Found OGRE_RTShaderSystem: optimized;/usr/lib/x86_64-linux-gnu/libOgreRTShaderSystem.so;debug;/usr/lib/x86_64-linux-gnu/libOgreRTShaderSystem.so
[0.827s] -- Looking for OGRE_Volume...
[0.828s] -- Found OGRE_Volume: optimized;/usr/lib/x86_64-linux-gnu/libOgreVolume.so;debug;/usr/lib/x86_64-linux-gnu/libOgreVolume.so
[0.828s] -- Looking for OGRE_Overlay...
[0.828s] -- Found OGRE_Overlay: optimized;/usr/lib/x86_64-linux-gnu/libOgreOverlay.so;debug;/usr/lib/x86_64-linux-gnu/libOgreOverlay.so
[0.967s] -- Looking for ignition-math6 -- found version 6.15.1
[0.967s] -- Looking for ignition-transport8 -- found version 8.2.1
[0.967s] -- Searching for dependencies of ignition-transport8
[0.985s] -- Found Protobuf: /usr/lib/x86_64-linux-gnu/libprotobuf.so (found suitable version "3.12.4", minimum required is "3") 
[0.995s] -- Config-file not installed for ZeroMQ -- checking for pkg-config
[1.000s] -- Checking for module 'libzmq >= 4'
[1.020s] --   Found libzmq , version 4.3.4
[1.073s] -- Checking for module 'uuid'
[1.091s] --   Found uuid, version 2.37.2
[1.136s] -- Looking for ignition-msgs5 -- found version 5.8.1
[1.136s] -- Searching for dependencies of ignition-msgs5
[1.157s] -- Looking for ignition-math6 -- found version 6.15.1
[1.163s] -- Checking for module 'tinyxml2'
[1.181s] --   Found tinyxml2, version 9.0.0
[1.233s] -- Looking for ignition-msgs5 -- found version 5.8.1
[1.233s] -- Looking for ignition-common3 -- found version 3.14.0
[1.234s] -- Searching for dependencies of ignition-common3
[1.234s] -- Looking for dlfcn.h - found
[1.234s] -- Looking for libdl - found
[1.247s] -- Searching for <ignition-common3> component [graphics]
[1.247s] -- Looking for ignition-common3-graphics -- found version 3.14.0
[1.248s] -- Searching for dependencies of ignition-common3-graphics
[1.248s] -- Looking for ignition-math6 -- found version 6.15.1
[1.249s] -- Looking for ignition-fuel_tools4 -- found version 4.4.0
[1.250s] -- Searching for dependencies of ignition-fuel_tools4
[1.295s] -- Checking for module 'jsoncpp'
[1.316s] --   Found jsoncpp, version 1.9.5
[1.369s] -- Checking for module 'libzip'
[1.389s] --   Found libzip, version 1.7.3
[1.436s] -- Looking for ignition-common3 -- found version 3.14.0
[1.436s] -- Looking for ignition-math6 -- found version 6.15.1
[1.437s] -- Looking for ignition-msgs5 -- found version 5.8.1
[1.439s] -- Gazebo version: 11.10
[1.441s] -- Found gazebo_plugins: 3.9.0 (/opt/ros/humble/share/gazebo_plugins/cmake)
[1.578s] -- Configuring done
[1.583s] -- Generating done
[1.587s] -- Build files have been written to: /home/anand/whistle_safety_ws/build/whistle_gazebo
[1.621s] Invoked command in '/home/anand/whistle_safety_ws/build/whistle_gazebo' returned '0': CMAKE_PREFIX_PATH=/home/anand/whistle_safety_ws/install/whistle_robot_description:/home/anand/whistle_safety_ws/install/whistle_safety_msgs:/home/anand/whistle_safety_ws/install/whistle_gazebo:/home/anand/whistle_safety_ws/install/whistle_nav2_config:/home/anand/microros_ws/install/micro_ros_setup:/home/anand/microros_ws/install/micro_ros_agent:/home/anand/microros_ws/install/micro_ros_msgs:/home/anand/rebel_ws/install/myrobot_moveit_config:/home/anand/rebel_ws/install/igus_rebel_description:/home/anand/whistle_safety_ws/install/zenoh_bridge:/home/anand/whistle_safety_ws/install/alert_manager:/home/anand/whistle_safety_ws/install/whistle_detector:/home/anand/whistle_safety_ws/install/whistle_nav_controller:/home/anand/whistle_safety_ws/install/sim_microphone_sensor:/opt/ros/humble /usr/bin/cmake --build /home/anand/whistle_safety_ws/build/whistle_gazebo -- -j16 -l16
[1.634s] Invoking command in '/home/anand/whistle_safety_ws/build/whistle_gazebo': CMAKE_PREFIX_PATH=/home/anand/whistle_safety_ws/install/whistle_robot_description:/home/anand/whistle_safety_ws/install/whistle_safety_msgs:/home/anand/whistle_safety_ws/install/whistle_gazebo:/home/anand/whistle_safety_ws/install/whistle_nav2_config:/home/anand/microros_ws/install/micro_ros_setup:/home/anand/microros_ws/install/micro_ros_agent:/home/anand/microros_ws/install/micro_ros_msgs:/home/anand/rebel_ws/install/myrobot_moveit_config:/home/anand/rebel_ws/install/igus_rebel_description:/home/anand/whistle_safety_ws/install/zenoh_bridge:/home/anand/whistle_safety_ws/install/alert_manager:/home/anand/whistle_safety_ws/install/whistle_detector:/home/anand/whistle_safety_ws/install/whistle_nav_controller:/home/anand/whistle_safety_ws/install/sim_microphone_sensor:/opt/ros/humble /usr/bin/cmake --install /home/anand/whistle_safety_ws/build/whistle_gazebo
[1.640s] -- Install configuration: ""
[1.640s] -- Execute custom install script
[1.640s] -- Up-to-date symlink: /home/anand/whistle_safety_ws/install/whistle_gazebo/share/whistle_gazebo/worlds/whistle_test.world
[1.641s] -- Up-to-date symlink: /home/anand/whistle_safety_ws/install/whistle_gazebo/share/whistle_gazebo/launch/gazebo.launch.py
[1.641s] -- Up-to-date symlink: /home/anand/whistle_safety_ws/install/whistle_gazebo/share/whistle_gazebo/launch/system_simple.launch.py
[1.641s] -- Up-to-date symlink: /home/anand/whistle_safety_ws/install/whistle_gazebo/share/whistle_gazebo/launch/system_with_gazebo.launch.py
[1.641s] -- Symlinking: /home/anand/whistle_safety_ws/install/whistle_gazebo/share/whistle_gazebo/scripts/demo_microphone.py
[1.651s] -- Up-to-date symlink: /home/anand/whistle_safety_ws/install/whistle_gazebo/share/ament_index/resource_index/package_run_dependencies/whistle_gazebo
[1.651s] -- Up-to-date symlink: /home/anand/whistle_safety_ws/install/whistle_gazebo/share/ament_index/resource_index/parent_prefix_path/whistle_gazebo
[1.651s] -- Up-to-date symlink: /home/anand/whistle_safety_ws/install/whistle_gazebo/share/whistle_gazebo/environment/ament_prefix_path.sh
[1.651s] -- Up-to-date symlink: /home/anand/whistle_safety_ws/install/whistle_gazebo/share/whistle_gazebo/environment/ament_prefix_path.dsv
[1.651s] -- Up-to-date symlink: /home/anand/whistle_safety_ws/install/whistle_gazebo/share/whistle_gazebo/environment/path.sh
[1.651s] -- Up-to-date symlink: /home/anand/whistle_safety_ws/install/whistle_gazebo/share/whistle_gazebo/environment/path.dsv
[1.651s] -- Up-to-date symlink: /home/anand/whistle_safety_ws/install/whistle_gazebo/share/whistle_gazebo/local_setup.bash
[1.651s] -- Up-to-date symlink: /home/anand/whistle_safety_ws/install/whistle_gazebo/share/whistle_gazebo/local_setup.sh
[1.651s] -- Up-to-date symlink: /home/anand/whistle_safety_ws/install/whistle_gazebo/share/whistle_gazebo/local_setup.zsh
[1.652s] -- Up-to-date symlink: /home/anand/whistle_safety_ws/install/whistle_gazebo/share/whistle_gazebo/local_setup.dsv
[1.652s] -- Symlinking: /home/anand/whistle_safety_ws/install/whistle_gazebo/share/whistle_gazebo/package.dsv
[1.663s] -- Up-to-date symlink: /home/anand/whistle_safety_ws/install/whistle_gazebo/share/ament_index/resource_index/packages/whistle_gazebo
[1.663s] -- Up-to-date symlink: /home/anand/whistle_safety_ws/install/whistle_gazebo/share/whistle_gazebo/cmake/whistle_gazeboConfig.cmake
[1.663s] -- Up-to-date symlink: /home/anand/whistle_safety_ws/install/whistle_gazebo/share/whistle_gazebo/cmake/whistle_gazeboConfig-version.cmake
[1.664s] -- Up-to-date symlink: /home/anand/whistle_safety_ws/install/whistle_gazebo/share/whistle_gazebo/package.xml
[1.666s] Invoked command in '/home/anand/whistle_safety_ws/build/whistle_gazebo' returned '0': CMAKE_PREFIX_PATH=/home/anand/whistle_safety_ws/install/whistle_robot_description:/home/anand/whistle_safety_ws/install/whistle_safety_msgs:/home/anand/whistle_safety_ws/install/whistle_gazebo:/home/anand/whistle_safety_ws/install/whistle_nav2_config:/home/anand/microros_ws/install/micro_ros_setup:/home/anand/microros_ws/install/micro_ros_agent:/home/anand/microros_ws/install/micro_ros_msgs:/home/anand/rebel_ws/install/myrobot_moveit_config:/home/anand/rebel_ws/install/igus_rebel_description:/home/anand/whistle_safety_ws/install/zenoh_bridge:/home/anand/whistle_safety_ws/install/alert_manager:/home/anand/whistle_safety_ws/install/whistle_detector:/home/anand/whistle_safety_ws/install/whistle_nav_controller:/home/anand/whistle_safety_ws/install/sim_microphone_sensor:/opt/ros/humble /usr/bin/cmake --install /home/anand/whistle_safety_ws/build/whistle_gazebo
