-- Install configuration: ""
-- Execute custom install script
-- Up-to-date symlink: /home/anand/whistle_safety_ws/install/whistle_gazebo/share/whistle_gazebo/worlds/whistle_test.world
-- Up-to-date symlink: /home/anand/whistle_safety_ws/install/whistle_gazebo/share/whistle_gazebo/launch/gazebo.launch.py
-- Up-to-date symlink: /home/anand/whistle_safety_ws/install/whistle_gazebo/share/whistle_gazebo/launch/system_simple.launch.py
-- Up-to-date symlink: /home/anand/whistle_safety_ws/install/whistle_gazebo/share/whistle_gazebo/launch/system_with_gazebo.launch.py
-- Up-to-date symlink: /home/anand/whistle_safety_ws/install/whistle_gazebo/share/whistle_gazebo/scripts/demo_microphone.py
-- Up-to-date symlink: /home/anand/whistle_safety_ws/install/whistle_gazebo/share/ament_index/resource_index/package_run_dependencies/whistle_gazebo
-- Up-to-date symlink: /home/anand/whistle_safety_ws/install/whistle_gazebo/share/ament_index/resource_index/parent_prefix_path/whistle_gazebo
-- Up-to-date symlink: /home/anand/whistle_safety_ws/install/whistle_gazebo/share/whistle_gazebo/environment/ament_prefix_path.sh
-- Up-to-date symlink: /home/anand/whistle_safety_ws/install/whistle_gazebo/share/whistle_gazebo/environment/ament_prefix_path.dsv
-- Up-to-date symlink: /home/anand/whistle_safety_ws/install/whistle_gazebo/share/whistle_gazebo/environment/path.sh
-- Up-to-date symlink: /home/anand/whistle_safety_ws/install/whistle_gazebo/share/whistle_gazebo/environment/path.dsv
-- Up-to-date symlink: /home/anand/whistle_safety_ws/install/whistle_gazebo/share/whistle_gazebo/local_setup.bash
-- Up-to-date symlink: /home/anand/whistle_safety_ws/install/whistle_gazebo/share/whistle_gazebo/local_setup.sh
-- Up-to-date symlink: /home/anand/whistle_safety_ws/install/whistle_gazebo/share/whistle_gazebo/local_setup.zsh
-- Up-to-date symlink: /home/anand/whistle_safety_ws/install/whistle_gazebo/share/whistle_gazebo/local_setup.dsv
-- Symlinking: /home/anand/whistle_safety_ws/install/whistle_gazebo/share/whistle_gazebo/package.dsv
-- Up-to-date symlink: /home/anand/whistle_safety_ws/install/whistle_gazebo/share/ament_index/resource_index/packages/whistle_gazebo
-- Up-to-date symlink: /home/anand/whistle_safety_ws/install/whistle_gazebo/share/whistle_gazebo/cmake/whistle_gazeboConfig.cmake
-- Up-to-date symlink: /home/anand/whistle_safety_ws/install/whistle_gazebo/share/whistle_gazebo/cmake/whistle_gazeboConfig-version.cmake
-- Up-to-date symlink: /home/anand/whistle_safety_ws/install/whistle_gazebo/share/whistle_gazebo/package.xml
