running egg_info
writing ../../build/alert_manager/alert_manager.egg-info/PKG-INFO
writing dependency_links to ../../build/alert_manager/alert_manager.egg-info/dependency_links.txt
writing entry points to ../../build/alert_manager/alert_manager.egg-info/entry_points.txt
writing requirements to ../../build/alert_manager/alert_manager.egg-info/requires.txt
writing top-level names to ../../build/alert_manager/alert_manager.egg-info/top_level.txt
reading manifest file '../../build/alert_manager/alert_manager.egg-info/SOURCES.txt'
writing manifest file '../../build/alert_manager/alert_manager.egg-info/SOURCES.txt'
running build
running build_py
copying alert_manager/alert_manager_node.py -> /home/anand/whistle_safety_ws/build/alert_manager/build/lib/alert_manager
copying alert_manager/__init__.py -> /home/anand/whistle_safety_ws/build/alert_manager/build/lib/alert_manager
running install
running install_lib
running install_data
copying resource/alert_manager -> /home/anand/whistle_safety_ws/install/alert_manager/share/ament_index/resource_index/packages
copying package.xml -> /home/anand/whistle_safety_ws/install/alert_manager/share/alert_manager
copying launch/alert_manager.launch.py -> /home/anand/whistle_safety_ws/install/alert_manager/share/alert_manager/launch
running install_egg_info
removing '/home/anand/whistle_safety_ws/install/alert_manager/lib/python3.10/site-packages/alert_manager-0.1.0-py3.10.egg-info' (and everything under it)
Copying ../../build/alert_manager/alert_manager.egg-info to /home/anand/whistle_safety_ws/install/alert_manager/lib/python3.10/site-packages/alert_manager-0.1.0-py3.10.egg-info
running install_scripts
Installing alert_manager_node script to /home/anand/whistle_safety_ws/install/alert_manager/lib/alert_manager
writing list of installed files to '/home/anand/whistle_safety_ws/build/alert_manager/install.log'
